#
# A fatal error has been detected by the Java Runtime Environment:
#
#  SIGSEGV (0xb) at pc=0x00007fff8a7370dd, pid=18048, tid=1811
#
# JRE version: Java(TM) SE Runtime Environment (8.0_66-b17) (build 1.8.0_66-b17)
# Java VM: Java HotSpot(TM) 64-Bit Server VM (25.66-b17 mixed mode bsd-amd64 compressed oops)
# Problematic frame:
# C  [libobjc.A.dylib+0x10dd]  objc_msgSend+0x1d
#
# Failed to write core dump. Core dumps have been disabled. To enable core dumping, try "ulimit -c unlimited" before starting Java again
#
# If you would like to submit a bug report, please visit:
#   http://bugreport.java.com/bugreport/crash.jsp
# The crash happened outside the Java Virtual Machine in native code.
# See problematic frame for where to report the bug.
#

---------------  T H R E A D  ---------------

Current thread (0x00007fcc3294b800):  JavaThread "AWT-AppKit" daemon [_thread_in_native, id=1811, stack(0x00007fff5e042000,0x00007fff5e842000)]

siginfo: si_signo: 11 (SIGSEGV), si_code: 1 (SEGV_MAPERR), si_addr: 0x0000000000000018

Registers:
RAX=0x00007fcc363d2fb0, RBX=0x0000000169d55450, RCX=0x000000011e3a4ce0, RDX=0x000000011d20fc00
RSP=0x00007fff5e83d618, RBP=0x00007fff5e83d6d0, RSI=0x00007fff87d0141f, RDI=0x00007fcc364f2a50
R8 =0x0000000000000000, R9 =0x0000000000000f50, R10=0x00007fff87d0141f, R11=0x0000000000000000
R12=0x0000000000000000, R13=0x000000016bd60b18, R14=0x0000000169d55440, R15=0x00007fcc3294b800
RIP=0x00007fff8a7370dd, EFLAGS=0x0000000000010246, ERR=0x0000000000000004
  TRAPNO=0x000000000000000e

Top of Stack: (sp=0x00007fff5e83d618)
0x00007fff5e83d618:   0000000169d53157 00007fff5e83d670
0x00007fff5e83d628:   0000000000000003 00007fff5e83d650
0x00007fff5e83d638:   0000000101ff11f6 000000016bd60b18
0x00007fff5e83d648:   000000016bd60b18 00007fcc363d2fb0
0x00007fff5e83d658:   0000000169d556a0 0000000169d55710
0x00007fff5e83d668:   00007fff75ae0550 00007fff758a7c80
0x00007fff5e83d678:   0000000169d55450 0000000169d55690
0x00007fff5e83d688:   00007fcc363d2fb0 00007fcc364f2a50
0x00007fff5e83d698:   00007fcc31c4e310 00007fcc363d2fb0
0x00007fff5e83d6a8:   00007fcc364f2a50 00007fff5e83d758
0x00007fff5e83d6b8:   00007fcc3294b9f8 000000016bd60b18
0x00007fff5e83d6c8:   00007fff5e83d780 00007fff5e83d748
0x00007fff5e83d6d8:   0000000102dd0954 000000016bd60b18
0x00007fff5e83d6e8:   00007fff5e83d780 00007fff5e83d748
0x00007fff5e83d6f8:   0000000102dd06e7 0000000102dd06a2
0x00007fff5e83d708:   00007fff5e83d708 000000016bd60b18
0x00007fff5e83d718:   00007fff5e83d780 000000016bd63750
0x00007fff5e83d728:   0000000000000000 000000016bd60b18
0x00007fff5e83d738:   0000000000000000 00007fff5e83d768
0x00007fff5e83d748:   00007fff5e83d7c8 0000000102dc2c4d
0x00007fff5e83d758:   0000000780da2a98 0000000102dca578
0x00007fff5e83d768:   00007fcc363d2fb0 00007fff5e83d7c8
0x00007fff5e83d778:   00007fcc364f2a50 0000000102dcbd82
0x00007fff5e83d788:   00007fff5e83d788 000000016bd60ce2
0x00007fff5e83d798:   00007fff5e83d7f0 000000016bd63750
0x00007fff5e83d7a8:   0000000000000000 000000016bd60cf0
0x00007fff5e83d7b8:   00007fff5e83d768 00007fff5e83d7d8
0x00007fff5e83d7c8:   00007fff5e83d838 0000000102dc2c4d
0x00007fff5e83d7d8:   00007fcc363d2fb0 0000000780cfac28
0x00007fff5e83d7e8:   00007fcc364f2a50 0000000780cfac28
0x00007fff5e83d7f8:   00007fff5e83d7f8 000000017226d156
0x00007fff5e83d808:   00007fff5e83d848 000000017226d210 

Instructions: (pc=0x00007fff8a7370dd)
0x00007fff8a7370bd:   00 00 00 48 85 ff 2e 74 7a 40 f6 c7 01 2e 75 7e
0x00007fff8a7370cd:   49 bb f8 ff ff ff ff 7f 00 00 4c 23 1f 49 89 f2
0x00007fff8a7370dd:   45 23 53 18 49 c1 e2 04 4d 03 53 10 49 3b 32 75
0x00007fff8a7370ed:   04 41 ff 62 08 49 83 3a 00 74 6a 4d 3b 53 10 74 

Register to memory mapping:

RAX=0x00007fcc363d2fb0 is an unknown value
RBX=0x0000000169d55450: Java_jogamp_nativewindow_macosx_OSXUtil_GetScreenRefreshRate0+0x1cf0 in /private/var/folders/zx/j9nzkyzx4dn04w6cj8zrt2j80000gn/T/jogamp_0000/file_cache/jln3128511415564664092/jln7940729387340580724/libnativewindow_macosx.jnilib at 0x0000000169d4e000
RCX=0x000000011e3a4ce0 is an unknown value
RDX=0x000000011d20fc00 is an unknown value
RSP=0x00007fff5e83d618 is pointing into the stack for thread: 0x00007fcc3294b800
RBP=0x00007fff5e83d6d0 is pointing into the stack for thread: 0x00007fcc3294b800
RSI=0x00007fff87d0141f is an unknown value
RDI=0x00007fcc364f2a50 is an unknown value
R8 =0x0000000000000000 is an unknown value
R9 =0x0000000000000f50 is an unknown value
R10=0x00007fff87d0141f is an unknown value
R11=0x0000000000000000 is an unknown value
R12=0x0000000000000000 is an unknown value
R13={method} {0x000000016bd60b18} 'UnsetJAWTRootSurfaceLayer0' '(JJ)V' in 'jogamp/nativewindow/jawt/macosx/MacOSXJAWTWindow'
R14=0x0000000169d55440: Java_jogamp_nativewindow_macosx_OSXUtil_GetScreenRefreshRate0+0x1ce0 in /private/var/folders/zx/j9nzkyzx4dn04w6cj8zrt2j80000gn/T/jogamp_0000/file_cache/jln3128511415564664092/jln7940729387340580724/libnativewindow_macosx.jnilib at 0x0000000169d4e000
R15=0x00007fcc3294b800 is a thread


Stack: [0x00007fff5e042000,0x00007fff5e842000],  sp=0x00007fff5e83d618,  free space=8173k
Native frames: (J=compiled Java code, j=interpreted, Vv=VM code, C=native code)
C  [libobjc.A.dylib+0x10dd]  objc_msgSend+0x1d
j  jogamp.nativewindow.jawt.macosx.MacOSXJAWTWindow.UnsetJAWTRootSurfaceLayer0(JJ)V+0
j  jogamp.nativewindow.jawt.macosx.MacOSXJAWTWindow.access$200(JJ)V+2
j  jogamp.nativewindow.jawt.macosx.MacOSXJAWTWindow$1.run()V+38
j  com.jogamp.common.util.RunnableTask.run()V+24
v  ~StubRoutines::call_stub
V  [libjvm.dylib+0x2ea35e]  JavaCalls::call_helper(JavaValue*, methodHandle*, JavaCallArguments*, Thread*)+0x6ae
V  [libjvm.dylib+0x321467]  jni_invoke_nonstatic(JNIEnv_*, JavaValue*, _jobject*, JNICallType, _jmethodID*, JNI_ArgumentPusher*, Thread*)+0x2ec
V  [libjvm.dylib+0x313c3b]  jni_CallVoidMethod+0x16b
C  [libnativewindow_macosx.jnilib+0x5326]  Java_jogamp_nativewindow_jawt_macosx_MacOSXJAWTWindow_UnsetJAWTRootSurfaceLayer0+0x2b6
C  [Foundation+0x92d00]  __NSThreadPerformPerform+0x125
C  [CoreFoundation+0x80a01]  __CFRUNLOOP_IS_CALLING_OUT_TO_A_SOURCE0_PERFORM_FUNCTION__+0x11
C  [CoreFoundation+0x72c5c]  __CFRunLoopDoSources0+0x1dc
C  [CoreFoundation+0x721bf]  __CFRunLoopRun+0x39f
C  [CoreFoundation+0x71bd8]  CFRunLoopRunSpecific+0x128
C  [HIToolbox+0x3256f]  RunCurrentEventLoopInMode+0xeb
C  [HIToolbox+0x321ee]  ReceiveNextEventCommon+0xb3
C  [HIToolbox+0x3212b]  _BlockUntilNextEventMatchingListInModeWithFilter+0x47
C  [AppKit+0x918ab]  _DPSNextEvent+0x3d2
C  [AppKit+0x90e58]  -[NSApplication nextEventMatchingMask:untilDate:inMode:dequeue:]+0x15a
C  [libosxapp.dylib+0x23aa]  -[NSApplicationAWT nextEventMatchingMask:untilDate:inMode:dequeue:]+0x7c
C  [AppKit+0x86af3]  -[NSApplication run]+0x252
C  [libosxapp.dylib+0x214d]  +[NSApplicationAWT runAWTLoopWithApp:]+0x9c
C  [libawt_lwawt.dylib+0x4455b]  -[AWTStarter starter:]+0x389
C  [Foundation+0x92d00]  __NSThreadPerformPerform+0x125
C  [CoreFoundation+0x80a01]  __CFRUNLOOP_IS_CALLING_OUT_TO_A_SOURCE0_PERFORM_FUNCTION__+0x11
C  [CoreFoundation+0x72b8d]  __CFRunLoopDoSources0+0x10d
C  [CoreFoundation+0x721bf]  __CFRunLoopRun+0x39f
C  [CoreFoundation+0x71bd8]  CFRunLoopRunSpecific+0x128
C  [java+0x6463]  CreateExecutionEnvironment+0x367
C  [java+0x21ac]  JLI_Launch+0x7a0
C  [java+0x84c0]  main+0x65
C  [java+0x1a04]  start+0x34
C  0x0000000000000007

Java frames: (J=compiled Java code, j=interpreted, Vv=VM code)
j  jogamp.nativewindow.jawt.macosx.MacOSXJAWTWindow.UnsetJAWTRootSurfaceLayer0(JJ)V+0
j  jogamp.nativewindow.jawt.macosx.MacOSXJAWTWindow.access$200(JJ)V+2
j  jogamp.nativewindow.jawt.macosx.MacOSXJAWTWindow$1.run()V+38
j  com.jogamp.common.util.RunnableTask.run()V+24
v  ~StubRoutines::call_stub

---------------  P R O C E S S  ---------------

Java Threads: ( => current thread )
  0x00007fcc33118800 JavaThread "Thread-331" [_thread_blocked, id=26395, stack(0x000000016f9af000,0x000000016faaf000)]
  0x00007fcc32214800 JavaThread "AWT-EventQueue-1" [_thread_in_native, id=57123, stack(0x000000016a37a000,0x000000016a47a000)]
  0x00007fcc33921800 JavaThread "DestroyJavaVM" [_thread_blocked, id=4867, stack(0x00000001014d5000,0x00000001015d5000)]
  0x00007fcc33247000 JavaThread "AWT-EventQueue-0" [_thread_blocked, id=54787, stack(0x000000011e410000,0x000000011e510000)]
  0x00007fcc329ad800 JavaThread "Java2D Disposer" daemon [_thread_blocked, id=51459, stack(0x000000011d26c000,0x000000011d36c000)]
  0x00007fcc331b5800 JavaThread "Java2D Queue Flusher" daemon [_thread_blocked, id=47895, stack(0x000000011c901000,0x000000011ca01000)]
  0x00007fcc320db800 JavaThread "AWT-Shutdown" [_thread_blocked, id=28179, stack(0x0000000119f9a000,0x000000011a09a000)]
=>0x00007fcc3294b800 JavaThread "AWT-AppKit" daemon [_thread_in_native, id=1811, stack(0x00007fff5e042000,0x00007fff5e842000)]
  0x00007fcc3207a000 JavaThread "Service Thread" daemon [_thread_blocked, id=18179, stack(0x00000001185ef000,0x00000001186ef000)]
  0x00007fcc3305a800 JavaThread "C1 CompilerThread2" daemon [_thread_blocked, id=17667, stack(0x00000001184ec000,0x00000001185ec000)]
  0x00007fcc33053000 JavaThread "C2 CompilerThread1" daemon [_thread_blocked, id=17155, stack(0x00000001183e9000,0x00000001184e9000)]
  0x00007fcc33051000 JavaThread "C2 CompilerThread0" daemon [_thread_blocked, id=16643, stack(0x00000001182e6000,0x00000001183e6000)]
  0x00007fcc33059000 JavaThread "Signal Dispatcher" daemon [_thread_blocked, id=12567, stack(0x00000001181e3000,0x00000001182e3000)]
  0x00007fcc33039000 JavaThread "Finalizer" daemon [_thread_blocked, id=11523, stack(0x00000001167c7000,0x00000001168c7000)]
  0x00007fcc33000800 JavaThread "Reference Handler" daemon [_thread_blocked, id=11011, stack(0x00000001166c4000,0x00000001167c4000)]

Other Threads:
  0x00007fcc32031800 VMThread [stack: 0x00000001165c1000,0x00000001166c1000] [id=10499]
  0x00007fcc3380a800 WatcherThread [stack: 0x00000001186f2000,0x00000001187f2000] [id=18691]

VM state:not at safepoint (normal execution)

VM Mutex/Monitor currently owned by a thread: None

Heap:
 PSYoungGen      total 25088K, used 8296K [0x00000007aab00000, 0x00000007ad580000, 0x00000007c0000000)
  eden space 24576K, 33% used [0x00000007aab00000,0x00000007ab30a150,0x00000007ac300000)
  from space 512K, 12% used [0x00000007ad480000,0x00000007ad490000,0x00000007ad500000)
  to   space 512K, 0% used [0x00000007ad500000,0x00000007ad500000,0x00000007ad580000)
 ParOldGen       total 150528K, used 95198K [0x0000000780000000, 0x0000000789300000, 0x00000007aab00000)
  object space 150528K, 63% used [0x0000000780000000,0x0000000785cf7bd0,0x0000000789300000)
 Metaspace       used 21452K, capacity 21659K, committed 22064K, reserved 1069056K
  class space    used 2061K, capacity 2112K, committed 2176K, reserved 1048576K

Card table byte_map: [0x000000011217b000,0x000000011237c000] byte_map_base: 0x000000010e57b000

Marking Bits: (ParMarkBitMap*) 0x00000001026dde20
 Begin Bits: [0x00000001128de000, 0x00000001138de000)
 End Bits:   [0x00000001138de000, 0x00000001148de000)

Polling page: 0x00000001015e5000

CodeCache: size=245760Kb used=10484Kb max_used=10747Kb free=235275Kb
 bounds [0x0000000102dbb000, 0x000000010385b000, 0x0000000111dbb000]
 total_blobs=3779 nmethods=2883 adapters=809
 compilation: enabled

Compilation events (10 events):
Event: 10370.060 Thread 0x00007fcc33053000 3377 %s!   4       sun.java2d.opengl.OGLRenderQueue$QueueFlusher::run @ 2 (234 bytes)
Event: 10370.080 Thread 0x00007fcc33053000 nmethod 3377% 0x000000010344e150 code [0x000000010344e300, 0x000000010344e838]
Event: 11839.039 Thread 0x00007fcc3305a800 3378       3       java.util.concurrent.locks.AbstractQueuedSynchronizer::acquire (27 bytes)
Event: 11839.043 Thread 0x00007fcc3305a800 nmethod 3378 0x0000000103053d50 code [0x0000000103053f00, 0x00000001030543b8]
Event: 17951.646 Thread 0x00007fcc33051000 3379       4       java.security.ProtectionDomain$JavaSecurityAccessImpl::getCombinedACC (30 bytes)
Event: 17951.670 Thread 0x00007fcc33051000 nmethod 3379 0x0000000102f5ddd0 code [0x0000000102f5df40, 0x0000000102f5e108]
Event: 17952.480 Thread 0x00007fcc33053000 3380       4       sun.java2d.SurfaceData::pixelFor (13 bytes)
Event: 17952.483 Thread 0x00007fcc33053000 nmethod 3380 0x0000000103215390 code [0x00000001032154e0, 0x00000001032155b8]
Event: 17952.527 Thread 0x00007fcc3305a800 3381       1       sun.java2d.SurfaceData::isValid (5 bytes)
Event: 17952.530 Thread 0x00007fcc3305a800 nmethod 3381 0x0000000102febd10 code [0x0000000102febe60, 0x0000000102febf70]

GC Heap History (10 events):
Event: 17919.694 GC heap before
{Heap before GC invocations=2236 (full 3):
 PSYoungGen      total 25088K, used 24672K [0x00000007aab00000, 0x00000007ad580000, 0x00000007c0000000)
  eden space 24576K, 100% used [0x00000007aab00000,0x00000007ac300000,0x00000007ac300000)
  from space 512K, 18% used [0x00000007ad500000,0x00000007ad518000,0x00000007ad580000)
  to   space 512K, 0% used [0x00000007ad480000,0x00000007ad480000,0x00000007ad500000)
 ParOldGen       total 150528K, used 95198K [0x0000000780000000, 0x0000000789300000, 0x00000007aab00000)
  object space 150528K, 63% used [0x0000000780000000,0x0000000785cf7bd0,0x0000000789300000)
 Metaspace       used 21417K, capacity 21595K, committed 21808K, reserved 1069056K
  class space    used 2053K, capacity 2112K, committed 2176K, reserved 1048576K
Event: 17919.696 GC heap after
Heap after GC invocations=2236 (full 3):
 PSYoungGen      total 25088K, used 96K [0x00000007aab00000, 0x00000007ad580000, 0x00000007c0000000)
  eden space 24576K, 0% used [0x00000007aab00000,0x00000007aab00000,0x00000007ac300000)
  from space 512K, 18% used [0x00000007ad480000,0x00000007ad498000,0x00000007ad500000)
  to   space 512K, 0% used [0x00000007ad500000,0x00000007ad500000,0x00000007ad580000)
 ParOldGen       total 150528K, used 95198K [0x0000000780000000, 0x0000000789300000, 0x00000007aab00000)
  object space 150528K, 63% used [0x0000000780000000,0x0000000785cf7bd0,0x0000000789300000)
 Metaspace       used 21417K, capacity 21595K, committed 21808K, reserved 1069056K
  class space    used 2053K, capacity 2112K, committed 2176K, reserved 1048576K
}
Event: 17927.311 GC heap before
{Heap before GC invocations=2237 (full 3):
 PSYoungGen      total 25088K, used 24672K [0x00000007aab00000, 0x00000007ad580000, 0x00000007c0000000)
  eden space 24576K, 100% used [0x00000007aab00000,0x00000007ac300000,0x00000007ac300000)
  from space 512K, 18% used [0x00000007ad480000,0x00000007ad498000,0x00000007ad500000)
  to   space 512K, 0% used [0x00000007ad500000,0x00000007ad500000,0x00000007ad580000)
 ParOldGen       total 150528K, used 95198K [0x0000000780000000, 0x0000000789300000, 0x00000007aab00000)
  object space 150528K, 63% used [0x0000000780000000,0x0000000785cf7bd0,0x0000000789300000)
 Metaspace       used 21417K, capacity 21595K, committed 21808K, reserved 1069056K
  class space    used 2053K, capacity 2112K, committed 2176K, reserved 1048576K
Event: 17927.313 GC heap after
Heap after GC invocations=2237 (full 3):
 PSYoungGen      total 25088K, used 96K [0x00000007aab00000, 0x00000007ad580000, 0x00000007c0000000)
  eden space 24576K, 0% used [0x00000007aab00000,0x00000007aab00000,0x00000007ac300000)
  from space 512K, 18% used [0x00000007ad500000,0x00000007ad518000,0x00000007ad580000)
  to   space 512K, 0% used [0x00000007ad480000,0x00000007ad480000,0x00000007ad500000)
 ParOldGen       total 150528K, used 95198K [0x0000000780000000, 0x0000000789300000, 0x00000007aab00000)
  object space 150528K, 63% used [0x0000000780000000,0x0000000785cf7bd0,0x0000000789300000)
 Metaspace       used 21417K, capacity 21595K, committed 21808K, reserved 1069056K
  class space    used 2053K, capacity 2112K, committed 2176K, reserved 1048576K
}
Event: 17934.912 GC heap before
{Heap before GC invocations=2238 (full 3):
 PSYoungGen      total 25088K, used 24672K [0x00000007aab00000, 0x00000007ad580000, 0x00000007c0000000)
  eden space 24576K, 100% used [0x00000007aab00000,0x00000007ac300000,0x00000007ac300000)
  from space 512K, 18% used [0x00000007ad500000,0x00000007ad518000,0x00000007ad580000)
  to   space 512K, 0% used [0x00000007ad480000,0x00000007ad480000,0x00000007ad500000)
 ParOldGen       total 150528K, used 95198K [0x0000000780000000, 0x0000000789300000, 0x00000007aab00000)
  object space 150528K, 63% used [0x0000000780000000,0x0000000785cf7bd0,0x0000000789300000)
 Metaspace       used 21417K, capacity 21595K, committed 21808K, reserved 1069056K
  class space    used 2053K, capacity 2112K, committed 2176K, reserved 1048576K
Event: 17934.914 GC heap after
Heap after GC invocations=2238 (full 3):
 PSYoungGen      total 25088K, used 64K [0x00000007aab00000, 0x00000007ad580000, 0x00000007c0000000)
  eden space 24576K, 0% used [0x00000007aab00000,0x00000007aab00000,0x00000007ac300000)
  from space 512K, 12% used [0x00000007ad480000,0x00000007ad490000,0x00000007ad500000)
  to   space 512K, 0% used [0x00000007ad500000,0x00000007ad500000,0x00000007ad580000)
 ParOldGen       total 150528K, used 95198K [0x0000000780000000, 0x0000000789300000, 0x00000007aab00000)
  object space 150528K, 63% used [0x0000000780000000,0x0000000785cf7bd0,0x0000000789300000)
 Metaspace       used 21417K, capacity 21595K, committed 21808K, reserved 1069056K
  class space    used 2053K, capacity 2112K, committed 2176K, reserved 1048576K
}
Event: 17942.661 GC heap before
{Heap before GC invocations=2239 (full 3):
 PSYoungGen      total 25088K, used 24640K [0x00000007aab00000, 0x00000007ad580000, 0x00000007c0000000)
  eden space 24576K, 100% used [0x00000007aab00000,0x00000007ac300000,0x00000007ac300000)
  from space 512K, 12% used [0x00000007ad480000,0x00000007ad490000,0x00000007ad500000)
  to   space 512K, 0% used [0x00000007ad500000,0x00000007ad500000,0x00000007ad580000)
 ParOldGen       total 150528K, used 95198K [0x0000000780000000, 0x0000000789300000, 0x00000007aab00000)
  object space 150528K, 63% used [0x0000000780000000,0x0000000785cf7bd0,0x0000000789300000)
 Metaspace       used 21417K, capacity 21595K, committed 21808K, reserved 1069056K
  class space    used 2053K, capacity 2112K, committed 2176K, reserved 1048576K
Event: 17942.664 GC heap after
Heap after GC invocations=2239 (full 3):
 PSYoungGen      total 25088K, used 32K [0x00000007aab00000, 0x00000007ad580000, 0x00000007c0000000)
  eden space 24576K, 0% used [0x00000007aab00000,0x00000007aab00000,0x00000007ac300000)
  from space 512K, 6% used [0x00000007ad500000,0x00000007ad508000,0x00000007ad580000)
  to   space 512K, 0% used [0x00000007ad480000,0x00000007ad480000,0x00000007ad500000)
 ParOldGen       total 150528K, used 95198K [0x0000000780000000, 0x0000000789300000, 0x00000007aab00000)
  object space 150528K, 63% used [0x0000000780000000,0x0000000785cf7bd0,0x0000000789300000)
 Metaspace       used 21417K, capacity 21595K, committed 21808K, reserved 1069056K
  class space    used 2053K, capacity 2112K, committed 2176K, reserved 1048576K
}
Event: 17950.247 GC heap before
{Heap before GC invocations=2240 (full 3):
 PSYoungGen      total 25088K, used 24608K [0x00000007aab00000, 0x00000007ad580000, 0x00000007c0000000)
  eden space 24576K, 100% used [0x00000007aab00000,0x00000007ac300000,0x00000007ac300000)
  from space 512K, 6% used [0x00000007ad500000,0x00000007ad508000,0x00000007ad580000)
  to   space 512K, 0% used [0x00000007ad480000,0x00000007ad480000,0x00000007ad500000)
 ParOldGen       total 150528K, used 95198K [0x0000000780000000, 0x0000000789300000, 0x00000007aab00000)
  object space 150528K, 63% used [0x0000000780000000,0x0000000785cf7bd0,0x0000000789300000)
 Metaspace       used 21417K, capacity 21595K, committed 21808K, reserved 1069056K
  class space    used 2053K, capacity 2112K, committed 2176K, reserved 1048576K
Event: 17950.249 GC heap after
Heap after GC invocations=2240 (full 3):
 PSYoungGen      total 25088K, used 64K [0x00000007aab00000, 0x00000007ad580000, 0x00000007c0000000)
  eden space 24576K, 0% used [0x00000007aab00000,0x00000007aab00000,0x00000007ac300000)
  from space 512K, 12% used [0x00000007ad480000,0x00000007ad490000,0x00000007ad500000)
  to   space 512K, 0% used [0x00000007ad500000,0x00000007ad500000,0x00000007ad580000)
 ParOldGen       total 150528K, used 95198K [0x0000000780000000, 0x0000000789300000, 0x00000007aab00000)
  object space 150528K, 63% used [0x0000000780000000,0x0000000785cf7bd0,0x0000000789300000)
 Metaspace       used 21417K, capacity 21595K, committed 21808K, reserved 1069056K
  class space    used 2053K, capacity 2112K, committed 2176K, reserved 1048576K
}

Deoptimization events (10 events):
Event: 17952.548 Thread 0x00007fcc32214800 Uncommon trap: reason=class_check action=maybe_recompile pc=0x0000000103392f20 method=java.awt.event.InvocationEvent.dispatch()V @ 11
Event: 17952.569 Thread 0x00007fcc3294b800 Uncommon trap: reason=class_check action=maybe_recompile pc=0x0000000103337c40 method=com.jogamp.common.util.RunnableTask.run()V @ 24
Event: 17952.571 Thread 0x00007fcc3294b800 Uncommon trap: reason=unstable_if action=reinterpret pc=0x000000010340a63c method=jogamp.nativewindow.macosx.OSXUtil.RunOnMainThread(ZZLjava/lang/Runnable;)V @ 3
Event: 17952.591 Thread 0x00007fcc32214800 Uncommon trap: reason=unstable_if action=reinterpret pc=0x0000000103815848 method=jogamp.opengl.GLContextImpl.release(Z)V @ 161
Event: 17952.609 Thread 0x00007fcc32214800 Uncommon trap: reason=unstable_if action=reinterpret pc=0x00000001037ab118 method=java.util.LinkedList$ListItr.<init>(Ljava/util/LinkedList;I)V @ 26
Event: 17952.613 Thread 0x00007fcc32214800 Uncommon trap: reason=unstable_if action=reinterpret pc=0x000000010333302c method=java.security.AccessControlContext.optimize()Ljava/security/AccessControlContext; @ 233
Event: 17952.629 Thread 0x00007fcc33247000 Uncommon trap: reason=class_check action=maybe_recompile pc=0x0000000103807fcc method=java.awt.Component.getGraphics()Ljava/awt/Graphics; @ 114
Event: 17952.629 Thread 0x00007fcc33247000 Uncommon trap: reason=unstable_if action=reinterpret pc=0x00000001033cc8b8 method=java.awt.font.FontRenderContext.equals(Ljava/awt/font/FontRenderContext;)Z @ 2
Event: 17952.632 Thread 0x00007fcc32214800 Uncommon trap: reason=class_check action=maybe_recompile pc=0x0000000103392f20 method=java.awt.event.InvocationEvent.dispatch()V @ 11
Event: 17952.656 Thread 0x00007fcc3294b800 Uncommon trap: reason=class_check action=maybe_recompile pc=0x0000000103337c40 method=com.jogamp.common.util.RunnableTask.run()V @ 24

Internal exceptions (10 events):
Event: 0.209 Thread 0x00007fcc3200e000 Exception <a 'java/lang/NoSuchFieldError': method resolution failed> (0x00000007aad00da0) thrown at [/HUDSON3/workspace/8-2-build-macosx-x86_64/jdk8u66/4988/hotspot/src/share/vm/prims/methodHandles.cpp, line 1146]
Event: 0.212 Thread 0x00007fcc3200e000 Exception <a 'java/lang/NoSuchFieldError': method resolution failed> (0x00000007aad0e570) thrown at [/HUDSON3/workspace/8-2-build-macosx-x86_64/jdk8u66/4988/hotspot/src/share/vm/prims/methodHandles.cpp, line 1146]
Event: 1.266 Thread 0x00007fcc3200e000 Exception <a 'java/io/FileNotFoundException'> (0x00000007aad8a4e8) thrown at [/HUDSON3/workspace/8-2-build-macosx-x86_64/jdk8u66/4988/hotspot/src/share/vm/prims/jni.cpp, line 709]
Event: 1.267 Thread 0x00007fcc3200e000 Exception <a 'java/io/FileNotFoundException'> (0x00000007aad8b028) thrown at [/HUDSON3/workspace/8-2-build-macosx-x86_64/jdk8u66/4988/hotspot/src/share/vm/prims/jni.cpp, line 709]
Event: 1.468 Thread 0x00007fcc3200e000 Exception <a 'java/io/FileNotFoundException'> (0x00000007aae709b8) thrown at [/HUDSON3/workspace/8-2-build-macosx-x86_64/jdk8u66/4988/hotspot/src/share/vm/prims/jni.cpp, line 709]
Event: 5.597 Thread 0x00007fcc33039000 Exception <a 'java/lang/NullPointerException'> (0x00000007aab84278) thrown at [/HUDSON3/workspace/8-2-build-macosx-x86_64/jdk8u66/4988/hotspot/src/share/vm/interpreter/linkResolver.cpp, line 1178]
Event: 5.730 Thread 0x00007fcc3307a800 Exception <a 'java/lang/UnsatisfiedLinkError': com.jogamp.common.util.JarUtil.fixNativeLibAttribs(Ljava/lang/String;)Z> (0x00000007aaea2928) thrown at [/HUDSON3/workspace/8-2-build-macosx-x86_64/jdk8u66/4988/hotspot/src/share/vm/prims/nativeLookup.cpp, li
Event: 7.048 Thread 0x00007fcc32214800 Exception <a 'java/io/FileNotFoundException'> (0x00000007ab070dd0) thrown at [/HUDSON3/workspace/8-2-build-macosx-x86_64/jdk8u66/4988/hotspot/src/share/vm/prims/jni.cpp, line 709]
Event: 7.049 Thread 0x00007fcc32214800 Exception <a 'java/io/FileNotFoundException'> (0x00000007ab076930) thrown at [/HUDSON3/workspace/8-2-build-macosx-x86_64/jdk8u66/4988/hotspot/src/share/vm/prims/jni.cpp, line 709]
Event: 7.049 Thread 0x00007fcc32214800 Implicit null exception at 0x0000000102f5df73 to 0x0000000102f5e32d

Events (10 events):
Event: 17952.629 Thread 0x00007fcc33247000 DEOPT PACKING pc=0x00000001033cc8b8 sp=0x000000011e50d660
Event: 17952.629 Thread 0x00007fcc33247000 DEOPT UNPACKING pc=0x0000000102dc0229 sp=0x000000011e50d630 mode 2
Event: 17952.629 loading class java/awt/Window$1DisposeAction
Event: 17952.631 loading class java/awt/Window$1DisposeAction done
Event: 17952.632 Thread 0x00007fcc32214800 Uncommon trap: trap_request=0xffffffde fr.pc=0x0000000103392f20
Event: 17952.632 Thread 0x00007fcc32214800 DEOPT PACKING pc=0x0000000103392f20 sp=0x000000016a477f60
Event: 17952.632 Thread 0x00007fcc32214800 DEOPT UNPACKING pc=0x0000000102dc0229 sp=0x000000016a477df8 mode 2
Event: 17952.656 Thread 0x00007fcc3294b800 Uncommon trap: trap_request=0xffffffde fr.pc=0x0000000103337c40
Event: 17952.656 Thread 0x00007fcc3294b800 DEOPT PACKING pc=0x0000000103337c40 sp=0x00007fff5e83d890
Event: 17952.656 Thread 0x00007fcc3294b800 DEOPT UNPACKING pc=0x0000000102dc0229 sp=0x00007fff5e83d838 mode 2


Dynamic libraries:
0x0000000003960000 	/System/Library/Frameworks/Cocoa.framework/Versions/A/Cocoa
0x0000000003960000 	/System/Library/Frameworks/Security.framework/Versions/A/Security
0x0000000003960000 	/System/Library/Frameworks/ApplicationServices.framework/Versions/A/ApplicationServices
0x0000000003960000 	/usr/lib/libz.1.dylib
0x0000000003960000 	/usr/lib/libSystem.B.dylib
0x0000000003960000 	/usr/lib/libobjc.A.dylib
0x0000000003960000 	/System/Library/Frameworks/CoreFoundation.framework/Versions/A/CoreFoundation
0x0000000003960000 	/System/Library/Frameworks/Foundation.framework/Versions/C/Foundation
0x0000000003960000 	/System/Library/Frameworks/AppKit.framework/Versions/C/AppKit
0x0000000003960000 	/System/Library/Frameworks/CoreData.framework/Versions/A/CoreData
0x0000000003960000 	/System/Library/PrivateFrameworks/RemoteViewServices.framework/Versions/A/RemoteViewServices
0x0000000003960000 	/System/Library/PrivateFrameworks/UIFoundation.framework/Versions/A/UIFoundation
0x0000000003960000 	/System/Library/Frameworks/IOSurface.framework/Versions/A/IOSurface
0x0000000003960000 	/System/Library/Frameworks/AudioToolbox.framework/Versions/A/AudioToolbox
0x0000000003960000 	/System/Library/Frameworks/AudioUnit.framework/Versions/A/AudioUnit
0x0000000003960000 	/System/Library/PrivateFrameworks/DataDetectorsCore.framework/Versions/A/DataDetectorsCore
0x0000000003960000 	/System/Library/PrivateFrameworks/DesktopServicesPriv.framework/Versions/A/DesktopServicesPriv
0x0000000003960000 	/System/Library/Frameworks/Carbon.framework/Versions/A/Frameworks/HIToolbox.framework/Versions/A/HIToolbox
0x0000000003960000 	/System/Library/Frameworks/QuartzCore.framework/Versions/A/QuartzCore
0x0000000003960000 	/System/Library/Frameworks/Carbon.framework/Versions/A/Frameworks/SpeechRecognition.framework/Versions/A/SpeechRecognition
0x0000000003960000 	/usr/lib/libauto.dylib
0x0000000003960000 	/usr/lib/libicucore.A.dylib
0x0000000003960000 	/usr/lib/libxml2.2.dylib
0x0000000003960000 	/System/Library/PrivateFrameworks/CoreUI.framework/Versions/A/CoreUI
0x0000000003960000 	/System/Library/Frameworks/CoreAudio.framework/Versions/A/CoreAudio
0x0000000003960000 	/System/Library/Frameworks/DiskArbitration.framework/Versions/A/DiskArbitration
0x0000000003960000 	/usr/lib/liblangid.dylib
0x0000000003960000 	/System/Library/PrivateFrameworks/MultitouchSupport.framework/Versions/A/MultitouchSupport
0x0000000003960000 	/System/Library/Frameworks/IOKit.framework/Versions/A/IOKit
0x0000000003960000 	/usr/lib/libDiagnosticMessagesClient.dylib
0x0000000003960000 	/System/Library/Frameworks/CoreServices.framework/Versions/A/CoreServices
0x0000000003960000 	/System/Library/PrivateFrameworks/PerformanceAnalysis.framework/Versions/A/PerformanceAnalysis
0x0000000003960000 	/System/Library/PrivateFrameworks/GenerationalStorage.framework/Versions/A/GenerationalStorage
0x0000000003960000 	/System/Library/Frameworks/OpenGL.framework/Versions/A/OpenGL
0x0000000003960000 	/System/Library/PrivateFrameworks/Sharing.framework/Versions/A/Sharing
0x0000000003960000 	/System/Library/Frameworks/CoreGraphics.framework/Versions/A/CoreGraphics
0x0000000003960000 	/System/Library/Frameworks/CoreText.framework/Versions/A/CoreText
0x0000000003960000 	/System/Library/Frameworks/ImageIO.framework/Versions/A/ImageIO
0x0000000003960000 	/usr/lib/libextension.dylib
0x0000000003960000 	/System/Library/PrivateFrameworks/Backup.framework/Versions/A/Backup
0x0000000003960000 	/usr/lib/libarchive.2.dylib
0x0000000003960000 	/System/Library/Frameworks/CFNetwork.framework/Versions/A/CFNetwork
0x0000000003960000 	/System/Library/Frameworks/SystemConfiguration.framework/Versions/A/SystemConfiguration
0x0000000003960000 	/usr/lib/libCRFSuite.dylib
0x0000000003960000 	/usr/lib/libc++.1.dylib
0x0000000003960000 	/usr/lib/libc++abi.dylib
0x0000000003960000 	/usr/lib/system/libcache.dylib
0x0000000003960000 	/usr/lib/system/libcommonCrypto.dylib
0x0000000003960000 	/usr/lib/system/libcompiler_rt.dylib
0x0000000003960000 	/usr/lib/system/libcopyfile.dylib
0x0000000003960000 	/usr/lib/system/libcorecrypto.dylib
0x0000000003960000 	/usr/lib/system/libdispatch.dylib
0x0000000003960000 	/usr/lib/system/libdyld.dylib
0x0000000003960000 	/usr/lib/system/libkeymgr.dylib
0x0000000003960000 	/usr/lib/system/liblaunch.dylib
0x0000000003960000 	/usr/lib/system/libmacho.dylib
0x0000000003960000 	/usr/lib/system/libquarantine.dylib
0x0000000003960000 	/usr/lib/system/libremovefile.dylib
0x0000000003960000 	/usr/lib/system/libsystem_asl.dylib
0x0000000003960000 	/usr/lib/system/libsystem_blocks.dylib
0x0000000003960000 	/usr/lib/system/libsystem_c.dylib
0x0000000003960000 	/usr/lib/system/libsystem_configuration.dylib
0x0000000003960000 	/usr/lib/system/libsystem_coreservices.dylib
0x0000000003960000 	/usr/lib/system/libsystem_coretls.dylib
0x0000000003960000 	/usr/lib/system/libsystem_dnssd.dylib
0x0000000003960000 	/usr/lib/system/libsystem_info.dylib
0x0000000003960000 	/usr/lib/system/libsystem_kernel.dylib
0x0000000003960000 	/usr/lib/system/libsystem_m.dylib
0x0000000003960000 	/usr/lib/system/libsystem_malloc.dylib
0x0000000003960000 	/usr/lib/system/libsystem_network.dylib
0x0000000003960000 	/usr/lib/system/libsystem_networkextension.dylib
0x0000000003960000 	/usr/lib/system/libsystem_notify.dylib
0x0000000003960000 	/usr/lib/system/libsystem_platform.dylib
0x0000000003960000 	/usr/lib/system/libsystem_pthread.dylib
0x0000000003960000 	/usr/lib/system/libsystem_sandbox.dylib
0x0000000003960000 	/usr/lib/system/libsystem_secinit.dylib
0x0000000003960000 	/usr/lib/system/libsystem_stats.dylib
0x0000000003960000 	/usr/lib/system/libsystem_trace.dylib
0x0000000003960000 	/usr/lib/system/libunc.dylib
0x0000000003960000 	/usr/lib/system/libunwind.dylib
0x0000000003960000 	/usr/lib/system/libxpc.dylib
0x0000000003960000 	/usr/lib/libbz2.1.0.dylib
0x0000000003960000 	/usr/lib/liblzma.5.dylib
0x0000000003960000 	/usr/lib/libbsm.0.dylib
0x0000000003960000 	/usr/lib/libsqlite3.dylib
0x0000000003960000 	/usr/lib/system/libkxld.dylib
0x0000000003960000 	/usr/lib/libxar.1.dylib
0x0000000003960000 	/usr/lib/libpam.2.dylib
0x0000000003960000 	/usr/lib/libOpenScriptingUtil.dylib
0x0000000003960000 	/System/Library/Frameworks/CoreServices.framework/Versions/A/Frameworks/FSEvents.framework/Versions/A/FSEvents
0x0000000003960000 	/System/Library/Frameworks/CoreServices.framework/Versions/A/Frameworks/CarbonCore.framework/Versions/A/CarbonCore
0x0000000003960000 	/System/Library/Frameworks/CoreServices.framework/Versions/A/Frameworks/Metadata.framework/Versions/A/Metadata
0x0000000003960000 	/System/Library/Frameworks/CoreServices.framework/Versions/A/Frameworks/OSServices.framework/Versions/A/OSServices
0x0000000003960000 	/System/Library/Frameworks/CoreServices.framework/Versions/A/Frameworks/SearchKit.framework/Versions/A/SearchKit
0x0000000003960000 	/System/Library/Frameworks/CoreServices.framework/Versions/A/Frameworks/AE.framework/Versions/A/AE
0x0000000003960000 	/System/Library/Frameworks/CoreServices.framework/Versions/A/Frameworks/LaunchServices.framework/Versions/A/LaunchServices
0x0000000003960000 	/System/Library/Frameworks/CoreServices.framework/Versions/A/Frameworks/DictionaryServices.framework/Versions/A/DictionaryServices
0x0000000003960000 	/System/Library/Frameworks/NetFS.framework/Versions/A/NetFS
0x0000000003960000 	/System/Library/PrivateFrameworks/NetAuth.framework/Versions/A/NetAuth
0x0000000003960000 	/System/Library/PrivateFrameworks/login.framework/Versions/A/Frameworks/loginsupport.framework/Versions/A/loginsupport
0x0000000003960000 	/System/Library/PrivateFrameworks/TCC.framework/Versions/A/TCC
0x0000000003960000 	/usr/lib/libmecabra.dylib
0x0000000003960000 	/System/Library/Frameworks/ApplicationServices.framework/Versions/A/Frameworks/ATS.framework/Versions/A/ATS
0x0000000003960000 	/System/Library/Frameworks/ApplicationServices.framework/Versions/A/Frameworks/ColorSync.framework/Versions/A/ColorSync
0x0000000003960000 	/System/Library/Frameworks/ApplicationServices.framework/Versions/A/Frameworks/HIServices.framework/Versions/A/HIServices
0x0000000003960000 	/System/Library/Frameworks/ApplicationServices.framework/Versions/A/Frameworks/LangAnalysis.framework/Versions/A/LangAnalysis
0x0000000003960000 	/System/Library/Frameworks/ApplicationServices.framework/Versions/A/Frameworks/PrintCore.framework/Versions/A/PrintCore
0x0000000003960000 	/System/Library/Frameworks/ApplicationServices.framework/Versions/A/Frameworks/QD.framework/Versions/A/QD
0x0000000003960000 	/System/Library/Frameworks/ApplicationServices.framework/Versions/A/Frameworks/SpeechSynthesis.framework/Versions/A/SpeechSynthesis
0x0000000003960000 	/System/Library/Frameworks/Accelerate.framework/Versions/A/Accelerate
0x0000000003960000 	/System/Library/Frameworks/Accelerate.framework/Versions/A/Frameworks/vImage.framework/Versions/A/vImage
0x0000000003960000 	/System/Library/Frameworks/Accelerate.framework/Versions/A/Frameworks/vecLib.framework/Versions/A/vecLib
0x0000000003960000 	/System/Library/Frameworks/Accelerate.framework/Versions/A/Frameworks/vecLib.framework/Versions/A/libvDSP.dylib
0x0000000003960000 	/System/Library/Frameworks/Accelerate.framework/Versions/A/Frameworks/vecLib.framework/Versions/A/libvMisc.dylib
0x0000000003960000 	/System/Library/Frameworks/Accelerate.framework/Versions/A/Frameworks/vecLib.framework/Versions/A/libLAPACK.dylib
0x0000000003960000 	/System/Library/Frameworks/Accelerate.framework/Versions/A/Frameworks/vecLib.framework/Versions/A/libBLAS.dylib
0x0000000003960000 	/System/Library/Frameworks/Accelerate.framework/Versions/A/Frameworks/vecLib.framework/Versions/A/libLinearAlgebra.dylib
0x0000000003960000 	/System/Library/Frameworks/ApplicationServices.framework/Versions/A/Frameworks/ATS.framework/Versions/A/Resources/libFontParser.dylib
0x0000000003960000 	/System/Library/Frameworks/ApplicationServices.framework/Versions/A/Frameworks/ATS.framework/Versions/A/Resources/libFontRegistry.dylib
0x0000000003960000 	/System/Library/PrivateFrameworks/AppleVPA.framework/Versions/A/AppleVPA
0x0000000003960000 	/System/Library/PrivateFrameworks/AppleJPEG.framework/Versions/A/AppleJPEG
0x0000000003960000 	/System/Library/Frameworks/ImageIO.framework/Versions/A/Resources/libJPEG.dylib
0x0000000003960000 	/System/Library/Frameworks/ImageIO.framework/Versions/A/Resources/libTIFF.dylib
0x0000000003960000 	/System/Library/Frameworks/ImageIO.framework/Versions/A/Resources/libPng.dylib
0x0000000003960000 	/System/Library/Frameworks/ImageIO.framework/Versions/A/Resources/libGIF.dylib
0x0000000003960000 	/System/Library/Frameworks/ImageIO.framework/Versions/A/Resources/libJP2.dylib
0x0000000003960000 	/System/Library/Frameworks/ImageIO.framework/Versions/A/Resources/libRadiance.dylib
0x0000000003960000 	/System/Library/Frameworks/CoreVideo.framework/Versions/A/CoreVideo
0x0000000003960000 	/System/Library/Frameworks/OpenGL.framework/Versions/A/Libraries/libGLU.dylib
0x0000000003960000 	/System/Library/Frameworks/OpenGL.framework/Versions/A/Libraries/libGFXShared.dylib
0x0000000003960000 	/System/Library/Frameworks/OpenGL.framework/Versions/A/Libraries/libGL.dylib
0x0000000003960000 	/System/Library/Frameworks/OpenGL.framework/Versions/A/Libraries/libGLImage.dylib
0x0000000003960000 	/System/Library/Frameworks/OpenGL.framework/Versions/A/Libraries/libCVMSPluginSupport.dylib
0x0000000003960000 	/System/Library/Frameworks/OpenGL.framework/Versions/A/Libraries/libCoreVMClient.dylib
0x0000000003960000 	/usr/lib/libcups.2.dylib
0x0000000003960000 	/System/Library/Frameworks/Kerberos.framework/Versions/A/Kerberos
0x0000000003960000 	/System/Library/Frameworks/GSS.framework/Versions/A/GSS
0x0000000003960000 	/usr/lib/libresolv.9.dylib
0x0000000003960000 	/usr/lib/libiconv.2.dylib
0x0000000003960000 	/System/Library/PrivateFrameworks/Heimdal.framework/Versions/A/Heimdal
0x0000000003960000 	/usr/lib/libheimdal-asn1.dylib
0x0000000003960000 	/System/Library/Frameworks/OpenDirectory.framework/Versions/A/OpenDirectory
0x0000000003960000 	/System/Library/PrivateFrameworks/CommonAuth.framework/Versions/A/CommonAuth
0x0000000003960000 	/System/Library/Frameworks/OpenDirectory.framework/Versions/A/Frameworks/CFOpenDirectory.framework/Versions/A/CFOpenDirectory
0x0000000003960000 	/System/Library/Frameworks/SecurityFoundation.framework/Versions/A/SecurityFoundation
0x0000000003960000 	/System/Library/PrivateFrameworks/LanguageModeling.framework/Versions/A/LanguageModeling
0x0000000003960000 	/usr/lib/libcmph.dylib
0x0000000003960000 	/System/Library/Frameworks/ServiceManagement.framework/Versions/A/ServiceManagement
0x0000000003960000 	/usr/lib/libxslt.1.dylib
0x0000000003960000 	/System/Library/Frameworks/Carbon.framework/Versions/A/Frameworks/Ink.framework/Versions/A/Ink
0x0000000003960000 	/System/Library/Frameworks/QuartzCore.framework/Versions/A/Frameworks/CoreImage.framework/Versions/A/CoreImage
0x0000000003960000 	/System/Library/PrivateFrameworks/CrashReporterSupport.framework/Versions/A/CrashReporterSupport
0x0000000003960000 	/System/Library/Frameworks/OpenCL.framework/Versions/A/OpenCL
0x0000000003960000 	/System/Library/PrivateFrameworks/FaceCore.framework/Versions/A/FaceCore
0x0000000003960000 	/System/Library/PrivateFrameworks/Ubiquity.framework/Versions/A/Ubiquity
0x0000000003960000 	/System/Library/PrivateFrameworks/IconServices.framework/Versions/A/IconServices
0x0000000003960000 	/System/Library/PrivateFrameworks/ChunkingLibrary.framework/Versions/A/ChunkingLibrary
0x0000000003960000 	/System/Library/PrivateFrameworks/Apple80211.framework/Versions/A/Apple80211
0x0000000003960000 	/System/Library/Frameworks/CoreWLAN.framework/Versions/A/CoreWLAN
0x0000000003960000 	/System/Library/Frameworks/IOBluetooth.framework/Versions/A/IOBluetooth
0x0000000003960000 	/System/Library/PrivateFrameworks/CoreWiFi.framework/Versions/A/CoreWiFi
0x0000000003960000 	/System/Library/Frameworks/CoreBluetooth.framework/Versions/A/CoreBluetooth
0x0000000003960000 	/System/Library/PrivateFrameworks/DebugSymbols.framework/Versions/A/DebugSymbols
0x0000000003960000 	/System/Library/PrivateFrameworks/CoreSymbolication.framework/Versions/A/CoreSymbolication
0x0000000003960000 	/System/Library/PrivateFrameworks/Symbolication.framework/Versions/A/Symbolication
0x0000000003960000 	/System/Library/PrivateFrameworks/SpeechRecognitionCore.framework/Versions/A/SpeechRecognitionCore
0x0000000101e00000 	/Library/Java/JavaVirtualMachines/jdk1.8.0_66.jdk/Contents/Home/jre/lib/server/libjvm.dylib
0x0000000003960000 	/usr/lib/libstdc++.6.dylib
0x00000001015d7000 	/Library/Java/JavaVirtualMachines/jdk1.8.0_66.jdk/Contents/Home/jre/lib/libverify.dylib
0x0000000102d86000 	/Library/Java/JavaVirtualMachines/jdk1.8.0_66.jdk/Contents/Home/jre/lib/libjava.dylib
0x00000001015ef000 	/Library/Java/JavaVirtualMachines/jdk1.8.0_66.jdk/Contents/Home/jre/lib/libzip.dylib
0x00000001168c9000 	/System/Library/Frameworks/JavaVM.framework/Frameworks/JavaRuntimeSupport.framework/JavaRuntimeSupport
0x00000001168df000 	/System/Library/Frameworks/JavaVM.framework/Versions/A/Frameworks/JavaNativeFoundation.framework/Versions/A/JavaNativeFoundation
0x00000001168f3000 	/System/Library/Frameworks/JavaVM.framework/Versions/A/JavaVM
0x0000000003960000 	/System/Library/Frameworks/Carbon.framework/Versions/A/Carbon
0x00000001168ff000 	/System/Library/PrivateFrameworks/JavaLaunching.framework/Versions/A/JavaLaunching
0x0000000003960000 	/System/Library/Frameworks/Carbon.framework/Versions/A/Frameworks/CommonPanels.framework/Versions/A/CommonPanels
0x0000000003960000 	/System/Library/Frameworks/Carbon.framework/Versions/A/Frameworks/Help.framework/Versions/A/Help
0x0000000003960000 	/System/Library/Frameworks/Carbon.framework/Versions/A/Frameworks/ImageCapture.framework/Versions/A/ImageCapture
0x0000000003960000 	/System/Library/Frameworks/Carbon.framework/Versions/A/Frameworks/OpenScripting.framework/Versions/A/OpenScripting
0x0000000003960000 	/System/Library/Frameworks/Carbon.framework/Versions/A/Frameworks/Print.framework/Versions/A/Print
0x0000000003960000 	/System/Library/Frameworks/Carbon.framework/Versions/A/Frameworks/SecurityHI.framework/Versions/A/SecurityHI
0x00000001187f4000 	/Library/Java/JavaVirtualMachines/jdk1.8.0_66.jdk/Contents/Home/jre/lib/libawt.dylib
0x000000011889c000 	/Library/Java/JavaVirtualMachines/jdk1.8.0_66.jdk/Contents/Home/jre/lib/./libmlib_image.dylib
0x0000000118968000 	/Library/Java/JavaVirtualMachines/jdk1.8.0_66.jdk/Contents/Home/jre/lib/libawt_lwawt.dylib
0x0000000118a1d000 	/Library/Java/JavaVirtualMachines/jdk1.8.0_66.jdk/Contents/Home/jre/lib/./libosxapp.dylib
0x0000000003960000 	/System/Library/Frameworks/ExceptionHandling.framework/Versions/A/ExceptionHandling
0x0000000003960000 	/System/Library/PrivateFrameworks/CoreServicesInternal.framework/Versions/A/CoreServicesInternal
0x0000000003960000 	/System/Library/PrivateFrameworks/CloudDocs.framework/Versions/A/CloudDocs
0x0000000003960000 	/System/Library/PrivateFrameworks/CoreDuet.framework/Versions/A/CoreDuet
0x0000000003960000 	/System/Library/Frameworks/CloudKit.framework/Versions/A/CloudKit
0x0000000003960000 	/System/Library/PrivateFrameworks/ProtocolBuffer.framework/Versions/A/ProtocolBuffer
0x0000000003960000 	/System/Library/PrivateFrameworks/CoreDuetDaemonProtocol.framework/Versions/A/CoreDuetDaemonProtocol
0x0000000003960000 	/System/Library/PrivateFrameworks/CoreDuetDebugLogging.framework/Versions/A/CoreDuetDebugLogging
0x0000000003960000 	/System/Library/PrivateFrameworks/MMCS.framework/Versions/A/MMCS
0x0000000003960000 	/System/Library/Frameworks/CoreLocation.framework/Versions/A/CoreLocation
0x0000000003960000 	/System/Library/PrivateFrameworks/ProtectedCloudStorage.framework/Versions/A/ProtectedCloudStorage
0x0000000003960000 	/System/Library/PrivateFrameworks/GeoServices.framework/Versions/A/GeoServices
0x0000000003960000 	/System/Library/Frameworks/CoreGraphics.framework/Versions/A/Resources/libCGCMS.A.dylib
0x0000000003960000 	/System/Library/Frameworks/CoreGraphics.framework/Versions/A/Resources/libRIP.A.dylib
0x0000000003960000 	/System/Library/Frameworks/CoreGraphics.framework/Versions/A/Resources/libCGXType.A.dylib
0x0000000003960000 	/System/Library/Frameworks/OpenCL.framework/Versions/A/Libraries/libcldcpuengine.dylib
0x0000000003960000 	/System/Library/PrivateFrameworks/DiskImages.framework/Versions/A/DiskImages
0x0000000003960000 	/System/Library/Frameworks/DiscRecording.framework/Versions/A/DiscRecording
0x0000000003960000 	/usr/lib/libcsfde.dylib
0x0000000003960000 	/usr/lib/libcurl.4.dylib
0x0000000003960000 	/System/Library/PrivateFrameworks/MediaKit.framework/Versions/A/MediaKit
0x0000000003960000 	/usr/lib/libCoreStorage.dylib
0x0000000003960000 	/System/Library/PrivateFrameworks/EFILogin.framework/Versions/A/EFILogin
0x0000000003960000 	/usr/lib/libutil.dylib
0x0000000003960000 	/System/Library/PrivateFrameworks/FindMyDevice.framework/Versions/A/FindMyDevice
0x0000000003960000 	/System/Library/Frameworks/LDAP.framework/Versions/A/LDAP
0x0000000003960000 	/usr/lib/libsasl2.2.dylib
0x0000000003960000 	/System/Library/PrivateFrameworks/CoreDaemon.framework/Versions/B/CoreDaemon
0x0000000003960000 	/usr/lib/libcrypto.0.9.8.dylib
0x0000000003960000 	/System/Library/PrivateFrameworks/AppleSRP.framework/Versions/A/AppleSRP
0x0000000003960000 	/System/Library/PrivateFrameworks/TrustEvaluationAgent.framework/Versions/A/TrustEvaluationAgent
0x000000011b715000 	cl_kernels
0x000000011b717000 	/System/Library/Frameworks/OpenCL.framework/Versions/A/Libraries/ImageFormats/unorm8_bgra.dylib
0x000000011b706000 	cl_kernels
0x0000000003960000 	/System/Library/PrivateFrameworks/FamilyControls.framework/Versions/A/FamilyControls
0x0000000003960000 	/System/Library/PrivateFrameworks/CommerceKit.framework/Versions/A/Frameworks/CommerceCore.framework/Versions/A/CommerceCore
0x0000000003960000 	/System/Library/PrivateFrameworks/SystemAdministration.framework/Versions/A/SystemAdministration
0x0000000003960000 	/System/Library/PrivateFrameworks/AppContainer.framework/Versions/A/AppContainer
0x0000000003960000 	/System/Library/PrivateFrameworks/SecCodeWrapper.framework/Versions/A/SecCodeWrapper
0x0000000003960000 	/System/Library/Frameworks/DirectoryService.framework/Versions/A/DirectoryService
0x0000000003960000 	/System/Library/PrivateFrameworks/LoginUIKit.framework/Versions/A/Frameworks/LoginUICore.framework/Versions/A/LoginUICore
0x0000000003960000 	/usr/lib/libodfde.dylib
0x0000000003960000 	/System/Library/Frameworks/OpenGL.framework/Versions/A/Resources/GLEngine.bundle/GLEngine
0x0000000003960000 	/System/Library/Frameworks/OpenGL.framework/Versions/A/Libraries/libGLProgrammability.dylib
0x0000000000000000 	/System/Library/Extensions/AppleIntelBDWGraphicsGLDriver.bundle/Contents/MacOS/AppleIntelBDWGraphicsGLDriver
0x0000000003960000 	/System/Library/PrivateFrameworks/IOAccelerator.framework/Versions/A/IOAccelerator
0x0000000003960000 	/System/Library/PrivateFrameworks/GPUSupport.framework/Versions/A/Libraries/libGPUSupportMercury.dylib
0x0000000003960000 	/System/Library/Frameworks/OpenGL.framework/Versions/A/Resources/GLRendererFloat.bundle/GLRendererFloat
0x000000011d36e000 	/Library/Java/JavaVirtualMachines/jdk1.8.0_66.jdk/Contents/Home/jre/lib/libfontmanager.dylib
0x000000011e512000 	/Library/Java/JavaVirtualMachines/jdk1.8.0_66.jdk/Contents/Home/jre/lib/libosxui.dylib
0x000000011e79e000 	/Library/Java/JavaVirtualMachines/jdk1.8.0_66.jdk/Contents/Home/jre/lib/libnet.dylib
0x000000011e551000 	/Library/Java/JavaVirtualMachines/jdk1.8.0_66.jdk/Contents/Home/jre/lib/libnio.dylib
0x0000000003960000 	/System/Library/Frameworks/ApplicationServices.framework/Versions/A/Frameworks/ATS.framework/Versions/A/Resources/libTrueTypeScaler.dylib
0x0000000169d44000 	/private/var/folders/zx/j9nzkyzx4dn04w6cj8zrt2j80000gn/T/jogamp_0000/file_cache/jln3128511415564664092/jln7940729387340580724/libgluegen-rt.jnilib
0x0000000169d48000 	/private/var/folders/zx/j9nzkyzx4dn04w6cj8zrt2j80000gn/T/jogamp_0000/file_cache/jln3128511415564664092/jln7940729387340580724/libnativewindow_awt.jnilib
0x0000000169d4b000 	/Library/Java/JavaVirtualMachines/jdk1.8.0_66.jdk/Contents/Home/jre/lib/libjawt.dylib
0x0000000169d4e000 	/private/var/folders/zx/j9nzkyzx4dn04w6cj8zrt2j80000gn/T/jogamp_0000/file_cache/jln3128511415564664092/jln7940729387340580724/libnativewindow_macosx.jnilib
0x000000016bc0e000 	/private/var/folders/zx/j9nzkyzx4dn04w6cj8zrt2j80000gn/T/jogamp_0000/file_cache/jln3128511415564664092/jln7940729387340580724/libjogl_desktop.jnilib
0x000000016dafd000 	/Library/Java/JavaVirtualMachines/jdk1.8.0_66.jdk/Contents/Home/jre/lib/libt2k.dylib

VM Arguments:
jvm_args: -Djava.security.policy=java.policy.applet -Dfile.encoding=UTF-8 
java_command: sun.applet.AppletViewer module4.EarthquakeCityMap1447737107555.html
java_class_path (initial): /Users/aray/prep/jp/UCSDUnfoldingMaps/build:/Users/aray/prep/jp/UCSDUnfoldingMaps/lib/core.jar:/Users/aray/prep/jp/UCSDUnfoldingMaps/lib/gluegen-rt.jar:/Users/aray/prep/jp/UCSDUnfoldingMaps/lib/jogl-all.jar:/Users/aray/prep/jp/UCSDUnfoldingMaps/lib/log4j-1.2.15.jar:/Users/aray/prep/jp/UCSDUnfoldingMaps/lib/sqlite-jdbc-3.7.2.jar:/Users/aray/prep/jp/UCSDUnfoldingMaps/lib/json4processing.jar:/Users/aray/prep/jp/UCSDUnfoldingMaps/lib/libTUIO.jar:/Users/aray/prep/jp/UCSDUnfoldingMaps/lib/unfolding.0.9.7-uscd.jar
Launcher Type: SUN_STANDARD

Environment Variables:
PATH=/usr/bin:/bin:/usr/sbin:/sbin
SHELL=/bin/bash

Signal Handlers:
SIGSEGV: [libjvm.dylib+0x5a65d5], sa_mask[0]=11111111011111110111111111111111, sa_flags=SA_ONSTACK|SA_RESTART|SA_SIGINFO
SIGBUS: [libjvm.dylib+0x5a65d5], sa_mask[0]=11111111011111110111111111111111, sa_flags=SA_RESTART|SA_SIGINFO
SIGFPE: [libjvm.dylib+0x4802e8], sa_mask[0]=11111111011111110111111111111111, sa_flags=SA_RESTART|SA_SIGINFO
SIGPIPE: [libjvm.dylib+0x4802e8], sa_mask[0]=11111111011111110111111111111111, sa_flags=SA_RESTART|SA_SIGINFO
SIGXFSZ: [libjvm.dylib+0x4802e8], sa_mask[0]=11111111011111110111111111111111, sa_flags=SA_RESTART|SA_SIGINFO
SIGILL: [libjvm.dylib+0x4802e8], sa_mask[0]=11111111011111110111111111111111, sa_flags=SA_RESTART|SA_SIGINFO
SIGUSR1: SIG_DFL, sa_mask[0]=00000000000000000000000000000000, sa_flags=none
SIGUSR2: [libjvm.dylib+0x47fe06], sa_mask[0]=00100000000000000000000000000000, sa_flags=SA_RESTART|SA_SIGINFO
SIGHUP: [libjvm.dylib+0x47e3dd], sa_mask[0]=11111111011111110111111111111111, sa_flags=SA_RESTART|SA_SIGINFO
SIGINT: [libjvm.dylib+0x47e3dd], sa_mask[0]=11111111011111110111111111111111, sa_flags=SA_RESTART|SA_SIGINFO
SIGTERM: [libjvm.dylib+0x47e3dd], sa_mask[0]=11111111011111110111111111111111, sa_flags=SA_RESTART|SA_SIGINFO
SIGQUIT: [libjvm.dylib+0x47e3dd], sa_mask[0]=11111111011111110111111111111111, sa_flags=SA_RESTART|SA_SIGINFO


---------------  S Y S T E M  ---------------

OS:Bsduname:Darwin 14.4.0 Darwin Kernel Version 14.4.0: Thu May 28 11:35:04 PDT 2015; root:xnu-2782.30.5~1/RELEASE_X86_64 x86_64
rlimit: STACK 8192k, CORE 0k, NPROC 709, NOFILE 10240, AS infinity
load average:1.91 2.09 2.10

CPU:total 4 (2 cores per cpu, 2 threads per core) family 6 model 61 stepping 4, cmov, cx8, fxsr, mmx, sse, sse2, sse3, ssse3, sse4.1, sse4.2, popcnt, avx, avx2, aes, clmul, erms, 3dnowpref, lzcnt, ht, tsc, tscinvbit, bmi1, bmi2, adx

Memory: 4k page, physical 4194304k(96148k free)

/proc/meminfo:


vm_info: Java HotSpot(TM) 64-Bit Server VM (25.66-b17) for bsd-amd64 JRE (1.8.0_66-b17), built on Oct  6 2015 16:09:13 by "java_re" with gcc 4.2.1 (Based on Apple Inc. build 5658) (LLVM build 2336.11.00)

time: Tue Nov 17 18:20:20 2015
elapsed time: 17952 seconds (0d 4h 59m 12s)

