#
# A fatal error has been detected by the Java Runtime Environment:
#
#  SIGSEGV (0xb) at pc=0x00007fff8a7370dd, pid=18027, tid=1811
#
# JRE version: Java(TM) SE Runtime Environment (8.0_66-b17) (build 1.8.0_66-b17)
# Java VM: Java HotSpot(TM) 64-Bit Server VM (25.66-b17 mixed mode bsd-amd64 compressed oops)
# Problematic frame:
# C  [libobjc.A.dylib+0x10dd]  objc_msgSend+0x1d
#
# Failed to write core dump. Core dumps have been disabled. To enable core dumping, try "ulimit -c unlimited" before starting Java again
#
# If you would like to submit a bug report, please visit:
#   http://bugreport.java.com/bugreport/crash.jsp
# The crash happened outside the Java Virtual Machine in native code.
# See problematic frame for where to report the bug.
#

---------------  T H R E A D  ---------------

Current thread (0x00007fd2a38ed800):  JavaThread "AWT-AppKit" daemon [_thread_in_native, id=1811, stack(0x00007fff55d25000,0x00007fff56525000)]

siginfo: si_signo: 11 (SIGSEGV), si_code: 1 (SEGV_MAPERR), si_addr: 0x0000000000000018

Registers:
RAX=0x00007fd2a6d049c0, RBX=0x00000001f22d5450, RCX=0x00000001a6924aa0, RDX=0x00000001a5a1c320
RSP=0x00007fff56520628, RBP=0x00007fff565206e0, RSI=0x00007fff87d0141f, RDI=0x00007fd2a1f18480
R8 =0x0000000000000000, R9 =0x0000000000000f50, R10=0x00007fff87d0141f, R11=0x0000000000000000
R12=0x0000000000000000, R13=0x00000001f4026818, R14=0x00000001f22d5440, R15=0x00007fd2a38ed800
RIP=0x00007fff8a7370dd, EFLAGS=0x0000000000010246, ERR=0x0000000000000004
  TRAPNO=0x000000000000000e

Top of Stack: (sp=0x00007fff56520628)
0x00007fff56520628:   00000001f22d3157 00007fff56520680
0x00007fff56520638:   0000000000000003 00007fff56520660
0x00007fff56520648:   000000010a1f11f6 00000001f4026818
0x00007fff56520658:   00000001f4026818 00007fd2a6d049c0
0x00007fff56520668:   00000001f22d56a0 00000001f22d5710
0x00007fff56520678:   00007fff75ae0550 00007fff758a7c80
0x00007fff56520688:   00000001f22d5450 00000001f22d5690
0x00007fff56520698:   00007fd2a6d049c0 00007fd2a1f18480
0x00007fff565206a8:   00007fd2a1f21940 00007fd2a6d049c0
0x00007fff565206b8:   00007fd2a1f18480 00007fff56520760
0x00007fff565206c8:   00007fd2a38ed9f8 00000001f4026818
0x00007fff565206d8:   00007fff56520788 00007fff56520750
0x00007fff565206e8:   000000010b0e5954 00007fff56520750
0x00007fff565206f8:   000000010b0e56d9 000000010b0f1823
0x00007fff56520708:   000000010b0e56a2 00007fff56520710
0x00007fff56520718:   00000001f4026818 00007fff56520788
0x00007fff56520728:   00000001f4029450 0000000000000000
0x00007fff56520738:   00000001f4026818 0000000000000000
0x00007fff56520748:   00007fff56520770 00007fff565207d0
0x00007fff56520758:   000000010b0d7c4d 000000011af72388
0x00007fff56520768:   000000010b0df578 00007fd2a6d049c0
0x00007fff56520778:   000000010b0e0db9 00007fd2a1f18480
0x00007fff56520788:   000000010b0e0d82 00007fff56520790
0x00007fff56520798:   00000001f40269e2 00007fff565207f8
0x00007fff565207a8:   00000001f4029450 0000000000000000
0x00007fff565207b8:   00000001f40269f0 00007fff56520770
0x00007fff565207c8:   00007fff565207e0 00007fff56520840
0x00007fff565207d8:   000000010b0d7c4d 00007fd2a6d049c0
0x00007fff565207e8:   000000011b0f0998 00007fd2a1f18480
0x00007fff565207f8:   000000011b0f0998 00007fff56520800
0x00007fff56520808:   00000001f99b0756 00007fff56520850
0x00007fff56520818:   00000001f99b0810 0000000000000000 

Instructions: (pc=0x00007fff8a7370dd)
0x00007fff8a7370bd:   00 00 00 48 85 ff 2e 74 7a 40 f6 c7 01 2e 75 7e
0x00007fff8a7370cd:   49 bb f8 ff ff ff ff 7f 00 00 4c 23 1f 49 89 f2
0x00007fff8a7370dd:   45 23 53 18 49 c1 e2 04 4d 03 53 10 49 3b 32 75
0x00007fff8a7370ed:   04 41 ff 62 08 49 83 3a 00 74 6a 4d 3b 53 10 74 

Register to memory mapping:

RAX=0x00007fd2a6d049c0 is an unknown value
RBX=0x00000001f22d5450: Java_jogamp_nativewindow_macosx_OSXUtil_GetScreenRefreshRate0+0x1cf0 in /private/var/folders/zx/j9nzkyzx4dn04w6cj8zrt2j80000gn/T/jogamp_0000/file_cache/jln3810226073096859749/jln8902136431517581076/libnativewindow_macosx.jnilib at 0x00000001f22ce000
RCX=0x00000001a6924aa0 is an unknown value
RDX=0x00000001a5a1c320 is an unknown value
RSP=0x00007fff56520628 is pointing into the stack for thread: 0x00007fd2a38ed800
RBP=0x00007fff565206e0 is pointing into the stack for thread: 0x00007fd2a38ed800
RSI=0x00007fff87d0141f is an unknown value
RDI=0x00007fd2a1f18480 is an unknown value
R8 =0x0000000000000000 is an unknown value
R9 =0x0000000000000f50 is an unknown value
R10=0x00007fff87d0141f is an unknown value
R11=0x0000000000000000 is an unknown value
R12=0x0000000000000000 is an unknown value
R13={method} {0x00000001f4026818} 'UnsetJAWTRootSurfaceLayer0' '(JJ)V' in 'jogamp/nativewindow/jawt/macosx/MacOSXJAWTWindow'
R14=0x00000001f22d5440: Java_jogamp_nativewindow_macosx_OSXUtil_GetScreenRefreshRate0+0x1ce0 in /private/var/folders/zx/j9nzkyzx4dn04w6cj8zrt2j80000gn/T/jogamp_0000/file_cache/jln3810226073096859749/jln8902136431517581076/libnativewindow_macosx.jnilib at 0x00000001f22ce000
R15=0x00007fd2a38ed800 is a thread


Stack: [0x00007fff55d25000,0x00007fff56525000],  sp=0x00007fff56520628,  free space=8173k
Native frames: (J=compiled Java code, j=interpreted, Vv=VM code, C=native code)
C  [libobjc.A.dylib+0x10dd]  objc_msgSend+0x1d
j  jogamp.nativewindow.jawt.macosx.MacOSXJAWTWindow.UnsetJAWTRootSurfaceLayer0(JJ)V+0
j  jogamp.nativewindow.jawt.macosx.MacOSXJAWTWindow.access$200(JJ)V+2
j  jogamp.nativewindow.jawt.macosx.MacOSXJAWTWindow$1.run()V+38
j  com.jogamp.common.util.RunnableTask.run()V+24
v  ~StubRoutines::call_stub
V  [libjvm.dylib+0x2ea35e]
V  [libjvm.dylib+0x321467]
V  [libjvm.dylib+0x313c3b]
C  [libnativewindow_macosx.jnilib+0x5326]  Java_jogamp_nativewindow_jawt_macosx_MacOSXJAWTWindow_UnsetJAWTRootSurfaceLayer0+0x2b6
C  [Foundation+0x92d00]  __NSThreadPerformPerform+0x125
C  [CoreFoundation+0x80a01]  __CFRUNLOOP_IS_CALLING_OUT_TO_A_SOURCE0_PERFORM_FUNCTION__+0x11
C  [CoreFoundation+0x72c5c]  __CFRunLoopDoSources0+0x1dc
C  [CoreFoundation+0x721bf]  __CFRunLoopRun+0x39f
C  [CoreFoundation+0x71bd8]  CFRunLoopRunSpecific+0x128
C  [HIToolbox+0x3256f]  RunCurrentEventLoopInMode+0xeb
C  [HIToolbox+0x321ee]  ReceiveNextEventCommon+0xb3
C  [HIToolbox+0x3212b]  _BlockUntilNextEventMatchingListInModeWithFilter+0x47
C  [AppKit+0x918ab]  _DPSNextEvent+0x3d2
C  [AppKit+0x90e58]  -[NSApplication nextEventMatchingMask:untilDate:inMode:dequeue:]+0x15a
C  [libosxapp.dylib+0x23aa]  -[NSApplicationAWT nextEventMatchingMask:untilDate:inMode:dequeue:]+0x7c
C  [AppKit+0x86af3]  -[NSApplication run]+0x252
C  [libosxapp.dylib+0x214d]  +[NSApplicationAWT runAWTLoopWithApp:]+0x9c
C  [libawt_lwawt.dylib+0x4455b]  -[AWTStarter starter:]+0x389
C  [Foundation+0x92d00]  __NSThreadPerformPerform+0x125
C  [CoreFoundation+0x80a01]  __CFRUNLOOP_IS_CALLING_OUT_TO_A_SOURCE0_PERFORM_FUNCTION__+0x11
C  [CoreFoundation+0x72b8d]  __CFRunLoopDoSources0+0x10d
C  [CoreFoundation+0x721bf]  __CFRunLoopRun+0x39f
C  [CoreFoundation+0x71bd8]  CFRunLoopRunSpecific+0x128
C  [java+0x6463]  CreateExecutionEnvironment+0x367
C  [java+0x21ac]  JLI_Launch+0x7a0
C  [java+0x84c0]  main+0x65
C  [java+0x1a04]  start+0x34
C  0x0000000000000007

Java frames: (J=compiled Java code, j=interpreted, Vv=VM code)
j  jogamp.nativewindow.jawt.macosx.MacOSXJAWTWindow.UnsetJAWTRootSurfaceLayer0(JJ)V+0
j  jogamp.nativewindow.jawt.macosx.MacOSXJAWTWindow.access$200(JJ)V+2
j  jogamp.nativewindow.jawt.macosx.MacOSXJAWTWindow$1.run()V+38
j  com.jogamp.common.util.RunnableTask.run()V+24
v  ~StubRoutines::call_stub

---------------  P R O C E S S  ---------------

Java Threads: ( => current thread )
  0x00007fd2a3a97800 JavaThread "Thread-19" [_thread_blocked, id=61211, stack(0x00000001f6dc9000,0x00000001f6ec9000)]
  0x00007fd2a27c4800 JavaThread "Image Fetcher 2" daemon [_thread_blocked, id=64259, stack(0x00000001f906e000,0x00000001f916e000)]
  0x00007fd2a3ebe000 JavaThread "Image Fetcher 1" daemon [_thread_blocked, id=63747, stack(0x00000001f8f6b000,0x00000001f906b000)]
  0x00007fd2a3f97000 JavaThread "Image Fetcher 0" daemon [_thread_blocked, id=63235, stack(0x00000001f8e68000,0x00000001f8f68000)]
  0x00007fd2a3344000 JavaThread "Keep-Alive-Timer" daemon [_thread_blocked, id=63003, stack(0x00000001f8d65000,0x00000001f8e65000)]
  0x00007fd2a3a5f000 JavaThread "Animation Thread" [_thread_blocked, id=56591, stack(0x00000001f244e000,0x00000001f254e000)]
  0x00007fd2a318e000 JavaThread "AWT-EventQueue-1" [_thread_in_native, id=56859, stack(0x00000001f28a2000,0x00000001f29a2000)]
  0x00007fd2a3a41000 JavaThread "DestroyJavaVM" [_thread_blocked, id=4867, stack(0x000000010af87000,0x000000010b087000)]
  0x00007fd2a399b000 JavaThread "AWT-EventQueue-0" [_thread_blocked, id=54791, stack(0x00000001a6990000,0x00000001a6a90000)]
  0x00007fd2a393d000 JavaThread "Java2D Disposer" daemon [_thread_blocked, id=51227, stack(0x00000001a57ad000,0x00000001a58ad000)]
  0x00007fd2a393a800 JavaThread "Java2D Queue Flusher" daemon [_thread_blocked, id=49927, stack(0x00000001a4ea6000,0x00000001a4fa6000)]
  0x00007fd2a38e1800 JavaThread "AWT-Shutdown" [_thread_blocked, id=27923, stack(0x00000001a245d000,0x00000001a255d000)]
=>0x00007fd2a38ed800 JavaThread "AWT-AppKit" daemon [_thread_in_native, id=1811, stack(0x00007fff55d25000,0x00007fff56525000)]
  0x00007fd2a207e800 JavaThread "Service Thread" daemon [_thread_blocked, id=18179, stack(0x00000001a0b0a000,0x00000001a0c0a000)]
  0x00007fd2a207d800 JavaThread "C1 CompilerThread2" daemon [_thread_blocked, id=17667, stack(0x00000001a0a07000,0x00000001a0b07000)]
  0x00007fd2a207d000 JavaThread "C2 CompilerThread1" daemon [_thread_blocked, id=17155, stack(0x00000001a0904000,0x00000001a0a04000)]
  0x00007fd2a207b800 JavaThread "C2 CompilerThread0" daemon [_thread_blocked, id=16643, stack(0x00000001a0801000,0x00000001a0901000)]
  0x00007fd2a280b800 JavaThread "Signal Dispatcher" daemon [_thread_blocked, id=13335, stack(0x00000001a06fe000,0x00000001a07fe000)]
  0x00007fd2a2065000 JavaThread "Finalizer" daemon [_thread_blocked, id=11523, stack(0x000000019ece2000,0x000000019ede2000)]
  0x00007fd2a2064000 JavaThread "Reference Handler" daemon [_thread_blocked, id=11011, stack(0x000000019ebdf000,0x000000019ecdf000)]

Other Threads:
  0x00007fd2a2061800 VMThread [stack: 0x000000019eadc000,0x000000019ebdc000] [id=10499]
  0x00007fd2a3010800 WatcherThread [stack: 0x00000001a0c0d000,0x00000001a0d0d000] [id=18691]

VM state:not at safepoint (normal execution)

VM Mutex/Monitor currently owned by a thread: None

Heap:
 PSYoungGen      total 35328K, used 31287K [0x0000000145300000, 0x0000000147800000, 0x000000015a800000)
  eden space 32768K, 87% used [0x0000000145300000,0x0000000146f0e8d0,0x0000000147300000)
  from space 2560K, 99% used [0x0000000147580000,0x00000001477ff3d0,0x0000000147800000)
  to   space 2560K, 0% used [0x0000000147300000,0x0000000147300000,0x0000000147580000)
 ParOldGen       total 44032K, used 15268K [0x000000011a800000, 0x000000011d300000, 0x0000000145300000)
  object space 44032K, 34% used [0x000000011a800000,0x000000011b6e93d0,0x000000011d300000)
 Metaspace       used 20586K, capacity 20747K, committed 20864K, reserved 1069056K
  class space    used 2045K, capacity 2112K, committed 2176K, reserved 1048576K

Card table byte_map: [0x000000015a800000,0x000000015aa01000] byte_map_base: 0x0000000159f2c000

Marking Bits: (ParMarkBitMap*) 0x000000010a8dde20
 Begin Bits: [0x000000015ae0d000, 0x000000015be0d000)
 End Bits:   [0x000000015be0d000, 0x000000015ce0d000)

Polling page: 0x00000001097ff000

CodeCache: size=245760Kb used=7262Kb max_used=7623Kb free=238497Kb
 bounds [0x000000010b0d0000, 0x000000010b850000, 0x000000011a0d0000]
 total_blobs=2943 nmethods=2055 adapters=802
 compilation: enabled

Compilation events (10 events):
Event: 7.656 Thread 0x00007fd2a207d800 2186       3       java.awt.event.InvocationEvent::<init> (14 bytes)
Event: 7.657 Thread 0x00007fd2a207d800 nmethod 2186 0x000000010b3e0290 code [0x000000010b3e0400, 0x000000010b3e05a8]
Event: 7.670 Thread 0x00007fd2a207d800 2187   !   3       sun.lwawt.LWComponentPeer::isShowing (49 bytes)
Event: 7.672 Thread 0x00007fd2a207d800 nmethod 2187 0x000000010b4d1ad0 code [0x000000010b4d1c80, 0x000000010b4d2568]
Event: 7.673 Thread 0x00007fd2a207d800 2188       3       java.util.concurrent.locks.ReentrantLock$Sync::nonfairTryAcquire (67 bytes)
Event: 7.674 Thread 0x00007fd2a207d800 nmethod 2188 0x000000010b237e90 code [0x000000010b238040, 0x000000010b238768]
Event: 7.687 Thread 0x00007fd2a207d800 2189       1       sun.java2d.SurfaceData::isValid (5 bytes)
Event: 7.688 Thread 0x00007fd2a207d800 nmethod 2189 0x000000010b2407d0 code [0x000000010b240920, 0x000000010b240a30]
Event: 7.691 Thread 0x00007fd2a207b800 2190  s!   4       sun.misc.URLClassPath::getLoader (197 bytes)
Event: 7.700 Thread 0x00007fd2a207b800 nmethod 2190 0x000000010b3f1b50 code [0x000000010b3f1cc0, 0x000000010b3f2498]

GC Heap History (8 events):
Event: 2.577 GC heap before
{Heap before GC invocations=1 (full 0):
 PSYoungGen      total 18944K, used 16384K [0x0000000145300000, 0x0000000146800000, 0x000000015a800000)
  eden space 16384K, 100% used [0x0000000145300000,0x0000000146300000,0x0000000146300000)
  from space 2560K, 0% used [0x0000000146580000,0x0000000146580000,0x0000000146800000)
  to   space 2560K, 0% used [0x0000000146300000,0x0000000146300000,0x0000000146580000)
 ParOldGen       total 44032K, used 0K [0x000000011a800000, 0x000000011d300000, 0x0000000145300000)
  object space 44032K, 0% used [0x000000011a800000,0x000000011a800000,0x000000011d300000)
 Metaspace       used 11552K, capacity 11740K, committed 11904K, reserved 1060864K
  class space    used 1291K, capacity 1378K, committed 1408K, reserved 1048576K
Event: 2.582 GC heap after
Heap after GC invocations=1 (full 0):
 PSYoungGen      total 18944K, used 2546K [0x0000000145300000, 0x0000000146800000, 0x000000015a800000)
  eden space 16384K, 0% used [0x0000000145300000,0x0000000145300000,0x0000000146300000)
  from space 2560K, 99% used [0x0000000146300000,0x000000014657ca28,0x0000000146580000)
  to   space 2560K, 0% used [0x0000000146580000,0x0000000146580000,0x0000000146800000)
 ParOldGen       total 44032K, used 765K [0x000000011a800000, 0x000000011d300000, 0x0000000145300000)
  object space 44032K, 1% used [0x000000011a800000,0x000000011a8bf720,0x000000011d300000)
 Metaspace       used 11552K, capacity 11740K, committed 11904K, reserved 1060864K
  class space    used 1291K, capacity 1378K, committed 1408K, reserved 1048576K
}
Event: 3.107 GC heap before
{Heap before GC invocations=2 (full 0):
 PSYoungGen      total 18944K, used 18930K [0x0000000145300000, 0x0000000146800000, 0x000000015a800000)
  eden space 16384K, 100% used [0x0000000145300000,0x0000000146300000,0x0000000146300000)
  from space 2560K, 99% used [0x0000000146300000,0x000000014657ca28,0x0000000146580000)
  to   space 2560K, 0% used [0x0000000146580000,0x0000000146580000,0x0000000146800000)
 ParOldGen       total 44032K, used 765K [0x000000011a800000, 0x000000011d300000, 0x0000000145300000)
  object space 44032K, 1% used [0x000000011a800000,0x000000011a8bf720,0x000000011d300000)
 Metaspace       used 16099K, capacity 16303K, committed 16640K, reserved 1064960K
  class space    used 1631K, capacity 1724K, committed 1792K, reserved 1048576K
Event: 3.113 GC heap after
Heap after GC invocations=2 (full 0):
 PSYoungGen      total 18944K, used 2528K [0x0000000145300000, 0x0000000146800000, 0x000000015a800000)
  eden space 16384K, 0% used [0x0000000145300000,0x0000000145300000,0x0000000146300000)
  from space 2560K, 98% used [0x0000000146580000,0x00000001467f8040,0x0000000146800000)
  to   space 2560K, 0% used [0x0000000146300000,0x0000000146300000,0x0000000146580000)
 ParOldGen       total 44032K, used 2781K [0x000000011a800000, 0x000000011d300000, 0x0000000145300000)
  object space 44032K, 6% used [0x000000011a800000,0x000000011aab7770,0x000000011d300000)
 Metaspace       used 16099K, capacity 16303K, committed 16640K, reserved 1064960K
  class space    used 1631K, capacity 1724K, committed 1792K, reserved 1048576K
}
Event: 3.700 GC heap before
{Heap before GC invocations=3 (full 0):
 PSYoungGen      total 18944K, used 18912K [0x0000000145300000, 0x0000000146800000, 0x000000015a800000)
  eden space 16384K, 100% used [0x0000000145300000,0x0000000146300000,0x0000000146300000)
  from space 2560K, 98% used [0x0000000146580000,0x00000001467f8040,0x0000000146800000)
  to   space 2560K, 0% used [0x0000000146300000,0x0000000146300000,0x0000000146580000)
 ParOldGen       total 44032K, used 2781K [0x000000011a800000, 0x000000011d300000, 0x0000000145300000)
  object space 44032K, 6% used [0x000000011a800000,0x000000011aab7770,0x000000011d300000)
 Metaspace       used 17318K, capacity 17519K, committed 17792K, reserved 1064960K
  class space    used 1763K, capacity 1852K, committed 1920K, reserved 1048576K
Event: 3.711 GC heap after
Heap after GC invocations=3 (full 0):
 PSYoungGen      total 18944K, used 2528K [0x0000000145300000, 0x0000000147800000, 0x000000015a800000)
  eden space 16384K, 0% used [0x0000000145300000,0x0000000145300000,0x0000000146300000)
  from space 2560K, 98% used [0x0000000146300000,0x0000000146578040,0x0000000146580000)
  to   space 2560K, 0% used [0x0000000147580000,0x0000000147580000,0x0000000147800000)
 ParOldGen       total 44032K, used 7087K [0x000000011a800000, 0x000000011d300000, 0x0000000145300000)
  object space 44032K, 16% used [0x000000011a800000,0x000000011aeebf30,0x000000011d300000)
 Metaspace       used 17318K, capacity 17519K, committed 17792K, reserved 1064960K
  class space    used 1763K, capacity 1852K, committed 1920K, reserved 1048576K
}
Event: 4.276 GC heap before
{Heap before GC invocations=4 (full 0):
 PSYoungGen      total 18944K, used 18830K [0x0000000145300000, 0x0000000147800000, 0x000000015a800000)
  eden space 16384K, 99% used [0x0000000145300000,0x00000001462ebbb0,0x0000000146300000)
  from space 2560K, 98% used [0x0000000146300000,0x0000000146578040,0x0000000146580000)
  to   space 2560K, 0% used [0x0000000147580000,0x0000000147580000,0x0000000147800000)
 ParOldGen       total 44032K, used 7087K [0x000000011a800000, 0x000000011d300000, 0x0000000145300000)
  object space 44032K, 16% used [0x000000011a800000,0x000000011aeebf30,0x000000011d300000)
 Metaspace       used 19992K, capacity 20155K, committed 20352K, reserved 1067008K
  class space    used 2036K, capacity 2110K, committed 2176K, reserved 1048576K
Event: 4.290 GC heap after
Heap after GC invocations=4 (full 0):
 PSYoungGen      total 35328K, used 2556K [0x0000000145300000, 0x0000000147800000, 0x000000015a800000)
  eden space 32768K, 0% used [0x0000000145300000,0x0000000145300000,0x0000000147300000)
  from space 2560K, 99% used [0x0000000147580000,0x00000001477ff3d0,0x0000000147800000)
  to   space 2560K, 0% used [0x0000000147300000,0x0000000147300000,0x0000000147580000)
 ParOldGen       total 44032K, used 15268K [0x000000011a800000, 0x000000011d300000, 0x0000000145300000)
  object space 44032K, 34% used [0x000000011a800000,0x000000011b6e93d0,0x000000011d300000)
 Metaspace       used 19992K, capacity 20155K, committed 20352K, reserved 1067008K
  class space    used 2036K, capacity 2110K, committed 2176K, reserved 1048576K
}

Deoptimization events (10 events):
Event: 4.029 Thread 0x00007fd2a318e000 Uncommon trap: reason=class_check action=maybe_recompile pc=0x000000010b4dc010 method=java.util.Arrays.copyOf([Ljava/lang/Object;ILjava/lang/Class;)[Ljava/lang/Object; @ 24
Event: 4.032 Thread 0x00007fd2a318e000 Uncommon trap: reason=unstable_if action=reinterpret pc=0x000000010b4fe23c method=com.jogamp.common.util.IntIntHashMap.get(I)I @ 28
Event: 4.050 Thread 0x00007fd2a318e000 Uncommon trap: reason=unstable_if action=reinterpret pc=0x000000010b47cad0 method=java.lang.String.trim()Ljava/lang/String; @ 23
Event: 4.174 Thread 0x00007fd2a31c1800 Uncommon trap: reason=unstable_if action=reinterpret pc=0x000000010b4eca94 method=java.lang.String.regionMatches(ZILjava/lang/String;II)Z @ 123
Event: 4.196 Thread 0x00007fd2a31c1800 Uncommon trap: reason=class_check action=maybe_recompile pc=0x000000010b4dc010 method=java.util.Arrays.copyOf([Ljava/lang/Object;ILjava/lang/Class;)[Ljava/lang/Object; @ 24
Event: 7.668 Thread 0x00007fd2a318e000 Uncommon trap: reason=class_check action=maybe_recompile pc=0x000000010b4dc010 method=java.util.Arrays.copyOf([Ljava/lang/Object;ILjava/lang/Class;)[Ljava/lang/Object; @ 24
Event: 7.668 Thread 0x00007fd2a318e000 Uncommon trap: reason=class_check action=maybe_recompile pc=0x000000010b4dc010 method=java.util.Arrays.copyOf([Ljava/lang/Object;ILjava/lang/Class;)[Ljava/lang/Object; @ 24
Event: 7.675 Thread 0x00007fd2a399b000 Uncommon trap: reason=unstable_if action=reinterpret pc=0x000000010b7967dc method=java.awt.font.FontRenderContext.equals(Ljava/awt/font/FontRenderContext;)Z @ 2
Event: 7.686 Thread 0x00007fd2a21f0000 Uncommon trap: reason=unstable_if action=reinterpret pc=0x000000010b5185c0 method=java.util.HashMap.putVal(ILjava/lang/Object;Ljava/lang/Object;ZZ)Ljava/lang/Object; @ 81
Event: 7.687 Thread 0x00007fd2a399b000 Uncommon trap: reason=unstable_if action=reinterpret pc=0x000000010b6fed78 method=java.awt.font.FontRenderContext.equals(Ljava/awt/font/FontRenderContext;)Z @ 2

Internal exceptions (10 events):
Event: 0.161 Thread 0x00007fd2a2802800 Exception <a 'java/lang/NoSuchFieldError': method resolution failed> (0x0000000145500b38) thrown at [/HUDSON3/workspace/8-2-build-macosx-x86_64/jdk8u66/4988/hotspot/src/share/vm/prims/methodHandles.cpp, line 1146]
Event: 0.163 Thread 0x00007fd2a2802800 Exception <a 'java/lang/NoSuchFieldError': method resolution failed> (0x000000014550e308) thrown at [/HUDSON3/workspace/8-2-build-macosx-x86_64/jdk8u66/4988/hotspot/src/share/vm/prims/methodHandles.cpp, line 1146]
Event: 0.410 Thread 0x00007fd2a2802800 Exception <a 'java/io/FileNotFoundException'> (0x000000014558a278) thrown at [/HUDSON3/workspace/8-2-build-macosx-x86_64/jdk8u66/4988/hotspot/src/share/vm/prims/jni.cpp, line 709]
Event: 0.410 Thread 0x00007fd2a2802800 Exception <a 'java/io/FileNotFoundException'> (0x000000014558adb8) thrown at [/HUDSON3/workspace/8-2-build-macosx-x86_64/jdk8u66/4988/hotspot/src/share/vm/prims/jni.cpp, line 709]
Event: 0.542 Thread 0x00007fd2a2802800 Exception <a 'java/io/FileNotFoundException'> (0x0000000145670710) thrown at [/HUDSON3/workspace/8-2-build-macosx-x86_64/jdk8u66/4988/hotspot/src/share/vm/prims/jni.cpp, line 709]
Event: 2.585 Thread 0x00007fd2a2065000 Exception <a 'java/lang/NullPointerException'> (0x00000001453ad108) thrown at [/HUDSON3/workspace/8-2-build-macosx-x86_64/jdk8u66/4988/hotspot/src/share/vm/interpreter/linkResolver.cpp, line 1178]
Event: 2.657 Thread 0x00007fd2a3a5f000 Exception <a 'java/lang/UnsatisfiedLinkError': com.jogamp.common.util.JarUtil.fixNativeLibAttribs(Ljava/lang/String;)Z> (0x00000001456a3638) thrown at [/HUDSON3/workspace/8-2-build-macosx-x86_64/jdk8u66/4988/hotspot/src/share/vm/prims/nativeLookup.cpp, li
Event: 3.590 Thread 0x00007fd2a318e000 Exception <a 'java/io/FileNotFoundException'> (0x0000000145870958) thrown at [/HUDSON3/workspace/8-2-build-macosx-x86_64/jdk8u66/4988/hotspot/src/share/vm/prims/jni.cpp, line 709]
Event: 3.590 Thread 0x00007fd2a318e000 Exception <a 'java/io/FileNotFoundException'> (0x00000001458764b8) thrown at [/HUDSON3/workspace/8-2-build-macosx-x86_64/jdk8u66/4988/hotspot/src/share/vm/prims/jni.cpp, line 709]
Event: 3.591 Thread 0x00007fd2a318e000 Implicit null exception at 0x000000010b2764b3 to 0x000000010b27683d

Events (10 events):
Event: 7.705 loading class jogamp/nativewindow/jawt/macosx/MacOSXJAWTWindow$1 done
Event: 7.707 loading class java/awt/LightweightDispatcher$2
Event: 7.707 loading class java/awt/LightweightDispatcher$2 done
Event: 7.707 loading class java/awt/event/AWTEventListenerProxy
Event: 7.707 loading class java/awt/event/AWTEventListenerProxy done
Event: 7.708 loading class java/awt/Toolkit$ToolkitEventMulticaster
Event: 7.708 loading class java/awt/Toolkit$ToolkitEventMulticaster done
Event: 7.708 Thread 0x00007fd2a21f0000 Thread exited: 0x00007fd2a21f0000
Event: 7.708 loading class java/awt/Window$1DisposeAction
Event: 7.708 loading class java/awt/Window$1DisposeAction done


Dynamic libraries:
0x0000000003960000 	/System/Library/Frameworks/Cocoa.framework/Versions/A/Cocoa
0x0000000003960000 	/System/Library/Frameworks/Security.framework/Versions/A/Security
0x0000000003960000 	/System/Library/Frameworks/ApplicationServices.framework/Versions/A/ApplicationServices
0x0000000003960000 	/usr/lib/libz.1.dylib
0x0000000003960000 	/usr/lib/libSystem.B.dylib
0x0000000003960000 	/usr/lib/libobjc.A.dylib
0x0000000003960000 	/System/Library/Frameworks/CoreFoundation.framework/Versions/A/CoreFoundation
0x0000000003960000 	/System/Library/Frameworks/Foundation.framework/Versions/C/Foundation
0x0000000003960000 	/System/Library/Frameworks/AppKit.framework/Versions/C/AppKit
0x0000000003960000 	/System/Library/Frameworks/CoreData.framework/Versions/A/CoreData
0x0000000003960000 	/System/Library/PrivateFrameworks/RemoteViewServices.framework/Versions/A/RemoteViewServices
0x0000000003960000 	/System/Library/PrivateFrameworks/UIFoundation.framework/Versions/A/UIFoundation
0x0000000003960000 	/System/Library/Frameworks/IOSurface.framework/Versions/A/IOSurface
0x0000000003960000 	/System/Library/Frameworks/AudioToolbox.framework/Versions/A/AudioToolbox
0x0000000003960000 	/System/Library/Frameworks/AudioUnit.framework/Versions/A/AudioUnit
0x0000000003960000 	/System/Library/PrivateFrameworks/DataDetectorsCore.framework/Versions/A/DataDetectorsCore
0x0000000003960000 	/System/Library/PrivateFrameworks/DesktopServicesPriv.framework/Versions/A/DesktopServicesPriv
0x0000000003960000 	/System/Library/Frameworks/Carbon.framework/Versions/A/Frameworks/HIToolbox.framework/Versions/A/HIToolbox
0x0000000003960000 	/System/Library/Frameworks/QuartzCore.framework/Versions/A/QuartzCore
0x0000000003960000 	/System/Library/Frameworks/Carbon.framework/Versions/A/Frameworks/SpeechRecognition.framework/Versions/A/SpeechRecognition
0x0000000003960000 	/usr/lib/libauto.dylib
0x0000000003960000 	/usr/lib/libicucore.A.dylib
0x0000000003960000 	/usr/lib/libxml2.2.dylib
0x0000000003960000 	/System/Library/PrivateFrameworks/CoreUI.framework/Versions/A/CoreUI
0x0000000003960000 	/System/Library/Frameworks/CoreAudio.framework/Versions/A/CoreAudio
0x0000000003960000 	/System/Library/Frameworks/DiskArbitration.framework/Versions/A/DiskArbitration
0x0000000003960000 	/usr/lib/liblangid.dylib
0x0000000003960000 	/System/Library/PrivateFrameworks/MultitouchSupport.framework/Versions/A/MultitouchSupport
0x0000000003960000 	/System/Library/Frameworks/IOKit.framework/Versions/A/IOKit
0x0000000003960000 	/usr/lib/libDiagnosticMessagesClient.dylib
0x0000000003960000 	/System/Library/Frameworks/CoreServices.framework/Versions/A/CoreServices
0x0000000003960000 	/System/Library/PrivateFrameworks/PerformanceAnalysis.framework/Versions/A/PerformanceAnalysis
0x0000000003960000 	/System/Library/PrivateFrameworks/GenerationalStorage.framework/Versions/A/GenerationalStorage
0x0000000003960000 	/System/Library/Frameworks/OpenGL.framework/Versions/A/OpenGL
0x0000000003960000 	/System/Library/PrivateFrameworks/Sharing.framework/Versions/A/Sharing
0x0000000003960000 	/System/Library/Frameworks/CoreGraphics.framework/Versions/A/CoreGraphics
0x0000000003960000 	/System/Library/Frameworks/CoreText.framework/Versions/A/CoreText
0x0000000003960000 	/System/Library/Frameworks/ImageIO.framework/Versions/A/ImageIO
0x0000000003960000 	/usr/lib/libextension.dylib
0x0000000003960000 	/System/Library/PrivateFrameworks/Backup.framework/Versions/A/Backup
0x0000000003960000 	/usr/lib/libarchive.2.dylib
0x0000000003960000 	/System/Library/Frameworks/CFNetwork.framework/Versions/A/CFNetwork
0x0000000003960000 	/System/Library/Frameworks/SystemConfiguration.framework/Versions/A/SystemConfiguration
0x0000000003960000 	/usr/lib/libCRFSuite.dylib
0x0000000003960000 	/usr/lib/libc++.1.dylib
0x0000000003960000 	/usr/lib/libc++abi.dylib
0x0000000003960000 	/usr/lib/system/libcache.dylib
0x0000000003960000 	/usr/lib/system/libcommonCrypto.dylib
0x0000000003960000 	/usr/lib/system/libcompiler_rt.dylib
0x0000000003960000 	/usr/lib/system/libcopyfile.dylib
0x0000000003960000 	/usr/lib/system/libcorecrypto.dylib
0x0000000003960000 	/usr/lib/system/libdispatch.dylib
0x0000000003960000 	/usr/lib/system/libdyld.dylib
0x0000000003960000 	/usr/lib/system/libkeymgr.dylib
0x0000000003960000 	/usr/lib/system/liblaunch.dylib
0x0000000003960000 	/usr/lib/system/libmacho.dylib
0x0000000003960000 	/usr/lib/system/libquarantine.dylib
0x0000000003960000 	/usr/lib/system/libremovefile.dylib
0x0000000003960000 	/usr/lib/system/libsystem_asl.dylib
0x0000000003960000 	/usr/lib/system/libsystem_blocks.dylib
0x0000000003960000 	/usr/lib/system/libsystem_c.dylib
0x0000000003960000 	/usr/lib/system/libsystem_configuration.dylib
0x0000000003960000 	/usr/lib/system/libsystem_coreservices.dylib
0x0000000003960000 	/usr/lib/system/libsystem_coretls.dylib
0x0000000003960000 	/usr/lib/system/libsystem_dnssd.dylib
0x0000000003960000 	/usr/lib/system/libsystem_info.dylib
0x0000000003960000 	/usr/lib/system/libsystem_kernel.dylib
0x0000000003960000 	/usr/lib/system/libsystem_m.dylib
0x0000000003960000 	/usr/lib/system/libsystem_malloc.dylib
0x0000000003960000 	/usr/lib/system/libsystem_network.dylib
0x0000000003960000 	/usr/lib/system/libsystem_networkextension.dylib
0x0000000003960000 	/usr/lib/system/libsystem_notify.dylib
0x0000000003960000 	/usr/lib/system/libsystem_platform.dylib
0x0000000003960000 	/usr/lib/system/libsystem_pthread.dylib
0x0000000003960000 	/usr/lib/system/libsystem_sandbox.dylib
0x0000000003960000 	/usr/lib/system/libsystem_secinit.dylib
0x0000000003960000 	/usr/lib/system/libsystem_stats.dylib
0x0000000003960000 	/usr/lib/system/libsystem_trace.dylib
0x0000000003960000 	/usr/lib/system/libunc.dylib
0x0000000003960000 	/usr/lib/system/libunwind.dylib
0x0000000003960000 	/usr/lib/system/libxpc.dylib
0x0000000003960000 	/usr/lib/libbz2.1.0.dylib
0x0000000003960000 	/usr/lib/liblzma.5.dylib
0x0000000003960000 	/usr/lib/libbsm.0.dylib
0x0000000003960000 	/usr/lib/libsqlite3.dylib
0x0000000003960000 	/usr/lib/system/libkxld.dylib
0x0000000003960000 	/usr/lib/libxar.1.dylib
0x0000000003960000 	/usr/lib/libpam.2.dylib
0x0000000003960000 	/usr/lib/libOpenScriptingUtil.dylib
0x0000000003960000 	/System/Library/Frameworks/CoreServices.framework/Versions/A/Frameworks/FSEvents.framework/Versions/A/FSEvents
0x0000000003960000 	/System/Library/Frameworks/CoreServices.framework/Versions/A/Frameworks/CarbonCore.framework/Versions/A/CarbonCore
0x0000000003960000 	/System/Library/Frameworks/CoreServices.framework/Versions/A/Frameworks/Metadata.framework/Versions/A/Metadata
0x0000000003960000 	/System/Library/Frameworks/CoreServices.framework/Versions/A/Frameworks/OSServices.framework/Versions/A/OSServices
0x0000000003960000 	/System/Library/Frameworks/CoreServices.framework/Versions/A/Frameworks/SearchKit.framework/Versions/A/SearchKit
0x0000000003960000 	/System/Library/Frameworks/CoreServices.framework/Versions/A/Frameworks/AE.framework/Versions/A/AE
0x0000000003960000 	/System/Library/Frameworks/CoreServices.framework/Versions/A/Frameworks/LaunchServices.framework/Versions/A/LaunchServices
0x0000000003960000 	/System/Library/Frameworks/CoreServices.framework/Versions/A/Frameworks/DictionaryServices.framework/Versions/A/DictionaryServices
0x0000000003960000 	/System/Library/Frameworks/NetFS.framework/Versions/A/NetFS
0x0000000003960000 	/System/Library/PrivateFrameworks/NetAuth.framework/Versions/A/NetAuth
0x0000000003960000 	/System/Library/PrivateFrameworks/login.framework/Versions/A/Frameworks/loginsupport.framework/Versions/A/loginsupport
0x0000000003960000 	/System/Library/PrivateFrameworks/TCC.framework/Versions/A/TCC
0x0000000003960000 	/usr/lib/libmecabra.dylib
0x0000000003960000 	/System/Library/Frameworks/ApplicationServices.framework/Versions/A/Frameworks/ATS.framework/Versions/A/ATS
0x0000000003960000 	/System/Library/Frameworks/ApplicationServices.framework/Versions/A/Frameworks/ColorSync.framework/Versions/A/ColorSync
0x0000000003960000 	/System/Library/Frameworks/ApplicationServices.framework/Versions/A/Frameworks/HIServices.framework/Versions/A/HIServices
0x0000000003960000 	/System/Library/Frameworks/ApplicationServices.framework/Versions/A/Frameworks/LangAnalysis.framework/Versions/A/LangAnalysis
0x0000000003960000 	/System/Library/Frameworks/ApplicationServices.framework/Versions/A/Frameworks/PrintCore.framework/Versions/A/PrintCore
0x0000000003960000 	/System/Library/Frameworks/ApplicationServices.framework/Versions/A/Frameworks/QD.framework/Versions/A/QD
0x0000000003960000 	/System/Library/Frameworks/ApplicationServices.framework/Versions/A/Frameworks/SpeechSynthesis.framework/Versions/A/SpeechSynthesis
0x0000000003960000 	/System/Library/Frameworks/Accelerate.framework/Versions/A/Accelerate
0x0000000003960000 	/System/Library/Frameworks/Accelerate.framework/Versions/A/Frameworks/vImage.framework/Versions/A/vImage
0x0000000003960000 	/System/Library/Frameworks/Accelerate.framework/Versions/A/Frameworks/vecLib.framework/Versions/A/vecLib
0x0000000003960000 	/System/Library/Frameworks/Accelerate.framework/Versions/A/Frameworks/vecLib.framework/Versions/A/libvDSP.dylib
0x0000000003960000 	/System/Library/Frameworks/Accelerate.framework/Versions/A/Frameworks/vecLib.framework/Versions/A/libvMisc.dylib
0x0000000003960000 	/System/Library/Frameworks/Accelerate.framework/Versions/A/Frameworks/vecLib.framework/Versions/A/libLAPACK.dylib
0x0000000003960000 	/System/Library/Frameworks/Accelerate.framework/Versions/A/Frameworks/vecLib.framework/Versions/A/libBLAS.dylib
0x0000000003960000 	/System/Library/Frameworks/Accelerate.framework/Versions/A/Frameworks/vecLib.framework/Versions/A/libLinearAlgebra.dylib
0x0000000003960000 	/System/Library/Frameworks/ApplicationServices.framework/Versions/A/Frameworks/ATS.framework/Versions/A/Resources/libFontParser.dylib
0x0000000003960000 	/System/Library/Frameworks/ApplicationServices.framework/Versions/A/Frameworks/ATS.framework/Versions/A/Resources/libFontRegistry.dylib
0x0000000003960000 	/System/Library/PrivateFrameworks/AppleVPA.framework/Versions/A/AppleVPA
0x0000000003960000 	/System/Library/PrivateFrameworks/AppleJPEG.framework/Versions/A/AppleJPEG
0x0000000003960000 	/System/Library/Frameworks/ImageIO.framework/Versions/A/Resources/libJPEG.dylib
0x0000000003960000 	/System/Library/Frameworks/ImageIO.framework/Versions/A/Resources/libTIFF.dylib
0x0000000003960000 	/System/Library/Frameworks/ImageIO.framework/Versions/A/Resources/libPng.dylib
0x0000000003960000 	/System/Library/Frameworks/ImageIO.framework/Versions/A/Resources/libGIF.dylib
0x0000000003960000 	/System/Library/Frameworks/ImageIO.framework/Versions/A/Resources/libJP2.dylib
0x0000000003960000 	/System/Library/Frameworks/ImageIO.framework/Versions/A/Resources/libRadiance.dylib
0x0000000003960000 	/System/Library/Frameworks/CoreVideo.framework/Versions/A/CoreVideo
0x0000000003960000 	/System/Library/Frameworks/OpenGL.framework/Versions/A/Libraries/libGLU.dylib
0x0000000003960000 	/System/Library/Frameworks/OpenGL.framework/Versions/A/Libraries/libGFXShared.dylib
0x0000000003960000 	/System/Library/Frameworks/OpenGL.framework/Versions/A/Libraries/libGL.dylib
0x0000000003960000 	/System/Library/Frameworks/OpenGL.framework/Versions/A/Libraries/libGLImage.dylib
0x0000000003960000 	/System/Library/Frameworks/OpenGL.framework/Versions/A/Libraries/libCVMSPluginSupport.dylib
0x0000000003960000 	/System/Library/Frameworks/OpenGL.framework/Versions/A/Libraries/libCoreVMClient.dylib
0x0000000003960000 	/usr/lib/libcups.2.dylib
0x0000000003960000 	/System/Library/Frameworks/Kerberos.framework/Versions/A/Kerberos
0x0000000003960000 	/System/Library/Frameworks/GSS.framework/Versions/A/GSS
0x0000000003960000 	/usr/lib/libresolv.9.dylib
0x0000000003960000 	/usr/lib/libiconv.2.dylib
0x0000000003960000 	/System/Library/PrivateFrameworks/Heimdal.framework/Versions/A/Heimdal
0x0000000003960000 	/usr/lib/libheimdal-asn1.dylib
0x0000000003960000 	/System/Library/Frameworks/OpenDirectory.framework/Versions/A/OpenDirectory
0x0000000003960000 	/System/Library/PrivateFrameworks/CommonAuth.framework/Versions/A/CommonAuth
0x0000000003960000 	/System/Library/Frameworks/OpenDirectory.framework/Versions/A/Frameworks/CFOpenDirectory.framework/Versions/A/CFOpenDirectory
0x0000000003960000 	/System/Library/Frameworks/SecurityFoundation.framework/Versions/A/SecurityFoundation
0x0000000003960000 	/System/Library/PrivateFrameworks/LanguageModeling.framework/Versions/A/LanguageModeling
0x0000000003960000 	/usr/lib/libcmph.dylib
0x0000000003960000 	/System/Library/Frameworks/ServiceManagement.framework/Versions/A/ServiceManagement
0x0000000003960000 	/usr/lib/libxslt.1.dylib
0x0000000003960000 	/System/Library/Frameworks/Carbon.framework/Versions/A/Frameworks/Ink.framework/Versions/A/Ink
0x0000000003960000 	/System/Library/Frameworks/QuartzCore.framework/Versions/A/Frameworks/CoreImage.framework/Versions/A/CoreImage
0x0000000003960000 	/System/Library/PrivateFrameworks/CrashReporterSupport.framework/Versions/A/CrashReporterSupport
0x0000000003960000 	/System/Library/Frameworks/OpenCL.framework/Versions/A/OpenCL
0x0000000003960000 	/System/Library/PrivateFrameworks/FaceCore.framework/Versions/A/FaceCore
0x0000000003960000 	/System/Library/PrivateFrameworks/Ubiquity.framework/Versions/A/Ubiquity
0x0000000003960000 	/System/Library/PrivateFrameworks/IconServices.framework/Versions/A/IconServices
0x0000000003960000 	/System/Library/PrivateFrameworks/ChunkingLibrary.framework/Versions/A/ChunkingLibrary
0x0000000003960000 	/System/Library/PrivateFrameworks/Apple80211.framework/Versions/A/Apple80211
0x0000000003960000 	/System/Library/Frameworks/CoreWLAN.framework/Versions/A/CoreWLAN
0x0000000003960000 	/System/Library/Frameworks/IOBluetooth.framework/Versions/A/IOBluetooth
0x0000000003960000 	/System/Library/PrivateFrameworks/CoreWiFi.framework/Versions/A/CoreWiFi
0x0000000003960000 	/System/Library/Frameworks/CoreBluetooth.framework/Versions/A/CoreBluetooth
0x0000000003960000 	/System/Library/PrivateFrameworks/DebugSymbols.framework/Versions/A/DebugSymbols
0x0000000003960000 	/System/Library/PrivateFrameworks/CoreSymbolication.framework/Versions/A/CoreSymbolication
0x0000000003960000 	/System/Library/PrivateFrameworks/Symbolication.framework/Versions/A/Symbolication
0x0000000003960000 	/System/Library/PrivateFrameworks/SpeechRecognitionCore.framework/Versions/A/SpeechRecognitionCore
0x000000010a000000 	/Library/Java/JavaVirtualMachines/jdk1.8.0_66.jdk/Contents/Home/jre/lib/server/libjvm.dylib
0x0000000003960000 	/usr/lib/libstdc++.6.dylib
0x00000001097f1000 	/Library/Java/JavaVirtualMachines/jdk1.8.0_66.jdk/Contents/Home/jre/lib/libverify.dylib
0x000000010b089000 	/Library/Java/JavaVirtualMachines/jdk1.8.0_66.jdk/Contents/Home/jre/lib/libjava.dylib
0x000000010b0c7000 	/Library/Java/JavaVirtualMachines/jdk1.8.0_66.jdk/Contents/Home/jre/lib/libzip.dylib
0x000000019ede4000 	/System/Library/Frameworks/JavaVM.framework/Frameworks/JavaRuntimeSupport.framework/JavaRuntimeSupport
0x000000019edfa000 	/System/Library/Frameworks/JavaVM.framework/Versions/A/Frameworks/JavaNativeFoundation.framework/Versions/A/JavaNativeFoundation
0x000000019ee0e000 	/System/Library/Frameworks/JavaVM.framework/Versions/A/JavaVM
0x0000000003960000 	/System/Library/Frameworks/Carbon.framework/Versions/A/Carbon
0x000000019ee1a000 	/System/Library/PrivateFrameworks/JavaLaunching.framework/Versions/A/JavaLaunching
0x0000000003960000 	/System/Library/Frameworks/Carbon.framework/Versions/A/Frameworks/CommonPanels.framework/Versions/A/CommonPanels
0x0000000003960000 	/System/Library/Frameworks/Carbon.framework/Versions/A/Frameworks/Help.framework/Versions/A/Help
0x0000000003960000 	/System/Library/Frameworks/Carbon.framework/Versions/A/Frameworks/ImageCapture.framework/Versions/A/ImageCapture
0x0000000003960000 	/System/Library/Frameworks/Carbon.framework/Versions/A/Frameworks/OpenScripting.framework/Versions/A/OpenScripting
0x0000000003960000 	/System/Library/Frameworks/Carbon.framework/Versions/A/Frameworks/Print.framework/Versions/A/Print
0x0000000003960000 	/System/Library/Frameworks/Carbon.framework/Versions/A/Frameworks/SecurityHI.framework/Versions/A/SecurityHI
0x00000001a0d11000 	/Library/Java/JavaVirtualMachines/jdk1.8.0_66.jdk/Contents/Home/jre/lib/libawt.dylib
0x00000001a0db9000 	/Library/Java/JavaVirtualMachines/jdk1.8.0_66.jdk/Contents/Home/jre/lib/./libmlib_image.dylib
0x00000001a0e85000 	/Library/Java/JavaVirtualMachines/jdk1.8.0_66.jdk/Contents/Home/jre/lib/libawt_lwawt.dylib
0x00000001a0f3a000 	/Library/Java/JavaVirtualMachines/jdk1.8.0_66.jdk/Contents/Home/jre/lib/./libosxapp.dylib
0x0000000003960000 	/System/Library/Frameworks/ExceptionHandling.framework/Versions/A/ExceptionHandling
0x0000000003960000 	/System/Library/PrivateFrameworks/CoreServicesInternal.framework/Versions/A/CoreServicesInternal
0x0000000003960000 	/System/Library/PrivateFrameworks/CloudDocs.framework/Versions/A/CloudDocs
0x0000000003960000 	/System/Library/PrivateFrameworks/CoreDuet.framework/Versions/A/CoreDuet
0x0000000003960000 	/System/Library/Frameworks/CloudKit.framework/Versions/A/CloudKit
0x0000000003960000 	/System/Library/PrivateFrameworks/ProtocolBuffer.framework/Versions/A/ProtocolBuffer
0x0000000003960000 	/System/Library/PrivateFrameworks/CoreDuetDaemonProtocol.framework/Versions/A/CoreDuetDaemonProtocol
0x0000000003960000 	/System/Library/PrivateFrameworks/CoreDuetDebugLogging.framework/Versions/A/CoreDuetDebugLogging
0x0000000003960000 	/System/Library/PrivateFrameworks/MMCS.framework/Versions/A/MMCS
0x0000000003960000 	/System/Library/Frameworks/CoreLocation.framework/Versions/A/CoreLocation
0x0000000003960000 	/System/Library/PrivateFrameworks/ProtectedCloudStorage.framework/Versions/A/ProtectedCloudStorage
0x0000000003960000 	/System/Library/PrivateFrameworks/GeoServices.framework/Versions/A/GeoServices
0x0000000003960000 	/System/Library/Frameworks/CoreGraphics.framework/Versions/A/Resources/libCGCMS.A.dylib
0x0000000003960000 	/System/Library/Frameworks/CoreGraphics.framework/Versions/A/Resources/libRIP.A.dylib
0x0000000003960000 	/System/Library/Frameworks/CoreGraphics.framework/Versions/A/Resources/libCGXType.A.dylib
0x0000000003960000 	/System/Library/Frameworks/OpenCL.framework/Versions/A/Libraries/libcldcpuengine.dylib
0x0000000003960000 	/System/Library/PrivateFrameworks/DiskImages.framework/Versions/A/DiskImages
0x0000000003960000 	/System/Library/Frameworks/DiscRecording.framework/Versions/A/DiscRecording
0x0000000003960000 	/usr/lib/libcsfde.dylib
0x0000000003960000 	/usr/lib/libcurl.4.dylib
0x0000000003960000 	/System/Library/PrivateFrameworks/MediaKit.framework/Versions/A/MediaKit
0x0000000003960000 	/usr/lib/libCoreStorage.dylib
0x0000000003960000 	/System/Library/PrivateFrameworks/EFILogin.framework/Versions/A/EFILogin
0x0000000003960000 	/usr/lib/libutil.dylib
0x0000000003960000 	/System/Library/PrivateFrameworks/FindMyDevice.framework/Versions/A/FindMyDevice
0x0000000003960000 	/System/Library/Frameworks/LDAP.framework/Versions/A/LDAP
0x0000000003960000 	/usr/lib/libsasl2.2.dylib
0x0000000003960000 	/System/Library/PrivateFrameworks/CoreDaemon.framework/Versions/B/CoreDaemon
0x0000000003960000 	/usr/lib/libcrypto.0.9.8.dylib
0x0000000003960000 	/System/Library/PrivateFrameworks/AppleSRP.framework/Versions/A/AppleSRP
0x0000000003960000 	/System/Library/PrivateFrameworks/TrustEvaluationAgent.framework/Versions/A/TrustEvaluationAgent
0x00000001a11cc000 	cl_kernels
0x00000001a3ba2000 	/System/Library/Frameworks/OpenCL.framework/Versions/A/Libraries/ImageFormats/unorm8_bgra.dylib
0x00000001a3cdc000 	cl_kernels
0x0000000003960000 	/System/Library/PrivateFrameworks/FamilyControls.framework/Versions/A/FamilyControls
0x0000000003960000 	/System/Library/PrivateFrameworks/CommerceKit.framework/Versions/A/Frameworks/CommerceCore.framework/Versions/A/CommerceCore
0x0000000003960000 	/System/Library/PrivateFrameworks/SystemAdministration.framework/Versions/A/SystemAdministration
0x0000000003960000 	/System/Library/PrivateFrameworks/AppContainer.framework/Versions/A/AppContainer
0x0000000003960000 	/System/Library/PrivateFrameworks/SecCodeWrapper.framework/Versions/A/SecCodeWrapper
0x0000000003960000 	/System/Library/Frameworks/DirectoryService.framework/Versions/A/DirectoryService
0x0000000003960000 	/System/Library/PrivateFrameworks/LoginUIKit.framework/Versions/A/Frameworks/LoginUICore.framework/Versions/A/LoginUICore
0x0000000003960000 	/usr/lib/libodfde.dylib
0x0000000003960000 	/System/Library/Frameworks/OpenGL.framework/Versions/A/Resources/GLEngine.bundle/GLEngine
0x0000000003960000 	/System/Library/Frameworks/OpenGL.framework/Versions/A/Libraries/libGLProgrammability.dylib
0x0000000000000000 	/System/Library/Extensions/AppleIntelBDWGraphicsGLDriver.bundle/Contents/MacOS/AppleIntelBDWGraphicsGLDriver
0x0000000003960000 	/System/Library/PrivateFrameworks/IOAccelerator.framework/Versions/A/IOAccelerator
0x0000000003960000 	/System/Library/PrivateFrameworks/GPUSupport.framework/Versions/A/Libraries/libGPUSupportMercury.dylib
0x0000000003960000 	/System/Library/Frameworks/OpenGL.framework/Versions/A/Resources/GLRendererFloat.bundle/GLRendererFloat
0x00000001a58af000 	/Library/Java/JavaVirtualMachines/jdk1.8.0_66.jdk/Contents/Home/jre/lib/libfontmanager.dylib
0x00000001a6a92000 	/Library/Java/JavaVirtualMachines/jdk1.8.0_66.jdk/Contents/Home/jre/lib/libosxui.dylib
0x00000001a6d1e000 	/Library/Java/JavaVirtualMachines/jdk1.8.0_66.jdk/Contents/Home/jre/lib/libnet.dylib
0x00000001a6ad1000 	/Library/Java/JavaVirtualMachines/jdk1.8.0_66.jdk/Contents/Home/jre/lib/libnio.dylib
0x0000000003960000 	/System/Library/Frameworks/ApplicationServices.framework/Versions/A/Frameworks/ATS.framework/Versions/A/Resources/libTrueTypeScaler.dylib
0x00000001f22c4000 	/private/var/folders/zx/j9nzkyzx4dn04w6cj8zrt2j80000gn/T/jogamp_0000/file_cache/jln3810226073096859749/jln8902136431517581076/libgluegen-rt.jnilib
0x00000001f22c8000 	/private/var/folders/zx/j9nzkyzx4dn04w6cj8zrt2j80000gn/T/jogamp_0000/file_cache/jln3810226073096859749/jln8902136431517581076/libnativewindow_awt.jnilib
0x00000001f22cb000 	/Library/Java/JavaVirtualMachines/jdk1.8.0_66.jdk/Contents/Home/jre/lib/libjawt.dylib
0x00000001f22ce000 	/private/var/folders/zx/j9nzkyzx4dn04w6cj8zrt2j80000gn/T/jogamp_0000/file_cache/jln3810226073096859749/jln8902136431517581076/libnativewindow_macosx.jnilib
0x00000001f3ee4000 	/private/var/folders/zx/j9nzkyzx4dn04w6cj8zrt2j80000gn/T/jogamp_0000/file_cache/jln3810226073096859749/jln8902136431517581076/libjogl_desktop.jnilib
0x00000001f5d3a000 	/Library/Java/JavaVirtualMachines/jdk1.8.0_66.jdk/Contents/Home/jre/lib/libt2k.dylib

VM Arguments:
jvm_args: -Djava.security.policy=java.policy.applet -Dfile.encoding=UTF-8 
java_command: sun.applet.AppletViewer module4.EarthquakeCityMap1447735210253.html
java_class_path (initial): /Users/aray/prep/jp/UCSDUnfoldingMaps/build:/Users/aray/prep/jp/UCSDUnfoldingMaps/lib/core.jar:/Users/aray/prep/jp/UCSDUnfoldingMaps/lib/gluegen-rt.jar:/Users/aray/prep/jp/UCSDUnfoldingMaps/lib/jogl-all.jar:/Users/aray/prep/jp/UCSDUnfoldingMaps/lib/log4j-1.2.15.jar:/Users/aray/prep/jp/UCSDUnfoldingMaps/lib/sqlite-jdbc-3.7.2.jar:/Users/aray/prep/jp/UCSDUnfoldingMaps/lib/json4processing.jar:/Users/aray/prep/jp/UCSDUnfoldingMaps/lib/libTUIO.jar:/Users/aray/prep/jp/UCSDUnfoldingMaps/lib/unfolding.0.9.7-uscd.jar
Launcher Type: SUN_STANDARD

Environment Variables:
PATH=/usr/bin:/bin:/usr/sbin:/sbin
SHELL=/bin/bash

Signal Handlers:
SIGSEGV: [libjvm.dylib+0x5a65d5], sa_mask[0]=11111111011111110111111111111111, sa_flags=SA_ONSTACK|SA_RESTART|SA_SIGINFO
SIGBUS: [libjvm.dylib+0x5a65d5], sa_mask[0]=11111111011111110111111111111111, sa_flags=SA_RESTART|SA_SIGINFO
SIGFPE: [libjvm.dylib+0x4802e8], sa_mask[0]=11111111011111110111111111111111, sa_flags=SA_RESTART|SA_SIGINFO
SIGPIPE: [libjvm.dylib+0x4802e8], sa_mask[0]=11111111011111110111111111111111, sa_flags=SA_RESTART|SA_SIGINFO
SIGXFSZ: [libjvm.dylib+0x4802e8], sa_mask[0]=11111111011111110111111111111111, sa_flags=SA_RESTART|SA_SIGINFO
SIGILL: [libjvm.dylib+0x4802e8], sa_mask[0]=11111111011111110111111111111111, sa_flags=SA_RESTART|SA_SIGINFO
SIGUSR1: SIG_DFL, sa_mask[0]=00000000000000000000000000000000, sa_flags=none
SIGUSR2: [libjvm.dylib+0x47fe06], sa_mask[0]=00100000000000000000000000000000, sa_flags=SA_RESTART|SA_SIGINFO
SIGHUP: [libjvm.dylib+0x47e3dd], sa_mask[0]=11111111011111110111111111111111, sa_flags=SA_RESTART|SA_SIGINFO
SIGINT: [libjvm.dylib+0x47e3dd], sa_mask[0]=11111111011111110111111111111111, sa_flags=SA_RESTART|SA_SIGINFO
SIGTERM: [libjvm.dylib+0x47e3dd], sa_mask[0]=11111111011111110111111111111111, sa_flags=SA_RESTART|SA_SIGINFO
SIGQUIT: [libjvm.dylib+0x47e3dd], sa_mask[0]=11111111011111110111111111111111, sa_flags=SA_RESTART|SA_SIGINFO


---------------  S Y S T E M  ---------------

OS:Bsduname:Darwin 14.4.0 Darwin Kernel Version 14.4.0: Thu May 28 11:35:04 PDT 2015; root:xnu-2782.30.5~1/RELEASE_X86_64 x86_64
rlimit: STACK 8192k, CORE 0k, NPROC 709, NOFILE 10240, AS infinity
load average:1.86 1.74 1.69

CPU:total 4 (2 cores per cpu, 2 threads per core) family 6 model 61 stepping 4, cmov, cx8, fxsr, mmx, sse, sse2, sse3, ssse3, sse4.1, sse4.2, popcnt, avx, avx2, aes, clmul, erms, 3dnowpref, lzcnt, ht, tsc, tscinvbit, bmi1, bmi2, adx

Memory: 4k page, physical 4194304k(96944k free)

/proc/meminfo:


vm_info: Java HotSpot(TM) 64-Bit Server VM (25.66-b17) for bsd-amd64 JRE (1.8.0_66-b17), built on Oct  6 2015 16:09:13 by "java_re" with gcc 4.2.1 (Based on Apple Inc. build 5658) (LLVM build 2336.11.00)

time: Mon Nov 16 20:40:18 2015
elapsed time: 7 seconds (0d 0h 0m 7s)

