#
# A fatal error has been detected by the Java Runtime Environment:
#
#  SIGSEGV (0xb) at pc=0x00007fff8a7370dd, pid=17477, tid=1811
#
# JRE version: Java(TM) SE Runtime Environment (8.0_66-b17) (build 1.8.0_66-b17)
# Java VM: Java HotSpot(TM) 64-Bit Server VM (25.66-b17 mixed mode bsd-amd64 compressed oops)
# Problematic frame:
# C  [libobjc.A.dylib+0x10dd]  objc_msgSend+0x1d
#
# Failed to write core dump. Core dumps have been disabled. To enable core dumping, try "ulimit -c unlimited" before starting Java again
#
# If you would like to submit a bug report, please visit:
#   http://bugreport.java.com/bugreport/crash.jsp
# The crash happened outside the Java Virtual Machine in native code.
# See problematic frame for where to report the bug.
#

---------------  T H R E A D  ---------------

Current thread (0x00007ff9fc06b000):  JavaThread "AWT-AppKit" daemon [_thread_in_native, id=1811, stack(0x00007fff5c4e6000,0x00007fff5cce6000)]

siginfo: si_signo: 11 (SIGSEGV), si_code: 1 (SEGV_MAPERR), si_addr: 0x0000000000000018

Registers:
RAX=0x00007ff9fcf2d990, RBX=0x000000016b891450, RCX=0x000000011ef88440, RDX=0x000000011ef88c20
RSP=0x00007fff5cce1628, RBP=0x00007fff5cce16e0, RSI=0x00007fff87d0141f, RDI=0x00007ff9feaba140
R8 =0x0000000000000000, R9 =0x0000000000000f50, R10=0x00007fff87d0141f, R11=0x0000000000000000
R12=0x0000000000000000, R13=0x000000016d41cb70, R14=0x000000016b891440, R15=0x00007ff9fc06b000
RIP=0x00007fff8a7370dd, EFLAGS=0x0000000000010246, ERR=0x0000000000000004
  TRAPNO=0x000000000000000e

Top of Stack: (sp=0x00007fff5cce1628)
0x00007fff5cce1628:   000000016b88f157 00007fff5cce1680
0x00007fff5cce1638:   0000000000000003 00007fff5cce1660
0x00007fff5cce1648:   0000000103bf11f6 000000016d41cb70
0x00007fff5cce1658:   000000016d41cb70 00007ff9fcf2d990
0x00007fff5cce1668:   000000016b8916a0 000000016b891710
0x00007fff5cce1678:   00007fff75ae0550 00007fff758a7c80
0x00007fff5cce1688:   000000016b891450 000000016b891690
0x00007fff5cce1698:   00007ff9fcf2d990 00007ff9feaba140
0x00007fff5cce16a8:   00007ff9fa46bb70 00007ff9fcf2d990
0x00007fff5cce16b8:   00007ff9feaba140 00007fff5cce1760
0x00007fff5cce16c8:   00007ff9fc06b1f8 000000016d41cb70
0x00007fff5cce16d8:   00007fff5cce1788 00007fff5cce1750
0x00007fff5cce16e8:   000000010499b954 00007fff5cce1750
0x00007fff5cce16f8:   000000010499b6d9 00000001049a7823
0x00007fff5cce1708:   000000010499b6a2 00007fff5cce1710
0x00007fff5cce1718:   000000016d41cb70 00007fff5cce1788
0x00007fff5cce1728:   000000016d41f7a8 0000000000000000
0x00007fff5cce1738:   000000016d41cb70 0000000000000000
0x00007fff5cce1748:   00007fff5cce1770 00007fff5cce17d0
0x00007fff5cce1758:   000000010498dc4d 00000007acaa8e20
0x00007fff5cce1768:   0000000104995578 00007ff9fcf2d990
0x00007fff5cce1778:   0000000104996db9 00007ff9feaba140
0x00007fff5cce1788:   0000000104996d82 00007fff5cce1790
0x00007fff5cce1798:   000000016d41cd3a 00007fff5cce17f8
0x00007fff5cce17a8:   000000016d41f7a8 0000000000000000
0x00007fff5cce17b8:   000000016d41cd48 00007fff5cce1770
0x00007fff5cce17c8:   00007fff5cce17e0 00007fff5cce1840
0x00007fff5cce17d8:   000000010498dc4d 00007ff9fcf2d990
0x00007fff5cce17e8:   00000007acadc7d8 00007ff9feaba140
0x00007fff5cce17f8:   00000007acadc7d8 00007fff5cce1800
0x00007fff5cce1808:   0000000174309616 00007fff5cce1850
0x00007fff5cce1818:   00000001743096d0 0000000000000000 

Instructions: (pc=0x00007fff8a7370dd)
0x00007fff8a7370bd:   00 00 00 48 85 ff 2e 74 7a 40 f6 c7 01 2e 75 7e
0x00007fff8a7370cd:   49 bb f8 ff ff ff ff 7f 00 00 4c 23 1f 49 89 f2
0x00007fff8a7370dd:   45 23 53 18 49 c1 e2 04 4d 03 53 10 49 3b 32 75
0x00007fff8a7370ed:   04 41 ff 62 08 49 83 3a 00 74 6a 4d 3b 53 10 74 

Register to memory mapping:

RAX=0x00007ff9fcf2d990 is an unknown value
RBX=0x000000016b891450: Java_jogamp_nativewindow_macosx_OSXUtil_GetScreenRefreshRate0+0x1cf0 in /private/var/folders/zx/j9nzkyzx4dn04w6cj8zrt2j80000gn/T/jogamp_0000/file_cache/jln385997804565236634/jln8369725734285362566/libnativewindow_macosx.jnilib at 0x000000016b88a000
RCX=0x000000011ef88440 is an unknown value
RDX=0x000000011ef88c20 is an unknown value
RSP=0x00007fff5cce1628 is pointing into the stack for thread: 0x00007ff9fc06b000
RBP=0x00007fff5cce16e0 is pointing into the stack for thread: 0x00007ff9fc06b000
RSI=0x00007fff87d0141f is an unknown value
RDI=0x00007ff9feaba140 is an unknown value
R8 =0x0000000000000000 is an unknown value
R9 =0x0000000000000f50 is an unknown value
R10=0x00007fff87d0141f is an unknown value
R11=0x0000000000000000 is an unknown value
R12=0x0000000000000000 is an unknown value
R13={method} {0x000000016d41cb70} 'UnsetJAWTRootSurfaceLayer0' '(JJ)V' in 'jogamp/nativewindow/jawt/macosx/MacOSXJAWTWindow'
R14=0x000000016b891440: Java_jogamp_nativewindow_macosx_OSXUtil_GetScreenRefreshRate0+0x1ce0 in /private/var/folders/zx/j9nzkyzx4dn04w6cj8zrt2j80000gn/T/jogamp_0000/file_cache/jln385997804565236634/jln8369725734285362566/libnativewindow_macosx.jnilib at 0x000000016b88a000
R15=0x00007ff9fc06b000 is a thread


Stack: [0x00007fff5c4e6000,0x00007fff5cce6000],  sp=0x00007fff5cce1628,  free space=8173k
Native frames: (J=compiled Java code, j=interpreted, Vv=VM code, C=native code)
C  [libobjc.A.dylib+0x10dd]  objc_msgSend+0x1d
j  jogamp.nativewindow.jawt.macosx.MacOSXJAWTWindow.UnsetJAWTRootSurfaceLayer0(JJ)V+0
j  jogamp.nativewindow.jawt.macosx.MacOSXJAWTWindow.access$200(JJ)V+2
j  jogamp.nativewindow.jawt.macosx.MacOSXJAWTWindow$1.run()V+38
j  com.jogamp.common.util.RunnableTask.run()V+24
v  ~StubRoutines::call_stub
V  [libjvm.dylib+0x2ea35e]  JavaCalls::call_helper(JavaValue*, methodHandle*, JavaCallArguments*, Thread*)+0x6ae
V  [libjvm.dylib+0x321467]  jni_invoke_nonstatic(JNIEnv_*, JavaValue*, _jobject*, JNICallType, _jmethodID*, JNI_ArgumentPusher*, Thread*)+0x2ec
V  [libjvm.dylib+0x313c3b]  jni_CallVoidMethod+0x16b
C  [libnativewindow_macosx.jnilib+0x5326]  Java_jogamp_nativewindow_jawt_macosx_MacOSXJAWTWindow_UnsetJAWTRootSurfaceLayer0+0x2b6
C  [Foundation+0x92d00]  __NSThreadPerformPerform+0x125
C  [CoreFoundation+0x80a01]  __CFRUNLOOP_IS_CALLING_OUT_TO_A_SOURCE0_PERFORM_FUNCTION__+0x11
C  [CoreFoundation+0x72c5c]  __CFRunLoopDoSources0+0x1dc
C  [CoreFoundation+0x721bf]  __CFRunLoopRun+0x39f
C  [CoreFoundation+0x71bd8]  CFRunLoopRunSpecific+0x128
C  [HIToolbox+0x3256f]  RunCurrentEventLoopInMode+0xeb
C  [HIToolbox+0x321ee]  ReceiveNextEventCommon+0xb3
C  [HIToolbox+0x3212b]  _BlockUntilNextEventMatchingListInModeWithFilter+0x47
C  [AppKit+0x918ab]  _DPSNextEvent+0x3d2
C  [AppKit+0x90e58]  -[NSApplication nextEventMatchingMask:untilDate:inMode:dequeue:]+0x15a
C  [libosxapp.dylib+0x23aa]  -[NSApplicationAWT nextEventMatchingMask:untilDate:inMode:dequeue:]+0x7c
C  [AppKit+0x86af3]  -[NSApplication run]+0x252
C  [libosxapp.dylib+0x214d]  +[NSApplicationAWT runAWTLoopWithApp:]+0x9c
C  [libawt_lwawt.dylib+0x4455b]  -[AWTStarter starter:]+0x389
C  [Foundation+0x92d00]  __NSThreadPerformPerform+0x125
C  [CoreFoundation+0x80a01]  __CFRUNLOOP_IS_CALLING_OUT_TO_A_SOURCE0_PERFORM_FUNCTION__+0x11
C  [CoreFoundation+0x72b8d]  __CFRunLoopDoSources0+0x10d
C  [CoreFoundation+0x721bf]  __CFRunLoopRun+0x39f
C  [CoreFoundation+0x71bd8]  CFRunLoopRunSpecific+0x128
C  [java+0x6463]  CreateExecutionEnvironment+0x367
C  [java+0x21ac]  JLI_Launch+0x7a0
C  [java+0x84c0]  main+0x65
C  [java+0x1a04]  start+0x34
C  0x0000000000000007

Java frames: (J=compiled Java code, j=interpreted, Vv=VM code)
j  jogamp.nativewindow.jawt.macosx.MacOSXJAWTWindow.UnsetJAWTRootSurfaceLayer0(JJ)V+0
j  jogamp.nativewindow.jawt.macosx.MacOSXJAWTWindow.access$200(JJ)V+2
j  jogamp.nativewindow.jawt.macosx.MacOSXJAWTWindow$1.run()V+38
j  com.jogamp.common.util.RunnableTask.run()V+24
v  ~StubRoutines::call_stub

---------------  P R O C E S S  ---------------

Java Threads: ( => current thread )
  0x00007ff9fbaf0000 JavaThread "Thread-19" [_thread_blocked, id=63027, stack(0x0000000177310000,0x0000000177410000)]
  0x00007ff9fc4e8800 JavaThread "Keep-Alive-Timer" daemon [_thread_blocked, id=62499, stack(0x000000017144e000,0x000000017154e000)]
  0x00007ff9fab71000 JavaThread "AWT-EventQueue-1" [_thread_in_native, id=56851, stack(0x000000016be8a000,0x000000016bf8a000)]
  0x00007ff9fb802800 JavaThread "DestroyJavaVM" [_thread_blocked, id=4867, stack(0x0000000103031000,0x0000000103131000)]
  0x00007ff9fb100800 JavaThread "AWT-EventQueue-0" [_thread_blocked, id=54275, stack(0x000000011fefc000,0x000000011fffc000)]
  0x00007ff9fc18f800 JavaThread "Java2D Disposer" daemon [_thread_blocked, id=50727, stack(0x000000011ed19000,0x000000011ee19000)]
  0x00007ff9fc176800 JavaThread "Java2D Queue Flusher" daemon [_thread_blocked, id=49671, stack(0x000000011e45d000,0x000000011e55d000)]
  0x00007ff9fa95a800 JavaThread "AWT-Shutdown" [_thread_blocked, id=28435, stack(0x000000011baf6000,0x000000011bbf6000)]
=>0x00007ff9fc06b000 JavaThread "AWT-AppKit" daemon [_thread_in_native, id=1811, stack(0x00007fff5c4e6000,0x00007fff5cce6000)]
  0x00007ff9fc066800 JavaThread "Service Thread" daemon [_thread_blocked, id=18435, stack(0x000000011a148000,0x000000011a248000)]
  0x00007ff9fc065800 JavaThread "C1 CompilerThread2" daemon [_thread_blocked, id=17923, stack(0x000000011a045000,0x000000011a145000)]
  0x00007ff9fc065000 JavaThread "C2 CompilerThread1" daemon [_thread_blocked, id=17411, stack(0x0000000119f42000,0x000000011a042000)]
  0x00007ff9fc063000 JavaThread "C2 CompilerThread0" daemon [_thread_blocked, id=16899, stack(0x0000000119e3f000,0x0000000119f3f000)]
  0x00007ff9fc02f000 JavaThread "Signal Dispatcher" daemon [_thread_blocked, id=12811, stack(0x0000000119d3c000,0x0000000119e3c000)]
  0x00007ff9fa817000 JavaThread "Finalizer" daemon [_thread_blocked, id=11523, stack(0x0000000118336000,0x0000000118436000)]
  0x00007ff9fa816800 JavaThread "Reference Handler" daemon [_thread_blocked, id=11011, stack(0x0000000118233000,0x0000000118333000)]

Other Threads:
  0x00007ff9fa815800 VMThread [stack: 0x0000000118130000,0x0000000118230000] [id=10499]
  0x00007ff9fa81b000 WatcherThread [stack: 0x000000011a24b000,0x000000011a34b000] [id=18947]

VM state:not at safepoint (normal execution)

VM Mutex/Monitor currently owned by a thread: None

Heap:
 PSYoungGen      total 32768K, used 14201K [0x00000007aab00000, 0x00000007adf80000, 0x00000007c0000000)
  eden space 31232K, 40% used [0x00000007aab00000,0x00000007ab77a6e8,0x00000007ac980000)
  from space 1536K, 92% used [0x00000007aca80000,0x00000007acbe3fb0,0x00000007acc00000)
  to   space 11264K, 0% used [0x00000007ad480000,0x00000007ad480000,0x00000007adf80000)
 ParOldGen       total 44032K, used 21728K [0x0000000780000000, 0x0000000782b00000, 0x00000007aab00000)
  object space 44032K, 49% used [0x0000000780000000,0x0000000781538150,0x0000000782b00000)
 Metaspace       used 20399K, capacity 20617K, committed 20864K, reserved 1069056K
  class space    used 2027K, capacity 2109K, committed 2176K, reserved 1048576K

Card table byte_map: [0x0000000113d46000,0x0000000113f47000] byte_map_base: 0x0000000110146000

Marking Bits: (ParMarkBitMap*) 0x00000001042dde20
 Begin Bits: [0x00000001144a9000, 0x00000001154a9000)
 End Bits:   [0x00000001154a9000, 0x00000001164a9000)

Polling page: 0x0000000103176000

CodeCache: size=245760Kb used=6797Kb max_used=6810Kb free=238962Kb
 bounds [0x0000000104986000, 0x0000000105036000, 0x0000000113986000]
 total_blobs=2774 nmethods=1887 adapters=801
 compilation: enabled

Compilation events (10 events):
Event: 11.172 Thread 0x00007ff9fc063000 2009  s!   4       sun.misc.URLClassPath::getLoader (197 bytes)
Event: 11.173 Thread 0x00007ff9fc065000 2010  s    4       sun.misc.URLClassPath::getNextLoader (88 bytes)
Event: 11.175 Thread 0x00007ff9fc065800 2011       3       java.awt.EventQueue::isDispatchThread (9 bytes)
Event: 11.175 Thread 0x00007ff9fc065800 nmethod 2011 0x000000010502d250 code [0x000000010502d420, 0x000000010502dad8]
Event: 11.177 Thread 0x00007ff9fc065800 2012       3       sun.java2d.SunGraphics2D::validateColor (102 bytes)
Event: 11.178 Thread 0x00007ff9fc065800 nmethod 2012 0x000000010502fa10 code [0x000000010502fbc0, 0x0000000105030228]
Event: 11.178 Thread 0x00007ff9fc065800 2013       3       sun.java2d.SurfaceData::pixelFor (13 bytes)
Event: 11.178 Thread 0x00007ff9fc065800 nmethod 2013 0x00000001050303d0 code [0x0000000105030540, 0x0000000105030848]
Event: 11.180 Thread 0x00007ff9fc063000 nmethod 2009 0x0000000105033d90 code [0x0000000105033f00, 0x00000001050346d8]
Event: 11.180 Thread 0x00007ff9fc065000 nmethod 2010 0x0000000105034a90 code [0x0000000105034c00, 0x0000000105035378]

GC Heap History (10 events):
Event: 3.898 GC heap before
{Heap before GC invocations=3 (full 0):
 PSYoungGen      total 18944K, used 18928K [0x00000007aab00000, 0x00000007ac000000, 0x00000007c0000000)
  eden space 16384K, 100% used [0x00000007aab00000,0x00000007abb00000,0x00000007abb00000)
  from space 2560K, 99% used [0x00000007abd80000,0x00000007abffc030,0x00000007ac000000)
  to   space 2560K, 0% used [0x00000007abb00000,0x00000007abb00000,0x00000007abd80000)
 ParOldGen       total 44032K, used 2766K [0x0000000780000000, 0x0000000782b00000, 0x00000007aab00000)
  object space 44032K, 6% used [0x0000000780000000,0x00000007802b39a8,0x0000000782b00000)
 Metaspace       used 19525K, capacity 19743K, committed 20096K, reserved 1067008K
  class space    used 1983K, capacity 2076K, committed 2176K, reserved 1048576K
Event: 3.914 GC heap after
Heap after GC invocations=3 (full 0):
 PSYoungGen      total 18944K, used 2545K [0x00000007aab00000, 0x00000007ac000000, 0x00000007c0000000)
  eden space 16384K, 0% used [0x00000007aab00000,0x00000007aab00000,0x00000007abb00000)
  from space 2560K, 99% used [0x00000007abb00000,0x00000007abd7c750,0x00000007abd80000)
  to   space 2560K, 0% used [0x00000007abd80000,0x00000007abd80000,0x00000007ac000000)
 ParOldGen       total 44032K, used 10950K [0x0000000780000000, 0x0000000782b00000, 0x00000007aab00000)
  object space 44032K, 24% used [0x0000000780000000,0x0000000780ab1828,0x0000000782b00000)
 Metaspace       used 19525K, capacity 19743K, committed 20096K, reserved 1067008K
  class space    used 1983K, capacity 2076K, committed 2176K, reserved 1048576K
}
Event: 4.220 GC heap before
{Heap before GC invocations=4 (full 0):
 PSYoungGen      total 18944K, used 18060K [0x00000007aab00000, 0x00000007ac000000, 0x00000007c0000000)
  eden space 16384K, 94% used [0x00000007aab00000,0x00000007aba26960,0x00000007abb00000)
  from space 2560K, 99% used [0x00000007abb00000,0x00000007abd7c750,0x00000007abd80000)
  to   space 2560K, 0% used [0x00000007abd80000,0x00000007abd80000,0x00000007ac000000)
 ParOldGen       total 44032K, used 10950K [0x0000000780000000, 0x0000000782b00000, 0x00000007aab00000)
  object space 44032K, 24% used [0x0000000780000000,0x0000000780ab1828,0x0000000782b00000)
 Metaspace       used 20001K, capacity 20223K, committed 20608K, reserved 1067008K
  class space    used 2019K, capacity 2108K, committed 2176K, reserved 1048576K
Event: 4.228 GC heap after
Heap after GC invocations=4 (full 0):
 PSYoungGen      total 18944K, used 2528K [0x00000007aab00000, 0x00000007ad000000, 0x00000007c0000000)
  eden space 16384K, 0% used [0x00000007aab00000,0x00000007aab00000,0x00000007abb00000)
  from space 2560K, 98% used [0x00000007abd80000,0x00000007abff8040,0x00000007ac000000)
  to   space 2560K, 0% used [0x00000007abb00000,0x00000007abb00000,0x00000007abd80000)
 ParOldGen       total 44032K, used 16348K [0x0000000780000000, 0x0000000782b00000, 0x00000007aab00000)
  object space 44032K, 37% used [0x0000000780000000,0x0000000780ff7050,0x0000000782b00000)
 Metaspace       used 20001K, capacity 20223K, committed 20608K, reserved 1067008K
  class space    used 2019K, capacity 2108K, committed 2176K, reserved 1048576K
}
Event: 4.821 GC heap before
{Heap before GC invocations=5 (full 0):
 PSYoungGen      total 18944K, used 18912K [0x00000007aab00000, 0x00000007ad000000, 0x00000007c0000000)
  eden space 16384K, 100% used [0x00000007aab00000,0x00000007abb00000,0x00000007abb00000)
  from space 2560K, 98% used [0x00000007abd80000,0x00000007abff8040,0x00000007ac000000)
  to   space 2560K, 0% used [0x00000007abb00000,0x00000007abb00000,0x00000007abd80000)
 ParOldGen       total 44032K, used 16348K [0x0000000780000000, 0x0000000782b00000, 0x00000007aab00000)
  object space 44032K, 37% used [0x0000000780000000,0x0000000780ff7050,0x0000000782b00000)
 Metaspace       used 20187K, capacity 20425K, committed 20608K, reserved 1067008K
  class space    used 2019K, capacity 2109K, committed 2176K, reserved 1048576K
Event: 4.828 GC heap after
Heap after GC invocations=5 (full 0):
 PSYoungGen      total 18944K, used 2544K [0x00000007aab00000, 0x00000007ae000000, 0x00000007c0000000)
  eden space 16384K, 0% used [0x00000007aab00000,0x00000007aab00000,0x00000007abb00000)
  from space 2560K, 99% used [0x00000007abb00000,0x00000007abd7c030,0x00000007abd80000)
  to   space 10752K, 0% used [0x00000007ad580000,0x00000007ad580000,0x00000007ae000000)
 ParOldGen       total 44032K, used 20508K [0x0000000780000000, 0x0000000782b00000, 0x00000007aab00000)
  object space 44032K, 46% used [0x0000000780000000,0x00000007814070f0,0x0000000782b00000)
 Metaspace       used 20187K, capacity 20425K, committed 20608K, reserved 1067008K
  class space    used 2019K, capacity 2109K, committed 2176K, reserved 1048576K
}
Event: 6.669 GC heap before
{Heap before GC invocations=6 (full 0):
 PSYoungGen      total 18944K, used 18928K [0x00000007aab00000, 0x00000007ae000000, 0x00000007c0000000)
  eden space 16384K, 100% used [0x00000007aab00000,0x00000007abb00000,0x00000007abb00000)
  from space 2560K, 99% used [0x00000007abb00000,0x00000007abd7c030,0x00000007abd80000)
  to   space 10752K, 0% used [0x00000007ad580000,0x00000007ad580000,0x00000007ae000000)
 ParOldGen       total 44032K, used 20508K [0x0000000780000000, 0x0000000782b00000, 0x00000007aab00000)
  object space 44032K, 46% used [0x0000000780000000,0x00000007814070f0,0x0000000782b00000)
 Metaspace       used 20295K, capacity 20489K, committed 20864K, reserved 1069056K
  class space    used 2019K, capacity 2109K, committed 2176K, reserved 1048576K
Event: 6.677 GC heap after
Heap after GC invocations=6 (full 0):
 PSYoungGen      total 43008K, used 2581K [0x00000007aab00000, 0x00000007ae100000, 0x00000007c0000000)
  eden space 32256K, 0% used [0x00000007aab00000,0x00000007aab00000,0x00000007aca80000)
  from space 10752K, 24% used [0x00000007ad580000,0x00000007ad805540,0x00000007ae000000)
  to   space 11264K, 0% used [0x00000007aca80000,0x00000007aca80000,0x00000007ad580000)
 ParOldGen       total 44032K, used 20508K [0x0000000780000000, 0x0000000782b00000, 0x00000007aab00000)
  object space 44032K, 46% used [0x0000000780000000,0x00000007814070f0,0x0000000782b00000)
 Metaspace       used 20295K, capacity 20489K, committed 20864K, reserved 1069056K
  class space    used 2019K, capacity 2109K, committed 2176K, reserved 1048576K
}
Event: 9.907 GC heap before
{Heap before GC invocations=7 (full 0):
 PSYoungGen      total 43008K, used 34837K [0x00000007aab00000, 0x00000007ae100000, 0x00000007c0000000)
  eden space 32256K, 100% used [0x00000007aab00000,0x00000007aca80000,0x00000007aca80000)
  from space 10752K, 24% used [0x00000007ad580000,0x00000007ad805540,0x00000007ae000000)
  to   space 11264K, 0% used [0x00000007aca80000,0x00000007aca80000,0x00000007ad580000)
 ParOldGen       total 44032K, used 20508K [0x0000000780000000, 0x0000000782b00000, 0x00000007aab00000)
  object space 44032K, 46% used [0x0000000780000000,0x00000007814070f0,0x0000000782b00000)
 Metaspace       used 20351K, capacity 20617K, committed 20864K, reserved 1069056K
  class space    used 2019K, capacity 2109K, committed 2176K, reserved 1048576K
Event: 9.914 GC heap after
Heap after GC invocations=7 (full 0):
 PSYoungGen      total 32768K, used 1423K [0x00000007aab00000, 0x00000007adf80000, 0x00000007c0000000)
  eden space 31232K, 0% used [0x00000007aab00000,0x00000007aab00000,0x00000007ac980000)
  from space 1536K, 92% used [0x00000007aca80000,0x00000007acbe3fb0,0x00000007acc00000)
  to   space 11264K, 0% used [0x00000007ad480000,0x00000007ad480000,0x00000007adf80000)
 ParOldGen       total 44032K, used 21728K [0x0000000780000000, 0x0000000782b00000, 0x00000007aab00000)
  object space 44032K, 49% used [0x0000000780000000,0x0000000781538150,0x0000000782b00000)
 Metaspace       used 20351K, capacity 20617K, committed 20864K, reserved 1069056K
  class space    used 2019K, capacity 2109K, committed 2176K, reserved 1048576K
}

Deoptimization events (8 events):
Event: 2.097 Thread 0x00007ff9fb114000 Uncommon trap: reason=unstable_if action=reinterpret pc=0x0000000104b50d40 method=java.lang.String.toLowerCase(Ljava/util/Locale;)Ljava/lang/String; @ 85
Event: 2.393 Thread 0x00007ff9fc309800 Uncommon trap: reason=unstable_if action=reinterpret pc=0x0000000104bfeb54 method=java.lang.String.indexOf([CII[CIII)I @ 3
Event: 2.393 Thread 0x00007ff9fc309800 Uncommon trap: reason=unstable_if action=reinterpret pc=0x0000000104bd1754 method=java.lang.String.indexOf([CII[CIII)I @ 3
Event: 2.394 Thread 0x00007ff9fc309800 Uncommon trap: reason=unstable_if action=reinterpret pc=0x0000000104b3b798 method=java.lang.String.indexOf([CII[CIII)I @ 3
Event: 3.414 Thread 0x00007ff9fab71000 Uncommon trap: reason=unstable_if action=reinterpret pc=0x0000000104b2acac method=java.lang.AbstractStringBuilder.append(Ljava/lang/String;)Ljava/lang/AbstractStringBuilder; @ 1
Event: 3.625 Thread 0x00007ff9fab71000 Uncommon trap: reason=unstable_if action=reinterpret pc=0x0000000104d5e680 method=com.sun.org.apache.xerces.internal.impl.XMLEntityScanner.scanLiteral(ILcom/sun/org/apache/xerces/internal/xni/XMLString;)I @ 44
Event: 3.854 Thread 0x00007ff9fab71000 Uncommon trap: reason=unstable_if action=reinterpret pc=0x0000000104dd3d7c method=com.jogamp.common.util.IntIntHashMap.get(I)I @ 28
Event: 11.154 Thread 0x00007ff9fb0f6800 Uncommon trap: reason=unstable_if action=reinterpret pc=0x0000000104df8530 method=java.util.HashMap.putVal(ILjava/lang/Object;Ljava/lang/Object;ZZ)Ljava/lang/Object; @ 81

Internal exceptions (10 events):
Event: 0.177 Thread 0x00007ff9fb802800 Exception <a 'java/lang/NoSuchFieldError': method resolution failed> (0x00000007aad00da0) thrown at [/HUDSON3/workspace/8-2-build-macosx-x86_64/jdk8u66/4988/hotspot/src/share/vm/prims/methodHandles.cpp, line 1146]
Event: 0.180 Thread 0x00007ff9fb802800 Exception <a 'java/lang/NoSuchFieldError': method resolution failed> (0x00000007aad0e570) thrown at [/HUDSON3/workspace/8-2-build-macosx-x86_64/jdk8u66/4988/hotspot/src/share/vm/prims/methodHandles.cpp, line 1146]
Event: 0.389 Thread 0x00007ff9fb802800 Exception <a 'java/io/FileNotFoundException'> (0x00000007aad8a4e8) thrown at [/HUDSON3/workspace/8-2-build-macosx-x86_64/jdk8u66/4988/hotspot/src/share/vm/prims/jni.cpp, line 709]
Event: 0.389 Thread 0x00007ff9fb802800 Exception <a 'java/io/FileNotFoundException'> (0x00000007aad8b028) thrown at [/HUDSON3/workspace/8-2-build-macosx-x86_64/jdk8u66/4988/hotspot/src/share/vm/prims/jni.cpp, line 709]
Event: 0.569 Thread 0x00007ff9fb802800 Exception <a 'java/io/FileNotFoundException'> (0x00000007aae709b8) thrown at [/HUDSON3/workspace/8-2-build-macosx-x86_64/jdk8u66/4988/hotspot/src/share/vm/prims/jni.cpp, line 709]
Event: 2.307 Thread 0x00007ff9fa817000 Exception <a 'java/lang/NullPointerException'> (0x00000007aab84b90) thrown at [/HUDSON3/workspace/8-2-build-macosx-x86_64/jdk8u66/4988/hotspot/src/share/vm/interpreter/linkResolver.cpp, line 1178]
Event: 2.419 Thread 0x00007ff9fc309800 Exception <a 'java/lang/UnsatisfiedLinkError': com.jogamp.common.util.JarUtil.fixNativeLibAttribs(Ljava/lang/String;)Z> (0x00000007aae83540) thrown at [/HUDSON3/workspace/8-2-build-macosx-x86_64/jdk8u66/4988/hotspot/src/share/vm/prims/nativeLookup.cpp, li
Event: 3.414 Thread 0x00007ff9fab71000 Exception <a 'java/io/FileNotFoundException'> (0x00000007ab047eb0) thrown at [/HUDSON3/workspace/8-2-build-macosx-x86_64/jdk8u66/4988/hotspot/src/share/vm/prims/jni.cpp, line 709]
Event: 3.414 Thread 0x00007ff9fab71000 Exception <a 'java/io/FileNotFoundException'> (0x00000007ab04da08) thrown at [/HUDSON3/workspace/8-2-build-macosx-x86_64/jdk8u66/4988/hotspot/src/share/vm/prims/jni.cpp, line 709]
Event: 3.414 Thread 0x00007ff9fab71000 Implicit null exception at 0x0000000104b2a935 to 0x0000000104b2ac99

Events (10 events):
Event: 11.172 loading class jogamp/nativewindow/jawt/macosx/MacOSXJAWTWindow$1 done
Event: 11.174 loading class java/awt/LightweightDispatcher$2
Event: 11.174 loading class java/awt/LightweightDispatcher$2 done
Event: 11.174 loading class java/awt/event/AWTEventListenerProxy
Event: 11.174 loading class java/awt/event/AWTEventListenerProxy done
Event: 11.174 loading class java/awt/Toolkit$ToolkitEventMulticaster
Event: 11.174 loading class java/awt/Toolkit$ToolkitEventMulticaster done
Event: 11.176 Thread 0x00007ff9fb0f6800 Thread exited: 0x00007ff9fb0f6800
Event: 11.177 loading class java/awt/Window$1DisposeAction
Event: 11.177 loading class java/awt/Window$1DisposeAction done


Dynamic libraries:
0x0000000003960000 	/System/Library/Frameworks/Cocoa.framework/Versions/A/Cocoa
0x0000000003960000 	/System/Library/Frameworks/Security.framework/Versions/A/Security
0x0000000003960000 	/System/Library/Frameworks/ApplicationServices.framework/Versions/A/ApplicationServices
0x0000000003960000 	/usr/lib/libz.1.dylib
0x0000000003960000 	/usr/lib/libSystem.B.dylib
0x0000000003960000 	/usr/lib/libobjc.A.dylib
0x0000000003960000 	/System/Library/Frameworks/CoreFoundation.framework/Versions/A/CoreFoundation
0x0000000003960000 	/System/Library/Frameworks/Foundation.framework/Versions/C/Foundation
0x0000000003960000 	/System/Library/Frameworks/AppKit.framework/Versions/C/AppKit
0x0000000003960000 	/System/Library/Frameworks/CoreData.framework/Versions/A/CoreData
0x0000000003960000 	/System/Library/PrivateFrameworks/RemoteViewServices.framework/Versions/A/RemoteViewServices
0x0000000003960000 	/System/Library/PrivateFrameworks/UIFoundation.framework/Versions/A/UIFoundation
0x0000000003960000 	/System/Library/Frameworks/IOSurface.framework/Versions/A/IOSurface
0x0000000003960000 	/System/Library/Frameworks/AudioToolbox.framework/Versions/A/AudioToolbox
0x0000000003960000 	/System/Library/Frameworks/AudioUnit.framework/Versions/A/AudioUnit
0x0000000003960000 	/System/Library/PrivateFrameworks/DataDetectorsCore.framework/Versions/A/DataDetectorsCore
0x0000000003960000 	/System/Library/PrivateFrameworks/DesktopServicesPriv.framework/Versions/A/DesktopServicesPriv
0x0000000003960000 	/System/Library/Frameworks/Carbon.framework/Versions/A/Frameworks/HIToolbox.framework/Versions/A/HIToolbox
0x0000000003960000 	/System/Library/Frameworks/QuartzCore.framework/Versions/A/QuartzCore
0x0000000003960000 	/System/Library/Frameworks/Carbon.framework/Versions/A/Frameworks/SpeechRecognition.framework/Versions/A/SpeechRecognition
0x0000000003960000 	/usr/lib/libauto.dylib
0x0000000003960000 	/usr/lib/libicucore.A.dylib
0x0000000003960000 	/usr/lib/libxml2.2.dylib
0x0000000003960000 	/System/Library/PrivateFrameworks/CoreUI.framework/Versions/A/CoreUI
0x0000000003960000 	/System/Library/Frameworks/CoreAudio.framework/Versions/A/CoreAudio
0x0000000003960000 	/System/Library/Frameworks/DiskArbitration.framework/Versions/A/DiskArbitration
0x0000000003960000 	/usr/lib/liblangid.dylib
0x0000000003960000 	/System/Library/PrivateFrameworks/MultitouchSupport.framework/Versions/A/MultitouchSupport
0x0000000003960000 	/System/Library/Frameworks/IOKit.framework/Versions/A/IOKit
0x0000000003960000 	/usr/lib/libDiagnosticMessagesClient.dylib
0x0000000003960000 	/System/Library/Frameworks/CoreServices.framework/Versions/A/CoreServices
0x0000000003960000 	/System/Library/PrivateFrameworks/PerformanceAnalysis.framework/Versions/A/PerformanceAnalysis
0x0000000003960000 	/System/Library/PrivateFrameworks/GenerationalStorage.framework/Versions/A/GenerationalStorage
0x0000000003960000 	/System/Library/Frameworks/OpenGL.framework/Versions/A/OpenGL
0x0000000003960000 	/System/Library/PrivateFrameworks/Sharing.framework/Versions/A/Sharing
0x0000000003960000 	/System/Library/Frameworks/CoreGraphics.framework/Versions/A/CoreGraphics
0x0000000003960000 	/System/Library/Frameworks/CoreText.framework/Versions/A/CoreText
0x0000000003960000 	/System/Library/Frameworks/ImageIO.framework/Versions/A/ImageIO
0x0000000003960000 	/usr/lib/libextension.dylib
0x0000000003960000 	/System/Library/PrivateFrameworks/Backup.framework/Versions/A/Backup
0x0000000003960000 	/usr/lib/libarchive.2.dylib
0x0000000003960000 	/System/Library/Frameworks/CFNetwork.framework/Versions/A/CFNetwork
0x0000000003960000 	/System/Library/Frameworks/SystemConfiguration.framework/Versions/A/SystemConfiguration
0x0000000003960000 	/usr/lib/libCRFSuite.dylib
0x0000000003960000 	/usr/lib/libc++.1.dylib
0x0000000003960000 	/usr/lib/libc++abi.dylib
0x0000000003960000 	/usr/lib/system/libcache.dylib
0x0000000003960000 	/usr/lib/system/libcommonCrypto.dylib
0x0000000003960000 	/usr/lib/system/libcompiler_rt.dylib
0x0000000003960000 	/usr/lib/system/libcopyfile.dylib
0x0000000003960000 	/usr/lib/system/libcorecrypto.dylib
0x0000000003960000 	/usr/lib/system/libdispatch.dylib
0x0000000003960000 	/usr/lib/system/libdyld.dylib
0x0000000003960000 	/usr/lib/system/libkeymgr.dylib
0x0000000003960000 	/usr/lib/system/liblaunch.dylib
0x0000000003960000 	/usr/lib/system/libmacho.dylib
0x0000000003960000 	/usr/lib/system/libquarantine.dylib
0x0000000003960000 	/usr/lib/system/libremovefile.dylib
0x0000000003960000 	/usr/lib/system/libsystem_asl.dylib
0x0000000003960000 	/usr/lib/system/libsystem_blocks.dylib
0x0000000003960000 	/usr/lib/system/libsystem_c.dylib
0x0000000003960000 	/usr/lib/system/libsystem_configuration.dylib
0x0000000003960000 	/usr/lib/system/libsystem_coreservices.dylib
0x0000000003960000 	/usr/lib/system/libsystem_coretls.dylib
0x0000000003960000 	/usr/lib/system/libsystem_dnssd.dylib
0x0000000003960000 	/usr/lib/system/libsystem_info.dylib
0x0000000003960000 	/usr/lib/system/libsystem_kernel.dylib
0x0000000003960000 	/usr/lib/system/libsystem_m.dylib
0x0000000003960000 	/usr/lib/system/libsystem_malloc.dylib
0x0000000003960000 	/usr/lib/system/libsystem_network.dylib
0x0000000003960000 	/usr/lib/system/libsystem_networkextension.dylib
0x0000000003960000 	/usr/lib/system/libsystem_notify.dylib
0x0000000003960000 	/usr/lib/system/libsystem_platform.dylib
0x0000000003960000 	/usr/lib/system/libsystem_pthread.dylib
0x0000000003960000 	/usr/lib/system/libsystem_sandbox.dylib
0x0000000003960000 	/usr/lib/system/libsystem_secinit.dylib
0x0000000003960000 	/usr/lib/system/libsystem_stats.dylib
0x0000000003960000 	/usr/lib/system/libsystem_trace.dylib
0x0000000003960000 	/usr/lib/system/libunc.dylib
0x0000000003960000 	/usr/lib/system/libunwind.dylib
0x0000000003960000 	/usr/lib/system/libxpc.dylib
0x0000000003960000 	/usr/lib/libbz2.1.0.dylib
0x0000000003960000 	/usr/lib/liblzma.5.dylib
0x0000000003960000 	/usr/lib/libbsm.0.dylib
0x0000000003960000 	/usr/lib/libsqlite3.dylib
0x0000000003960000 	/usr/lib/system/libkxld.dylib
0x0000000003960000 	/usr/lib/libxar.1.dylib
0x0000000003960000 	/usr/lib/libpam.2.dylib
0x0000000003960000 	/usr/lib/libOpenScriptingUtil.dylib
0x0000000003960000 	/System/Library/Frameworks/CoreServices.framework/Versions/A/Frameworks/FSEvents.framework/Versions/A/FSEvents
0x0000000003960000 	/System/Library/Frameworks/CoreServices.framework/Versions/A/Frameworks/CarbonCore.framework/Versions/A/CarbonCore
0x0000000003960000 	/System/Library/Frameworks/CoreServices.framework/Versions/A/Frameworks/Metadata.framework/Versions/A/Metadata
0x0000000003960000 	/System/Library/Frameworks/CoreServices.framework/Versions/A/Frameworks/OSServices.framework/Versions/A/OSServices
0x0000000003960000 	/System/Library/Frameworks/CoreServices.framework/Versions/A/Frameworks/SearchKit.framework/Versions/A/SearchKit
0x0000000003960000 	/System/Library/Frameworks/CoreServices.framework/Versions/A/Frameworks/AE.framework/Versions/A/AE
0x0000000003960000 	/System/Library/Frameworks/CoreServices.framework/Versions/A/Frameworks/LaunchServices.framework/Versions/A/LaunchServices
0x0000000003960000 	/System/Library/Frameworks/CoreServices.framework/Versions/A/Frameworks/DictionaryServices.framework/Versions/A/DictionaryServices
0x0000000003960000 	/System/Library/Frameworks/NetFS.framework/Versions/A/NetFS
0x0000000003960000 	/System/Library/PrivateFrameworks/NetAuth.framework/Versions/A/NetAuth
0x0000000003960000 	/System/Library/PrivateFrameworks/login.framework/Versions/A/Frameworks/loginsupport.framework/Versions/A/loginsupport
0x0000000003960000 	/System/Library/PrivateFrameworks/TCC.framework/Versions/A/TCC
0x0000000003960000 	/usr/lib/libmecabra.dylib
0x0000000003960000 	/System/Library/Frameworks/ApplicationServices.framework/Versions/A/Frameworks/ATS.framework/Versions/A/ATS
0x0000000003960000 	/System/Library/Frameworks/ApplicationServices.framework/Versions/A/Frameworks/ColorSync.framework/Versions/A/ColorSync
0x0000000003960000 	/System/Library/Frameworks/ApplicationServices.framework/Versions/A/Frameworks/HIServices.framework/Versions/A/HIServices
0x0000000003960000 	/System/Library/Frameworks/ApplicationServices.framework/Versions/A/Frameworks/LangAnalysis.framework/Versions/A/LangAnalysis
0x0000000003960000 	/System/Library/Frameworks/ApplicationServices.framework/Versions/A/Frameworks/PrintCore.framework/Versions/A/PrintCore
0x0000000003960000 	/System/Library/Frameworks/ApplicationServices.framework/Versions/A/Frameworks/QD.framework/Versions/A/QD
0x0000000003960000 	/System/Library/Frameworks/ApplicationServices.framework/Versions/A/Frameworks/SpeechSynthesis.framework/Versions/A/SpeechSynthesis
0x0000000003960000 	/System/Library/Frameworks/Accelerate.framework/Versions/A/Accelerate
0x0000000003960000 	/System/Library/Frameworks/Accelerate.framework/Versions/A/Frameworks/vImage.framework/Versions/A/vImage
0x0000000003960000 	/System/Library/Frameworks/Accelerate.framework/Versions/A/Frameworks/vecLib.framework/Versions/A/vecLib
0x0000000003960000 	/System/Library/Frameworks/Accelerate.framework/Versions/A/Frameworks/vecLib.framework/Versions/A/libvDSP.dylib
0x0000000003960000 	/System/Library/Frameworks/Accelerate.framework/Versions/A/Frameworks/vecLib.framework/Versions/A/libvMisc.dylib
0x0000000003960000 	/System/Library/Frameworks/Accelerate.framework/Versions/A/Frameworks/vecLib.framework/Versions/A/libLAPACK.dylib
0x0000000003960000 	/System/Library/Frameworks/Accelerate.framework/Versions/A/Frameworks/vecLib.framework/Versions/A/libBLAS.dylib
0x0000000003960000 	/System/Library/Frameworks/Accelerate.framework/Versions/A/Frameworks/vecLib.framework/Versions/A/libLinearAlgebra.dylib
0x0000000003960000 	/System/Library/Frameworks/ApplicationServices.framework/Versions/A/Frameworks/ATS.framework/Versions/A/Resources/libFontParser.dylib
0x0000000003960000 	/System/Library/Frameworks/ApplicationServices.framework/Versions/A/Frameworks/ATS.framework/Versions/A/Resources/libFontRegistry.dylib
0x0000000003960000 	/System/Library/PrivateFrameworks/AppleVPA.framework/Versions/A/AppleVPA
0x0000000003960000 	/System/Library/PrivateFrameworks/AppleJPEG.framework/Versions/A/AppleJPEG
0x0000000003960000 	/System/Library/Frameworks/ImageIO.framework/Versions/A/Resources/libJPEG.dylib
0x0000000003960000 	/System/Library/Frameworks/ImageIO.framework/Versions/A/Resources/libTIFF.dylib
0x0000000003960000 	/System/Library/Frameworks/ImageIO.framework/Versions/A/Resources/libPng.dylib
0x0000000003960000 	/System/Library/Frameworks/ImageIO.framework/Versions/A/Resources/libGIF.dylib
0x0000000003960000 	/System/Library/Frameworks/ImageIO.framework/Versions/A/Resources/libJP2.dylib
0x0000000003960000 	/System/Library/Frameworks/ImageIO.framework/Versions/A/Resources/libRadiance.dylib
0x0000000003960000 	/System/Library/Frameworks/CoreVideo.framework/Versions/A/CoreVideo
0x0000000003960000 	/System/Library/Frameworks/OpenGL.framework/Versions/A/Libraries/libGLU.dylib
0x0000000003960000 	/System/Library/Frameworks/OpenGL.framework/Versions/A/Libraries/libGFXShared.dylib
0x0000000003960000 	/System/Library/Frameworks/OpenGL.framework/Versions/A/Libraries/libGL.dylib
0x0000000003960000 	/System/Library/Frameworks/OpenGL.framework/Versions/A/Libraries/libGLImage.dylib
0x0000000003960000 	/System/Library/Frameworks/OpenGL.framework/Versions/A/Libraries/libCVMSPluginSupport.dylib
0x0000000003960000 	/System/Library/Frameworks/OpenGL.framework/Versions/A/Libraries/libCoreVMClient.dylib
0x0000000003960000 	/usr/lib/libcups.2.dylib
0x0000000003960000 	/System/Library/Frameworks/Kerberos.framework/Versions/A/Kerberos
0x0000000003960000 	/System/Library/Frameworks/GSS.framework/Versions/A/GSS
0x0000000003960000 	/usr/lib/libresolv.9.dylib
0x0000000003960000 	/usr/lib/libiconv.2.dylib
0x0000000003960000 	/System/Library/PrivateFrameworks/Heimdal.framework/Versions/A/Heimdal
0x0000000003960000 	/usr/lib/libheimdal-asn1.dylib
0x0000000003960000 	/System/Library/Frameworks/OpenDirectory.framework/Versions/A/OpenDirectory
0x0000000003960000 	/System/Library/PrivateFrameworks/CommonAuth.framework/Versions/A/CommonAuth
0x0000000003960000 	/System/Library/Frameworks/OpenDirectory.framework/Versions/A/Frameworks/CFOpenDirectory.framework/Versions/A/CFOpenDirectory
0x0000000003960000 	/System/Library/Frameworks/SecurityFoundation.framework/Versions/A/SecurityFoundation
0x0000000003960000 	/System/Library/PrivateFrameworks/LanguageModeling.framework/Versions/A/LanguageModeling
0x0000000003960000 	/usr/lib/libcmph.dylib
0x0000000003960000 	/System/Library/Frameworks/ServiceManagement.framework/Versions/A/ServiceManagement
0x0000000003960000 	/usr/lib/libxslt.1.dylib
0x0000000003960000 	/System/Library/Frameworks/Carbon.framework/Versions/A/Frameworks/Ink.framework/Versions/A/Ink
0x0000000003960000 	/System/Library/Frameworks/QuartzCore.framework/Versions/A/Frameworks/CoreImage.framework/Versions/A/CoreImage
0x0000000003960000 	/System/Library/PrivateFrameworks/CrashReporterSupport.framework/Versions/A/CrashReporterSupport
0x0000000003960000 	/System/Library/Frameworks/OpenCL.framework/Versions/A/OpenCL
0x0000000003960000 	/System/Library/PrivateFrameworks/FaceCore.framework/Versions/A/FaceCore
0x0000000003960000 	/System/Library/PrivateFrameworks/Ubiquity.framework/Versions/A/Ubiquity
0x0000000003960000 	/System/Library/PrivateFrameworks/IconServices.framework/Versions/A/IconServices
0x0000000003960000 	/System/Library/PrivateFrameworks/ChunkingLibrary.framework/Versions/A/ChunkingLibrary
0x0000000003960000 	/System/Library/PrivateFrameworks/Apple80211.framework/Versions/A/Apple80211
0x0000000003960000 	/System/Library/Frameworks/CoreWLAN.framework/Versions/A/CoreWLAN
0x0000000003960000 	/System/Library/Frameworks/IOBluetooth.framework/Versions/A/IOBluetooth
0x0000000003960000 	/System/Library/PrivateFrameworks/CoreWiFi.framework/Versions/A/CoreWiFi
0x0000000003960000 	/System/Library/Frameworks/CoreBluetooth.framework/Versions/A/CoreBluetooth
0x0000000003960000 	/System/Library/PrivateFrameworks/DebugSymbols.framework/Versions/A/DebugSymbols
0x0000000003960000 	/System/Library/PrivateFrameworks/CoreSymbolication.framework/Versions/A/CoreSymbolication
0x0000000003960000 	/System/Library/PrivateFrameworks/Symbolication.framework/Versions/A/Symbolication
0x0000000003960000 	/System/Library/PrivateFrameworks/SpeechRecognitionCore.framework/Versions/A/SpeechRecognitionCore
0x0000000103a00000 	/Library/Java/JavaVirtualMachines/jdk1.8.0_66.jdk/Contents/Home/jre/lib/server/libjvm.dylib
0x0000000003960000 	/usr/lib/libstdc++.6.dylib
0x0000000103133000 	/Library/Java/JavaVirtualMachines/jdk1.8.0_66.jdk/Contents/Home/jre/lib/libverify.dylib
0x0000000103141000 	/Library/Java/JavaVirtualMachines/jdk1.8.0_66.jdk/Contents/Home/jre/lib/libjava.dylib
0x0000000103180000 	/Library/Java/JavaVirtualMachines/jdk1.8.0_66.jdk/Contents/Home/jre/lib/libzip.dylib
0x00000001031e6000 	/System/Library/Frameworks/JavaVM.framework/Frameworks/JavaRuntimeSupport.framework/JavaRuntimeSupport
0x0000000118438000 	/System/Library/Frameworks/JavaVM.framework/Versions/A/Frameworks/JavaNativeFoundation.framework/Versions/A/JavaNativeFoundation
0x000000011844c000 	/System/Library/Frameworks/JavaVM.framework/Versions/A/JavaVM
0x0000000003960000 	/System/Library/Frameworks/Carbon.framework/Versions/A/Carbon
0x0000000118458000 	/System/Library/PrivateFrameworks/JavaLaunching.framework/Versions/A/JavaLaunching
0x0000000003960000 	/System/Library/Frameworks/Carbon.framework/Versions/A/Frameworks/CommonPanels.framework/Versions/A/CommonPanels
0x0000000003960000 	/System/Library/Frameworks/Carbon.framework/Versions/A/Frameworks/Help.framework/Versions/A/Help
0x0000000003960000 	/System/Library/Frameworks/Carbon.framework/Versions/A/Frameworks/ImageCapture.framework/Versions/A/ImageCapture
0x0000000003960000 	/System/Library/Frameworks/Carbon.framework/Versions/A/Frameworks/OpenScripting.framework/Versions/A/OpenScripting
0x0000000003960000 	/System/Library/Frameworks/Carbon.framework/Versions/A/Frameworks/Print.framework/Versions/A/Print
0x0000000003960000 	/System/Library/Frameworks/Carbon.framework/Versions/A/Frameworks/SecurityHI.framework/Versions/A/SecurityHI
0x000000011a34f000 	/Library/Java/JavaVirtualMachines/jdk1.8.0_66.jdk/Contents/Home/jre/lib/libawt.dylib
0x000000011a3f7000 	/Library/Java/JavaVirtualMachines/jdk1.8.0_66.jdk/Contents/Home/jre/lib/./libmlib_image.dylib
0x000000011a4c3000 	/Library/Java/JavaVirtualMachines/jdk1.8.0_66.jdk/Contents/Home/jre/lib/libawt_lwawt.dylib
0x000000011a578000 	/Library/Java/JavaVirtualMachines/jdk1.8.0_66.jdk/Contents/Home/jre/lib/./libosxapp.dylib
0x0000000003960000 	/System/Library/Frameworks/ExceptionHandling.framework/Versions/A/ExceptionHandling
0x0000000003960000 	/System/Library/PrivateFrameworks/CoreServicesInternal.framework/Versions/A/CoreServicesInternal
0x0000000003960000 	/System/Library/PrivateFrameworks/CloudDocs.framework/Versions/A/CloudDocs
0x0000000003960000 	/System/Library/PrivateFrameworks/CoreDuet.framework/Versions/A/CoreDuet
0x0000000003960000 	/System/Library/Frameworks/CloudKit.framework/Versions/A/CloudKit
0x0000000003960000 	/System/Library/PrivateFrameworks/ProtocolBuffer.framework/Versions/A/ProtocolBuffer
0x0000000003960000 	/System/Library/PrivateFrameworks/CoreDuetDaemonProtocol.framework/Versions/A/CoreDuetDaemonProtocol
0x0000000003960000 	/System/Library/PrivateFrameworks/CoreDuetDebugLogging.framework/Versions/A/CoreDuetDebugLogging
0x0000000003960000 	/System/Library/PrivateFrameworks/MMCS.framework/Versions/A/MMCS
0x0000000003960000 	/System/Library/Frameworks/CoreLocation.framework/Versions/A/CoreLocation
0x0000000003960000 	/System/Library/PrivateFrameworks/ProtectedCloudStorage.framework/Versions/A/ProtectedCloudStorage
0x0000000003960000 	/System/Library/PrivateFrameworks/GeoServices.framework/Versions/A/GeoServices
0x0000000003960000 	/System/Library/Frameworks/CoreGraphics.framework/Versions/A/Resources/libCGCMS.A.dylib
0x0000000003960000 	/System/Library/Frameworks/CoreGraphics.framework/Versions/A/Resources/libRIP.A.dylib
0x0000000003960000 	/System/Library/Frameworks/CoreGraphics.framework/Versions/A/Resources/libCGXType.A.dylib
0x0000000003960000 	/System/Library/Frameworks/OpenCL.framework/Versions/A/Libraries/libcldcpuengine.dylib
0x0000000003960000 	/System/Library/PrivateFrameworks/DiskImages.framework/Versions/A/DiskImages
0x0000000003960000 	/System/Library/Frameworks/DiscRecording.framework/Versions/A/DiscRecording
0x0000000003960000 	/usr/lib/libcsfde.dylib
0x0000000003960000 	/usr/lib/libcurl.4.dylib
0x0000000003960000 	/System/Library/PrivateFrameworks/MediaKit.framework/Versions/A/MediaKit
0x0000000003960000 	/usr/lib/libCoreStorage.dylib
0x0000000003960000 	/System/Library/PrivateFrameworks/EFILogin.framework/Versions/A/EFILogin
0x0000000003960000 	/usr/lib/libutil.dylib
0x0000000003960000 	/System/Library/PrivateFrameworks/FindMyDevice.framework/Versions/A/FindMyDevice
0x0000000003960000 	/System/Library/Frameworks/LDAP.framework/Versions/A/LDAP
0x0000000003960000 	/usr/lib/libsasl2.2.dylib
0x0000000003960000 	/System/Library/PrivateFrameworks/CoreDaemon.framework/Versions/B/CoreDaemon
0x0000000003960000 	/usr/lib/libcrypto.0.9.8.dylib
0x0000000003960000 	/System/Library/PrivateFrameworks/AppleSRP.framework/Versions/A/AppleSRP
0x0000000003960000 	/System/Library/PrivateFrameworks/TrustEvaluationAgent.framework/Versions/A/TrustEvaluationAgent
0x000000011d271000 	cl_kernels
0x000000011d273000 	/System/Library/Frameworks/OpenCL.framework/Versions/A/Libraries/ImageFormats/unorm8_bgra.dylib
0x000000011d262000 	cl_kernels
0x0000000003960000 	/System/Library/PrivateFrameworks/FamilyControls.framework/Versions/A/FamilyControls
0x0000000003960000 	/System/Library/PrivateFrameworks/CommerceKit.framework/Versions/A/Frameworks/CommerceCore.framework/Versions/A/CommerceCore
0x0000000003960000 	/System/Library/PrivateFrameworks/SystemAdministration.framework/Versions/A/SystemAdministration
0x0000000003960000 	/System/Library/PrivateFrameworks/AppContainer.framework/Versions/A/AppContainer
0x0000000003960000 	/System/Library/PrivateFrameworks/SecCodeWrapper.framework/Versions/A/SecCodeWrapper
0x0000000003960000 	/System/Library/Frameworks/DirectoryService.framework/Versions/A/DirectoryService
0x0000000003960000 	/System/Library/PrivateFrameworks/LoginUIKit.framework/Versions/A/Frameworks/LoginUICore.framework/Versions/A/LoginUICore
0x0000000003960000 	/usr/lib/libodfde.dylib
0x0000000003960000 	/System/Library/Frameworks/OpenGL.framework/Versions/A/Resources/GLEngine.bundle/GLEngine
0x0000000003960000 	/System/Library/Frameworks/OpenGL.framework/Versions/A/Libraries/libGLProgrammability.dylib
0x0000000000000000 	/System/Library/Extensions/AppleIntelBDWGraphicsGLDriver.bundle/Contents/MacOS/AppleIntelBDWGraphicsGLDriver
0x0000000003960000 	/System/Library/PrivateFrameworks/IOAccelerator.framework/Versions/A/IOAccelerator
0x0000000003960000 	/System/Library/PrivateFrameworks/GPUSupport.framework/Versions/A/Libraries/libGPUSupportMercury.dylib
0x0000000003960000 	/System/Library/Frameworks/OpenGL.framework/Versions/A/Resources/GLRendererFloat.bundle/GLRendererFloat
0x000000011ee1b000 	/Library/Java/JavaVirtualMachines/jdk1.8.0_66.jdk/Contents/Home/jre/lib/libfontmanager.dylib
0x000000012004e000 	/Library/Java/JavaVirtualMachines/jdk1.8.0_66.jdk/Contents/Home/jre/lib/libosxui.dylib
0x00000001202da000 	/Library/Java/JavaVirtualMachines/jdk1.8.0_66.jdk/Contents/Home/jre/lib/libnet.dylib
0x000000012008d000 	/Library/Java/JavaVirtualMachines/jdk1.8.0_66.jdk/Contents/Home/jre/lib/libnio.dylib
0x0000000003960000 	/System/Library/Frameworks/ApplicationServices.framework/Versions/A/Frameworks/ATS.framework/Versions/A/Resources/libTrueTypeScaler.dylib
0x000000016b880000 	/private/var/folders/zx/j9nzkyzx4dn04w6cj8zrt2j80000gn/T/jogamp_0000/file_cache/jln385997804565236634/jln8369725734285362566/libgluegen-rt.jnilib
0x000000016b884000 	/private/var/folders/zx/j9nzkyzx4dn04w6cj8zrt2j80000gn/T/jogamp_0000/file_cache/jln385997804565236634/jln8369725734285362566/libnativewindow_awt.jnilib
0x000000016b887000 	/Library/Java/JavaVirtualMachines/jdk1.8.0_66.jdk/Contents/Home/jre/lib/libjawt.dylib
0x000000016b88a000 	/private/var/folders/zx/j9nzkyzx4dn04w6cj8zrt2j80000gn/T/jogamp_0000/file_cache/jln385997804565236634/jln8369725734285362566/libnativewindow_macosx.jnilib
0x000000016d2ca000 	/private/var/folders/zx/j9nzkyzx4dn04w6cj8zrt2j80000gn/T/jogamp_0000/file_cache/jln385997804565236634/jln8369725734285362566/libjogl_desktop.jnilib
0x0000000171756000 	/Library/Java/JavaVirtualMachines/jdk1.8.0_66.jdk/Contents/Home/jre/lib/libt2k.dylib

VM Arguments:
jvm_args: -Djava.security.policy=java.policy.applet -Dfile.encoding=UTF-8 
java_command: sun.applet.AppletViewer module3.EarthquakeCityMap1447624744992.html
java_class_path (initial): /Users/aray/prep/jp/UCSDUnfoldingMaps/build:/Users/aray/prep/jp/UCSDUnfoldingMaps/lib/core.jar:/Users/aray/prep/jp/UCSDUnfoldingMaps/lib/gluegen-rt.jar:/Users/aray/prep/jp/UCSDUnfoldingMaps/lib/jogl-all.jar:/Users/aray/prep/jp/UCSDUnfoldingMaps/lib/log4j-1.2.15.jar:/Users/aray/prep/jp/UCSDUnfoldingMaps/lib/sqlite-jdbc-3.7.2.jar:/Users/aray/prep/jp/UCSDUnfoldingMaps/lib/json4processing.jar:/Users/aray/prep/jp/UCSDUnfoldingMaps/lib/libTUIO.jar:/Users/aray/prep/jp/UCSDUnfoldingMaps/lib/unfolding.0.9.7-uscd.jar
Launcher Type: SUN_STANDARD

Environment Variables:
PATH=/usr/bin:/bin:/usr/sbin:/sbin
SHELL=/bin/bash

Signal Handlers:
SIGSEGV: [libjvm.dylib+0x5a65d5], sa_mask[0]=11111111011111110111111111111111, sa_flags=SA_ONSTACK|SA_RESTART|SA_SIGINFO
SIGBUS: [libjvm.dylib+0x5a65d5], sa_mask[0]=11111111011111110111111111111111, sa_flags=SA_RESTART|SA_SIGINFO
SIGFPE: [libjvm.dylib+0x4802e8], sa_mask[0]=11111111011111110111111111111111, sa_flags=SA_RESTART|SA_SIGINFO
SIGPIPE: [libjvm.dylib+0x4802e8], sa_mask[0]=11111111011111110111111111111111, sa_flags=SA_RESTART|SA_SIGINFO
SIGXFSZ: [libjvm.dylib+0x4802e8], sa_mask[0]=11111111011111110111111111111111, sa_flags=SA_RESTART|SA_SIGINFO
SIGILL: [libjvm.dylib+0x4802e8], sa_mask[0]=11111111011111110111111111111111, sa_flags=SA_RESTART|SA_SIGINFO
SIGUSR1: SIG_DFL, sa_mask[0]=00000000000000000000000000000000, sa_flags=none
SIGUSR2: [libjvm.dylib+0x47fe06], sa_mask[0]=00100000000000000000000000000000, sa_flags=SA_RESTART|SA_SIGINFO
SIGHUP: [libjvm.dylib+0x47e3dd], sa_mask[0]=11111111011111110111111111111111, sa_flags=SA_RESTART|SA_SIGINFO
SIGINT: [libjvm.dylib+0x47e3dd], sa_mask[0]=11111111011111110111111111111111, sa_flags=SA_RESTART|SA_SIGINFO
SIGTERM: [libjvm.dylib+0x47e3dd], sa_mask[0]=11111111011111110111111111111111, sa_flags=SA_RESTART|SA_SIGINFO
SIGQUIT: [libjvm.dylib+0x47e3dd], sa_mask[0]=11111111011111110111111111111111, sa_flags=SA_RESTART|SA_SIGINFO


---------------  S Y S T E M  ---------------

OS:Bsduname:Darwin 14.4.0 Darwin Kernel Version 14.4.0: Thu May 28 11:35:04 PDT 2015; root:xnu-2782.30.5~1/RELEASE_X86_64 x86_64
rlimit: STACK 8192k, CORE 0k, NPROC 709, NOFILE 10240, AS infinity
load average:1.83 1.51 1.44

CPU:total 4 (2 cores per cpu, 2 threads per core) family 6 model 61 stepping 4, cmov, cx8, fxsr, mmx, sse, sse2, sse3, ssse3, sse4.1, sse4.2, popcnt, avx, avx2, aes, clmul, erms, 3dnowpref, lzcnt, ht, tsc, tscinvbit, bmi1, bmi2, adx

Memory: 4k page, physical 4194304k(153068k free)

/proc/meminfo:


vm_info: Java HotSpot(TM) 64-Bit Server VM (25.66-b17) for bsd-amd64 JRE (1.8.0_66-b17), built on Oct  6 2015 16:09:13 by "java_re" with gcc 4.2.1 (Based on Apple Inc. build 5658) (LLVM build 2336.11.00)

time: Sun Nov 15 13:59:16 2015
elapsed time: 11 seconds (0d 0h 0m 11s)

