#
# A fatal error has been detected by the Java Runtime Environment:
#
#  SIGSEGV (0xb) at pc=0x00007fff8a7370dd, pid=17445, tid=1811
#
# JRE version: Java(TM) SE Runtime Environment (8.0_66-b17) (build 1.8.0_66-b17)
# Java VM: Java HotSpot(TM) 64-Bit Server VM (25.66-b17 mixed mode bsd-amd64 compressed oops)
# Problematic frame:
# C  [libobjc.A.dylib+0x10dd]  objc_msgSend+0x1d
#
# Failed to write core dump. Core dumps have been disabled. To enable core dumping, try "ulimit -c unlimited" before starting Java again
#
# If you would like to submit a bug report, please visit:
#   http://bugreport.java.com/bugreport/crash.jsp
# The crash happened outside the Java Virtual Machine in native code.
# See problematic frame for where to report the bug.
#

---------------  T H R E A D  ---------------

Current thread (0x00007fa714039000):  JavaThread "AWT-AppKit" daemon [_thread_in_native, id=1811, stack(0x00007fff5a695000,0x00007fff5ae95000)]

siginfo: si_signo: 11 (SIGSEGV), si_code: 1 (SEGV_MAPERR), si_addr: 0x0000000000000018

Registers:
RAX=0x00007fa716b5aea0, RBX=0x000000016d86a450, RCX=0x00000001220412c0, RDX=0x0000000122041c80
RSP=0x00007fff5ae90628, RBP=0x00007fff5ae906e0, RSI=0x00007fff87d0141f, RDI=0x00007fa716d6a3b0
R8 =0x0000000000000000, R9 =0x0000000000000f50, R10=0x00007fff87d0141f, R11=0x0000000000000000
R12=0x0000000000000000, R13=0x000000016f417108, R14=0x000000016d86a440, R15=0x00007fa714039000
RIP=0x00007fff8a7370dd, EFLAGS=0x0000000000010246, ERR=0x0000000000000004
  TRAPNO=0x000000000000000e

Top of Stack: (sp=0x00007fff5ae90628)
0x00007fff5ae90628:   000000016d868157 00007fff5ae90680
0x00007fff5ae90638:   0000000000000003 00007fff5ae90660
0x00007fff5ae90648:   00000001059f11f6 000000016f417108
0x00007fff5ae90658:   000000016f417108 00007fa716b5aea0
0x00007fff5ae90668:   000000016d86a6a0 000000016d86a710
0x00007fff5ae90678:   00007fff75ae0550 00007fff758a7c80
0x00007fff5ae90688:   000000016d86a450 000000016d86a690
0x00007fff5ae90698:   00007fa716b5aea0 00007fa716d6a3b0
0x00007fff5ae906a8:   00007fa712d632d0 00007fa716b5aea0
0x00007fff5ae906b8:   00007fa716d6a3b0 00007fff5ae90760
0x00007fff5ae906c8:   00007fa7140391f8 000000016f417108
0x00007fff5ae906d8:   00007fff5ae90788 00007fff5ae90750
0x00007fff5ae906e8:   000000010679b954 00007fff5ae90750
0x00007fff5ae906f8:   000000010679b6d9 00000001067a7823
0x00007fff5ae90708:   000000010679b6a2 00007fff5ae90710
0x00007fff5ae90718:   000000016f417108 00007fff5ae90788
0x00007fff5ae90728:   000000016f419d40 0000000000000000
0x00007fff5ae90738:   000000016f417108 0000000000000000
0x00007fff5ae90748:   00007fff5ae90770 00007fff5ae907d0
0x00007fff5ae90758:   000000010678dc4d 00000007acbc4cf8
0x00007fff5ae90768:   0000000106795578 00007fa716b5aea0
0x00007fff5ae90778:   0000000106796db9 00007fa716d6a3b0
0x00007fff5ae90788:   0000000106796d82 00007fff5ae90790
0x00007fff5ae90798:   000000016f4172d2 00007fff5ae907f8
0x00007fff5ae907a8:   000000016f419d40 0000000000000000
0x00007fff5ae907b8:   000000016f4172e0 00007fff5ae90770
0x00007fff5ae907c8:   00007fff5ae907e0 00007fff5ae90840
0x00007fff5ae907d8:   000000010678dc4d 00007fa716b5aea0
0x00007fff5ae907e8:   00000007acc92af0 00007fa716d6a3b0
0x00007fff5ae907f8:   00000007acc92af0 00007fff5ae90800
0x00007fff5ae90808:   0000000178bdb85e 00007fff5ae90850
0x00007fff5ae90818:   0000000178bdb918 0000000000000000 

Instructions: (pc=0x00007fff8a7370dd)
0x00007fff8a7370bd:   00 00 00 48 85 ff 2e 74 7a 40 f6 c7 01 2e 75 7e
0x00007fff8a7370cd:   49 bb f8 ff ff ff ff 7f 00 00 4c 23 1f 49 89 f2
0x00007fff8a7370dd:   45 23 53 18 49 c1 e2 04 4d 03 53 10 49 3b 32 75
0x00007fff8a7370ed:   04 41 ff 62 08 49 83 3a 00 74 6a 4d 3b 53 10 74 

Register to memory mapping:

RAX=0x00007fa716b5aea0 is an unknown value
RBX=0x000000016d86a450: Java_jogamp_nativewindow_macosx_OSXUtil_GetScreenRefreshRate0+0x1cf0 in /private/var/folders/zx/j9nzkyzx4dn04w6cj8zrt2j80000gn/T/jogamp_0000/file_cache/jln7652740953372385390/jln4207647545966001944/libnativewindow_macosx.jnilib at 0x000000016d863000
RCX=0x00000001220412c0 is an unknown value
RDX=0x0000000122041c80 is an unknown value
RSP=0x00007fff5ae90628 is pointing into the stack for thread: 0x00007fa714039000
RBP=0x00007fff5ae906e0 is pointing into the stack for thread: 0x00007fa714039000
RSI=0x00007fff87d0141f is an unknown value
RDI=0x00007fa716d6a3b0 is an unknown value
R8 =0x0000000000000000 is an unknown value
R9 =0x0000000000000f50 is an unknown value
R10=0x00007fff87d0141f is an unknown value
R11=0x0000000000000000 is an unknown value
R12=0x0000000000000000 is an unknown value
R13={method} {0x000000016f417108} 'UnsetJAWTRootSurfaceLayer0' '(JJ)V' in 'jogamp/nativewindow/jawt/macosx/MacOSXJAWTWindow'
R14=0x000000016d86a440: Java_jogamp_nativewindow_macosx_OSXUtil_GetScreenRefreshRate0+0x1ce0 in /private/var/folders/zx/j9nzkyzx4dn04w6cj8zrt2j80000gn/T/jogamp_0000/file_cache/jln7652740953372385390/jln4207647545966001944/libnativewindow_macosx.jnilib at 0x000000016d863000
R15=0x00007fa714039000 is a thread


Stack: [0x00007fff5a695000,0x00007fff5ae95000],  sp=0x00007fff5ae90628,  free space=8173k
Native frames: (J=compiled Java code, j=interpreted, Vv=VM code, C=native code)
C  [libobjc.A.dylib+0x10dd]  objc_msgSend+0x1d
j  jogamp.nativewindow.jawt.macosx.MacOSXJAWTWindow.UnsetJAWTRootSurfaceLayer0(JJ)V+0
j  jogamp.nativewindow.jawt.macosx.MacOSXJAWTWindow.access$200(JJ)V+2
j  jogamp.nativewindow.jawt.macosx.MacOSXJAWTWindow$1.run()V+38
j  com.jogamp.common.util.RunnableTask.run()V+24
v  ~StubRoutines::call_stub
V  [libjvm.dylib+0x2ea35e]
V  [libjvm.dylib+0x321467]
V  [libjvm.dylib+0x313c3b]
C  [libnativewindow_macosx.jnilib+0x5326]  Java_jogamp_nativewindow_jawt_macosx_MacOSXJAWTWindow_UnsetJAWTRootSurfaceLayer0+0x2b6
C  [Foundation+0x92d00]  __NSThreadPerformPerform+0x125
C  [CoreFoundation+0x80a01]  __CFRUNLOOP_IS_CALLING_OUT_TO_A_SOURCE0_PERFORM_FUNCTION__+0x11
C  [CoreFoundation+0x72c5c]  __CFRunLoopDoSources0+0x1dc
C  [CoreFoundation+0x721bf]  __CFRunLoopRun+0x39f
C  [CoreFoundation+0x71bd8]  CFRunLoopRunSpecific+0x128
C  [HIToolbox+0x3256f]  RunCurrentEventLoopInMode+0xeb
C  [HIToolbox+0x321ee]  ReceiveNextEventCommon+0xb3
C  [HIToolbox+0x3212b]  _BlockUntilNextEventMatchingListInModeWithFilter+0x47
C  [AppKit+0x918ab]  _DPSNextEvent+0x3d2
C  [AppKit+0x90e58]  -[NSApplication nextEventMatchingMask:untilDate:inMode:dequeue:]+0x15a
C  [libosxapp.dylib+0x23aa]  -[NSApplicationAWT nextEventMatchingMask:untilDate:inMode:dequeue:]+0x7c
C  [AppKit+0x86af3]  -[NSApplication run]+0x252
C  [libosxapp.dylib+0x214d]  +[NSApplicationAWT runAWTLoopWithApp:]+0x9c
C  [libawt_lwawt.dylib+0x4455b]  -[AWTStarter starter:]+0x389
C  [Foundation+0x92d00]  __NSThreadPerformPerform+0x125
C  [CoreFoundation+0x80a01]  __CFRUNLOOP_IS_CALLING_OUT_TO_A_SOURCE0_PERFORM_FUNCTION__+0x11
C  [CoreFoundation+0x72b8d]  __CFRunLoopDoSources0+0x10d
C  [CoreFoundation+0x721bf]  __CFRunLoopRun+0x39f
C  [CoreFoundation+0x71bd8]  CFRunLoopRunSpecific+0x128
C  [java+0x6463]  CreateExecutionEnvironment+0x367
C  [java+0x21ac]  JLI_Launch+0x7a0
C  [java+0x84c0]  main+0x65
C  [java+0x1a04]  start+0x34
C  0x0000000000000007

Java frames: (J=compiled Java code, j=interpreted, Vv=VM code)
j  jogamp.nativewindow.jawt.macosx.MacOSXJAWTWindow.UnsetJAWTRootSurfaceLayer0(JJ)V+0
j  jogamp.nativewindow.jawt.macosx.MacOSXJAWTWindow.access$200(JJ)V+2
j  jogamp.nativewindow.jawt.macosx.MacOSXJAWTWindow$1.run()V+38
j  com.jogamp.common.util.RunnableTask.run()V+24
v  ~StubRoutines::call_stub

---------------  P R O C E S S  ---------------

Java Threads: ( => current thread )
  0x00007fa71346e000 JavaThread "Thread-19" [_thread_blocked, id=62059, stack(0x0000000176092000,0x0000000176192000)]
  0x00007fa713680000 JavaThread "Image Fetcher 2" daemon [_thread_blocked, id=64515, stack(0x0000000174f9c000,0x000000017509c000)]
  0x00007fa717846800 JavaThread "Image Fetcher 1" daemon [_thread_blocked, id=64003, stack(0x0000000174e99000,0x0000000174f99000)]
  0x00007fa714ad6000 JavaThread "Image Fetcher 0" daemon [_thread_blocked, id=63491, stack(0x0000000174d96000,0x0000000174e96000)]
  0x00007fa71423f800 JavaThread "Keep-Alive-Timer" daemon [_thread_blocked, id=63215, stack(0x0000000174c93000,0x0000000174d93000)]
  0x00007fa713bdf000 JavaThread "AWT-EventQueue-1" [_thread_in_native, id=57363, stack(0x000000016de93000,0x000000016df93000)]
  0x00007fa71416a800 JavaThread "DestroyJavaVM" [_thread_blocked, id=4867, stack(0x0000000104e82000,0x0000000104f82000)]
  0x00007fa714936000 JavaThread "AWT-EventQueue-0" [_thread_blocked, id=54787, stack(0x0000000121f26000,0x0000000122026000)]
  0x00007fa7139f2800 JavaThread "Java2D Disposer" daemon [_thread_blocked, id=51735, stack(0x0000000120d43000,0x0000000120e43000)]
  0x00007fa71411a800 JavaThread "Java2D Queue Flusher" daemon [_thread_blocked, id=50439, stack(0x0000000120437000,0x0000000120537000)]
  0x00007fa71311c000 JavaThread "AWT-Shutdown" [_thread_blocked, id=28179, stack(0x000000011d947000,0x000000011da47000)]
=>0x00007fa714039000 JavaThread "AWT-AppKit" daemon [_thread_in_native, id=1811, stack(0x00007fff5a695000,0x00007fff5ae95000)]
  0x00007fa714816000 JavaThread "Service Thread" daemon [_thread_blocked, id=18179, stack(0x000000011bf9a000,0x000000011c09a000)]
  0x00007fa713049800 JavaThread "C1 CompilerThread2" daemon [_thread_blocked, id=17667, stack(0x000000011be97000,0x000000011bf97000)]
  0x00007fa713036000 JavaThread "C2 CompilerThread1" daemon [_thread_blocked, id=17155, stack(0x000000011bd94000,0x000000011be94000)]
  0x00007fa713844800 JavaThread "C2 CompilerThread0" daemon [_thread_blocked, id=16643, stack(0x000000011bc91000,0x000000011bd91000)]
  0x00007fa713843800 JavaThread "Signal Dispatcher" daemon [_thread_blocked, id=13335, stack(0x000000011bb8e000,0x000000011bc8e000)]
  0x00007fa713039000 JavaThread "Finalizer" daemon [_thread_blocked, id=11523, stack(0x000000011a17e000,0x000000011a27e000)]
  0x00007fa71300a000 JavaThread "Reference Handler" daemon [_thread_blocked, id=11011, stack(0x000000011a07b000,0x000000011a17b000)]

Other Threads:
  0x00007fa713827000 VMThread [stack: 0x0000000119f78000,0x000000011a078000] [id=10499]
  0x00007fa714002800 WatcherThread [stack: 0x000000011c09d000,0x000000011c19d000] [id=18691]

VM state:not at safepoint (normal execution)

VM Mutex/Monitor currently owned by a thread: None

Heap:
 PSYoungGen      total 34304K, used 31722K [0x00000007aab00000, 0x00000007ade00000, 0x00000007c0000000)
  eden space 31744K, 91% used [0x00000007aab00000,0x00000007ac77d508,0x00000007aca00000)
  from space 2560K, 99% used [0x00000007acb00000,0x00000007acd7d668,0x00000007acd80000)
  to   space 10240K, 0% used [0x00000007ad400000,0x00000007ad400000,0x00000007ade00000)
 ParOldGen       total 44032K, used 18903K [0x0000000780000000, 0x0000000782b00000, 0x00000007aab00000)
  object space 44032K, 42% used [0x0000000780000000,0x0000000781275ce0,0x0000000782b00000)
 Metaspace       used 20375K, capacity 20601K, committed 20864K, reserved 1069056K
  class space    used 2027K, capacity 2109K, committed 2176K, reserved 1048576K

Card table byte_map: [0x0000000115b46000,0x0000000115d47000] byte_map_base: 0x0000000111f46000

Marking Bits: (ParMarkBitMap*) 0x00000001060dde20
 Begin Bits: [0x00000001162a9000, 0x00000001172a9000)
 End Bits:   [0x00000001172a9000, 0x00000001182a9000)

Polling page: 0x0000000104fc7000

CodeCache: size=245760Kb used=6557Kb max_used=7052Kb free=239202Kb
 bounds [0x0000000106786000, 0x0000000106e76000, 0x0000000115786000]
 total_blobs=2618 nmethods=1731 adapters=801
 compilation: enabled

Compilation events (10 events):
Event: 9.267 Thread 0x00007fa713049800 1977       3       sun.java2d.pipe.Region::getInstanceXYXY (12 bytes)
Event: 9.268 Thread 0x00007fa713049800 nmethod 1977 0x0000000106cd1a90 code [0x0000000106cd1c00, 0x0000000106cd1e50]
Event: 9.268 Thread 0x00007fa713049800 1975   !   3       sun.lwawt.LWContainerPeer::getChildren (29 bytes)
Event: 9.268 Thread 0x00007fa713049800 nmethod 1975 0x0000000106b25710 code [0x0000000106b258a0, 0x0000000106b25ea8]
Event: 9.298 Thread 0x00007fa713844800 1978       4       java.util.HashMap::containsKey (18 bytes)
Event: 9.308 Thread 0x00007fa713844800 nmethod 1978 0x0000000106cd12d0 code [0x0000000106cd1440, 0x0000000106cd1758]
Event: 9.319 Thread 0x00007fa713049800 1979       1       sun.java2d.SurfaceData::isValid (5 bytes)
Event: 9.319 Thread 0x00007fa713049800 nmethod 1979 0x0000000106bcd210 code [0x0000000106bcd360, 0x0000000106bcd470]
Event: 9.319 Thread 0x00007fa713049800 1980   !   3       java.awt.EventQueue::isDispatchThreadImpl (99 bytes)
Event: 9.320 Thread 0x00007fa713049800 nmethod 1980 0x0000000106b89050 code [0x0000000106b89260, 0x0000000106b89da8]

GC Heap History (10 events):
Event: 2.033 GC heap before
{Heap before GC invocations=1 (full 0):
 PSYoungGen      total 18944K, used 16384K [0x00000007aab00000, 0x00000007ac000000, 0x00000007c0000000)
  eden space 16384K, 100% used [0x00000007aab00000,0x00000007abb00000,0x00000007abb00000)
  from space 2560K, 0% used [0x00000007abd80000,0x00000007abd80000,0x00000007ac000000)
  to   space 2560K, 0% used [0x00000007abb00000,0x00000007abb00000,0x00000007abd80000)
 ParOldGen       total 44032K, used 0K [0x0000000780000000, 0x0000000782b00000, 0x00000007aab00000)
  object space 44032K, 0% used [0x0000000780000000,0x0000000780000000,0x0000000782b00000)
 Metaspace       used 11574K, capacity 11804K, committed 11904K, reserved 1060864K
  class space    used 1291K, capacity 1378K, committed 1408K, reserved 1048576K
Event: 2.040 GC heap after
Heap after GC invocations=1 (full 0):
 PSYoungGen      total 18944K, used 2546K [0x00000007aab00000, 0x00000007ac000000, 0x00000007c0000000)
  eden space 16384K, 0% used [0x00000007aab00000,0x00000007aab00000,0x00000007abb00000)
  from space 2560K, 99% used [0x00000007abb00000,0x00000007abd7ca28,0x00000007abd80000)
  to   space 2560K, 0% used [0x00000007abd80000,0x00000007abd80000,0x00000007ac000000)
 ParOldGen       total 44032K, used 723K [0x0000000780000000, 0x0000000782b00000, 0x00000007aab00000)
  object space 44032K, 1% used [0x0000000780000000,0x00000007800b4ce0,0x0000000782b00000)
 Metaspace       used 11574K, capacity 11804K, committed 11904K, reserved 1060864K
  class space    used 1291K, capacity 1378K, committed 1408K, reserved 1048576K
}
Event: 2.537 GC heap before
{Heap before GC invocations=2 (full 0):
 PSYoungGen      total 18944K, used 18930K [0x00000007aab00000, 0x00000007ac000000, 0x00000007c0000000)
  eden space 16384K, 100% used [0x00000007aab00000,0x00000007abb00000,0x00000007abb00000)
  from space 2560K, 99% used [0x00000007abb00000,0x00000007abd7ca28,0x00000007abd80000)
  to   space 2560K, 0% used [0x00000007abd80000,0x00000007abd80000,0x00000007ac000000)
 ParOldGen       total 44032K, used 723K [0x0000000780000000, 0x0000000782b00000, 0x00000007aab00000)
  object space 44032K, 1% used [0x0000000780000000,0x00000007800b4ce0,0x0000000782b00000)
 Metaspace       used 16111K, capacity 16367K, committed 16640K, reserved 1064960K
  class space    used 1630K, capacity 1724K, committed 1792K, reserved 1048576K
Event: 2.543 GC heap after
Heap after GC invocations=2 (full 0):
 PSYoungGen      total 18944K, used 2528K [0x00000007aab00000, 0x00000007ac000000, 0x00000007c0000000)
  eden space 16384K, 0% used [0x00000007aab00000,0x00000007aab00000,0x00000007abb00000)
  from space 2560K, 98% used [0x00000007abd80000,0x00000007abff8020,0x00000007ac000000)
  to   space 2560K, 0% used [0x00000007abb00000,0x00000007abb00000,0x00000007abd80000)
 ParOldGen       total 44032K, used 2731K [0x0000000780000000, 0x0000000782b00000, 0x00000007aab00000)
  object space 44032K, 6% used [0x0000000780000000,0x00000007802aac90,0x0000000782b00000)
 Metaspace       used 16111K, capacity 16367K, committed 16640K, reserved 1064960K
  class space    used 1630K, capacity 1724K, committed 1792K, reserved 1048576K
}
Event: 3.509 GC heap before
{Heap before GC invocations=3 (full 0):
 PSYoungGen      total 18944K, used 18912K [0x00000007aab00000, 0x00000007ac000000, 0x00000007c0000000)
  eden space 16384K, 100% used [0x00000007aab00000,0x00000007abb00000,0x00000007abb00000)
  from space 2560K, 98% used [0x00000007abd80000,0x00000007abff8020,0x00000007ac000000)
  to   space 2560K, 0% used [0x00000007abb00000,0x00000007abb00000,0x00000007abd80000)
 ParOldGen       total 44032K, used 2731K [0x0000000780000000, 0x0000000782b00000, 0x00000007aab00000)
  object space 44032K, 6% used [0x0000000780000000,0x00000007802aac90,0x0000000782b00000)
 Metaspace       used 19498K, capacity 19663K, committed 19840K, reserved 1067008K
  class space    used 1983K, capacity 2076K, committed 2176K, reserved 1048576K
Event: 3.524 GC heap after
Heap after GC invocations=3 (full 0):
 PSYoungGen      total 18944K, used 2529K [0x00000007aab00000, 0x00000007ad000000, 0x00000007c0000000)
  eden space 16384K, 0% used [0x00000007aab00000,0x00000007aab00000,0x00000007abb00000)
  from space 2560K, 98% used [0x00000007abb00000,0x00000007abd78780,0x00000007abd80000)
  to   space 2560K, 0% used [0x00000007acd80000,0x00000007acd80000,0x00000007ad000000)
 ParOldGen       total 44032K, used 10762K [0x0000000780000000, 0x0000000782b00000, 0x00000007aab00000)
  object space 44032K, 24% used [0x0000000780000000,0x0000000780a82820,0x0000000782b00000)
 Metaspace       used 19498K, capacity 19663K, committed 19840K, reserved 1067008K
  class space    used 1983K, capacity 2076K, committed 2176K, reserved 1048576K
}
Event: 4.061 GC heap before
{Heap before GC invocations=4 (full 0):
 PSYoungGen      total 18944K, used 18882K [0x00000007aab00000, 0x00000007ad000000, 0x00000007c0000000)
  eden space 16384K, 99% used [0x00000007aab00000,0x00000007abaf82f8,0x00000007abb00000)
  from space 2560K, 98% used [0x00000007abb00000,0x00000007abd78780,0x00000007abd80000)
  to   space 2560K, 0% used [0x00000007acd80000,0x00000007acd80000,0x00000007ad000000)
 ParOldGen       total 44032K, used 10762K [0x0000000780000000, 0x0000000782b00000, 0x00000007aab00000)
  object space 44032K, 24% used [0x0000000780000000,0x0000000780a82820,0x0000000782b00000)
 Metaspace       used 20049K, capacity 20271K, committed 20608K, reserved 1067008K
  class space    used 2019K, capacity 2108K, committed 2176K, reserved 1048576K
Event: 4.069 GC heap after
Heap after GC invocations=4 (full 0):
 PSYoungGen      total 35328K, used 2528K [0x00000007aab00000, 0x00000007ad000000, 0x00000007c0000000)
  eden space 32768K, 0% used [0x00000007aab00000,0x00000007aab00000,0x00000007acb00000)
  from space 2560K, 98% used [0x00000007acd80000,0x00000007acff80a0,0x00000007ad000000)
  to   space 2560K, 0% used [0x00000007acb00000,0x00000007acb00000,0x00000007acd80000)
 ParOldGen       total 44032K, used 15657K [0x0000000780000000, 0x0000000782b00000, 0x00000007aab00000)
  object space 44032K, 35% used [0x0000000780000000,0x0000000780f4a7e0,0x0000000782b00000)
 Metaspace       used 20049K, capacity 20271K, committed 20608K, reserved 1067008K
  class space    used 2019K, capacity 2108K, committed 2176K, reserved 1048576K
}
Event: 6.438 GC heap before
{Heap before GC invocations=5 (full 0):
 PSYoungGen      total 35328K, used 35296K [0x00000007aab00000, 0x00000007ad000000, 0x00000007c0000000)
  eden space 32768K, 100% used [0x00000007aab00000,0x00000007acb00000,0x00000007acb00000)
  from space 2560K, 98% used [0x00000007acd80000,0x00000007acff80a0,0x00000007ad000000)
  to   space 2560K, 0% used [0x00000007acb00000,0x00000007acb00000,0x00000007acd80000)
 ParOldGen       total 44032K, used 15657K [0x0000000780000000, 0x0000000782b00000, 0x00000007aab00000)
  object space 44032K, 35% used [0x0000000780000000,0x0000000780f4a7e0,0x0000000782b00000)
 Metaspace       used 20294K, capacity 20473K, committed 20608K, reserved 1067008K
  class space    used 2019K, capacity 2109K, committed 2176K, reserved 1048576K
Event: 6.446 GC heap after
Heap after GC invocations=5 (full 0):
 PSYoungGen      total 34304K, used 2549K [0x00000007aab00000, 0x00000007ade00000, 0x00000007c0000000)
  eden space 31744K, 0% used [0x00000007aab00000,0x00000007aab00000,0x00000007aca00000)
  from space 2560K, 99% used [0x00000007acb00000,0x00000007acd7d668,0x00000007acd80000)
  to   space 10240K, 0% used [0x00000007ad400000,0x00000007ad400000,0x00000007ade00000)
 ParOldGen       total 44032K, used 18903K [0x0000000780000000, 0x0000000782b00000, 0x00000007aab00000)
  object space 44032K, 42% used [0x0000000780000000,0x0000000781275ce0,0x0000000782b00000)
 Metaspace       used 20294K, capacity 20473K, committed 20608K, reserved 1067008K
  class space    used 2019K, capacity 2109K, committed 2176K, reserved 1048576K
}

Deoptimization events (8 events):
Event: 1.843 Thread 0x00007fa71493a000 Uncommon trap: reason=unstable_if action=reinterpret pc=0x00000001069554c0 method=java.lang.String.toLowerCase(Ljava/util/Locale;)Ljava/lang/String; @ 85
Event: 2.092 Thread 0x00007fa713194800 Uncommon trap: reason=unstable_if action=reinterpret pc=0x00000001069e3b54 method=java.lang.String.indexOf([CII[CIII)I @ 3
Event: 2.092 Thread 0x00007fa713194800 Uncommon trap: reason=unstable_if action=reinterpret pc=0x0000000106940818 method=java.lang.String.indexOf([CII[CIII)I @ 3
Event: 3.017 Thread 0x00007fa713bdf000 Uncommon trap: reason=unstable_if action=reinterpret pc=0x0000000106928510 method=java.lang.AbstractStringBuilder.append(Ljava/lang/String;)Ljava/lang/AbstractStringBuilder; @ 1
Event: 3.248 Thread 0x00007fa713bdf000 Uncommon trap: reason=unstable_if action=reinterpret pc=0x0000000106b5b2e8 method=com.sun.org.apache.xerces.internal.impl.XMLEntityScanner.skipChar(I)Z @ 14
Event: 3.255 Thread 0x00007fa713bdf000 Uncommon trap: reason=unstable_if action=reinterpret pc=0x0000000106b5c890 method=com.sun.org.apache.xerces.internal.impl.XMLEntityScanner.skipSpaces()Z @ 14
Event: 4.123 Thread 0x00007fa713bdf000 Uncommon trap: reason=unstable_if action=reinterpret pc=0x0000000106cd4f28 method=processing.opengl.PGraphicsOpenGL$InGeometry.addVertex(FFFIFFFFFIFIIIFIZ)I @ 218
Event: 9.133 Thread 0x00007fa713bdf000 Uncommon trap: reason=unstable_if action=reinterpret pc=0x0000000106dbd168 method=com.jogamp.common.util.VersionNumber.compareTo(Lcom/jogamp/common/util/VersionNumber;)I @ 21

Internal exceptions (10 events):
Event: 0.159 Thread 0x00007fa714803000 Exception <a 'java/lang/NoSuchFieldError': method resolution failed> (0x00000007aad00da0) thrown at [/HUDSON3/workspace/8-2-build-macosx-x86_64/jdk8u66/4988/hotspot/src/share/vm/prims/methodHandles.cpp, line 1146]
Event: 0.162 Thread 0x00007fa714803000 Exception <a 'java/lang/NoSuchFieldError': method resolution failed> (0x00000007aad0e570) thrown at [/HUDSON3/workspace/8-2-build-macosx-x86_64/jdk8u66/4988/hotspot/src/share/vm/prims/methodHandles.cpp, line 1146]
Event: 0.373 Thread 0x00007fa714803000 Exception <a 'java/io/FileNotFoundException'> (0x00000007aad8a4e8) thrown at [/HUDSON3/workspace/8-2-build-macosx-x86_64/jdk8u66/4988/hotspot/src/share/vm/prims/jni.cpp, line 709]
Event: 0.373 Thread 0x00007fa714803000 Exception <a 'java/io/FileNotFoundException'> (0x00000007aad8b028) thrown at [/HUDSON3/workspace/8-2-build-macosx-x86_64/jdk8u66/4988/hotspot/src/share/vm/prims/jni.cpp, line 709]
Event: 0.522 Thread 0x00007fa714803000 Exception <a 'java/io/FileNotFoundException'> (0x00000007aae709b8) thrown at [/HUDSON3/workspace/8-2-build-macosx-x86_64/jdk8u66/4988/hotspot/src/share/vm/prims/jni.cpp, line 709]
Event: 2.041 Thread 0x00007fa713039000 Exception <a 'java/lang/NullPointerException'> (0x00000007aab32030) thrown at [/HUDSON3/workspace/8-2-build-macosx-x86_64/jdk8u66/4988/hotspot/src/share/vm/interpreter/linkResolver.cpp, line 1178]
Event: 2.112 Thread 0x00007fa713194800 Exception <a 'java/lang/UnsatisfiedLinkError': com.jogamp.common.util.JarUtil.fixNativeLibAttribs(Ljava/lang/String;)Z> (0x00000007aaeac140) thrown at [/HUDSON3/workspace/8-2-build-macosx-x86_64/jdk8u66/4988/hotspot/src/share/vm/prims/nativeLookup.cpp, li
Event: 3.016 Thread 0x00007fa713bdf000 Exception <a 'java/io/FileNotFoundException'> (0x00000007ab089ee0) thrown at [/HUDSON3/workspace/8-2-build-macosx-x86_64/jdk8u66/4988/hotspot/src/share/vm/prims/jni.cpp, line 709]
Event: 3.017 Thread 0x00007fa713bdf000 Exception <a 'java/io/FileNotFoundException'> (0x00000007ab08fa30) thrown at [/HUDSON3/workspace/8-2-build-macosx-x86_64/jdk8u66/4988/hotspot/src/share/vm/prims/jni.cpp, line 709]
Event: 3.017 Thread 0x00007fa713bdf000 Implicit null exception at 0x0000000106928173 to 0x00000001069284fd

Events (10 events):
Event: 9.316 loading class jogamp/nativewindow/jawt/macosx/MacOSXJAWTWindow$1 done
Event: 9.318 loading class java/awt/LightweightDispatcher$2
Event: 9.318 loading class java/awt/LightweightDispatcher$2 done
Event: 9.318 loading class java/awt/event/AWTEventListenerProxy
Event: 9.318 loading class java/awt/event/AWTEventListenerProxy done
Event: 9.318 loading class java/awt/Toolkit$ToolkitEventMulticaster
Event: 9.318 loading class java/awt/Toolkit$ToolkitEventMulticaster done
Event: 9.319 Thread 0x00007fa71492d800 Thread exited: 0x00007fa71492d800
Event: 9.319 loading class java/awt/Window$1DisposeAction
Event: 9.319 loading class java/awt/Window$1DisposeAction done


Dynamic libraries:
0x0000000003960000 	/System/Library/Frameworks/Cocoa.framework/Versions/A/Cocoa
0x0000000003960000 	/System/Library/Frameworks/Security.framework/Versions/A/Security
0x0000000003960000 	/System/Library/Frameworks/ApplicationServices.framework/Versions/A/ApplicationServices
0x0000000003960000 	/usr/lib/libz.1.dylib
0x0000000003960000 	/usr/lib/libSystem.B.dylib
0x0000000003960000 	/usr/lib/libobjc.A.dylib
0x0000000003960000 	/System/Library/Frameworks/CoreFoundation.framework/Versions/A/CoreFoundation
0x0000000003960000 	/System/Library/Frameworks/Foundation.framework/Versions/C/Foundation
0x0000000003960000 	/System/Library/Frameworks/AppKit.framework/Versions/C/AppKit
0x0000000003960000 	/System/Library/Frameworks/CoreData.framework/Versions/A/CoreData
0x0000000003960000 	/System/Library/PrivateFrameworks/RemoteViewServices.framework/Versions/A/RemoteViewServices
0x0000000003960000 	/System/Library/PrivateFrameworks/UIFoundation.framework/Versions/A/UIFoundation
0x0000000003960000 	/System/Library/Frameworks/IOSurface.framework/Versions/A/IOSurface
0x0000000003960000 	/System/Library/Frameworks/AudioToolbox.framework/Versions/A/AudioToolbox
0x0000000003960000 	/System/Library/Frameworks/AudioUnit.framework/Versions/A/AudioUnit
0x0000000003960000 	/System/Library/PrivateFrameworks/DataDetectorsCore.framework/Versions/A/DataDetectorsCore
0x0000000003960000 	/System/Library/PrivateFrameworks/DesktopServicesPriv.framework/Versions/A/DesktopServicesPriv
0x0000000003960000 	/System/Library/Frameworks/Carbon.framework/Versions/A/Frameworks/HIToolbox.framework/Versions/A/HIToolbox
0x0000000003960000 	/System/Library/Frameworks/QuartzCore.framework/Versions/A/QuartzCore
0x0000000003960000 	/System/Library/Frameworks/Carbon.framework/Versions/A/Frameworks/SpeechRecognition.framework/Versions/A/SpeechRecognition
0x0000000003960000 	/usr/lib/libauto.dylib
0x0000000003960000 	/usr/lib/libicucore.A.dylib
0x0000000003960000 	/usr/lib/libxml2.2.dylib
0x0000000003960000 	/System/Library/PrivateFrameworks/CoreUI.framework/Versions/A/CoreUI
0x0000000003960000 	/System/Library/Frameworks/CoreAudio.framework/Versions/A/CoreAudio
0x0000000003960000 	/System/Library/Frameworks/DiskArbitration.framework/Versions/A/DiskArbitration
0x0000000003960000 	/usr/lib/liblangid.dylib
0x0000000003960000 	/System/Library/PrivateFrameworks/MultitouchSupport.framework/Versions/A/MultitouchSupport
0x0000000003960000 	/System/Library/Frameworks/IOKit.framework/Versions/A/IOKit
0x0000000003960000 	/usr/lib/libDiagnosticMessagesClient.dylib
0x0000000003960000 	/System/Library/Frameworks/CoreServices.framework/Versions/A/CoreServices
0x0000000003960000 	/System/Library/PrivateFrameworks/PerformanceAnalysis.framework/Versions/A/PerformanceAnalysis
0x0000000003960000 	/System/Library/PrivateFrameworks/GenerationalStorage.framework/Versions/A/GenerationalStorage
0x0000000003960000 	/System/Library/Frameworks/OpenGL.framework/Versions/A/OpenGL
0x0000000003960000 	/System/Library/PrivateFrameworks/Sharing.framework/Versions/A/Sharing
0x0000000003960000 	/System/Library/Frameworks/CoreGraphics.framework/Versions/A/CoreGraphics
0x0000000003960000 	/System/Library/Frameworks/CoreText.framework/Versions/A/CoreText
0x0000000003960000 	/System/Library/Frameworks/ImageIO.framework/Versions/A/ImageIO
0x0000000003960000 	/usr/lib/libextension.dylib
0x0000000003960000 	/System/Library/PrivateFrameworks/Backup.framework/Versions/A/Backup
0x0000000003960000 	/usr/lib/libarchive.2.dylib
0x0000000003960000 	/System/Library/Frameworks/CFNetwork.framework/Versions/A/CFNetwork
0x0000000003960000 	/System/Library/Frameworks/SystemConfiguration.framework/Versions/A/SystemConfiguration
0x0000000003960000 	/usr/lib/libCRFSuite.dylib
0x0000000003960000 	/usr/lib/libc++.1.dylib
0x0000000003960000 	/usr/lib/libc++abi.dylib
0x0000000003960000 	/usr/lib/system/libcache.dylib
0x0000000003960000 	/usr/lib/system/libcommonCrypto.dylib
0x0000000003960000 	/usr/lib/system/libcompiler_rt.dylib
0x0000000003960000 	/usr/lib/system/libcopyfile.dylib
0x0000000003960000 	/usr/lib/system/libcorecrypto.dylib
0x0000000003960000 	/usr/lib/system/libdispatch.dylib
0x0000000003960000 	/usr/lib/system/libdyld.dylib
0x0000000003960000 	/usr/lib/system/libkeymgr.dylib
0x0000000003960000 	/usr/lib/system/liblaunch.dylib
0x0000000003960000 	/usr/lib/system/libmacho.dylib
0x0000000003960000 	/usr/lib/system/libquarantine.dylib
0x0000000003960000 	/usr/lib/system/libremovefile.dylib
0x0000000003960000 	/usr/lib/system/libsystem_asl.dylib
0x0000000003960000 	/usr/lib/system/libsystem_blocks.dylib
0x0000000003960000 	/usr/lib/system/libsystem_c.dylib
0x0000000003960000 	/usr/lib/system/libsystem_configuration.dylib
0x0000000003960000 	/usr/lib/system/libsystem_coreservices.dylib
0x0000000003960000 	/usr/lib/system/libsystem_coretls.dylib
0x0000000003960000 	/usr/lib/system/libsystem_dnssd.dylib
0x0000000003960000 	/usr/lib/system/libsystem_info.dylib
0x0000000003960000 	/usr/lib/system/libsystem_kernel.dylib
0x0000000003960000 	/usr/lib/system/libsystem_m.dylib
0x0000000003960000 	/usr/lib/system/libsystem_malloc.dylib
0x0000000003960000 	/usr/lib/system/libsystem_network.dylib
0x0000000003960000 	/usr/lib/system/libsystem_networkextension.dylib
0x0000000003960000 	/usr/lib/system/libsystem_notify.dylib
0x0000000003960000 	/usr/lib/system/libsystem_platform.dylib
0x0000000003960000 	/usr/lib/system/libsystem_pthread.dylib
0x0000000003960000 	/usr/lib/system/libsystem_sandbox.dylib
0x0000000003960000 	/usr/lib/system/libsystem_secinit.dylib
0x0000000003960000 	/usr/lib/system/libsystem_stats.dylib
0x0000000003960000 	/usr/lib/system/libsystem_trace.dylib
0x0000000003960000 	/usr/lib/system/libunc.dylib
0x0000000003960000 	/usr/lib/system/libunwind.dylib
0x0000000003960000 	/usr/lib/system/libxpc.dylib
0x0000000003960000 	/usr/lib/libbz2.1.0.dylib
0x0000000003960000 	/usr/lib/liblzma.5.dylib
0x0000000003960000 	/usr/lib/libbsm.0.dylib
0x0000000003960000 	/usr/lib/libsqlite3.dylib
0x0000000003960000 	/usr/lib/system/libkxld.dylib
0x0000000003960000 	/usr/lib/libxar.1.dylib
0x0000000003960000 	/usr/lib/libpam.2.dylib
0x0000000003960000 	/usr/lib/libOpenScriptingUtil.dylib
0x0000000003960000 	/System/Library/Frameworks/CoreServices.framework/Versions/A/Frameworks/FSEvents.framework/Versions/A/FSEvents
0x0000000003960000 	/System/Library/Frameworks/CoreServices.framework/Versions/A/Frameworks/CarbonCore.framework/Versions/A/CarbonCore
0x0000000003960000 	/System/Library/Frameworks/CoreServices.framework/Versions/A/Frameworks/Metadata.framework/Versions/A/Metadata
0x0000000003960000 	/System/Library/Frameworks/CoreServices.framework/Versions/A/Frameworks/OSServices.framework/Versions/A/OSServices
0x0000000003960000 	/System/Library/Frameworks/CoreServices.framework/Versions/A/Frameworks/SearchKit.framework/Versions/A/SearchKit
0x0000000003960000 	/System/Library/Frameworks/CoreServices.framework/Versions/A/Frameworks/AE.framework/Versions/A/AE
0x0000000003960000 	/System/Library/Frameworks/CoreServices.framework/Versions/A/Frameworks/LaunchServices.framework/Versions/A/LaunchServices
0x0000000003960000 	/System/Library/Frameworks/CoreServices.framework/Versions/A/Frameworks/DictionaryServices.framework/Versions/A/DictionaryServices
0x0000000003960000 	/System/Library/Frameworks/NetFS.framework/Versions/A/NetFS
0x0000000003960000 	/System/Library/PrivateFrameworks/NetAuth.framework/Versions/A/NetAuth
0x0000000003960000 	/System/Library/PrivateFrameworks/login.framework/Versions/A/Frameworks/loginsupport.framework/Versions/A/loginsupport
0x0000000003960000 	/System/Library/PrivateFrameworks/TCC.framework/Versions/A/TCC
0x0000000003960000 	/usr/lib/libmecabra.dylib
0x0000000003960000 	/System/Library/Frameworks/ApplicationServices.framework/Versions/A/Frameworks/ATS.framework/Versions/A/ATS
0x0000000003960000 	/System/Library/Frameworks/ApplicationServices.framework/Versions/A/Frameworks/ColorSync.framework/Versions/A/ColorSync
0x0000000003960000 	/System/Library/Frameworks/ApplicationServices.framework/Versions/A/Frameworks/HIServices.framework/Versions/A/HIServices
0x0000000003960000 	/System/Library/Frameworks/ApplicationServices.framework/Versions/A/Frameworks/LangAnalysis.framework/Versions/A/LangAnalysis
0x0000000003960000 	/System/Library/Frameworks/ApplicationServices.framework/Versions/A/Frameworks/PrintCore.framework/Versions/A/PrintCore
0x0000000003960000 	/System/Library/Frameworks/ApplicationServices.framework/Versions/A/Frameworks/QD.framework/Versions/A/QD
0x0000000003960000 	/System/Library/Frameworks/ApplicationServices.framework/Versions/A/Frameworks/SpeechSynthesis.framework/Versions/A/SpeechSynthesis
0x0000000003960000 	/System/Library/Frameworks/Accelerate.framework/Versions/A/Accelerate
0x0000000003960000 	/System/Library/Frameworks/Accelerate.framework/Versions/A/Frameworks/vImage.framework/Versions/A/vImage
0x0000000003960000 	/System/Library/Frameworks/Accelerate.framework/Versions/A/Frameworks/vecLib.framework/Versions/A/vecLib
0x0000000003960000 	/System/Library/Frameworks/Accelerate.framework/Versions/A/Frameworks/vecLib.framework/Versions/A/libvDSP.dylib
0x0000000003960000 	/System/Library/Frameworks/Accelerate.framework/Versions/A/Frameworks/vecLib.framework/Versions/A/libvMisc.dylib
0x0000000003960000 	/System/Library/Frameworks/Accelerate.framework/Versions/A/Frameworks/vecLib.framework/Versions/A/libLAPACK.dylib
0x0000000003960000 	/System/Library/Frameworks/Accelerate.framework/Versions/A/Frameworks/vecLib.framework/Versions/A/libBLAS.dylib
0x0000000003960000 	/System/Library/Frameworks/Accelerate.framework/Versions/A/Frameworks/vecLib.framework/Versions/A/libLinearAlgebra.dylib
0x0000000003960000 	/System/Library/Frameworks/ApplicationServices.framework/Versions/A/Frameworks/ATS.framework/Versions/A/Resources/libFontParser.dylib
0x0000000003960000 	/System/Library/Frameworks/ApplicationServices.framework/Versions/A/Frameworks/ATS.framework/Versions/A/Resources/libFontRegistry.dylib
0x0000000003960000 	/System/Library/PrivateFrameworks/AppleVPA.framework/Versions/A/AppleVPA
0x0000000003960000 	/System/Library/PrivateFrameworks/AppleJPEG.framework/Versions/A/AppleJPEG
0x0000000003960000 	/System/Library/Frameworks/ImageIO.framework/Versions/A/Resources/libJPEG.dylib
0x0000000003960000 	/System/Library/Frameworks/ImageIO.framework/Versions/A/Resources/libTIFF.dylib
0x0000000003960000 	/System/Library/Frameworks/ImageIO.framework/Versions/A/Resources/libPng.dylib
0x0000000003960000 	/System/Library/Frameworks/ImageIO.framework/Versions/A/Resources/libGIF.dylib
0x0000000003960000 	/System/Library/Frameworks/ImageIO.framework/Versions/A/Resources/libJP2.dylib
0x0000000003960000 	/System/Library/Frameworks/ImageIO.framework/Versions/A/Resources/libRadiance.dylib
0x0000000003960000 	/System/Library/Frameworks/CoreVideo.framework/Versions/A/CoreVideo
0x0000000003960000 	/System/Library/Frameworks/OpenGL.framework/Versions/A/Libraries/libGLU.dylib
0x0000000003960000 	/System/Library/Frameworks/OpenGL.framework/Versions/A/Libraries/libGFXShared.dylib
0x0000000003960000 	/System/Library/Frameworks/OpenGL.framework/Versions/A/Libraries/libGL.dylib
0x0000000003960000 	/System/Library/Frameworks/OpenGL.framework/Versions/A/Libraries/libGLImage.dylib
0x0000000003960000 	/System/Library/Frameworks/OpenGL.framework/Versions/A/Libraries/libCVMSPluginSupport.dylib
0x0000000003960000 	/System/Library/Frameworks/OpenGL.framework/Versions/A/Libraries/libCoreVMClient.dylib
0x0000000003960000 	/usr/lib/libcups.2.dylib
0x0000000003960000 	/System/Library/Frameworks/Kerberos.framework/Versions/A/Kerberos
0x0000000003960000 	/System/Library/Frameworks/GSS.framework/Versions/A/GSS
0x0000000003960000 	/usr/lib/libresolv.9.dylib
0x0000000003960000 	/usr/lib/libiconv.2.dylib
0x0000000003960000 	/System/Library/PrivateFrameworks/Heimdal.framework/Versions/A/Heimdal
0x0000000003960000 	/usr/lib/libheimdal-asn1.dylib
0x0000000003960000 	/System/Library/Frameworks/OpenDirectory.framework/Versions/A/OpenDirectory
0x0000000003960000 	/System/Library/PrivateFrameworks/CommonAuth.framework/Versions/A/CommonAuth
0x0000000003960000 	/System/Library/Frameworks/OpenDirectory.framework/Versions/A/Frameworks/CFOpenDirectory.framework/Versions/A/CFOpenDirectory
0x0000000003960000 	/System/Library/Frameworks/SecurityFoundation.framework/Versions/A/SecurityFoundation
0x0000000003960000 	/System/Library/PrivateFrameworks/LanguageModeling.framework/Versions/A/LanguageModeling
0x0000000003960000 	/usr/lib/libcmph.dylib
0x0000000003960000 	/System/Library/Frameworks/ServiceManagement.framework/Versions/A/ServiceManagement
0x0000000003960000 	/usr/lib/libxslt.1.dylib
0x0000000003960000 	/System/Library/Frameworks/Carbon.framework/Versions/A/Frameworks/Ink.framework/Versions/A/Ink
0x0000000003960000 	/System/Library/Frameworks/QuartzCore.framework/Versions/A/Frameworks/CoreImage.framework/Versions/A/CoreImage
0x0000000003960000 	/System/Library/PrivateFrameworks/CrashReporterSupport.framework/Versions/A/CrashReporterSupport
0x0000000003960000 	/System/Library/Frameworks/OpenCL.framework/Versions/A/OpenCL
0x0000000003960000 	/System/Library/PrivateFrameworks/FaceCore.framework/Versions/A/FaceCore
0x0000000003960000 	/System/Library/PrivateFrameworks/Ubiquity.framework/Versions/A/Ubiquity
0x0000000003960000 	/System/Library/PrivateFrameworks/IconServices.framework/Versions/A/IconServices
0x0000000003960000 	/System/Library/PrivateFrameworks/ChunkingLibrary.framework/Versions/A/ChunkingLibrary
0x0000000003960000 	/System/Library/PrivateFrameworks/Apple80211.framework/Versions/A/Apple80211
0x0000000003960000 	/System/Library/Frameworks/CoreWLAN.framework/Versions/A/CoreWLAN
0x0000000003960000 	/System/Library/Frameworks/IOBluetooth.framework/Versions/A/IOBluetooth
0x0000000003960000 	/System/Library/PrivateFrameworks/CoreWiFi.framework/Versions/A/CoreWiFi
0x0000000003960000 	/System/Library/Frameworks/CoreBluetooth.framework/Versions/A/CoreBluetooth
0x0000000003960000 	/System/Library/PrivateFrameworks/DebugSymbols.framework/Versions/A/DebugSymbols
0x0000000003960000 	/System/Library/PrivateFrameworks/CoreSymbolication.framework/Versions/A/CoreSymbolication
0x0000000003960000 	/System/Library/PrivateFrameworks/Symbolication.framework/Versions/A/Symbolication
0x0000000003960000 	/System/Library/PrivateFrameworks/SpeechRecognitionCore.framework/Versions/A/SpeechRecognitionCore
0x0000000105800000 	/Library/Java/JavaVirtualMachines/jdk1.8.0_66.jdk/Contents/Home/jre/lib/server/libjvm.dylib
0x0000000003960000 	/usr/lib/libstdc++.6.dylib
0x0000000104f84000 	/Library/Java/JavaVirtualMachines/jdk1.8.0_66.jdk/Contents/Home/jre/lib/libverify.dylib
0x0000000104f92000 	/Library/Java/JavaVirtualMachines/jdk1.8.0_66.jdk/Contents/Home/jre/lib/libjava.dylib
0x0000000104fd1000 	/Library/Java/JavaVirtualMachines/jdk1.8.0_66.jdk/Contents/Home/jre/lib/libzip.dylib
0x000000011a280000 	/System/Library/Frameworks/JavaVM.framework/Frameworks/JavaRuntimeSupport.framework/JavaRuntimeSupport
0x000000011a296000 	/System/Library/Frameworks/JavaVM.framework/Versions/A/Frameworks/JavaNativeFoundation.framework/Versions/A/JavaNativeFoundation
0x0000000104fef000 	/System/Library/Frameworks/JavaVM.framework/Versions/A/JavaVM
0x0000000003960000 	/System/Library/Frameworks/Carbon.framework/Versions/A/Carbon
0x000000011a2aa000 	/System/Library/PrivateFrameworks/JavaLaunching.framework/Versions/A/JavaLaunching
0x0000000003960000 	/System/Library/Frameworks/Carbon.framework/Versions/A/Frameworks/CommonPanels.framework/Versions/A/CommonPanels
0x0000000003960000 	/System/Library/Frameworks/Carbon.framework/Versions/A/Frameworks/Help.framework/Versions/A/Help
0x0000000003960000 	/System/Library/Frameworks/Carbon.framework/Versions/A/Frameworks/ImageCapture.framework/Versions/A/ImageCapture
0x0000000003960000 	/System/Library/Frameworks/Carbon.framework/Versions/A/Frameworks/OpenScripting.framework/Versions/A/OpenScripting
0x0000000003960000 	/System/Library/Frameworks/Carbon.framework/Versions/A/Frameworks/Print.framework/Versions/A/Print
0x0000000003960000 	/System/Library/Frameworks/Carbon.framework/Versions/A/Frameworks/SecurityHI.framework/Versions/A/SecurityHI
0x000000011c1a1000 	/Library/Java/JavaVirtualMachines/jdk1.8.0_66.jdk/Contents/Home/jre/lib/libawt.dylib
0x000000011c249000 	/Library/Java/JavaVirtualMachines/jdk1.8.0_66.jdk/Contents/Home/jre/lib/./libmlib_image.dylib
0x000000011c315000 	/Library/Java/JavaVirtualMachines/jdk1.8.0_66.jdk/Contents/Home/jre/lib/libawt_lwawt.dylib
0x000000011c3ca000 	/Library/Java/JavaVirtualMachines/jdk1.8.0_66.jdk/Contents/Home/jre/lib/./libosxapp.dylib
0x0000000003960000 	/System/Library/Frameworks/ExceptionHandling.framework/Versions/A/ExceptionHandling
0x0000000003960000 	/System/Library/PrivateFrameworks/CoreServicesInternal.framework/Versions/A/CoreServicesInternal
0x0000000003960000 	/System/Library/PrivateFrameworks/CloudDocs.framework/Versions/A/CloudDocs
0x0000000003960000 	/System/Library/PrivateFrameworks/CoreDuet.framework/Versions/A/CoreDuet
0x0000000003960000 	/System/Library/Frameworks/CloudKit.framework/Versions/A/CloudKit
0x0000000003960000 	/System/Library/PrivateFrameworks/ProtocolBuffer.framework/Versions/A/ProtocolBuffer
0x0000000003960000 	/System/Library/PrivateFrameworks/CoreDuetDaemonProtocol.framework/Versions/A/CoreDuetDaemonProtocol
0x0000000003960000 	/System/Library/PrivateFrameworks/CoreDuetDebugLogging.framework/Versions/A/CoreDuetDebugLogging
0x0000000003960000 	/System/Library/PrivateFrameworks/MMCS.framework/Versions/A/MMCS
0x0000000003960000 	/System/Library/Frameworks/CoreLocation.framework/Versions/A/CoreLocation
0x0000000003960000 	/System/Library/PrivateFrameworks/ProtectedCloudStorage.framework/Versions/A/ProtectedCloudStorage
0x0000000003960000 	/System/Library/PrivateFrameworks/GeoServices.framework/Versions/A/GeoServices
0x0000000003960000 	/System/Library/Frameworks/CoreGraphics.framework/Versions/A/Resources/libCGCMS.A.dylib
0x0000000003960000 	/System/Library/Frameworks/CoreGraphics.framework/Versions/A/Resources/libRIP.A.dylib
0x0000000003960000 	/System/Library/Frameworks/CoreGraphics.framework/Versions/A/Resources/libCGXType.A.dylib
0x0000000003960000 	/System/Library/Frameworks/OpenCL.framework/Versions/A/Libraries/libcldcpuengine.dylib
0x0000000003960000 	/System/Library/PrivateFrameworks/DiskImages.framework/Versions/A/DiskImages
0x0000000003960000 	/System/Library/Frameworks/DiscRecording.framework/Versions/A/DiscRecording
0x0000000003960000 	/usr/lib/libcsfde.dylib
0x0000000003960000 	/usr/lib/libcurl.4.dylib
0x0000000003960000 	/System/Library/PrivateFrameworks/MediaKit.framework/Versions/A/MediaKit
0x0000000003960000 	/usr/lib/libCoreStorage.dylib
0x0000000003960000 	/System/Library/PrivateFrameworks/EFILogin.framework/Versions/A/EFILogin
0x0000000003960000 	/usr/lib/libutil.dylib
0x0000000003960000 	/System/Library/PrivateFrameworks/FindMyDevice.framework/Versions/A/FindMyDevice
0x0000000003960000 	/System/Library/Frameworks/LDAP.framework/Versions/A/LDAP
0x0000000003960000 	/usr/lib/libsasl2.2.dylib
0x0000000003960000 	/System/Library/PrivateFrameworks/CoreDaemon.framework/Versions/B/CoreDaemon
0x0000000003960000 	/usr/lib/libcrypto.0.9.8.dylib
0x0000000003960000 	/System/Library/PrivateFrameworks/AppleSRP.framework/Versions/A/AppleSRP
0x0000000003960000 	/System/Library/PrivateFrameworks/TrustEvaluationAgent.framework/Versions/A/TrustEvaluationAgent
0x000000011f0c2000 	cl_kernels
0x000000011f0c4000 	/System/Library/Frameworks/OpenCL.framework/Versions/A/Libraries/ImageFormats/unorm8_bgra.dylib
0x000000011f0b3000 	cl_kernels
0x0000000003960000 	/System/Library/PrivateFrameworks/FamilyControls.framework/Versions/A/FamilyControls
0x0000000003960000 	/System/Library/PrivateFrameworks/CommerceKit.framework/Versions/A/Frameworks/CommerceCore.framework/Versions/A/CommerceCore
0x0000000003960000 	/System/Library/PrivateFrameworks/SystemAdministration.framework/Versions/A/SystemAdministration
0x0000000003960000 	/System/Library/PrivateFrameworks/AppContainer.framework/Versions/A/AppContainer
0x0000000003960000 	/System/Library/PrivateFrameworks/SecCodeWrapper.framework/Versions/A/SecCodeWrapper
0x0000000003960000 	/System/Library/Frameworks/DirectoryService.framework/Versions/A/DirectoryService
0x0000000003960000 	/System/Library/PrivateFrameworks/LoginUIKit.framework/Versions/A/Frameworks/LoginUICore.framework/Versions/A/LoginUICore
0x0000000003960000 	/usr/lib/libodfde.dylib
0x0000000003960000 	/System/Library/Frameworks/OpenGL.framework/Versions/A/Resources/GLEngine.bundle/GLEngine
0x0000000003960000 	/System/Library/Frameworks/OpenGL.framework/Versions/A/Libraries/libGLProgrammability.dylib
0x0000000000000000 	/System/Library/Extensions/AppleIntelBDWGraphicsGLDriver.bundle/Contents/MacOS/AppleIntelBDWGraphicsGLDriver
0x0000000003960000 	/System/Library/PrivateFrameworks/IOAccelerator.framework/Versions/A/IOAccelerator
0x0000000003960000 	/System/Library/PrivateFrameworks/GPUSupport.framework/Versions/A/Libraries/libGPUSupportMercury.dylib
0x0000000003960000 	/System/Library/Frameworks/OpenGL.framework/Versions/A/Resources/GLRendererFloat.bundle/GLRendererFloat
0x0000000120e45000 	/Library/Java/JavaVirtualMachines/jdk1.8.0_66.jdk/Contents/Home/jre/lib/libfontmanager.dylib
0x0000000121ebc000 	/Library/Java/JavaVirtualMachines/jdk1.8.0_66.jdk/Contents/Home/jre/lib/libosxui.dylib
0x000000012229f000 	/Library/Java/JavaVirtualMachines/jdk1.8.0_66.jdk/Contents/Home/jre/lib/libnet.dylib
0x00000001222fe000 	/Library/Java/JavaVirtualMachines/jdk1.8.0_66.jdk/Contents/Home/jre/lib/libnio.dylib
0x0000000003960000 	/System/Library/Frameworks/ApplicationServices.framework/Versions/A/Frameworks/ATS.framework/Versions/A/Resources/libTrueTypeScaler.dylib
0x000000016d859000 	/private/var/folders/zx/j9nzkyzx4dn04w6cj8zrt2j80000gn/T/jogamp_0000/file_cache/jln7652740953372385390/jln4207647545966001944/libgluegen-rt.jnilib
0x000000016d85d000 	/private/var/folders/zx/j9nzkyzx4dn04w6cj8zrt2j80000gn/T/jogamp_0000/file_cache/jln7652740953372385390/jln4207647545966001944/libnativewindow_awt.jnilib
0x000000016d860000 	/Library/Java/JavaVirtualMachines/jdk1.8.0_66.jdk/Contents/Home/jre/lib/libjawt.dylib
0x000000016d863000 	/private/var/folders/zx/j9nzkyzx4dn04w6cj8zrt2j80000gn/T/jogamp_0000/file_cache/jln7652740953372385390/jln4207647545966001944/libnativewindow_macosx.jnilib
0x000000016f2d3000 	/private/var/folders/zx/j9nzkyzx4dn04w6cj8zrt2j80000gn/T/jogamp_0000/file_cache/jln7652740953372385390/jln4207647545966001944/libjogl_desktop.jnilib
0x0000000172036000 	/Library/Java/JavaVirtualMachines/jdk1.8.0_66.jdk/Contents/Home/jre/lib/libt2k.dylib

VM Arguments:
jvm_args: -Djava.security.policy=java.policy.applet -Dfile.encoding=UTF-8 
java_command: sun.applet.AppletViewer module3.EarthquakeCityMap1447622251606.html
java_class_path (initial): /Users/aray/prep/jp/UCSDUnfoldingMaps/build:/Users/aray/prep/jp/UCSDUnfoldingMaps/lib/core.jar:/Users/aray/prep/jp/UCSDUnfoldingMaps/lib/gluegen-rt.jar:/Users/aray/prep/jp/UCSDUnfoldingMaps/lib/jogl-all.jar:/Users/aray/prep/jp/UCSDUnfoldingMaps/lib/log4j-1.2.15.jar:/Users/aray/prep/jp/UCSDUnfoldingMaps/lib/sqlite-jdbc-3.7.2.jar:/Users/aray/prep/jp/UCSDUnfoldingMaps/lib/json4processing.jar:/Users/aray/prep/jp/UCSDUnfoldingMaps/lib/libTUIO.jar:/Users/aray/prep/jp/UCSDUnfoldingMaps/lib/unfolding.0.9.7-uscd.jar
Launcher Type: SUN_STANDARD

Environment Variables:
PATH=/usr/bin:/bin:/usr/sbin:/sbin
SHELL=/bin/bash

Signal Handlers:
SIGSEGV: [libjvm.dylib+0x5a65d5], sa_mask[0]=11111111011111110111111111111111, sa_flags=SA_ONSTACK|SA_RESTART|SA_SIGINFO
SIGBUS: [libjvm.dylib+0x5a65d5], sa_mask[0]=11111111011111110111111111111111, sa_flags=SA_RESTART|SA_SIGINFO
SIGFPE: [libjvm.dylib+0x4802e8], sa_mask[0]=11111111011111110111111111111111, sa_flags=SA_RESTART|SA_SIGINFO
SIGPIPE: [libjvm.dylib+0x4802e8], sa_mask[0]=11111111011111110111111111111111, sa_flags=SA_RESTART|SA_SIGINFO
SIGXFSZ: [libjvm.dylib+0x4802e8], sa_mask[0]=11111111011111110111111111111111, sa_flags=SA_RESTART|SA_SIGINFO
SIGILL: [libjvm.dylib+0x4802e8], sa_mask[0]=11111111011111110111111111111111, sa_flags=SA_RESTART|SA_SIGINFO
SIGUSR1: SIG_DFL, sa_mask[0]=00000000000000000000000000000000, sa_flags=none
SIGUSR2: [libjvm.dylib+0x47fe06], sa_mask[0]=00100000000000000000000000000000, sa_flags=SA_RESTART|SA_SIGINFO
SIGHUP: [libjvm.dylib+0x47e3dd], sa_mask[0]=11111111011111110111111111111111, sa_flags=SA_RESTART|SA_SIGINFO
SIGINT: [libjvm.dylib+0x47e3dd], sa_mask[0]=11111111011111110111111111111111, sa_flags=SA_RESTART|SA_SIGINFO
SIGTERM: [libjvm.dylib+0x47e3dd], sa_mask[0]=11111111011111110111111111111111, sa_flags=SA_RESTART|SA_SIGINFO
SIGQUIT: [libjvm.dylib+0x47e3dd], sa_mask[0]=11111111011111110111111111111111, sa_flags=SA_RESTART|SA_SIGINFO


---------------  S Y S T E M  ---------------

OS:Bsduname:Darwin 14.4.0 Darwin Kernel Version 14.4.0: Thu May 28 11:35:04 PDT 2015; root:xnu-2782.30.5~1/RELEASE_X86_64 x86_64
rlimit: STACK 8192k, CORE 0k, NPROC 709, NOFILE 10240, AS infinity
load average:1.80 1.76 1.62

CPU:total 4 (2 cores per cpu, 2 threads per core) family 6 model 61 stepping 4, cmov, cx8, fxsr, mmx, sse, sse2, sse3, ssse3, sse4.1, sse4.2, popcnt, avx, avx2, aes, clmul, erms, 3dnowpref, lzcnt, ht, tsc, tscinvbit, bmi1, bmi2, adx

Memory: 4k page, physical 4194304k(154276k free)

/proc/meminfo:


vm_info: Java HotSpot(TM) 64-Bit Server VM (25.66-b17) for bsd-amd64 JRE (1.8.0_66-b17), built on Oct  6 2015 16:09:13 by "java_re" with gcc 4.2.1 (Based on Apple Inc. build 5658) (LLVM build 2336.11.00)

time: Sun Nov 15 13:17:40 2015
elapsed time: 9 seconds (0d 0h 0m 9s)

