#
# A fatal error has been detected by the Java Runtime Environment:
#
#  SIGSEGV (0xb) at pc=0x00007fff8a73f44c, pid=17371, tid=1811
#
# JRE version: Java(TM) SE Runtime Environment (8.0_66-b17) (build 1.8.0_66-b17)
# Java VM: Java HotSpot(TM) 64-Bit Server VM (25.66-b17 mixed mode bsd-amd64 compressed oops)
# Problematic frame:
# C  [libobjc.A.dylib+0x944c]  objc_release+0xc
#
# Failed to write core dump. Core dumps have been disabled. To enable core dumping, try "ulimit -c unlimited" before starting Java again
#
# If you would like to submit a bug report, please visit:
#   http://bugreport.java.com/bugreport/crash.jsp
# The crash happened outside the Java Virtual Machine in native code.
# See problematic frame for where to report the bug.
#

---------------  T H R E A D  ---------------

Current thread (0x00007fd613920800):  JavaThread "AWT-AppKit" daemon [_thread_in_native, id=1811, stack(0x00007fff54919000,0x00007fff55119000)]

siginfo: si_signo: 11 (SIGSEGV), si_code: 0 (unknown), si_addr: 0x0000000000000000

Registers:
RAX=0x0000000000000008, RBX=0x0000000000000000, RCX=0x0000000000000003, RDX=0x00007fd6156dfa28
RSP=0x00007fff551145f8, RBP=0x00007fff55114620, RSI=0x000000012210af10, RDI=0xc00007fd615699b8
R8 =0x0000000000000001, R9 =0x00007fd612c00000, R10=0x00007fd614ab52b0, R11=0x00000001734e0840
R12=0x0000000000000000, R13=0x0000000175089b40, R14=0x00007fd612c218f0, R15=0x00007fd613920800
RIP=0x00007fff8a73f44c, EFLAGS=0x0000000000010246, ERR=0x0000000000000000
  TRAPNO=0x000000000000000d

Top of Stack: (sp=0x00007fff551145f8)
0x00007fff551145f8:   000000012209447b 00007fff55114620
0x00007fff55114608:   00000001734e0450 00000001734e0440
0x00007fff55114618:   00007fd613920800 00007fff551146e0
0x00007fff55114628:   00000001734de215 00000001734e0700
0x00007fff55114638:   00000001734e06e0 00000001734e04b0
0x00007fff55114648:   0000000000000000 0000000175089b40
0x00007fff55114658:   0000000175089b40 00007fd6156dfa20
0x00007fff55114668:   00000001734e06a0 00000001734e0710
0x00007fff55114678:   00007fff75ae0550 00007fff758a7c80
0x00007fff55114688:   00000001734e0450 00000001734e0690
0x00007fff55114698:   00007fd6156dfa20 00007fd612c218f0
0x00007fff551146a8:   00007fd612f0e230 00007fd6156dfa20
0x00007fff551146b8:   00007fd612c218f0 00007fff55114760
0x00007fff551146c8:   00007fd6139209f8 0000000175089b40
0x00007fff551146d8:   00007fff55114788 00007fff55114750
0x00007fff551146e8:   000000010c4f2954 00007fff55114750
0x00007fff551146f8:   000000010c4f26d9 000000010c4fe823
0x00007fff55114708:   000000010c4f26a2 00007fff55114710
0x00007fff55114718:   0000000175089b40 00007fff55114788
0x00007fff55114728:   00000001750ad028 0000000000000000
0x00007fff55114738:   0000000175089b40 0000000000000000
0x00007fff55114748:   00007fff55114770 00007fff551147d0
0x00007fff55114758:   000000010c4e4c4d 000000078142d0f0
0x00007fff55114768:   000000010c4ec578 00007fd6156dfa20
0x00007fff55114778:   000000010c4eddb9 00007fd612c218f0
0x00007fff55114788:   000000010c4edd82 00007fff55114790
0x00007fff55114798:   0000000175089d0a 00007fff551147f8
0x00007fff551147a8:   00000001750ad028 0000000000000000
0x00007fff551147b8:   0000000175089d18 00007fff55114770
0x00007fff551147c8:   00007fff551147e0 00007fff55114840
0x00007fff551147d8:   000000010c4e4c4d 00007fd6156dfa20
0x00007fff551147e8:   00000007813825d0 00007fd612c218f0 

Instructions: (pc=0x00007fff8a73f44c)
0x00007fff8a73f42c:   5d c3 31 c0 48 85 ff 74 04 48 8b 47 08 c3 90 90
0x00007fff8a73f43c:   90 90 90 90 48 85 ff 74 06 40 f6 c7 01 74 01 c3
0x00007fff8a73f44c:   48 8b 07 f6 40 20 02 74 0a be 01 00 00 00 e9 51
0x00007fff8a73f45c:   83 01 00 48 8d 05 7a 46 32 ea 48 8b 30 e9 52 7c 

Register to memory mapping:

RAX=0x0000000000000008 is an unknown value
RBX=0x0000000000000000 is an unknown value
RCX=0x0000000000000003 is an unknown value
RDX=0x00007fd6156dfa28 is an unknown value
RSP=0x00007fff551145f8 is pointing into the stack for thread: 0x00007fd613920800
RBP=0x00007fff55114620 is pointing into the stack for thread: 0x00007fd613920800
RSI=0x000000012210af10: OBJC_IVAR_$_PrinterView.fCurPeekGraphics+0x1aa8 in /Library/Java/JavaVirtualMachines/jdk1.8.0_66.jdk/Contents/Home/jre/lib/libawt_lwawt.dylib at 0x0000000122090000
RDI=0xc00007fd615699b8 is an unknown value
R8 =0x0000000000000001 is an unknown value
R9 =0x00007fd612c00000 is an unknown value
R10=0x00007fd614ab52b0 is an unknown value
R11=0x00000001734e0840: OBJC_CLASS_$_MyCALayer+0 in /private/var/folders/zx/j9nzkyzx4dn04w6cj8zrt2j80000gn/T/jogamp_0000/file_cache/jln8717468494568520027/jln4502321284124724542/libnativewindow_macosx.jnilib at 0x00000001734d9000
R12=0x0000000000000000 is an unknown value
R13={method} {0x0000000175089b40} 'UnsetJAWTRootSurfaceLayer0' '(JJ)V' in 'jogamp/nativewindow/jawt/macosx/MacOSXJAWTWindow'
R14=0x00007fd612c218f0 is an unknown value
R15=0x00007fd613920800 is a thread


Stack: [0x00007fff54919000,0x00007fff55119000],  sp=0x00007fff551145f8,  free space=8173k
Native frames: (J=compiled Java code, j=interpreted, Vv=VM code, C=native code)
C  [libobjc.A.dylib+0x944c]  objc_release+0xc
C  [libnativewindow_macosx.jnilib+0x5215]  Java_jogamp_nativewindow_jawt_macosx_MacOSXJAWTWindow_UnsetJAWTRootSurfaceLayer0+0x1a5
j  jogamp.nativewindow.jawt.macosx.MacOSXJAWTWindow.UnsetJAWTRootSurfaceLayer0(JJ)V+0
j  jogamp.nativewindow.jawt.macosx.MacOSXJAWTWindow.access$200(JJ)V+2
j  jogamp.nativewindow.jawt.macosx.MacOSXJAWTWindow$1.run()V+38
j  com.jogamp.common.util.RunnableTask.run()V+24
v  ~StubRoutines::call_stub
V  [libjvm.dylib+0x2ea35e]
V  [libjvm.dylib+0x321467]
V  [libjvm.dylib+0x313c3b]
C  [libnativewindow_macosx.jnilib+0x5326]  Java_jogamp_nativewindow_jawt_macosx_MacOSXJAWTWindow_UnsetJAWTRootSurfaceLayer0+0x2b6
C  [Foundation+0x92d00]  __NSThreadPerformPerform+0x125
C  [CoreFoundation+0x80a01]  __CFRUNLOOP_IS_CALLING_OUT_TO_A_SOURCE0_PERFORM_FUNCTION__+0x11
C  [CoreFoundation+0x72c5c]  __CFRunLoopDoSources0+0x1dc
C  [CoreFoundation+0x721bf]  __CFRunLoopRun+0x39f
C  [CoreFoundation+0x71bd8]  CFRunLoopRunSpecific+0x128
C  [HIToolbox+0x3256f]  RunCurrentEventLoopInMode+0xeb
C  [HIToolbox+0x321ee]  ReceiveNextEventCommon+0xb3
C  [HIToolbox+0x3212b]  _BlockUntilNextEventMatchingListInModeWithFilter+0x47
C  [AppKit+0x918ab]  _DPSNextEvent+0x3d2
C  [AppKit+0x90e58]  -[NSApplication nextEventMatchingMask:untilDate:inMode:dequeue:]+0x15a
C  [libosxapp.dylib+0x23aa]  -[NSApplicationAWT nextEventMatchingMask:untilDate:inMode:dequeue:]+0x7c
C  [AppKit+0x86af3]  -[NSApplication run]+0x252
C  [libosxapp.dylib+0x214d]  +[NSApplicationAWT runAWTLoopWithApp:]+0x9c
C  [libawt_lwawt.dylib+0x4455b]  -[AWTStarter starter:]+0x389
C  [Foundation+0x92d00]  __NSThreadPerformPerform+0x125
C  [CoreFoundation+0x80a01]  __CFRUNLOOP_IS_CALLING_OUT_TO_A_SOURCE0_PERFORM_FUNCTION__+0x11
C  [CoreFoundation+0x72b8d]  __CFRunLoopDoSources0+0x10d
C  [CoreFoundation+0x721bf]  __CFRunLoopRun+0x39f
C  [CoreFoundation+0x71bd8]  CFRunLoopRunSpecific+0x128
C  [java+0x6463]  CreateExecutionEnvironment+0x367
C  [java+0x21ac]  JLI_Launch+0x7a0
C  [java+0x84c0]  main+0x65
C  [java+0x1a04]  start+0x34
C  0x0000000000000007

Java frames: (J=compiled Java code, j=interpreted, Vv=VM code)
j  jogamp.nativewindow.jawt.macosx.MacOSXJAWTWindow.UnsetJAWTRootSurfaceLayer0(JJ)V+0
j  jogamp.nativewindow.jawt.macosx.MacOSXJAWTWindow.access$200(JJ)V+2
j  jogamp.nativewindow.jawt.macosx.MacOSXJAWTWindow$1.run()V+38
j  com.jogamp.common.util.RunnableTask.run()V+24
v  ~StubRoutines::call_stub

---------------  P R O C E S S  ---------------

Java Threads: ( => current thread )
  0x00007fd61403b000 JavaThread "Thread-19" [_thread_blocked, id=37291, stack(0x000000017ebc8000,0x000000017ecc8000)]
  0x00007fd613325000 JavaThread "AWT-EventQueue-1" [_thread_in_native, id=56603, stack(0x0000000173b05000,0x0000000173c05000)]
  0x00007fd61497d800 JavaThread "DestroyJavaVM" [_thread_blocked, id=4867, stack(0x000000010c387000,0x000000010c487000)]
  0x00007fd61318c000 JavaThread "AWT-EventQueue-0" [_thread_blocked, id=55047, stack(0x0000000127b9c000,0x0000000127c9c000)]
  0x00007fd6149ac800 JavaThread "Java2D Disposer" daemon [_thread_blocked, id=50967, stack(0x00000001269b9000,0x0000000126ab9000)]
  0x00007fd613170800 JavaThread "Java2D Queue Flusher" daemon [_thread_blocked, id=49671, stack(0x00000001260b2000,0x00000001261b2000)]
  0x00007fd613128000 JavaThread "AWT-Shutdown" [_thread_blocked, id=27667, stack(0x0000000123669000,0x0000000123769000)]
=>0x00007fd613920800 JavaThread "AWT-AppKit" daemon [_thread_in_native, id=1811, stack(0x00007fff54919000,0x00007fff55119000)]
  0x00007fd614808800 JavaThread "Service Thread" daemon [_thread_blocked, id=18179, stack(0x0000000121d15000,0x0000000121e15000)]
  0x00007fd61304c800 JavaThread "C1 CompilerThread2" daemon [_thread_blocked, id=17667, stack(0x0000000121c12000,0x0000000121d12000)]
  0x00007fd61304c000 JavaThread "C2 CompilerThread1" daemon [_thread_blocked, id=17155, stack(0x0000000121b0f000,0x0000000121c0f000)]
  0x00007fd613036000 JavaThread "C2 CompilerThread0" daemon [_thread_blocked, id=16643, stack(0x0000000121a0c000,0x0000000121b0c000)]
  0x00007fd613035000 JavaThread "Signal Dispatcher" daemon [_thread_blocked, id=13335, stack(0x0000000121909000,0x0000000121a09000)]
  0x00007fd614011000 JavaThread "Finalizer" daemon [_thread_blocked, id=11523, stack(0x000000011fee9000,0x000000011ffe9000)]
  0x00007fd614010000 JavaThread "Reference Handler" daemon [_thread_blocked, id=11011, stack(0x000000011fde6000,0x000000011fee6000)]

Other Threads:
  0x00007fd613811800 VMThread [stack: 0x000000011fce3000,0x000000011fde3000] [id=10499]
  0x00007fd61480b800 WatcherThread [stack: 0x0000000121e18000,0x0000000121f18000] [id=18691]

VM state:not at safepoint (normal execution)

VM Mutex/Monitor currently owned by a thread: None

Heap:
 PSYoungGen      total 29696K, used 1401K [0x00000007aab00000, 0x00000007add80000, 0x00000007c0000000)
  eden space 29184K, 3% used [0x00000007aab00000,0x00000007aac0a0b0,0x00000007ac780000)
  from space 512K, 65% used [0x00000007ac800000,0x00000007ac854648,0x00000007ac880000)
  to   space 11264K, 0% used [0x00000007ad280000,0x00000007ad280000,0x00000007add80000)
 ParOldGen       total 44032K, used 21579K [0x0000000780000000, 0x0000000782b00000, 0x00000007aab00000)
  object space 44032K, 49% used [0x0000000780000000,0x0000000781512e20,0x0000000782b00000)
 Metaspace       used 20279K, capacity 20477K, committed 20608K, reserved 1067008K
  class space    used 2026K, capacity 2109K, committed 2176K, reserved 1048576K

Card table byte_map: [0x000000011b89d000,0x000000011ba9e000] byte_map_base: 0x0000000117c9d000

Marking Bits: (ParMarkBitMap*) 0x000000010bcdde20
 Begin Bits: [0x000000011c000000, 0x000000011d000000)
 End Bits:   [0x000000011d000000, 0x000000011e000000)

Polling page: 0x000000010abfd000

CodeCache: size=245760Kb used=6891Kb max_used=7092Kb free=238868Kb
 bounds [0x000000010c4dd000, 0x000000010cbdd000, 0x000000011b4dd000]
 total_blobs=2749 nmethods=1866 adapters=797
 compilation: enabled

Compilation events (10 events):
Event: 22.269 Thread 0x00007fd61304c800 2015       3       jogamp.opengl.ThreadingImpl::getMode (4 bytes)
Event: 22.269 Thread 0x00007fd61304c800 nmethod 2015 0x000000010c63fd90 code [0x000000010c63fee0, 0x000000010c640030]
Event: 22.269 Thread 0x00007fd61304c800 2016       3       jogamp.opengl.awt.Java2D::isOGLPipelineActive (4 bytes)
Event: 22.270 Thread 0x00007fd61304c800 nmethod 2016 0x000000010c8c2050 code [0x000000010c8c21a0, 0x000000010c8c22f0]
Event: 22.270 Thread 0x00007fd61304c800 2017       1       javax.media.opengl.awt.GLCanvas::access$1200 (5 bytes)
Event: 22.270 Thread 0x00007fd61304c800 nmethod 2017 0x000000010c950cd0 code [0x000000010c950e20, 0x000000010c950f10]
Event: 22.296 Thread 0x00007fd61304c800 2018       3       sun.java2d.SunGraphics2D::validateColor (102 bytes)
Event: 22.298 Thread 0x00007fd61304c800 nmethod 2018 0x000000010c905710 code [0x000000010c9058c0, 0x000000010c905f28]
Event: 22.298 Thread 0x00007fd61304c800 2019       3       sun.java2d.SurfaceData::pixelFor (13 bytes)
Event: 22.298 Thread 0x00007fd61304c800 nmethod 2019 0x000000010c8c7750 code [0x000000010c8c78c0, 0x000000010c8c7bc8]

GC Heap History (10 events):
Event: 9.936 GC heap before
{Heap before GC invocations=7 (full 0):
 PSYoungGen      total 44032K, used 35158K [0x00000007aab00000, 0x00000007ae200000, 0x00000007c0000000)
  eden space 32768K, 100% used [0x00000007aab00000,0x00000007acb00000,0x00000007acb00000)
  from space 11264K, 21% used [0x00000007ad700000,0x00000007ad9559f0,0x00000007ae200000)
  to   space 11776K, 0% used [0x00000007acb00000,0x00000007acb00000,0x00000007ad680000)
 ParOldGen       total 44032K, used 19075K [0x0000000780000000, 0x0000000782b00000, 0x00000007aab00000)
  object space 44032K, 43% used [0x0000000780000000,0x00000007812a0fb8,0x0000000782b00000)
 Metaspace       used 20136K, capacity 20349K, committed 20608K, reserved 1067008K
  class space    used 2018K, capacity 2109K, committed 2176K, reserved 1048576K
Event: 9.950 GC heap after
Heap after GC invocations=7 (full 0):
 PSYoungGen      total 33792K, used 1583K [0x00000007aab00000, 0x00000007ae100000, 0x00000007c0000000)
  eden space 31744K, 0% used [0x00000007aab00000,0x00000007aab00000,0x00000007aca00000)
  from space 2048K, 77% used [0x00000007acb00000,0x00000007acc8bc08,0x00000007acd00000)
  to   space 11776K, 0% used [0x00000007ad580000,0x00000007ad580000,0x00000007ae100000)
 ParOldGen       total 44032K, used 19959K [0x0000000780000000, 0x0000000782b00000, 0x00000007aab00000)
  object space 44032K, 45% used [0x0000000780000000,0x000000078137dd88,0x0000000782b00000)
 Metaspace       used 20136K, capacity 20349K, committed 20608K, reserved 1067008K
  class space    used 2018K, capacity 2109K, committed 2176K, reserved 1048576K
}
Event: 13.144 GC heap before
{Heap before GC invocations=8 (full 0):
 PSYoungGen      total 33792K, used 33327K [0x00000007aab00000, 0x00000007ae100000, 0x00000007c0000000)
  eden space 31744K, 100% used [0x00000007aab00000,0x00000007aca00000,0x00000007aca00000)
  from space 2048K, 77% used [0x00000007acb00000,0x00000007acc8bc08,0x00000007acd00000)
  to   space 11776K, 0% used [0x00000007ad580000,0x00000007ad580000,0x00000007ae100000)
 ParOldGen       total 44032K, used 19959K [0x0000000780000000, 0x0000000782b00000, 0x00000007aab00000)
  object space 44032K, 45% used [0x0000000780000000,0x000000078137dd88,0x0000000782b00000)
 Metaspace       used 20170K, capacity 20349K, committed 20608K, reserved 1067008K
  class space    used 2018K, capacity 2109K, committed 2176K, reserved 1048576K
Event: 13.146 GC heap after
Heap after GC invocations=8 (full 0):
 PSYoungGen      total 41472K, used 790K [0x00000007aab00000, 0x00000007ae000000, 0x00000007c0000000)
  eden space 30720K, 0% used [0x00000007aab00000,0x00000007aab00000,0x00000007ac900000)
  from space 10752K, 7% used [0x00000007ad580000,0x00000007ad6459b0,0x00000007ae000000)
  to   space 11776K, 0% used [0x00000007ac900000,0x00000007ac900000,0x00000007ad480000)
 ParOldGen       total 44032K, used 20829K [0x0000000780000000, 0x0000000782b00000, 0x00000007aab00000)
  object space 44032K, 47% used [0x0000000780000000,0x0000000781457470,0x0000000782b00000)
 Metaspace       used 20170K, capacity 20349K, committed 20608K, reserved 1067008K
  class space    used 2018K, capacity 2109K, committed 2176K, reserved 1048576K
}
Event: 16.214 GC heap before
{Heap before GC invocations=9 (full 0):
 PSYoungGen      total 41472K, used 31510K [0x00000007aab00000, 0x00000007ae000000, 0x00000007c0000000)
  eden space 30720K, 100% used [0x00000007aab00000,0x00000007ac900000,0x00000007ac900000)
  from space 10752K, 7% used [0x00000007ad580000,0x00000007ad6459b0,0x00000007ae000000)
  to   space 11776K, 0% used [0x00000007ac900000,0x00000007ac900000,0x00000007ad480000)
 ParOldGen       total 44032K, used 20829K [0x0000000780000000, 0x0000000782b00000, 0x00000007aab00000)
  object space 44032K, 47% used [0x0000000780000000,0x0000000781457470,0x0000000782b00000)
 Metaspace       used 20179K, capacity 20349K, committed 20608K, reserved 1067008K
  class space    used 2018K, capacity 2109K, committed 2176K, reserved 1048576K
Event: 16.215 GC heap after
Heap after GC invocations=9 (full 0):
 PSYoungGen      total 30720K, used 246K [0x00000007aab00000, 0x00000007adf80000, 0x00000007c0000000)
  eden space 30208K, 0% used [0x00000007aab00000,0x00000007aab00000,0x00000007ac880000)
  from space 512K, 48% used [0x00000007ac900000,0x00000007ac93d990,0x00000007ac980000)
  to   space 11776K, 0% used [0x00000007ad400000,0x00000007ad400000,0x00000007adf80000)
 ParOldGen       total 44032K, used 21397K [0x0000000780000000, 0x0000000782b00000, 0x00000007aab00000)
  object space 44032K, 48% used [0x0000000780000000,0x00000007814e5490,0x0000000782b00000)
 Metaspace       used 20179K, capacity 20349K, committed 20608K, reserved 1067008K
  class space    used 2018K, capacity 2109K, committed 2176K, reserved 1048576K
}
Event: 19.318 GC heap before
{Heap before GC invocations=10 (full 0):
 PSYoungGen      total 30720K, used 30454K [0x00000007aab00000, 0x00000007adf80000, 0x00000007c0000000)
  eden space 30208K, 100% used [0x00000007aab00000,0x00000007ac880000,0x00000007ac880000)
  from space 512K, 48% used [0x00000007ac900000,0x00000007ac93d990,0x00000007ac980000)
  to   space 11776K, 0% used [0x00000007ad400000,0x00000007ad400000,0x00000007adf80000)
 ParOldGen       total 44032K, used 21397K [0x0000000780000000, 0x0000000782b00000, 0x00000007aab00000)
  object space 44032K, 48% used [0x0000000780000000,0x00000007814e5490,0x0000000782b00000)
 Metaspace       used 20206K, capacity 20413K, committed 20608K, reserved 1067008K
  class space    used 2018K, capacity 2109K, committed 2176K, reserved 1048576K
Event: 19.320 GC heap after
Heap after GC invocations=10 (full 0):
 PSYoungGen      total 40960K, used 32K [0x00000007aab00000, 0x00000007adf00000, 0x00000007c0000000)
  eden space 29696K, 0% used [0x00000007aab00000,0x00000007aab00000,0x00000007ac800000)
  from space 11264K, 0% used [0x00000007ad400000,0x00000007ad408000,0x00000007adf00000)
  to   space 11776K, 0% used [0x00000007ac800000,0x00000007ac800000,0x00000007ad380000)
 ParOldGen       total 44032K, used 21555K [0x0000000780000000, 0x0000000782b00000, 0x00000007aab00000)
  object space 44032K, 48% used [0x0000000780000000,0x000000078150ce20,0x0000000782b00000)
 Metaspace       used 20206K, capacity 20413K, committed 20608K, reserved 1067008K
  class space    used 2018K, capacity 2109K, committed 2176K, reserved 1048576K
}
Event: 22.272 GC heap before
{Heap before GC invocations=11 (full 0):
 PSYoungGen      total 40960K, used 29728K [0x00000007aab00000, 0x00000007adf00000, 0x00000007c0000000)
  eden space 29696K, 100% used [0x00000007aab00000,0x00000007ac800000,0x00000007ac800000)
  from space 11264K, 0% used [0x00000007ad400000,0x00000007ad408000,0x00000007adf00000)
  to   space 11776K, 0% used [0x00000007ac800000,0x00000007ac800000,0x00000007ad380000)
 ParOldGen       total 44032K, used 21555K [0x0000000780000000, 0x0000000782b00000, 0x00000007aab00000)
  object space 44032K, 48% used [0x0000000780000000,0x000000078150ce20,0x0000000782b00000)
 Metaspace       used 20260K, capacity 20477K, committed 20608K, reserved 1067008K
  class space    used 2021K, capacity 2109K, committed 2176K, reserved 1048576K
Event: 22.275 GC heap after
Heap after GC invocations=11 (full 0):
 PSYoungGen      total 29696K, used 337K [0x00000007aab00000, 0x00000007add80000, 0x00000007c0000000)
  eden space 29184K, 0% used [0x00000007aab00000,0x00000007aab00000,0x00000007ac780000)
  from space 512K, 65% used [0x00000007ac800000,0x00000007ac854648,0x00000007ac880000)
  to   space 11264K, 0% used [0x00000007ad280000,0x00000007ad280000,0x00000007add80000)
 ParOldGen       total 44032K, used 21579K [0x0000000780000000, 0x0000000782b00000, 0x00000007aab00000)
  object space 44032K, 49% used [0x0000000780000000,0x0000000781512e20,0x0000000782b00000)
 Metaspace       used 20260K, capacity 20477K, committed 20608K, reserved 1067008K
  class space    used 2021K, capacity 2109K, committed 2176K, reserved 1048576K
}

Deoptimization events (7 events):
Event: 2.293 Thread 0x00007fd613803000 Uncommon trap: reason=unstable_if action=reinterpret pc=0x000000010c6a3dc0 method=java.lang.String.toLowerCase(Ljava/util/Locale;)Ljava/lang/String; @ 85
Event: 2.527 Thread 0x00007fd614208800 Uncommon trap: reason=unstable_if action=reinterpret pc=0x000000010c7421a8 method=java.lang.String.indexOf([CII[CIII)I @ 3
Event: 2.527 Thread 0x00007fd614208800 Uncommon trap: reason=unstable_if action=reinterpret pc=0x000000010c68e818 method=java.lang.String.indexOf([CII[CIII)I @ 3
Event: 3.447 Thread 0x00007fd613325000 Uncommon trap: reason=unstable_if action=reinterpret pc=0x000000010c676780 method=java.lang.AbstractStringBuilder.append(Ljava/lang/String;)Ljava/lang/AbstractStringBuilder; @ 1
Event: 3.870 Thread 0x00007fd613325000 Uncommon trap: reason=unstable_if action=reinterpret pc=0x000000010c9163fc method=com.jogamp.common.util.IntIntHashMap.get(I)I @ 28
Event: 4.008 Thread 0x00007fd613325000 Uncommon trap: reason=unstable_if action=reinterpret pc=0x000000010c9ab728 method=processing.opengl.PGraphicsOpenGL$InGeometry.addVertex(FFFIFFFFFIFIIIFIZ)I @ 218
Event: 22.266 Thread 0x00007fd613991800 Uncommon trap: reason=unstable_if action=reinterpret pc=0x000000010c9364c4 method=java.util.HashMap.putVal(ILjava/lang/Object;Ljava/lang/Object;ZZ)Ljava/lang/Object; @ 81

Internal exceptions (10 events):
Event: 0.177 Thread 0x00007fd613803000 Exception <a 'java/lang/NoSuchFieldError': method resolution failed> (0x00000007aad00b38) thrown at [/HUDSON3/workspace/8-2-build-macosx-x86_64/jdk8u66/4988/hotspot/src/share/vm/prims/methodHandles.cpp, line 1146]
Event: 0.179 Thread 0x00007fd613803000 Exception <a 'java/lang/NoSuchFieldError': method resolution failed> (0x00000007aad0e308) thrown at [/HUDSON3/workspace/8-2-build-macosx-x86_64/jdk8u66/4988/hotspot/src/share/vm/prims/methodHandles.cpp, line 1146]
Event: 0.418 Thread 0x00007fd613803000 Exception <a 'java/io/FileNotFoundException'> (0x00000007aad8a278) thrown at [/HUDSON3/workspace/8-2-build-macosx-x86_64/jdk8u66/4988/hotspot/src/share/vm/prims/jni.cpp, line 709]
Event: 0.419 Thread 0x00007fd613803000 Exception <a 'java/io/FileNotFoundException'> (0x00000007aad8adb8) thrown at [/HUDSON3/workspace/8-2-build-macosx-x86_64/jdk8u66/4988/hotspot/src/share/vm/prims/jni.cpp, line 709]
Event: 0.576 Thread 0x00007fd613803000 Exception <a 'java/io/FileNotFoundException'> (0x00000007aae70710) thrown at [/HUDSON3/workspace/8-2-build-macosx-x86_64/jdk8u66/4988/hotspot/src/share/vm/prims/jni.cpp, line 709]
Event: 2.481 Thread 0x00007fd614011000 Exception <a 'java/lang/NullPointerException'> (0x00000007aab861f8) thrown at [/HUDSON3/workspace/8-2-build-macosx-x86_64/jdk8u66/4988/hotspot/src/share/vm/interpreter/linkResolver.cpp, line 1178]
Event: 2.549 Thread 0x00007fd614208800 Exception <a 'java/lang/UnsatisfiedLinkError': com.jogamp.common.util.JarUtil.fixNativeLibAttribs(Ljava/lang/String;)Z> (0x00000007aaeb36c0) thrown at [/HUDSON3/workspace/8-2-build-macosx-x86_64/jdk8u66/4988/hotspot/src/share/vm/prims/nativeLookup.cpp, li
Event: 3.447 Thread 0x00007fd613325000 Exception <a 'java/io/FileNotFoundException'> (0x00000007ab0a5368) thrown at [/HUDSON3/workspace/8-2-build-macosx-x86_64/jdk8u66/4988/hotspot/src/share/vm/prims/jni.cpp, line 709]
Event: 3.447 Thread 0x00007fd613325000 Exception <a 'java/io/FileNotFoundException'> (0x00000007ab0aaec0) thrown at [/HUDSON3/workspace/8-2-build-macosx-x86_64/jdk8u66/4988/hotspot/src/share/vm/prims/jni.cpp, line 709]
Event: 3.447 Thread 0x00007fd613325000 Implicit null exception at 0x000000010c6763b3 to 0x000000010c67676d

Events (10 events):
Event: 22.292 loading class jogamp/nativewindow/jawt/macosx/MacOSXJAWTWindow$1 done
Event: 22.294 loading class java/awt/LightweightDispatcher$2
Event: 22.295 loading class java/awt/LightweightDispatcher$2 done
Event: 22.295 loading class java/awt/event/AWTEventListenerProxy
Event: 22.295 loading class java/awt/event/AWTEventListenerProxy done
Event: 22.295 loading class java/awt/Toolkit$ToolkitEventMulticaster
Event: 22.295 loading class java/awt/Toolkit$ToolkitEventMulticaster done
Event: 22.296 Thread 0x00007fd613991800 Thread exited: 0x00007fd613991800
Event: 22.296 loading class java/awt/Window$1DisposeAction
Event: 22.296 loading class java/awt/Window$1DisposeAction done


Dynamic libraries:
0x0000000003960000 	/System/Library/Frameworks/Cocoa.framework/Versions/A/Cocoa
0x0000000003960000 	/System/Library/Frameworks/Security.framework/Versions/A/Security
0x0000000003960000 	/System/Library/Frameworks/ApplicationServices.framework/Versions/A/ApplicationServices
0x0000000003960000 	/usr/lib/libz.1.dylib
0x0000000003960000 	/usr/lib/libSystem.B.dylib
0x0000000003960000 	/usr/lib/libobjc.A.dylib
0x0000000003960000 	/System/Library/Frameworks/CoreFoundation.framework/Versions/A/CoreFoundation
0x0000000003960000 	/System/Library/Frameworks/Foundation.framework/Versions/C/Foundation
0x0000000003960000 	/System/Library/Frameworks/AppKit.framework/Versions/C/AppKit
0x0000000003960000 	/System/Library/Frameworks/CoreData.framework/Versions/A/CoreData
0x0000000003960000 	/System/Library/PrivateFrameworks/RemoteViewServices.framework/Versions/A/RemoteViewServices
0x0000000003960000 	/System/Library/PrivateFrameworks/UIFoundation.framework/Versions/A/UIFoundation
0x0000000003960000 	/System/Library/Frameworks/IOSurface.framework/Versions/A/IOSurface
0x0000000003960000 	/System/Library/Frameworks/AudioToolbox.framework/Versions/A/AudioToolbox
0x0000000003960000 	/System/Library/Frameworks/AudioUnit.framework/Versions/A/AudioUnit
0x0000000003960000 	/System/Library/PrivateFrameworks/DataDetectorsCore.framework/Versions/A/DataDetectorsCore
0x0000000003960000 	/System/Library/PrivateFrameworks/DesktopServicesPriv.framework/Versions/A/DesktopServicesPriv
0x0000000003960000 	/System/Library/Frameworks/Carbon.framework/Versions/A/Frameworks/HIToolbox.framework/Versions/A/HIToolbox
0x0000000003960000 	/System/Library/Frameworks/QuartzCore.framework/Versions/A/QuartzCore
0x0000000003960000 	/System/Library/Frameworks/Carbon.framework/Versions/A/Frameworks/SpeechRecognition.framework/Versions/A/SpeechRecognition
0x0000000003960000 	/usr/lib/libauto.dylib
0x0000000003960000 	/usr/lib/libicucore.A.dylib
0x0000000003960000 	/usr/lib/libxml2.2.dylib
0x0000000003960000 	/System/Library/PrivateFrameworks/CoreUI.framework/Versions/A/CoreUI
0x0000000003960000 	/System/Library/Frameworks/CoreAudio.framework/Versions/A/CoreAudio
0x0000000003960000 	/System/Library/Frameworks/DiskArbitration.framework/Versions/A/DiskArbitration
0x0000000003960000 	/usr/lib/liblangid.dylib
0x0000000003960000 	/System/Library/PrivateFrameworks/MultitouchSupport.framework/Versions/A/MultitouchSupport
0x0000000003960000 	/System/Library/Frameworks/IOKit.framework/Versions/A/IOKit
0x0000000003960000 	/usr/lib/libDiagnosticMessagesClient.dylib
0x0000000003960000 	/System/Library/Frameworks/CoreServices.framework/Versions/A/CoreServices
0x0000000003960000 	/System/Library/PrivateFrameworks/PerformanceAnalysis.framework/Versions/A/PerformanceAnalysis
0x0000000003960000 	/System/Library/PrivateFrameworks/GenerationalStorage.framework/Versions/A/GenerationalStorage
0x0000000003960000 	/System/Library/Frameworks/OpenGL.framework/Versions/A/OpenGL
0x0000000003960000 	/System/Library/PrivateFrameworks/Sharing.framework/Versions/A/Sharing
0x0000000003960000 	/System/Library/Frameworks/CoreGraphics.framework/Versions/A/CoreGraphics
0x0000000003960000 	/System/Library/Frameworks/CoreText.framework/Versions/A/CoreText
0x0000000003960000 	/System/Library/Frameworks/ImageIO.framework/Versions/A/ImageIO
0x0000000003960000 	/usr/lib/libextension.dylib
0x0000000003960000 	/System/Library/PrivateFrameworks/Backup.framework/Versions/A/Backup
0x0000000003960000 	/usr/lib/libarchive.2.dylib
0x0000000003960000 	/System/Library/Frameworks/CFNetwork.framework/Versions/A/CFNetwork
0x0000000003960000 	/System/Library/Frameworks/SystemConfiguration.framework/Versions/A/SystemConfiguration
0x0000000003960000 	/usr/lib/libCRFSuite.dylib
0x0000000003960000 	/usr/lib/libc++.1.dylib
0x0000000003960000 	/usr/lib/libc++abi.dylib
0x0000000003960000 	/usr/lib/system/libcache.dylib
0x0000000003960000 	/usr/lib/system/libcommonCrypto.dylib
0x0000000003960000 	/usr/lib/system/libcompiler_rt.dylib
0x0000000003960000 	/usr/lib/system/libcopyfile.dylib
0x0000000003960000 	/usr/lib/system/libcorecrypto.dylib
0x0000000003960000 	/usr/lib/system/libdispatch.dylib
0x0000000003960000 	/usr/lib/system/libdyld.dylib
0x0000000003960000 	/usr/lib/system/libkeymgr.dylib
0x0000000003960000 	/usr/lib/system/liblaunch.dylib
0x0000000003960000 	/usr/lib/system/libmacho.dylib
0x0000000003960000 	/usr/lib/system/libquarantine.dylib
0x0000000003960000 	/usr/lib/system/libremovefile.dylib
0x0000000003960000 	/usr/lib/system/libsystem_asl.dylib
0x0000000003960000 	/usr/lib/system/libsystem_blocks.dylib
0x0000000003960000 	/usr/lib/system/libsystem_c.dylib
0x0000000003960000 	/usr/lib/system/libsystem_configuration.dylib
0x0000000003960000 	/usr/lib/system/libsystem_coreservices.dylib
0x0000000003960000 	/usr/lib/system/libsystem_coretls.dylib
0x0000000003960000 	/usr/lib/system/libsystem_dnssd.dylib
0x0000000003960000 	/usr/lib/system/libsystem_info.dylib
0x0000000003960000 	/usr/lib/system/libsystem_kernel.dylib
0x0000000003960000 	/usr/lib/system/libsystem_m.dylib
0x0000000003960000 	/usr/lib/system/libsystem_malloc.dylib
0x0000000003960000 	/usr/lib/system/libsystem_network.dylib
0x0000000003960000 	/usr/lib/system/libsystem_networkextension.dylib
0x0000000003960000 	/usr/lib/system/libsystem_notify.dylib
0x0000000003960000 	/usr/lib/system/libsystem_platform.dylib
0x0000000003960000 	/usr/lib/system/libsystem_pthread.dylib
0x0000000003960000 	/usr/lib/system/libsystem_sandbox.dylib
0x0000000003960000 	/usr/lib/system/libsystem_secinit.dylib
0x0000000003960000 	/usr/lib/system/libsystem_stats.dylib
0x0000000003960000 	/usr/lib/system/libsystem_trace.dylib
0x0000000003960000 	/usr/lib/system/libunc.dylib
0x0000000003960000 	/usr/lib/system/libunwind.dylib
0x0000000003960000 	/usr/lib/system/libxpc.dylib
0x0000000003960000 	/usr/lib/libbz2.1.0.dylib
0x0000000003960000 	/usr/lib/liblzma.5.dylib
0x0000000003960000 	/usr/lib/libbsm.0.dylib
0x0000000003960000 	/usr/lib/libsqlite3.dylib
0x0000000003960000 	/usr/lib/system/libkxld.dylib
0x0000000003960000 	/usr/lib/libxar.1.dylib
0x0000000003960000 	/usr/lib/libpam.2.dylib
0x0000000003960000 	/usr/lib/libOpenScriptingUtil.dylib
0x0000000003960000 	/System/Library/Frameworks/CoreServices.framework/Versions/A/Frameworks/FSEvents.framework/Versions/A/FSEvents
0x0000000003960000 	/System/Library/Frameworks/CoreServices.framework/Versions/A/Frameworks/CarbonCore.framework/Versions/A/CarbonCore
0x0000000003960000 	/System/Library/Frameworks/CoreServices.framework/Versions/A/Frameworks/Metadata.framework/Versions/A/Metadata
0x0000000003960000 	/System/Library/Frameworks/CoreServices.framework/Versions/A/Frameworks/OSServices.framework/Versions/A/OSServices
0x0000000003960000 	/System/Library/Frameworks/CoreServices.framework/Versions/A/Frameworks/SearchKit.framework/Versions/A/SearchKit
0x0000000003960000 	/System/Library/Frameworks/CoreServices.framework/Versions/A/Frameworks/AE.framework/Versions/A/AE
0x0000000003960000 	/System/Library/Frameworks/CoreServices.framework/Versions/A/Frameworks/LaunchServices.framework/Versions/A/LaunchServices
0x0000000003960000 	/System/Library/Frameworks/CoreServices.framework/Versions/A/Frameworks/DictionaryServices.framework/Versions/A/DictionaryServices
0x0000000003960000 	/System/Library/Frameworks/NetFS.framework/Versions/A/NetFS
0x0000000003960000 	/System/Library/PrivateFrameworks/NetAuth.framework/Versions/A/NetAuth
0x0000000003960000 	/System/Library/PrivateFrameworks/login.framework/Versions/A/Frameworks/loginsupport.framework/Versions/A/loginsupport
0x0000000003960000 	/System/Library/PrivateFrameworks/TCC.framework/Versions/A/TCC
0x0000000003960000 	/usr/lib/libmecabra.dylib
0x0000000003960000 	/System/Library/Frameworks/ApplicationServices.framework/Versions/A/Frameworks/ATS.framework/Versions/A/ATS
0x0000000003960000 	/System/Library/Frameworks/ApplicationServices.framework/Versions/A/Frameworks/ColorSync.framework/Versions/A/ColorSync
0x0000000003960000 	/System/Library/Frameworks/ApplicationServices.framework/Versions/A/Frameworks/HIServices.framework/Versions/A/HIServices
0x0000000003960000 	/System/Library/Frameworks/ApplicationServices.framework/Versions/A/Frameworks/LangAnalysis.framework/Versions/A/LangAnalysis
0x0000000003960000 	/System/Library/Frameworks/ApplicationServices.framework/Versions/A/Frameworks/PrintCore.framework/Versions/A/PrintCore
0x0000000003960000 	/System/Library/Frameworks/ApplicationServices.framework/Versions/A/Frameworks/QD.framework/Versions/A/QD
0x0000000003960000 	/System/Library/Frameworks/ApplicationServices.framework/Versions/A/Frameworks/SpeechSynthesis.framework/Versions/A/SpeechSynthesis
0x0000000003960000 	/System/Library/Frameworks/Accelerate.framework/Versions/A/Accelerate
0x0000000003960000 	/System/Library/Frameworks/Accelerate.framework/Versions/A/Frameworks/vImage.framework/Versions/A/vImage
0x0000000003960000 	/System/Library/Frameworks/Accelerate.framework/Versions/A/Frameworks/vecLib.framework/Versions/A/vecLib
0x0000000003960000 	/System/Library/Frameworks/Accelerate.framework/Versions/A/Frameworks/vecLib.framework/Versions/A/libvDSP.dylib
0x0000000003960000 	/System/Library/Frameworks/Accelerate.framework/Versions/A/Frameworks/vecLib.framework/Versions/A/libvMisc.dylib
0x0000000003960000 	/System/Library/Frameworks/Accelerate.framework/Versions/A/Frameworks/vecLib.framework/Versions/A/libLAPACK.dylib
0x0000000003960000 	/System/Library/Frameworks/Accelerate.framework/Versions/A/Frameworks/vecLib.framework/Versions/A/libBLAS.dylib
0x0000000003960000 	/System/Library/Frameworks/Accelerate.framework/Versions/A/Frameworks/vecLib.framework/Versions/A/libLinearAlgebra.dylib
0x0000000003960000 	/System/Library/Frameworks/ApplicationServices.framework/Versions/A/Frameworks/ATS.framework/Versions/A/Resources/libFontParser.dylib
0x0000000003960000 	/System/Library/Frameworks/ApplicationServices.framework/Versions/A/Frameworks/ATS.framework/Versions/A/Resources/libFontRegistry.dylib
0x0000000003960000 	/System/Library/PrivateFrameworks/AppleVPA.framework/Versions/A/AppleVPA
0x0000000003960000 	/System/Library/PrivateFrameworks/AppleJPEG.framework/Versions/A/AppleJPEG
0x0000000003960000 	/System/Library/Frameworks/ImageIO.framework/Versions/A/Resources/libJPEG.dylib
0x0000000003960000 	/System/Library/Frameworks/ImageIO.framework/Versions/A/Resources/libTIFF.dylib
0x0000000003960000 	/System/Library/Frameworks/ImageIO.framework/Versions/A/Resources/libPng.dylib
0x0000000003960000 	/System/Library/Frameworks/ImageIO.framework/Versions/A/Resources/libGIF.dylib
0x0000000003960000 	/System/Library/Frameworks/ImageIO.framework/Versions/A/Resources/libJP2.dylib
0x0000000003960000 	/System/Library/Frameworks/ImageIO.framework/Versions/A/Resources/libRadiance.dylib
0x0000000003960000 	/System/Library/Frameworks/CoreVideo.framework/Versions/A/CoreVideo
0x0000000003960000 	/System/Library/Frameworks/OpenGL.framework/Versions/A/Libraries/libGLU.dylib
0x0000000003960000 	/System/Library/Frameworks/OpenGL.framework/Versions/A/Libraries/libGFXShared.dylib
0x0000000003960000 	/System/Library/Frameworks/OpenGL.framework/Versions/A/Libraries/libGL.dylib
0x0000000003960000 	/System/Library/Frameworks/OpenGL.framework/Versions/A/Libraries/libGLImage.dylib
0x0000000003960000 	/System/Library/Frameworks/OpenGL.framework/Versions/A/Libraries/libCVMSPluginSupport.dylib
0x0000000003960000 	/System/Library/Frameworks/OpenGL.framework/Versions/A/Libraries/libCoreVMClient.dylib
0x0000000003960000 	/usr/lib/libcups.2.dylib
0x0000000003960000 	/System/Library/Frameworks/Kerberos.framework/Versions/A/Kerberos
0x0000000003960000 	/System/Library/Frameworks/GSS.framework/Versions/A/GSS
0x0000000003960000 	/usr/lib/libresolv.9.dylib
0x0000000003960000 	/usr/lib/libiconv.2.dylib
0x0000000003960000 	/System/Library/PrivateFrameworks/Heimdal.framework/Versions/A/Heimdal
0x0000000003960000 	/usr/lib/libheimdal-asn1.dylib
0x0000000003960000 	/System/Library/Frameworks/OpenDirectory.framework/Versions/A/OpenDirectory
0x0000000003960000 	/System/Library/PrivateFrameworks/CommonAuth.framework/Versions/A/CommonAuth
0x0000000003960000 	/System/Library/Frameworks/OpenDirectory.framework/Versions/A/Frameworks/CFOpenDirectory.framework/Versions/A/CFOpenDirectory
0x0000000003960000 	/System/Library/Frameworks/SecurityFoundation.framework/Versions/A/SecurityFoundation
0x0000000003960000 	/System/Library/PrivateFrameworks/LanguageModeling.framework/Versions/A/LanguageModeling
0x0000000003960000 	/usr/lib/libcmph.dylib
0x0000000003960000 	/System/Library/Frameworks/ServiceManagement.framework/Versions/A/ServiceManagement
0x0000000003960000 	/usr/lib/libxslt.1.dylib
0x0000000003960000 	/System/Library/Frameworks/Carbon.framework/Versions/A/Frameworks/Ink.framework/Versions/A/Ink
0x0000000003960000 	/System/Library/Frameworks/QuartzCore.framework/Versions/A/Frameworks/CoreImage.framework/Versions/A/CoreImage
0x0000000003960000 	/System/Library/PrivateFrameworks/CrashReporterSupport.framework/Versions/A/CrashReporterSupport
0x0000000003960000 	/System/Library/Frameworks/OpenCL.framework/Versions/A/OpenCL
0x0000000003960000 	/System/Library/PrivateFrameworks/FaceCore.framework/Versions/A/FaceCore
0x0000000003960000 	/System/Library/PrivateFrameworks/Ubiquity.framework/Versions/A/Ubiquity
0x0000000003960000 	/System/Library/PrivateFrameworks/IconServices.framework/Versions/A/IconServices
0x0000000003960000 	/System/Library/PrivateFrameworks/ChunkingLibrary.framework/Versions/A/ChunkingLibrary
0x0000000003960000 	/System/Library/PrivateFrameworks/Apple80211.framework/Versions/A/Apple80211
0x0000000003960000 	/System/Library/Frameworks/CoreWLAN.framework/Versions/A/CoreWLAN
0x0000000003960000 	/System/Library/Frameworks/IOBluetooth.framework/Versions/A/IOBluetooth
0x0000000003960000 	/System/Library/PrivateFrameworks/CoreWiFi.framework/Versions/A/CoreWiFi
0x0000000003960000 	/System/Library/Frameworks/CoreBluetooth.framework/Versions/A/CoreBluetooth
0x0000000003960000 	/System/Library/PrivateFrameworks/DebugSymbols.framework/Versions/A/DebugSymbols
0x0000000003960000 	/System/Library/PrivateFrameworks/CoreSymbolication.framework/Versions/A/CoreSymbolication
0x0000000003960000 	/System/Library/PrivateFrameworks/Symbolication.framework/Versions/A/Symbolication
0x0000000003960000 	/System/Library/PrivateFrameworks/SpeechRecognitionCore.framework/Versions/A/SpeechRecognitionCore
0x000000010b400000 	/Library/Java/JavaVirtualMachines/jdk1.8.0_66.jdk/Contents/Home/jre/lib/server/libjvm.dylib
0x0000000003960000 	/usr/lib/libstdc++.6.dylib
0x000000010c489000 	/Library/Java/JavaVirtualMachines/jdk1.8.0_66.jdk/Contents/Home/jre/lib/libverify.dylib
0x000000010c497000 	/Library/Java/JavaVirtualMachines/jdk1.8.0_66.jdk/Contents/Home/jre/lib/libjava.dylib
0x000000010c4d4000 	/Library/Java/JavaVirtualMachines/jdk1.8.0_66.jdk/Contents/Home/jre/lib/libzip.dylib
0x000000011ffeb000 	/System/Library/Frameworks/JavaVM.framework/Frameworks/JavaRuntimeSupport.framework/JavaRuntimeSupport
0x0000000120001000 	/System/Library/Frameworks/JavaVM.framework/Versions/A/Frameworks/JavaNativeFoundation.framework/Versions/A/JavaNativeFoundation
0x0000000120015000 	/System/Library/Frameworks/JavaVM.framework/Versions/A/JavaVM
0x0000000003960000 	/System/Library/Frameworks/Carbon.framework/Versions/A/Carbon
0x0000000120021000 	/System/Library/PrivateFrameworks/JavaLaunching.framework/Versions/A/JavaLaunching
0x0000000003960000 	/System/Library/Frameworks/Carbon.framework/Versions/A/Frameworks/CommonPanels.framework/Versions/A/CommonPanels
0x0000000003960000 	/System/Library/Frameworks/Carbon.framework/Versions/A/Frameworks/Help.framework/Versions/A/Help
0x0000000003960000 	/System/Library/Frameworks/Carbon.framework/Versions/A/Frameworks/ImageCapture.framework/Versions/A/ImageCapture
0x0000000003960000 	/System/Library/Frameworks/Carbon.framework/Versions/A/Frameworks/OpenScripting.framework/Versions/A/OpenScripting
0x0000000003960000 	/System/Library/Frameworks/Carbon.framework/Versions/A/Frameworks/Print.framework/Versions/A/Print
0x0000000003960000 	/System/Library/Frameworks/Carbon.framework/Versions/A/Frameworks/SecurityHI.framework/Versions/A/SecurityHI
0x0000000121f1c000 	/Library/Java/JavaVirtualMachines/jdk1.8.0_66.jdk/Contents/Home/jre/lib/libawt.dylib
0x0000000121fc4000 	/Library/Java/JavaVirtualMachines/jdk1.8.0_66.jdk/Contents/Home/jre/lib/./libmlib_image.dylib
0x0000000122090000 	/Library/Java/JavaVirtualMachines/jdk1.8.0_66.jdk/Contents/Home/jre/lib/libawt_lwawt.dylib
0x0000000122145000 	/Library/Java/JavaVirtualMachines/jdk1.8.0_66.jdk/Contents/Home/jre/lib/./libosxapp.dylib
0x0000000003960000 	/System/Library/Frameworks/ExceptionHandling.framework/Versions/A/ExceptionHandling
0x0000000003960000 	/System/Library/PrivateFrameworks/CoreServicesInternal.framework/Versions/A/CoreServicesInternal
0x0000000003960000 	/System/Library/PrivateFrameworks/CloudDocs.framework/Versions/A/CloudDocs
0x0000000003960000 	/System/Library/PrivateFrameworks/CoreDuet.framework/Versions/A/CoreDuet
0x0000000003960000 	/System/Library/Frameworks/CloudKit.framework/Versions/A/CloudKit
0x0000000003960000 	/System/Library/PrivateFrameworks/ProtocolBuffer.framework/Versions/A/ProtocolBuffer
0x0000000003960000 	/System/Library/PrivateFrameworks/CoreDuetDaemonProtocol.framework/Versions/A/CoreDuetDaemonProtocol
0x0000000003960000 	/System/Library/PrivateFrameworks/CoreDuetDebugLogging.framework/Versions/A/CoreDuetDebugLogging
0x0000000003960000 	/System/Library/PrivateFrameworks/MMCS.framework/Versions/A/MMCS
0x0000000003960000 	/System/Library/Frameworks/CoreLocation.framework/Versions/A/CoreLocation
0x0000000003960000 	/System/Library/PrivateFrameworks/ProtectedCloudStorage.framework/Versions/A/ProtectedCloudStorage
0x0000000003960000 	/System/Library/PrivateFrameworks/GeoServices.framework/Versions/A/GeoServices
0x0000000003960000 	/System/Library/Frameworks/CoreGraphics.framework/Versions/A/Resources/libCGCMS.A.dylib
0x0000000003960000 	/System/Library/Frameworks/CoreGraphics.framework/Versions/A/Resources/libRIP.A.dylib
0x0000000003960000 	/System/Library/Frameworks/CoreGraphics.framework/Versions/A/Resources/libCGXType.A.dylib
0x0000000003960000 	/System/Library/Frameworks/OpenCL.framework/Versions/A/Libraries/libcldcpuengine.dylib
0x0000000003960000 	/System/Library/PrivateFrameworks/DiskImages.framework/Versions/A/DiskImages
0x0000000003960000 	/System/Library/Frameworks/DiscRecording.framework/Versions/A/DiscRecording
0x0000000003960000 	/usr/lib/libcsfde.dylib
0x0000000003960000 	/usr/lib/libcurl.4.dylib
0x0000000003960000 	/System/Library/PrivateFrameworks/MediaKit.framework/Versions/A/MediaKit
0x0000000003960000 	/usr/lib/libCoreStorage.dylib
0x0000000003960000 	/System/Library/PrivateFrameworks/EFILogin.framework/Versions/A/EFILogin
0x0000000003960000 	/usr/lib/libutil.dylib
0x0000000003960000 	/System/Library/PrivateFrameworks/FindMyDevice.framework/Versions/A/FindMyDevice
0x0000000003960000 	/System/Library/Frameworks/LDAP.framework/Versions/A/LDAP
0x0000000003960000 	/usr/lib/libsasl2.2.dylib
0x0000000003960000 	/System/Library/PrivateFrameworks/CoreDaemon.framework/Versions/B/CoreDaemon
0x0000000003960000 	/usr/lib/libcrypto.0.9.8.dylib
0x0000000003960000 	/System/Library/PrivateFrameworks/AppleSRP.framework/Versions/A/AppleSRP
0x0000000003960000 	/System/Library/PrivateFrameworks/TrustEvaluationAgent.framework/Versions/A/TrustEvaluationAgent
0x00000001223d8000 	cl_kernels
0x0000000124e31000 	/System/Library/Frameworks/OpenCL.framework/Versions/A/Libraries/ImageFormats/unorm8_bgra.dylib
0x0000000124fee000 	cl_kernels
0x0000000003960000 	/System/Library/PrivateFrameworks/FamilyControls.framework/Versions/A/FamilyControls
0x0000000003960000 	/System/Library/PrivateFrameworks/CommerceKit.framework/Versions/A/Frameworks/CommerceCore.framework/Versions/A/CommerceCore
0x0000000003960000 	/System/Library/PrivateFrameworks/SystemAdministration.framework/Versions/A/SystemAdministration
0x0000000003960000 	/System/Library/PrivateFrameworks/AppContainer.framework/Versions/A/AppContainer
0x0000000003960000 	/System/Library/PrivateFrameworks/SecCodeWrapper.framework/Versions/A/SecCodeWrapper
0x0000000003960000 	/System/Library/Frameworks/DirectoryService.framework/Versions/A/DirectoryService
0x0000000003960000 	/System/Library/PrivateFrameworks/LoginUIKit.framework/Versions/A/Frameworks/LoginUICore.framework/Versions/A/LoginUICore
0x0000000003960000 	/usr/lib/libodfde.dylib
0x0000000003960000 	/System/Library/Frameworks/OpenGL.framework/Versions/A/Resources/GLEngine.bundle/GLEngine
0x0000000003960000 	/System/Library/Frameworks/OpenGL.framework/Versions/A/Libraries/libGLProgrammability.dylib
0x0000000000000000 	/System/Library/Extensions/AppleIntelBDWGraphicsGLDriver.bundle/Contents/MacOS/AppleIntelBDWGraphicsGLDriver
0x0000000003960000 	/System/Library/PrivateFrameworks/IOAccelerator.framework/Versions/A/IOAccelerator
0x0000000003960000 	/System/Library/PrivateFrameworks/GPUSupport.framework/Versions/A/Libraries/libGPUSupportMercury.dylib
0x0000000003960000 	/System/Library/Frameworks/OpenGL.framework/Versions/A/Resources/GLRendererFloat.bundle/GLRendererFloat
0x0000000126abb000 	/Library/Java/JavaVirtualMachines/jdk1.8.0_66.jdk/Contents/Home/jre/lib/libfontmanager.dylib
0x0000000127b32000 	/Library/Java/JavaVirtualMachines/jdk1.8.0_66.jdk/Contents/Home/jre/lib/libosxui.dylib
0x0000000127f15000 	/Library/Java/JavaVirtualMachines/jdk1.8.0_66.jdk/Contents/Home/jre/lib/libnet.dylib
0x0000000127f74000 	/Library/Java/JavaVirtualMachines/jdk1.8.0_66.jdk/Contents/Home/jre/lib/libnio.dylib
0x0000000003960000 	/System/Library/Frameworks/ApplicationServices.framework/Versions/A/Frameworks/ATS.framework/Versions/A/Resources/libTrueTypeScaler.dylib
0x00000001734cf000 	/private/var/folders/zx/j9nzkyzx4dn04w6cj8zrt2j80000gn/T/jogamp_0000/file_cache/jln8717468494568520027/jln4502321284124724542/libgluegen-rt.jnilib
0x00000001734d3000 	/private/var/folders/zx/j9nzkyzx4dn04w6cj8zrt2j80000gn/T/jogamp_0000/file_cache/jln8717468494568520027/jln4502321284124724542/libnativewindow_awt.jnilib
0x00000001734d6000 	/Library/Java/JavaVirtualMachines/jdk1.8.0_66.jdk/Contents/Home/jre/lib/libjawt.dylib
0x00000001734d9000 	/private/var/folders/zx/j9nzkyzx4dn04w6cj8zrt2j80000gn/T/jogamp_0000/file_cache/jln8717468494568520027/jln4502321284124724542/libnativewindow_macosx.jnilib
0x0000000174f45000 	/private/var/folders/zx/j9nzkyzx4dn04w6cj8zrt2j80000gn/T/jogamp_0000/file_cache/jln8717468494568520027/jln4502321284124724542/libjogl_desktop.jnilib

VM Arguments:
jvm_args: -Djava.security.policy=java.policy.applet -Dfile.encoding=UTF-8 
java_command: sun.applet.AppletViewer module3.EarthquakeCityMap1447620472284.html
java_class_path (initial): /Users/aray/prep/jp/UCSDUnfoldingMaps/build:/Users/aray/prep/jp/UCSDUnfoldingMaps/lib/core.jar:/Users/aray/prep/jp/UCSDUnfoldingMaps/lib/gluegen-rt.jar:/Users/aray/prep/jp/UCSDUnfoldingMaps/lib/jogl-all.jar:/Users/aray/prep/jp/UCSDUnfoldingMaps/lib/log4j-1.2.15.jar:/Users/aray/prep/jp/UCSDUnfoldingMaps/lib/sqlite-jdbc-3.7.2.jar:/Users/aray/prep/jp/UCSDUnfoldingMaps/lib/json4processing.jar:/Users/aray/prep/jp/UCSDUnfoldingMaps/lib/libTUIO.jar:/Users/aray/prep/jp/UCSDUnfoldingMaps/lib/unfolding.0.9.7-uscd.jar
Launcher Type: SUN_STANDARD

Environment Variables:
PATH=/usr/bin:/bin:/usr/sbin:/sbin
SHELL=/bin/bash

Signal Handlers:
SIGSEGV: [libjvm.dylib+0x5a65d5], sa_mask[0]=11111111011111110111111111111111, sa_flags=SA_ONSTACK|SA_RESTART|SA_SIGINFO
SIGBUS: [libjvm.dylib+0x5a65d5], sa_mask[0]=11111111011111110111111111111111, sa_flags=SA_RESTART|SA_SIGINFO
SIGFPE: [libjvm.dylib+0x4802e8], sa_mask[0]=11111111011111110111111111111111, sa_flags=SA_RESTART|SA_SIGINFO
SIGPIPE: [libjvm.dylib+0x4802e8], sa_mask[0]=11111111011111110111111111111111, sa_flags=SA_RESTART|SA_SIGINFO
SIGXFSZ: [libjvm.dylib+0x4802e8], sa_mask[0]=11111111011111110111111111111111, sa_flags=SA_RESTART|SA_SIGINFO
SIGILL: [libjvm.dylib+0x4802e8], sa_mask[0]=11111111011111110111111111111111, sa_flags=SA_RESTART|SA_SIGINFO
SIGUSR1: SIG_DFL, sa_mask[0]=00000000000000000000000000000000, sa_flags=none
SIGUSR2: [libjvm.dylib+0x47fe06], sa_mask[0]=00100000000000000000000000000000, sa_flags=SA_RESTART|SA_SIGINFO
SIGHUP: [libjvm.dylib+0x47e3dd], sa_mask[0]=11111111011111110111111111111111, sa_flags=SA_RESTART|SA_SIGINFO
SIGINT: [libjvm.dylib+0x47e3dd], sa_mask[0]=11111111011111110111111111111111, sa_flags=SA_RESTART|SA_SIGINFO
SIGTERM: [libjvm.dylib+0x47e3dd], sa_mask[0]=11111111011111110111111111111111, sa_flags=SA_RESTART|SA_SIGINFO
SIGQUIT: [libjvm.dylib+0x47e3dd], sa_mask[0]=11111111011111110111111111111111, sa_flags=SA_RESTART|SA_SIGINFO


---------------  S Y S T E M  ---------------

OS:Bsduname:Darwin 14.4.0 Darwin Kernel Version 14.4.0: Thu May 28 11:35:04 PDT 2015; root:xnu-2782.30.5~1/RELEASE_X86_64 x86_64
rlimit: STACK 8192k, CORE 0k, NPROC 709, NOFILE 10240, AS infinity
load average:1.56 1.50 1.42

CPU:total 4 (2 cores per cpu, 2 threads per core) family 6 model 61 stepping 4, cmov, cx8, fxsr, mmx, sse, sse2, sse3, ssse3, sse4.1, sse4.2, popcnt, avx, avx2, aes, clmul, erms, 3dnowpref, lzcnt, ht, tsc, tscinvbit, bmi1, bmi2, adx

Memory: 4k page, physical 4194304k(152160k free)

/proc/meminfo:


vm_info: Java HotSpot(TM) 64-Bit Server VM (25.66-b17) for bsd-amd64 JRE (1.8.0_66-b17), built on Oct  6 2015 16:09:13 by "java_re" with gcc 4.2.1 (Based on Apple Inc. build 5658) (LLVM build 2336.11.00)

time: Sun Nov 15 12:48:14 2015
elapsed time: 22 seconds (0d 0h 0m 22s)

