#
# A fatal error has been detected by the Java Runtime Environment:
#
#  SIGSEGV (0xb) at pc=0x00007fff8a7370dd, pid=17471, tid=1811
#
# JRE version: Java(TM) SE Runtime Environment (8.0_66-b17) (build 1.8.0_66-b17)
# Java VM: Java HotSpot(TM) 64-Bit Server VM (25.66-b17 mixed mode bsd-amd64 compressed oops)
# Problematic frame:
# C  [libobjc.A.dylib+0x10dd]  objc_msgSend+0x1d
#
# Failed to write core dump. Core dumps have been disabled. To enable core dumping, try "ulimit -c unlimited" before starting Java again
#
# If you would like to submit a bug report, please visit:
#   http://bugreport.java.com/bugreport/crash.jsp
# The crash happened outside the Java Virtual Machine in native code.
# See problematic frame for where to report the bug.
#

---------------  T H R E A D  ---------------

Current thread (0x00007ffaa9843000):  JavaThread "AWT-AppKit" daemon [_thread_in_native, id=1811, stack(0x00007fff58a12000,0x00007fff59212000)]

siginfo: si_signo: 11 (SIGSEGV), si_code: 1 (SEGV_MAPERR), si_addr: 0x0000000000000018

Registers:
RAX=0x00007ffaadb837e0, RBX=0x000000016f365450, RCX=0x00000001239b4e80, RDX=0x00000001239b4a80
RSP=0x00007fff5920d628, RBP=0x00007fff5920d6e0, RSI=0x00007fff87d0141f, RDI=0x00007ffaadb81790
R8 =0x0000000000000000, R9 =0x0000000000000f50, R10=0x00007fff87d0141f, R11=0x0000000000000000
R12=0x0000000000000000, R13=0x000000017114fee8, R14=0x000000016f365440, R15=0x00007ffaa9843000
RIP=0x00007fff8a7370dd, EFLAGS=0x0000000000010246, ERR=0x0000000000000004
  TRAPNO=0x000000000000000e

Top of Stack: (sp=0x00007fff5920d628)
0x00007fff5920d628:   000000016f363157 00007fff5920d680
0x00007fff5920d638:   0000000000000003 00007fff5920d660
0x00007fff5920d648:   00000001075f11f6 000000017114fee8
0x00007fff5920d658:   000000017114fee8 00007ffaadb837e0
0x00007fff5920d668:   000000016f3656a0 000000016f365710
0x00007fff5920d678:   00007fff75ae0550 00007fff758a7c80
0x00007fff5920d688:   000000016f365450 000000016f365690
0x00007fff5920d698:   00007ffaadb837e0 00007ffaadb81790
0x00007fff5920d6a8:   00007ffaa8e733f0 00007ffaadb837e0
0x00007fff5920d6b8:   00007ffaadb81790 00007fff5920d760
0x00007fff5920d6c8:   00007ffaa98431f8 000000017114fee8
0x00007fff5920d6d8:   00007fff5920d788 00007fff5920d750
0x00007fff5920d6e8:   000000010849e954 00007fff5920d750
0x00007fff5920d6f8:   000000010849e6d9 00000001084aa823
0x00007fff5920d708:   000000010849e6a2 00007fff5920d710
0x00007fff5920d718:   000000017114fee8 00007fff5920d788
0x00007fff5920d728:   0000000171152b20 0000000000000000
0x00007fff5920d738:   000000017114fee8 0000000000000000
0x00007fff5920d748:   00007fff5920d770 00007fff5920d7d0
0x00007fff5920d758:   0000000108490c4d 00000007acab1668
0x00007fff5920d768:   0000000108498578 00007ffaadb837e0
0x00007fff5920d778:   0000000108499db9 00007ffaadb81790
0x00007fff5920d788:   0000000108499d82 00007fff5920d790
0x00007fff5920d798:   00000001711500b2 00007fff5920d7f8
0x00007fff5920d7a8:   0000000171152b20 0000000000000000
0x00007fff5920d7b8:   00000001711500c0 00007fff5920d770
0x00007fff5920d7c8:   00007fff5920d7e0 00007fff5920d840
0x00007fff5920d7d8:   0000000108490c4d 00007ffaadb837e0
0x00007fff5920d7e8:   00000007aca82e38 00007ffaadb81790
0x00007fff5920d7f8:   00000007aca82e38 00007fff5920d800
0x00007fff5920d808:   000000017a5baf56 00007fff5920d850
0x00007fff5920d818:   000000017a5bb010 0000000000000000 

Instructions: (pc=0x00007fff8a7370dd)
0x00007fff8a7370bd:   00 00 00 48 85 ff 2e 74 7a 40 f6 c7 01 2e 75 7e
0x00007fff8a7370cd:   49 bb f8 ff ff ff ff 7f 00 00 4c 23 1f 49 89 f2
0x00007fff8a7370dd:   45 23 53 18 49 c1 e2 04 4d 03 53 10 49 3b 32 75
0x00007fff8a7370ed:   04 41 ff 62 08 49 83 3a 00 74 6a 4d 3b 53 10 74 

Register to memory mapping:

RAX=0x00007ffaadb837e0 is an unknown value
RBX=0x000000016f365450: Java_jogamp_nativewindow_macosx_OSXUtil_GetScreenRefreshRate0+0x1cf0 in /private/var/folders/zx/j9nzkyzx4dn04w6cj8zrt2j80000gn/T/jogamp_0000/file_cache/jln4943412302149005546/jln8295419560070741366/libnativewindow_macosx.jnilib at 0x000000016f35e000
RCX=0x00000001239b4e80 is an unknown value
RDX=0x00000001239b4a80 is an unknown value
RSP=0x00007fff5920d628 is pointing into the stack for thread: 0x00007ffaa9843000
RBP=0x00007fff5920d6e0 is pointing into the stack for thread: 0x00007ffaa9843000
RSI=0x00007fff87d0141f is an unknown value
RDI=0x00007ffaadb81790 is an unknown value
R8 =0x0000000000000000 is an unknown value
R9 =0x0000000000000f50 is an unknown value
R10=0x00007fff87d0141f is an unknown value
R11=0x0000000000000000 is an unknown value
R12=0x0000000000000000 is an unknown value
R13={method} {0x000000017114fee8} 'UnsetJAWTRootSurfaceLayer0' '(JJ)V' in 'jogamp/nativewindow/jawt/macosx/MacOSXJAWTWindow'
R14=0x000000016f365440: Java_jogamp_nativewindow_macosx_OSXUtil_GetScreenRefreshRate0+0x1ce0 in /private/var/folders/zx/j9nzkyzx4dn04w6cj8zrt2j80000gn/T/jogamp_0000/file_cache/jln4943412302149005546/jln8295419560070741366/libnativewindow_macosx.jnilib at 0x000000016f35e000
R15=0x00007ffaa9843000 is a thread


Stack: [0x00007fff58a12000,0x00007fff59212000],  sp=0x00007fff5920d628,  free space=8173k
Native frames: (J=compiled Java code, j=interpreted, Vv=VM code, C=native code)
C  [libobjc.A.dylib+0x10dd]  objc_msgSend+0x1d
j  jogamp.nativewindow.jawt.macosx.MacOSXJAWTWindow.UnsetJAWTRootSurfaceLayer0(JJ)V+0
j  jogamp.nativewindow.jawt.macosx.MacOSXJAWTWindow.access$200(JJ)V+2
j  jogamp.nativewindow.jawt.macosx.MacOSXJAWTWindow$1.run()V+38
j  com.jogamp.common.util.RunnableTask.run()V+24
v  ~StubRoutines::call_stub
V  [libjvm.dylib+0x2ea35e]  JavaCalls::call_helper(JavaValue*, methodHandle*, JavaCallArguments*, Thread*)+0x6ae
V  [libjvm.dylib+0x321467]  jni_invoke_nonstatic(JNIEnv_*, JavaValue*, _jobject*, JNICallType, _jmethodID*, JNI_ArgumentPusher*, Thread*)+0x2ec
V  [libjvm.dylib+0x313c3b]  jni_CallVoidMethod+0x16b
C  [libnativewindow_macosx.jnilib+0x5326]  Java_jogamp_nativewindow_jawt_macosx_MacOSXJAWTWindow_UnsetJAWTRootSurfaceLayer0+0x2b6
C  [Foundation+0x92d00]  __NSThreadPerformPerform+0x125
C  [CoreFoundation+0x80a01]  __CFRUNLOOP_IS_CALLING_OUT_TO_A_SOURCE0_PERFORM_FUNCTION__+0x11
C  [CoreFoundation+0x72c5c]  __CFRunLoopDoSources0+0x1dc
C  [CoreFoundation+0x721bf]  __CFRunLoopRun+0x39f
C  [CoreFoundation+0x71bd8]  CFRunLoopRunSpecific+0x128
C  [HIToolbox+0x3256f]  RunCurrentEventLoopInMode+0xeb
C  [HIToolbox+0x321ee]  ReceiveNextEventCommon+0xb3
C  [HIToolbox+0x3212b]  _BlockUntilNextEventMatchingListInModeWithFilter+0x47
C  [AppKit+0x918ab]  _DPSNextEvent+0x3d2
C  [AppKit+0x90e58]  -[NSApplication nextEventMatchingMask:untilDate:inMode:dequeue:]+0x15a
C  [libosxapp.dylib+0x23aa]  -[NSApplicationAWT nextEventMatchingMask:untilDate:inMode:dequeue:]+0x7c
C  [AppKit+0x86af3]  -[NSApplication run]+0x252
C  [libosxapp.dylib+0x214d]  +[NSApplicationAWT runAWTLoopWithApp:]+0x9c
C  [libawt_lwawt.dylib+0x4455b]  -[AWTStarter starter:]+0x389
C  [Foundation+0x92d00]  __NSThreadPerformPerform+0x125
C  [CoreFoundation+0x80a01]  __CFRUNLOOP_IS_CALLING_OUT_TO_A_SOURCE0_PERFORM_FUNCTION__+0x11
C  [CoreFoundation+0x72b8d]  __CFRunLoopDoSources0+0x10d
C  [CoreFoundation+0x721bf]  __CFRunLoopRun+0x39f
C  [CoreFoundation+0x71bd8]  CFRunLoopRunSpecific+0x128
C  [java+0x6463]  CreateExecutionEnvironment+0x367
C  [java+0x21ac]  JLI_Launch+0x7a0
C  [java+0x84c0]  main+0x65
C  [java+0x1a04]  start+0x34
C  0x0000000000000007

Java frames: (J=compiled Java code, j=interpreted, Vv=VM code)
j  jogamp.nativewindow.jawt.macosx.MacOSXJAWTWindow.UnsetJAWTRootSurfaceLayer0(JJ)V+0
j  jogamp.nativewindow.jawt.macosx.MacOSXJAWTWindow.access$200(JJ)V+2
j  jogamp.nativewindow.jawt.macosx.MacOSXJAWTWindow$1.run()V+38
j  com.jogamp.common.util.RunnableTask.run()V+24
v  ~StubRoutines::call_stub

---------------  P R O C E S S  ---------------

Java Threads: ( => current thread )
  0x00007ffaa9201000 JavaThread "Thread-19" [_thread_blocked, id=63283, stack(0x000000017af43000,0x000000017b043000)]
  0x00007ffaaa5ae000 JavaThread "Keep-Alive-Timer" daemon [_thread_blocked, id=62243, stack(0x00000001752cf000,0x00000001753cf000)]
  0x00007ffaaa3d5000 JavaThread "AWT-EventQueue-1" [_thread_in_native, id=56595, stack(0x000000016f98a000,0x000000016fa8a000)]
  0x00007ffaa912c800 JavaThread "DestroyJavaVM" [_thread_blocked, id=4867, stack(0x0000000108387000,0x0000000108487000)]
  0x00007ffaaa1fd800 JavaThread "AWT-EventQueue-0" [_thread_blocked, id=54791, stack(0x0000000123a20000,0x0000000123b20000)]
  0x00007ffaaa899800 JavaThread "Java2D Disposer" daemon [_thread_blocked, id=50967, stack(0x000000012283d000,0x000000012293d000)]
  0x00007ffaaa1b5000 JavaThread "Java2D Queue Flusher" daemon [_thread_blocked, id=49415, stack(0x0000000121f31000,0x0000000122031000)]
  0x00007ffaaa812000 JavaThread "AWT-Shutdown" [_thread_blocked, id=27923, stack(0x000000011f546000,0x000000011f646000)]
=>0x00007ffaa9843000 JavaThread "AWT-AppKit" daemon [_thread_in_native, id=1811, stack(0x00007fff58a12000,0x00007fff59212000)]
  0x00007ffaaa058800 JavaThread "Service Thread" daemon [_thread_blocked, id=17923, stack(0x000000011db99000,0x000000011dc99000)]
  0x00007ffaa981c800 JavaThread "C1 CompilerThread2" daemon [_thread_blocked, id=17411, stack(0x000000011da96000,0x000000011db96000)]
  0x00007ffaa9009000 JavaThread "C2 CompilerThread1" daemon [_thread_blocked, id=16899, stack(0x000000011d993000,0x000000011da93000)]
  0x00007ffaaa810800 JavaThread "C2 CompilerThread0" daemon [_thread_blocked, id=16387, stack(0x000000011d890000,0x000000011d990000)]
  0x00007ffaa981a800 JavaThread "Signal Dispatcher" daemon [_thread_blocked, id=12307, stack(0x000000011d78d000,0x000000011d88d000)]
  0x00007ffaaa04f000 JavaThread "Finalizer" daemon [_thread_blocked, id=11523, stack(0x000000011bdfe000,0x000000011befe000)]
  0x00007ffaaa04e800 JavaThread "Reference Handler" daemon [_thread_blocked, id=11011, stack(0x000000011bcfb000,0x000000011bdfb000)]

Other Threads:
  0x00007ffaaa04b800 VMThread [stack: 0x000000011bbf8000,0x000000011bcf8000] [id=10499]
  0x00007ffaaa84d000 WatcherThread [stack: 0x000000011dc9c000,0x000000011dd9c000] [id=18435]

VM state:not at safepoint (normal execution)

VM Mutex/Monitor currently owned by a thread: None

Heap:
 PSYoungGen      total 32768K, used 13686K [0x00000007aab00000, 0x00000007ae080000, 0x00000007c0000000)
  eden space 31232K, 39% used [0x00000007aab00000,0x00000007ab6f5a20,0x00000007ac980000)
  from space 1536K, 93% used [0x00000007aca80000,0x00000007acbe7fb0,0x00000007acc00000)
  to   space 11776K, 0% used [0x00000007ad500000,0x00000007ad500000,0x00000007ae080000)
 ParOldGen       total 44032K, used 21797K [0x0000000780000000, 0x0000000782b00000, 0x00000007aab00000)
  object space 44032K, 49% used [0x0000000780000000,0x00000007815495c8,0x0000000782b00000)
 Metaspace       used 20399K, capacity 20611K, committed 20864K, reserved 1069056K
  class space    used 2028K, capacity 2110K, committed 2176K, reserved 1048576K

Card table byte_map: [0x0000000117849000,0x0000000117a4a000] byte_map_base: 0x0000000113c49000

Marking Bits: (ParMarkBitMap*) 0x0000000107cdde20
 Begin Bits: [0x0000000117fac000, 0x0000000118fac000)
 End Bits:   [0x0000000118fac000, 0x0000000119fac000)

Polling page: 0x0000000106b47000

CodeCache: size=245760Kb used=6710Kb max_used=6710Kb free=239049Kb
 bounds [0x0000000108489000, 0x0000000108b29000, 0x0000000117489000]
 total_blobs=2749 nmethods=1862 adapters=801
 compilation: enabled

Compilation events (10 events):
Event: 14.396 Thread 0x00007ffaa981c800 1999       3       sun.java2d.SurfaceData::pixelFor (13 bytes)
Event: 14.397 Thread 0x00007ffaa981c800 nmethod 1999 0x0000000108b1c650 code [0x0000000108b1c7c0, 0x0000000108b1cac8]
Event: 14.397 Thread 0x00007ffaa981c800 2000       3       sun.java2d.loops.SurfaceType::pixelFor (10 bytes)
Event: 14.397 Thread 0x00007ffaa981c800 nmethod 2000 0x0000000108b1c1d0 code [0x0000000108b1c340, 0x0000000108b1c568]
Event: 14.410 Thread 0x00007ffaa981c800 2001       3       java.awt.EventQueue::isDispatchThread (9 bytes)
Event: 14.412 Thread 0x00007ffaa981c800 nmethod 2001 0x0000000108b1ebd0 code [0x0000000108b1eda0, 0x0000000108b1f458]
Event: 14.418 Thread 0x00007ffaa981c800 2002       3       java.util.IdentityHashMap::hash (18 bytes)
Event: 14.418 Thread 0x00007ffaa981c800 nmethod 2002 0x0000000108b1be50 code [0x0000000108b1bfc0, 0x0000000108b1c148]
Event: 14.418 Thread 0x00007ffaa981c800 2003       3       java.security.AccessControlContext::<init> (63 bytes)
Event: 14.419 Thread 0x00007ffaa981c800 nmethod 2003 0x0000000108b1f790 code [0x0000000108b1f920, 0x0000000108b1fd68]

GC Heap History (10 events):
Event: 6.871 GC heap before
{Heap before GC invocations=3 (full 0):
 PSYoungGen      total 18944K, used 18912K [0x00000007aab00000, 0x00000007ac000000, 0x00000007c0000000)
  eden space 16384K, 100% used [0x00000007aab00000,0x00000007abb00000,0x00000007abb00000)
  from space 2560K, 98% used [0x00000007abd80000,0x00000007abff8020,0x00000007ac000000)
  to   space 2560K, 0% used [0x00000007abb00000,0x00000007abb00000,0x00000007abd80000)
 ParOldGen       total 44032K, used 2803K [0x0000000780000000, 0x0000000782b00000, 0x00000007aab00000)
  object space 44032K, 6% used [0x0000000780000000,0x00000007802bce98,0x0000000782b00000)
 Metaspace       used 19517K, capacity 19731K, committed 20096K, reserved 1067008K
  class space    used 1983K, capacity 2076K, committed 2176K, reserved 1048576K
Event: 6.890 GC heap after
Heap after GC invocations=3 (full 0):
 PSYoungGen      total 18944K, used 2544K [0x00000007aab00000, 0x00000007ac000000, 0x00000007c0000000)
  eden space 16384K, 0% used [0x00000007aab00000,0x00000007aab00000,0x00000007abb00000)
  from space 2560K, 99% used [0x00000007abb00000,0x00000007abd7c050,0x00000007abd80000)
  to   space 2560K, 0% used [0x00000007abd80000,0x00000007abd80000,0x00000007ac000000)
 ParOldGen       total 44032K, used 10837K [0x0000000780000000, 0x0000000782b00000, 0x00000007aab00000)
  object space 44032K, 24% used [0x0000000780000000,0x0000000780a955d0,0x0000000782b00000)
 Metaspace       used 19517K, capacity 19731K, committed 20096K, reserved 1067008K
  class space    used 1983K, capacity 2076K, committed 2176K, reserved 1048576K
}
Event: 7.278 GC heap before
{Heap before GC invocations=4 (full 0):
 PSYoungGen      total 18944K, used 18916K [0x00000007aab00000, 0x00000007ac000000, 0x00000007c0000000)
  eden space 16384K, 99% used [0x00000007aab00000,0x00000007abafd0d0,0x00000007abb00000)
  from space 2560K, 99% used [0x00000007abb00000,0x00000007abd7c050,0x00000007abd80000)
  to   space 2560K, 0% used [0x00000007abd80000,0x00000007abd80000,0x00000007ac000000)
 ParOldGen       total 44032K, used 10837K [0x0000000780000000, 0x0000000782b00000, 0x00000007aab00000)
  object space 44032K, 24% used [0x0000000780000000,0x0000000780a955d0,0x0000000782b00000)
 Metaspace       used 20032K, capacity 20211K, committed 20352K, reserved 1067008K
  class space    used 2019K, capacity 2108K, committed 2176K, reserved 1048576K
Event: 7.293 GC heap after
Heap after GC invocations=4 (full 0):
 PSYoungGen      total 18944K, used 2544K [0x00000007aab00000, 0x00000007ad000000, 0x00000007c0000000)
  eden space 16384K, 0% used [0x00000007aab00000,0x00000007aab00000,0x00000007abb00000)
  from space 2560K, 99% used [0x00000007abd80000,0x00000007abffc080,0x00000007ac000000)
  to   space 2560K, 0% used [0x00000007abb00000,0x00000007abb00000,0x00000007abd80000)
 ParOldGen       total 44032K, used 16547K [0x0000000780000000, 0x0000000782b00000, 0x00000007aab00000)
  object space 44032K, 37% used [0x0000000780000000,0x0000000781028de8,0x0000000782b00000)
 Metaspace       used 20032K, capacity 20211K, committed 20352K, reserved 1067008K
  class space    used 2019K, capacity 2108K, committed 2176K, reserved 1048576K
}
Event: 8.015 GC heap before
{Heap before GC invocations=5 (full 0):
 PSYoungGen      total 18944K, used 18928K [0x00000007aab00000, 0x00000007ad000000, 0x00000007c0000000)
  eden space 16384K, 100% used [0x00000007aab00000,0x00000007abb00000,0x00000007abb00000)
  from space 2560K, 99% used [0x00000007abd80000,0x00000007abffc080,0x00000007ac000000)
  to   space 2560K, 0% used [0x00000007abb00000,0x00000007abb00000,0x00000007abd80000)
 ParOldGen       total 44032K, used 16547K [0x0000000780000000, 0x0000000782b00000, 0x00000007aab00000)
  object space 44032K, 37% used [0x0000000780000000,0x0000000781028de8,0x0000000782b00000)
 Metaspace       used 20208K, capacity 20413K, committed 20608K, reserved 1067008K
  class space    used 2019K, capacity 2109K, committed 2176K, reserved 1048576K
Event: 8.022 GC heap after
Heap after GC invocations=5 (full 0):
 PSYoungGen      total 18944K, used 2544K [0x00000007aab00000, 0x00000007ae000000, 0x00000007c0000000)
  eden space 16384K, 0% used [0x00000007aab00000,0x00000007aab00000,0x00000007abb00000)
  from space 2560K, 99% used [0x00000007abb00000,0x00000007abd7c080,0x00000007abd80000)
  to   space 10752K, 0% used [0x00000007ad580000,0x00000007ad580000,0x00000007ae000000)
 ParOldGen       total 44032K, used 20593K [0x0000000780000000, 0x0000000782b00000, 0x00000007aab00000)
  object space 44032K, 46% used [0x0000000780000000,0x000000078141c548,0x0000000782b00000)
 Metaspace       used 20208K, capacity 20413K, committed 20608K, reserved 1067008K
  class space    used 2019K, capacity 2109K, committed 2176K, reserved 1048576K
}
Event: 9.946 GC heap before
{Heap before GC invocations=6 (full 0):
 PSYoungGen      total 18944K, used 18928K [0x00000007aab00000, 0x00000007ae000000, 0x00000007c0000000)
  eden space 16384K, 100% used [0x00000007aab00000,0x00000007abb00000,0x00000007abb00000)
  from space 2560K, 99% used [0x00000007abb00000,0x00000007abd7c080,0x00000007abd80000)
  to   space 10752K, 0% used [0x00000007ad580000,0x00000007ad580000,0x00000007ae000000)
 ParOldGen       total 44032K, used 20593K [0x0000000780000000, 0x0000000782b00000, 0x00000007aab00000)
  object space 44032K, 46% used [0x0000000780000000,0x000000078141c548,0x0000000782b00000)
 Metaspace       used 20316K, capacity 20483K, committed 20608K, reserved 1067008K
  class space    used 2020K, capacity 2110K, committed 2176K, reserved 1048576K
Event: 9.952 GC heap after
Heap after GC invocations=6 (full 0):
 PSYoungGen      total 43008K, used 2645K [0x00000007aab00000, 0x00000007ae100000, 0x00000007c0000000)
  eden space 32256K, 0% used [0x00000007aab00000,0x00000007aab00000,0x00000007aca80000)
  from space 10752K, 24% used [0x00000007ad580000,0x00000007ad815590,0x00000007ae000000)
  to   space 11264K, 0% used [0x00000007aca80000,0x00000007aca80000,0x00000007ad580000)
 ParOldGen       total 44032K, used 20593K [0x0000000780000000, 0x0000000782b00000, 0x00000007aab00000)
  object space 44032K, 46% used [0x0000000780000000,0x000000078141c548,0x0000000782b00000)
 Metaspace       used 20316K, capacity 20483K, committed 20608K, reserved 1067008K
  class space    used 2020K, capacity 2110K, committed 2176K, reserved 1048576K
}
Event: 13.188 GC heap before
{Heap before GC invocations=7 (full 0):
 PSYoungGen      total 43008K, used 34901K [0x00000007aab00000, 0x00000007ae100000, 0x00000007c0000000)
  eden space 32256K, 100% used [0x00000007aab00000,0x00000007aca80000,0x00000007aca80000)
  from space 10752K, 24% used [0x00000007ad580000,0x00000007ad815590,0x00000007ae000000)
  to   space 11264K, 0% used [0x00000007aca80000,0x00000007aca80000,0x00000007ad580000)
 ParOldGen       total 44032K, used 20593K [0x0000000780000000, 0x0000000782b00000, 0x00000007aab00000)
  object space 44032K, 46% used [0x0000000780000000,0x000000078141c548,0x0000000782b00000)
 Metaspace       used 20350K, capacity 20611K, committed 20864K, reserved 1069056K
  class space    used 2020K, capacity 2110K, committed 2176K, reserved 1048576K
Event: 13.195 GC heap after
Heap after GC invocations=7 (full 0):
 PSYoungGen      total 32768K, used 1439K [0x00000007aab00000, 0x00000007ae080000, 0x00000007c0000000)
  eden space 31232K, 0% used [0x00000007aab00000,0x00000007aab00000,0x00000007ac980000)
  from space 1536K, 93% used [0x00000007aca80000,0x00000007acbe7fb0,0x00000007acc00000)
  to   space 11776K, 0% used [0x00000007ad500000,0x00000007ad500000,0x00000007ae080000)
 ParOldGen       total 44032K, used 21797K [0x0000000780000000, 0x0000000782b00000, 0x00000007aab00000)
  object space 44032K, 49% used [0x0000000780000000,0x00000007815495c8,0x0000000782b00000)
 Metaspace       used 20350K, capacity 20611K, committed 20864K, reserved 1069056K
  class space    used 2020K, capacity 2110K, committed 2176K, reserved 1048576K
}

Deoptimization events (10 events):
Event: 4.239 Thread 0x00007ffaaa802000 Uncommon trap: reason=unstable_if action=reinterpret pc=0x00000001086548c0 method=java.lang.String.toLowerCase(Ljava/util/Locale;)Ljava/lang/String; @ 85
Event: 4.734 Thread 0x00007ffaaa3dc000 Uncommon trap: reason=unstable_if action=reinterpret pc=0x00000001087002d4 method=java.lang.String.indexOf([CII[CIII)I @ 3
Event: 4.734 Thread 0x00007ffaaa3dc000 Uncommon trap: reason=unstable_if action=reinterpret pc=0x00000001086d77d4 method=java.lang.String.indexOf([CII[CIII)I @ 3
Event: 4.734 Thread 0x00007ffaaa3dc000 Uncommon trap: reason=unstable_if action=reinterpret pc=0x000000010863fc18 method=java.lang.String.indexOf([CII[CIII)I @ 3
Event: 6.018 Thread 0x00007ffaaa3d5000 Uncommon trap: reason=unstable_if action=reinterpret pc=0x000000010862cd2c method=java.lang.AbstractStringBuilder.append(Ljava/lang/String;)Ljava/lang/AbstractStringBuilder; @ 1
Event: 6.647 Thread 0x00007ffaaa3d5000 Uncommon trap: reason=unstable_if action=reinterpret pc=0x00000001088604c0 method=com.sun.org.apache.xerces.internal.impl.XMLEntityScanner.scanLiteral(ILcom/sun/org/apache/xerces/internal/xni/XMLString;)I @ 44
Event: 6.845 Thread 0x00007ffaaa3d5000 Uncommon trap: reason=unstable_if action=reinterpret pc=0x00000001088d1b7c method=com.jogamp.common.util.IntIntHashMap.get(I)I @ 28
Event: 7.052 Thread 0x00007ffaa9e6a800 Uncommon trap: reason=unstable_if action=reinterpret pc=0x000000010893fc3c method=sun.awt.image.PNGImageDecoder.produceImage()V @ 867
Event: 14.392 Thread 0x00007ffaaa1e6800 Uncommon trap: reason=unstable_if action=reinterpret pc=0x000000010892dc9c method=java.util.HashMap.putVal(ILjava/lang/Object;Ljava/lang/Object;ZZ)Ljava/lang/Object; @ 81
Event: 14.393 Thread 0x00007ffaaa1e6800 Uncommon trap: reason=unstable_if action=reinterpret pc=0x00000001088f20b4 method=java.util.HashMap.putVal(ILjava/lang/Object;Ljava/lang/Object;ZZ)Ljava/lang/Object; @ 81

Internal exceptions (10 events):
Event: 0.234 Thread 0x00007ffaaa802000 Exception <a 'java/lang/NoSuchFieldError': method resolution failed> (0x00000007aad00da0) thrown at [/HUDSON3/workspace/8-2-build-macosx-x86_64/jdk8u66/4988/hotspot/src/share/vm/prims/methodHandles.cpp, line 1146]
Event: 0.236 Thread 0x00007ffaaa802000 Exception <a 'java/lang/NoSuchFieldError': method resolution failed> (0x00000007aad0e570) thrown at [/HUDSON3/workspace/8-2-build-macosx-x86_64/jdk8u66/4988/hotspot/src/share/vm/prims/methodHandles.cpp, line 1146]
Event: 1.237 Thread 0x00007ffaaa802000 Exception <a 'java/io/FileNotFoundException'> (0x00000007aad8a4e8) thrown at [/HUDSON3/workspace/8-2-build-macosx-x86_64/jdk8u66/4988/hotspot/src/share/vm/prims/jni.cpp, line 709]
Event: 1.237 Thread 0x00007ffaaa802000 Exception <a 'java/io/FileNotFoundException'> (0x00000007aad8b028) thrown at [/HUDSON3/workspace/8-2-build-macosx-x86_64/jdk8u66/4988/hotspot/src/share/vm/prims/jni.cpp, line 709]
Event: 1.429 Thread 0x00007ffaaa802000 Exception <a 'java/io/FileNotFoundException'> (0x00000007aae709b8) thrown at [/HUDSON3/workspace/8-2-build-macosx-x86_64/jdk8u66/4988/hotspot/src/share/vm/prims/jni.cpp, line 709]
Event: 4.621 Thread 0x00007ffaaa04f000 Exception <a 'java/lang/NullPointerException'> (0x00000007aab84108) thrown at [/HUDSON3/workspace/8-2-build-macosx-x86_64/jdk8u66/4988/hotspot/src/share/vm/interpreter/linkResolver.cpp, line 1178]
Event: 4.761 Thread 0x00007ffaaa3dc000 Exception <a 'java/lang/UnsatisfiedLinkError': com.jogamp.common.util.JarUtil.fixNativeLibAttribs(Ljava/lang/String;)Z> (0x00000007aaea19d8) thrown at [/HUDSON3/workspace/8-2-build-macosx-x86_64/jdk8u66/4988/hotspot/src/share/vm/prims/nativeLookup.cpp, li
Event: 6.017 Thread 0x00007ffaaa3d5000 Exception <a 'java/io/FileNotFoundException'> (0x00000007ab055a08) thrown at [/HUDSON3/workspace/8-2-build-macosx-x86_64/jdk8u66/4988/hotspot/src/share/vm/prims/jni.cpp, line 709]
Event: 6.018 Thread 0x00007ffaaa3d5000 Exception <a 'java/io/FileNotFoundException'> (0x00000007ab05b558) thrown at [/HUDSON3/workspace/8-2-build-macosx-x86_64/jdk8u66/4988/hotspot/src/share/vm/prims/jni.cpp, line 709]
Event: 6.018 Thread 0x00007ffaaa3d5000 Implicit null exception at 0x000000010862c9b5 to 0x000000010862cd19

Events (10 events):
Event: 14.417 loading class java/awt/LightweightDispatcher$2 done
Event: 14.417 loading class java/awt/event/AWTEventListenerProxy
Event: 14.417 loading class java/awt/event/AWTEventListenerProxy done
Event: 14.417 loading class java/awt/Toolkit$ToolkitEventMulticaster
Event: 14.417 loading class java/awt/Toolkit$ToolkitEventMulticaster done
Event: 14.417 Executing VM operation: RevokeBias
Event: 14.417 Executing VM operation: RevokeBias done
Event: 14.418 Thread 0x00007ffaaa1e6800 Thread exited: 0x00007ffaaa1e6800
Event: 14.418 loading class java/awt/Window$1DisposeAction
Event: 14.418 loading class java/awt/Window$1DisposeAction done


Dynamic libraries:
0x0000000003960000 	/System/Library/Frameworks/Cocoa.framework/Versions/A/Cocoa
0x0000000003960000 	/System/Library/Frameworks/Security.framework/Versions/A/Security
0x0000000003960000 	/System/Library/Frameworks/ApplicationServices.framework/Versions/A/ApplicationServices
0x0000000003960000 	/usr/lib/libz.1.dylib
0x0000000003960000 	/usr/lib/libSystem.B.dylib
0x0000000003960000 	/usr/lib/libobjc.A.dylib
0x0000000003960000 	/System/Library/Frameworks/CoreFoundation.framework/Versions/A/CoreFoundation
0x0000000003960000 	/System/Library/Frameworks/Foundation.framework/Versions/C/Foundation
0x0000000003960000 	/System/Library/Frameworks/AppKit.framework/Versions/C/AppKit
0x0000000003960000 	/System/Library/Frameworks/CoreData.framework/Versions/A/CoreData
0x0000000003960000 	/System/Library/PrivateFrameworks/RemoteViewServices.framework/Versions/A/RemoteViewServices
0x0000000003960000 	/System/Library/PrivateFrameworks/UIFoundation.framework/Versions/A/UIFoundation
0x0000000003960000 	/System/Library/Frameworks/IOSurface.framework/Versions/A/IOSurface
0x0000000003960000 	/System/Library/Frameworks/AudioToolbox.framework/Versions/A/AudioToolbox
0x0000000003960000 	/System/Library/Frameworks/AudioUnit.framework/Versions/A/AudioUnit
0x0000000003960000 	/System/Library/PrivateFrameworks/DataDetectorsCore.framework/Versions/A/DataDetectorsCore
0x0000000003960000 	/System/Library/PrivateFrameworks/DesktopServicesPriv.framework/Versions/A/DesktopServicesPriv
0x0000000003960000 	/System/Library/Frameworks/Carbon.framework/Versions/A/Frameworks/HIToolbox.framework/Versions/A/HIToolbox
0x0000000003960000 	/System/Library/Frameworks/QuartzCore.framework/Versions/A/QuartzCore
0x0000000003960000 	/System/Library/Frameworks/Carbon.framework/Versions/A/Frameworks/SpeechRecognition.framework/Versions/A/SpeechRecognition
0x0000000003960000 	/usr/lib/libauto.dylib
0x0000000003960000 	/usr/lib/libicucore.A.dylib
0x0000000003960000 	/usr/lib/libxml2.2.dylib
0x0000000003960000 	/System/Library/PrivateFrameworks/CoreUI.framework/Versions/A/CoreUI
0x0000000003960000 	/System/Library/Frameworks/CoreAudio.framework/Versions/A/CoreAudio
0x0000000003960000 	/System/Library/Frameworks/DiskArbitration.framework/Versions/A/DiskArbitration
0x0000000003960000 	/usr/lib/liblangid.dylib
0x0000000003960000 	/System/Library/PrivateFrameworks/MultitouchSupport.framework/Versions/A/MultitouchSupport
0x0000000003960000 	/System/Library/Frameworks/IOKit.framework/Versions/A/IOKit
0x0000000003960000 	/usr/lib/libDiagnosticMessagesClient.dylib
0x0000000003960000 	/System/Library/Frameworks/CoreServices.framework/Versions/A/CoreServices
0x0000000003960000 	/System/Library/PrivateFrameworks/PerformanceAnalysis.framework/Versions/A/PerformanceAnalysis
0x0000000003960000 	/System/Library/PrivateFrameworks/GenerationalStorage.framework/Versions/A/GenerationalStorage
0x0000000003960000 	/System/Library/Frameworks/OpenGL.framework/Versions/A/OpenGL
0x0000000003960000 	/System/Library/PrivateFrameworks/Sharing.framework/Versions/A/Sharing
0x0000000003960000 	/System/Library/Frameworks/CoreGraphics.framework/Versions/A/CoreGraphics
0x0000000003960000 	/System/Library/Frameworks/CoreText.framework/Versions/A/CoreText
0x0000000003960000 	/System/Library/Frameworks/ImageIO.framework/Versions/A/ImageIO
0x0000000003960000 	/usr/lib/libextension.dylib
0x0000000003960000 	/System/Library/PrivateFrameworks/Backup.framework/Versions/A/Backup
0x0000000003960000 	/usr/lib/libarchive.2.dylib
0x0000000003960000 	/System/Library/Frameworks/CFNetwork.framework/Versions/A/CFNetwork
0x0000000003960000 	/System/Library/Frameworks/SystemConfiguration.framework/Versions/A/SystemConfiguration
0x0000000003960000 	/usr/lib/libCRFSuite.dylib
0x0000000003960000 	/usr/lib/libc++.1.dylib
0x0000000003960000 	/usr/lib/libc++abi.dylib
0x0000000003960000 	/usr/lib/system/libcache.dylib
0x0000000003960000 	/usr/lib/system/libcommonCrypto.dylib
0x0000000003960000 	/usr/lib/system/libcompiler_rt.dylib
0x0000000003960000 	/usr/lib/system/libcopyfile.dylib
0x0000000003960000 	/usr/lib/system/libcorecrypto.dylib
0x0000000003960000 	/usr/lib/system/libdispatch.dylib
0x0000000003960000 	/usr/lib/system/libdyld.dylib
0x0000000003960000 	/usr/lib/system/libkeymgr.dylib
0x0000000003960000 	/usr/lib/system/liblaunch.dylib
0x0000000003960000 	/usr/lib/system/libmacho.dylib
0x0000000003960000 	/usr/lib/system/libquarantine.dylib
0x0000000003960000 	/usr/lib/system/libremovefile.dylib
0x0000000003960000 	/usr/lib/system/libsystem_asl.dylib
0x0000000003960000 	/usr/lib/system/libsystem_blocks.dylib
0x0000000003960000 	/usr/lib/system/libsystem_c.dylib
0x0000000003960000 	/usr/lib/system/libsystem_configuration.dylib
0x0000000003960000 	/usr/lib/system/libsystem_coreservices.dylib
0x0000000003960000 	/usr/lib/system/libsystem_coretls.dylib
0x0000000003960000 	/usr/lib/system/libsystem_dnssd.dylib
0x0000000003960000 	/usr/lib/system/libsystem_info.dylib
0x0000000003960000 	/usr/lib/system/libsystem_kernel.dylib
0x0000000003960000 	/usr/lib/system/libsystem_m.dylib
0x0000000003960000 	/usr/lib/system/libsystem_malloc.dylib
0x0000000003960000 	/usr/lib/system/libsystem_network.dylib
0x0000000003960000 	/usr/lib/system/libsystem_networkextension.dylib
0x0000000003960000 	/usr/lib/system/libsystem_notify.dylib
0x0000000003960000 	/usr/lib/system/libsystem_platform.dylib
0x0000000003960000 	/usr/lib/system/libsystem_pthread.dylib
0x0000000003960000 	/usr/lib/system/libsystem_sandbox.dylib
0x0000000003960000 	/usr/lib/system/libsystem_secinit.dylib
0x0000000003960000 	/usr/lib/system/libsystem_stats.dylib
0x0000000003960000 	/usr/lib/system/libsystem_trace.dylib
0x0000000003960000 	/usr/lib/system/libunc.dylib
0x0000000003960000 	/usr/lib/system/libunwind.dylib
0x0000000003960000 	/usr/lib/system/libxpc.dylib
0x0000000003960000 	/usr/lib/libbz2.1.0.dylib
0x0000000003960000 	/usr/lib/liblzma.5.dylib
0x0000000003960000 	/usr/lib/libbsm.0.dylib
0x0000000003960000 	/usr/lib/libsqlite3.dylib
0x0000000003960000 	/usr/lib/system/libkxld.dylib
0x0000000003960000 	/usr/lib/libxar.1.dylib
0x0000000003960000 	/usr/lib/libpam.2.dylib
0x0000000003960000 	/usr/lib/libOpenScriptingUtil.dylib
0x0000000003960000 	/System/Library/Frameworks/CoreServices.framework/Versions/A/Frameworks/FSEvents.framework/Versions/A/FSEvents
0x0000000003960000 	/System/Library/Frameworks/CoreServices.framework/Versions/A/Frameworks/CarbonCore.framework/Versions/A/CarbonCore
0x0000000003960000 	/System/Library/Frameworks/CoreServices.framework/Versions/A/Frameworks/Metadata.framework/Versions/A/Metadata
0x0000000003960000 	/System/Library/Frameworks/CoreServices.framework/Versions/A/Frameworks/OSServices.framework/Versions/A/OSServices
0x0000000003960000 	/System/Library/Frameworks/CoreServices.framework/Versions/A/Frameworks/SearchKit.framework/Versions/A/SearchKit
0x0000000003960000 	/System/Library/Frameworks/CoreServices.framework/Versions/A/Frameworks/AE.framework/Versions/A/AE
0x0000000003960000 	/System/Library/Frameworks/CoreServices.framework/Versions/A/Frameworks/LaunchServices.framework/Versions/A/LaunchServices
0x0000000003960000 	/System/Library/Frameworks/CoreServices.framework/Versions/A/Frameworks/DictionaryServices.framework/Versions/A/DictionaryServices
0x0000000003960000 	/System/Library/Frameworks/NetFS.framework/Versions/A/NetFS
0x0000000003960000 	/System/Library/PrivateFrameworks/NetAuth.framework/Versions/A/NetAuth
0x0000000003960000 	/System/Library/PrivateFrameworks/login.framework/Versions/A/Frameworks/loginsupport.framework/Versions/A/loginsupport
0x0000000003960000 	/System/Library/PrivateFrameworks/TCC.framework/Versions/A/TCC
0x0000000003960000 	/usr/lib/libmecabra.dylib
0x0000000003960000 	/System/Library/Frameworks/ApplicationServices.framework/Versions/A/Frameworks/ATS.framework/Versions/A/ATS
0x0000000003960000 	/System/Library/Frameworks/ApplicationServices.framework/Versions/A/Frameworks/ColorSync.framework/Versions/A/ColorSync
0x0000000003960000 	/System/Library/Frameworks/ApplicationServices.framework/Versions/A/Frameworks/HIServices.framework/Versions/A/HIServices
0x0000000003960000 	/System/Library/Frameworks/ApplicationServices.framework/Versions/A/Frameworks/LangAnalysis.framework/Versions/A/LangAnalysis
0x0000000003960000 	/System/Library/Frameworks/ApplicationServices.framework/Versions/A/Frameworks/PrintCore.framework/Versions/A/PrintCore
0x0000000003960000 	/System/Library/Frameworks/ApplicationServices.framework/Versions/A/Frameworks/QD.framework/Versions/A/QD
0x0000000003960000 	/System/Library/Frameworks/ApplicationServices.framework/Versions/A/Frameworks/SpeechSynthesis.framework/Versions/A/SpeechSynthesis
0x0000000003960000 	/System/Library/Frameworks/Accelerate.framework/Versions/A/Accelerate
0x0000000003960000 	/System/Library/Frameworks/Accelerate.framework/Versions/A/Frameworks/vImage.framework/Versions/A/vImage
0x0000000003960000 	/System/Library/Frameworks/Accelerate.framework/Versions/A/Frameworks/vecLib.framework/Versions/A/vecLib
0x0000000003960000 	/System/Library/Frameworks/Accelerate.framework/Versions/A/Frameworks/vecLib.framework/Versions/A/libvDSP.dylib
0x0000000003960000 	/System/Library/Frameworks/Accelerate.framework/Versions/A/Frameworks/vecLib.framework/Versions/A/libvMisc.dylib
0x0000000003960000 	/System/Library/Frameworks/Accelerate.framework/Versions/A/Frameworks/vecLib.framework/Versions/A/libLAPACK.dylib
0x0000000003960000 	/System/Library/Frameworks/Accelerate.framework/Versions/A/Frameworks/vecLib.framework/Versions/A/libBLAS.dylib
0x0000000003960000 	/System/Library/Frameworks/Accelerate.framework/Versions/A/Frameworks/vecLib.framework/Versions/A/libLinearAlgebra.dylib
0x0000000003960000 	/System/Library/Frameworks/ApplicationServices.framework/Versions/A/Frameworks/ATS.framework/Versions/A/Resources/libFontParser.dylib
0x0000000003960000 	/System/Library/Frameworks/ApplicationServices.framework/Versions/A/Frameworks/ATS.framework/Versions/A/Resources/libFontRegistry.dylib
0x0000000003960000 	/System/Library/PrivateFrameworks/AppleVPA.framework/Versions/A/AppleVPA
0x0000000003960000 	/System/Library/PrivateFrameworks/AppleJPEG.framework/Versions/A/AppleJPEG
0x0000000003960000 	/System/Library/Frameworks/ImageIO.framework/Versions/A/Resources/libJPEG.dylib
0x0000000003960000 	/System/Library/Frameworks/ImageIO.framework/Versions/A/Resources/libTIFF.dylib
0x0000000003960000 	/System/Library/Frameworks/ImageIO.framework/Versions/A/Resources/libPng.dylib
0x0000000003960000 	/System/Library/Frameworks/ImageIO.framework/Versions/A/Resources/libGIF.dylib
0x0000000003960000 	/System/Library/Frameworks/ImageIO.framework/Versions/A/Resources/libJP2.dylib
0x0000000003960000 	/System/Library/Frameworks/ImageIO.framework/Versions/A/Resources/libRadiance.dylib
0x0000000003960000 	/System/Library/Frameworks/CoreVideo.framework/Versions/A/CoreVideo
0x0000000003960000 	/System/Library/Frameworks/OpenGL.framework/Versions/A/Libraries/libGLU.dylib
0x0000000003960000 	/System/Library/Frameworks/OpenGL.framework/Versions/A/Libraries/libGFXShared.dylib
0x0000000003960000 	/System/Library/Frameworks/OpenGL.framework/Versions/A/Libraries/libGL.dylib
0x0000000003960000 	/System/Library/Frameworks/OpenGL.framework/Versions/A/Libraries/libGLImage.dylib
0x0000000003960000 	/System/Library/Frameworks/OpenGL.framework/Versions/A/Libraries/libCVMSPluginSupport.dylib
0x0000000003960000 	/System/Library/Frameworks/OpenGL.framework/Versions/A/Libraries/libCoreVMClient.dylib
0x0000000003960000 	/usr/lib/libcups.2.dylib
0x0000000003960000 	/System/Library/Frameworks/Kerberos.framework/Versions/A/Kerberos
0x0000000003960000 	/System/Library/Frameworks/GSS.framework/Versions/A/GSS
0x0000000003960000 	/usr/lib/libresolv.9.dylib
0x0000000003960000 	/usr/lib/libiconv.2.dylib
0x0000000003960000 	/System/Library/PrivateFrameworks/Heimdal.framework/Versions/A/Heimdal
0x0000000003960000 	/usr/lib/libheimdal-asn1.dylib
0x0000000003960000 	/System/Library/Frameworks/OpenDirectory.framework/Versions/A/OpenDirectory
0x0000000003960000 	/System/Library/PrivateFrameworks/CommonAuth.framework/Versions/A/CommonAuth
0x0000000003960000 	/System/Library/Frameworks/OpenDirectory.framework/Versions/A/Frameworks/CFOpenDirectory.framework/Versions/A/CFOpenDirectory
0x0000000003960000 	/System/Library/Frameworks/SecurityFoundation.framework/Versions/A/SecurityFoundation
0x0000000003960000 	/System/Library/PrivateFrameworks/LanguageModeling.framework/Versions/A/LanguageModeling
0x0000000003960000 	/usr/lib/libcmph.dylib
0x0000000003960000 	/System/Library/Frameworks/ServiceManagement.framework/Versions/A/ServiceManagement
0x0000000003960000 	/usr/lib/libxslt.1.dylib
0x0000000003960000 	/System/Library/Frameworks/Carbon.framework/Versions/A/Frameworks/Ink.framework/Versions/A/Ink
0x0000000003960000 	/System/Library/Frameworks/QuartzCore.framework/Versions/A/Frameworks/CoreImage.framework/Versions/A/CoreImage
0x0000000003960000 	/System/Library/PrivateFrameworks/CrashReporterSupport.framework/Versions/A/CrashReporterSupport
0x0000000003960000 	/System/Library/Frameworks/OpenCL.framework/Versions/A/OpenCL
0x0000000003960000 	/System/Library/PrivateFrameworks/FaceCore.framework/Versions/A/FaceCore
0x0000000003960000 	/System/Library/PrivateFrameworks/Ubiquity.framework/Versions/A/Ubiquity
0x0000000003960000 	/System/Library/PrivateFrameworks/IconServices.framework/Versions/A/IconServices
0x0000000003960000 	/System/Library/PrivateFrameworks/ChunkingLibrary.framework/Versions/A/ChunkingLibrary
0x0000000003960000 	/System/Library/PrivateFrameworks/Apple80211.framework/Versions/A/Apple80211
0x0000000003960000 	/System/Library/Frameworks/CoreWLAN.framework/Versions/A/CoreWLAN
0x0000000003960000 	/System/Library/Frameworks/IOBluetooth.framework/Versions/A/IOBluetooth
0x0000000003960000 	/System/Library/PrivateFrameworks/CoreWiFi.framework/Versions/A/CoreWiFi
0x0000000003960000 	/System/Library/Frameworks/CoreBluetooth.framework/Versions/A/CoreBluetooth
0x0000000003960000 	/System/Library/PrivateFrameworks/DebugSymbols.framework/Versions/A/DebugSymbols
0x0000000003960000 	/System/Library/PrivateFrameworks/CoreSymbolication.framework/Versions/A/CoreSymbolication
0x0000000003960000 	/System/Library/PrivateFrameworks/Symbolication.framework/Versions/A/Symbolication
0x0000000003960000 	/System/Library/PrivateFrameworks/SpeechRecognitionCore.framework/Versions/A/SpeechRecognitionCore
0x0000000107400000 	/Library/Java/JavaVirtualMachines/jdk1.8.0_66.jdk/Contents/Home/jre/lib/server/libjvm.dylib
0x0000000003960000 	/usr/lib/libstdc++.6.dylib
0x0000000106b04000 	/Library/Java/JavaVirtualMachines/jdk1.8.0_66.jdk/Contents/Home/jre/lib/libverify.dylib
0x0000000106b12000 	/Library/Java/JavaVirtualMachines/jdk1.8.0_66.jdk/Contents/Home/jre/lib/libjava.dylib
0x0000000106b51000 	/Library/Java/JavaVirtualMachines/jdk1.8.0_66.jdk/Contents/Home/jre/lib/libzip.dylib
0x000000011bf00000 	/System/Library/Frameworks/JavaVM.framework/Frameworks/JavaRuntimeSupport.framework/JavaRuntimeSupport
0x000000011bf16000 	/System/Library/Frameworks/JavaVM.framework/Versions/A/Frameworks/JavaNativeFoundation.framework/Versions/A/JavaNativeFoundation
0x0000000106bf2000 	/System/Library/Frameworks/JavaVM.framework/Versions/A/JavaVM
0x0000000003960000 	/System/Library/Frameworks/Carbon.framework/Versions/A/Carbon
0x000000011bf2a000 	/System/Library/PrivateFrameworks/JavaLaunching.framework/Versions/A/JavaLaunching
0x0000000003960000 	/System/Library/Frameworks/Carbon.framework/Versions/A/Frameworks/CommonPanels.framework/Versions/A/CommonPanels
0x0000000003960000 	/System/Library/Frameworks/Carbon.framework/Versions/A/Frameworks/Help.framework/Versions/A/Help
0x0000000003960000 	/System/Library/Frameworks/Carbon.framework/Versions/A/Frameworks/ImageCapture.framework/Versions/A/ImageCapture
0x0000000003960000 	/System/Library/Frameworks/Carbon.framework/Versions/A/Frameworks/OpenScripting.framework/Versions/A/OpenScripting
0x0000000003960000 	/System/Library/Frameworks/Carbon.framework/Versions/A/Frameworks/Print.framework/Versions/A/Print
0x0000000003960000 	/System/Library/Frameworks/Carbon.framework/Versions/A/Frameworks/SecurityHI.framework/Versions/A/SecurityHI
0x000000011dda0000 	/Library/Java/JavaVirtualMachines/jdk1.8.0_66.jdk/Contents/Home/jre/lib/libawt.dylib
0x000000011de48000 	/Library/Java/JavaVirtualMachines/jdk1.8.0_66.jdk/Contents/Home/jre/lib/./libmlib_image.dylib
0x000000011df14000 	/Library/Java/JavaVirtualMachines/jdk1.8.0_66.jdk/Contents/Home/jre/lib/libawt_lwawt.dylib
0x000000011dfc9000 	/Library/Java/JavaVirtualMachines/jdk1.8.0_66.jdk/Contents/Home/jre/lib/./libosxapp.dylib
0x0000000003960000 	/System/Library/Frameworks/ExceptionHandling.framework/Versions/A/ExceptionHandling
0x0000000003960000 	/System/Library/PrivateFrameworks/CoreServicesInternal.framework/Versions/A/CoreServicesInternal
0x0000000003960000 	/System/Library/PrivateFrameworks/CloudDocs.framework/Versions/A/CloudDocs
0x0000000003960000 	/System/Library/PrivateFrameworks/CoreDuet.framework/Versions/A/CoreDuet
0x0000000003960000 	/System/Library/Frameworks/CloudKit.framework/Versions/A/CloudKit
0x0000000003960000 	/System/Library/PrivateFrameworks/ProtocolBuffer.framework/Versions/A/ProtocolBuffer
0x0000000003960000 	/System/Library/PrivateFrameworks/CoreDuetDaemonProtocol.framework/Versions/A/CoreDuetDaemonProtocol
0x0000000003960000 	/System/Library/PrivateFrameworks/CoreDuetDebugLogging.framework/Versions/A/CoreDuetDebugLogging
0x0000000003960000 	/System/Library/PrivateFrameworks/MMCS.framework/Versions/A/MMCS
0x0000000003960000 	/System/Library/Frameworks/CoreLocation.framework/Versions/A/CoreLocation
0x0000000003960000 	/System/Library/PrivateFrameworks/ProtectedCloudStorage.framework/Versions/A/ProtectedCloudStorage
0x0000000003960000 	/System/Library/PrivateFrameworks/GeoServices.framework/Versions/A/GeoServices
0x0000000003960000 	/System/Library/Frameworks/CoreGraphics.framework/Versions/A/Resources/libCGCMS.A.dylib
0x0000000003960000 	/System/Library/Frameworks/CoreGraphics.framework/Versions/A/Resources/libRIP.A.dylib
0x0000000003960000 	/System/Library/Frameworks/CoreGraphics.framework/Versions/A/Resources/libCGXType.A.dylib
0x0000000003960000 	/System/Library/Frameworks/OpenCL.framework/Versions/A/Libraries/libcldcpuengine.dylib
0x0000000003960000 	/System/Library/PrivateFrameworks/DiskImages.framework/Versions/A/DiskImages
0x0000000003960000 	/System/Library/Frameworks/DiscRecording.framework/Versions/A/DiscRecording
0x0000000003960000 	/usr/lib/libcsfde.dylib
0x0000000003960000 	/usr/lib/libcurl.4.dylib
0x0000000003960000 	/System/Library/PrivateFrameworks/MediaKit.framework/Versions/A/MediaKit
0x0000000003960000 	/usr/lib/libCoreStorage.dylib
0x0000000003960000 	/System/Library/PrivateFrameworks/EFILogin.framework/Versions/A/EFILogin
0x0000000003960000 	/usr/lib/libutil.dylib
0x0000000003960000 	/System/Library/PrivateFrameworks/FindMyDevice.framework/Versions/A/FindMyDevice
0x0000000003960000 	/System/Library/Frameworks/LDAP.framework/Versions/A/LDAP
0x0000000003960000 	/usr/lib/libsasl2.2.dylib
0x0000000003960000 	/System/Library/PrivateFrameworks/CoreDaemon.framework/Versions/B/CoreDaemon
0x0000000003960000 	/usr/lib/libcrypto.0.9.8.dylib
0x0000000003960000 	/System/Library/PrivateFrameworks/AppleSRP.framework/Versions/A/AppleSRP
0x0000000003960000 	/System/Library/PrivateFrameworks/TrustEvaluationAgent.framework/Versions/A/TrustEvaluationAgent
0x0000000120cc2000 	cl_kernels
0x0000000120cc4000 	/System/Library/Frameworks/OpenCL.framework/Versions/A/Libraries/ImageFormats/unorm8_bgra.dylib
0x0000000120cb3000 	cl_kernels
0x0000000003960000 	/System/Library/PrivateFrameworks/FamilyControls.framework/Versions/A/FamilyControls
0x0000000003960000 	/System/Library/PrivateFrameworks/CommerceKit.framework/Versions/A/Frameworks/CommerceCore.framework/Versions/A/CommerceCore
0x0000000003960000 	/System/Library/PrivateFrameworks/SystemAdministration.framework/Versions/A/SystemAdministration
0x0000000003960000 	/System/Library/PrivateFrameworks/AppContainer.framework/Versions/A/AppContainer
0x0000000003960000 	/System/Library/PrivateFrameworks/SecCodeWrapper.framework/Versions/A/SecCodeWrapper
0x0000000003960000 	/System/Library/Frameworks/DirectoryService.framework/Versions/A/DirectoryService
0x0000000003960000 	/System/Library/PrivateFrameworks/LoginUIKit.framework/Versions/A/Frameworks/LoginUICore.framework/Versions/A/LoginUICore
0x0000000003960000 	/usr/lib/libodfde.dylib
0x0000000003960000 	/System/Library/Frameworks/OpenGL.framework/Versions/A/Resources/GLEngine.bundle/GLEngine
0x0000000003960000 	/System/Library/Frameworks/OpenGL.framework/Versions/A/Libraries/libGLProgrammability.dylib
0x0000000000000000 	/System/Library/Extensions/AppleIntelBDWGraphicsGLDriver.bundle/Contents/MacOS/AppleIntelBDWGraphicsGLDriver
0x0000000003960000 	/System/Library/PrivateFrameworks/IOAccelerator.framework/Versions/A/IOAccelerator
0x0000000003960000 	/System/Library/PrivateFrameworks/GPUSupport.framework/Versions/A/Libraries/libGPUSupportMercury.dylib
0x0000000003960000 	/System/Library/Frameworks/OpenGL.framework/Versions/A/Resources/GLRendererFloat.bundle/GLRendererFloat
0x000000012293f000 	/Library/Java/JavaVirtualMachines/jdk1.8.0_66.jdk/Contents/Home/jre/lib/libfontmanager.dylib
0x0000000123b22000 	/Library/Java/JavaVirtualMachines/jdk1.8.0_66.jdk/Contents/Home/jre/lib/libosxui.dylib
0x0000000123dae000 	/Library/Java/JavaVirtualMachines/jdk1.8.0_66.jdk/Contents/Home/jre/lib/libnet.dylib
0x0000000123b61000 	/Library/Java/JavaVirtualMachines/jdk1.8.0_66.jdk/Contents/Home/jre/lib/libnio.dylib
0x0000000003960000 	/System/Library/Frameworks/ApplicationServices.framework/Versions/A/Frameworks/ATS.framework/Versions/A/Resources/libTrueTypeScaler.dylib
0x000000016f354000 	/private/var/folders/zx/j9nzkyzx4dn04w6cj8zrt2j80000gn/T/jogamp_0000/file_cache/jln4943412302149005546/jln8295419560070741366/libgluegen-rt.jnilib
0x000000016f358000 	/private/var/folders/zx/j9nzkyzx4dn04w6cj8zrt2j80000gn/T/jogamp_0000/file_cache/jln4943412302149005546/jln8295419560070741366/libnativewindow_awt.jnilib
0x000000016f35b000 	/Library/Java/JavaVirtualMachines/jdk1.8.0_66.jdk/Contents/Home/jre/lib/libjawt.dylib
0x000000016f35e000 	/private/var/folders/zx/j9nzkyzx4dn04w6cj8zrt2j80000gn/T/jogamp_0000/file_cache/jln4943412302149005546/jln8295419560070741366/libnativewindow_macosx.jnilib
0x000000017100c000 	/private/var/folders/zx/j9nzkyzx4dn04w6cj8zrt2j80000gn/T/jogamp_0000/file_cache/jln4943412302149005546/jln8295419560070741366/libjogl_desktop.jnilib
0x0000000175181000 	/Library/Java/JavaVirtualMachines/jdk1.8.0_66.jdk/Contents/Home/jre/lib/libt2k.dylib

VM Arguments:
jvm_args: -Djava.security.policy=java.policy.applet -Dfile.encoding=UTF-8 
java_command: sun.applet.AppletViewer module3.EarthquakeCityMap1447624716278.html
java_class_path (initial): /Users/aray/prep/jp/UCSDUnfoldingMaps/build:/Users/aray/prep/jp/UCSDUnfoldingMaps/lib/core.jar:/Users/aray/prep/jp/UCSDUnfoldingMaps/lib/gluegen-rt.jar:/Users/aray/prep/jp/UCSDUnfoldingMaps/lib/jogl-all.jar:/Users/aray/prep/jp/UCSDUnfoldingMaps/lib/log4j-1.2.15.jar:/Users/aray/prep/jp/UCSDUnfoldingMaps/lib/sqlite-jdbc-3.7.2.jar:/Users/aray/prep/jp/UCSDUnfoldingMaps/lib/json4processing.jar:/Users/aray/prep/jp/UCSDUnfoldingMaps/lib/libTUIO.jar:/Users/aray/prep/jp/UCSDUnfoldingMaps/lib/unfolding.0.9.7-uscd.jar
Launcher Type: SUN_STANDARD

Environment Variables:
PATH=/usr/bin:/bin:/usr/sbin:/sbin
SHELL=/bin/bash

Signal Handlers:
SIGSEGV: [libjvm.dylib+0x5a65d5], sa_mask[0]=11111111011111110111111111111111, sa_flags=SA_ONSTACK|SA_RESTART|SA_SIGINFO
SIGBUS: [libjvm.dylib+0x5a65d5], sa_mask[0]=11111111011111110111111111111111, sa_flags=SA_RESTART|SA_SIGINFO
SIGFPE: [libjvm.dylib+0x4802e8], sa_mask[0]=11111111011111110111111111111111, sa_flags=SA_RESTART|SA_SIGINFO
SIGPIPE: [libjvm.dylib+0x4802e8], sa_mask[0]=11111111011111110111111111111111, sa_flags=SA_RESTART|SA_SIGINFO
SIGXFSZ: [libjvm.dylib+0x4802e8], sa_mask[0]=11111111011111110111111111111111, sa_flags=SA_RESTART|SA_SIGINFO
SIGILL: [libjvm.dylib+0x4802e8], sa_mask[0]=11111111011111110111111111111111, sa_flags=SA_RESTART|SA_SIGINFO
SIGUSR1: SIG_DFL, sa_mask[0]=00000000000000000000000000000000, sa_flags=none
SIGUSR2: [libjvm.dylib+0x47fe06], sa_mask[0]=00100000000000000000000000000000, sa_flags=SA_RESTART|SA_SIGINFO
SIGHUP: [libjvm.dylib+0x47e3dd], sa_mask[0]=11111111011111110111111111111111, sa_flags=SA_RESTART|SA_SIGINFO
SIGINT: [libjvm.dylib+0x47e3dd], sa_mask[0]=11111111011111110111111111111111, sa_flags=SA_RESTART|SA_SIGINFO
SIGTERM: [libjvm.dylib+0x47e3dd], sa_mask[0]=11111111011111110111111111111111, sa_flags=SA_RESTART|SA_SIGINFO
SIGQUIT: [libjvm.dylib+0x47e3dd], sa_mask[0]=11111111011111110111111111111111, sa_flags=SA_RESTART|SA_SIGINFO


---------------  S Y S T E M  ---------------

OS:Bsduname:Darwin 14.4.0 Darwin Kernel Version 14.4.0: Thu May 28 11:35:04 PDT 2015; root:xnu-2782.30.5~1/RELEASE_X86_64 x86_64
rlimit: STACK 8192k, CORE 0k, NPROC 709, NOFILE 10240, AS infinity
load average:1.81 1.48 1.43

CPU:total 4 (2 cores per cpu, 2 threads per core) family 6 model 61 stepping 4, cmov, cx8, fxsr, mmx, sse, sse2, sse3, ssse3, sse4.1, sse4.2, popcnt, avx, avx2, aes, clmul, erms, 3dnowpref, lzcnt, ht, tsc, tscinvbit, bmi1, bmi2, adx

Memory: 4k page, physical 4194304k(151324k free)

/proc/meminfo:


vm_info: Java HotSpot(TM) 64-Bit Server VM (25.66-b17) for bsd-amd64 JRE (1.8.0_66-b17), built on Oct  6 2015 16:09:13 by "java_re" with gcc 4.2.1 (Based on Apple Inc. build 5658) (LLVM build 2336.11.00)

time: Sun Nov 15 13:58:50 2015
elapsed time: 14 seconds (0d 0h 0m 14s)

