#
# A fatal error has been detected by the Java Runtime Environment:
#
#  SIGSEGV (0xb) at pc=0x00007fff8a7370dd, pid=18020, tid=1811
#
# JRE version: Java(TM) SE Runtime Environment (8.0_66-b17) (build 1.8.0_66-b17)
# Java VM: Java HotSpot(TM) 64-Bit Server VM (25.66-b17 mixed mode bsd-amd64 compressed oops)
# Problematic frame:
# C  [libobjc.A.dylib+0x10dd]  objc_msgSend+0x1d
#
# Failed to write core dump. Core dumps have been disabled. To enable core dumping, try "ulimit -c unlimited" before starting Java again
#
# If you would like to submit a bug report, please visit:
#   http://bugreport.java.com/bugreport/crash.jsp
# The crash happened outside the Java Virtual Machine in native code.
# See problematic frame for where to report the bug.
#

---------------  T H R E A D  ---------------

Current thread (0x00007fac230e5800):  JavaThread "AWT-AppKit" daemon [_thread_in_native, id=1811, stack(0x00007fff5cd0d000,0x00007fff5d50d000)]

siginfo: si_signo: 11 (SIGSEGV), si_code: 1 (SEGV_MAPERR), si_addr: 0x0000000000000018

Registers:
RAX=0x00007fac26badce0, RBX=0x00000001eb25a450, RCX=0x000000019e961140, RDX=0x000000019f869160
RSP=0x00007fff5d508528, RBP=0x00007fff5d5085e0, RSI=0x00007fff87d0141f, RDI=0x00007fac21c9b480
R8 =0x0000000000000000, R9 =0x0000000000000f50, R10=0x00007fff87d0141f, R11=0x0000000000000000
R12=0x0000000000000000, R13=0x00000001ed249818, R14=0x00000001eb25a440, R15=0x00007fac230e5800
RIP=0x00007fff8a7370dd, EFLAGS=0x0000000000010246, ERR=0x0000000000000004
  TRAPNO=0x000000000000000e

Top of Stack: (sp=0x00007fff5d508528)
0x00007fff5d508528:   00000001eb258157 00007fff5d508580
0x00007fff5d508538:   0000000000000003 00007fff5d508560
0x00007fff5d508548:   00000001032041f6 00000001ed249818
0x00007fff5d508558:   00000001ed249818 00007fac26badce0
0x00007fff5d508568:   00000001eb25a6a0 00000001eb25a710
0x00007fff5d508578:   00007fff75ae0550 00007fff758a7c80
0x00007fff5d508588:   00000001eb25a450 00000001eb25a690
0x00007fff5d508598:   00007fac26badce0 00007fac21c9b480
0x00007fff5d5085a8:   00007fac21f22940 00007fac26badce0
0x00007fff5d5085b8:   00007fac21c9b480 00007fff5d508668
0x00007fff5d5085c8:   00007fac230e59f8 00000001ed249818
0x00007fff5d5085d8:   00007fff5d508690 00007fff5d508658
0x00007fff5d5085e8:   00000001040fd954 00000001ed249818
0x00007fff5d5085f8:   00007fff5d508690 00007fff5d508658
0x00007fff5d508608:   00000001040fd6e7 00000001040fd6a2
0x00007fff5d508618:   00007fff5d508618 00000001ed249818
0x00007fff5d508628:   00007fff5d508690 00000001ed24c450
0x00007fff5d508638:   0000000000000000 00000001ed249818
0x00007fff5d508648:   0000000000000000 00007fff5d508678
0x00007fff5d508658:   00007fff5d5086d8 00000001040efc4d
0x00007fff5d508668:   0000000140310080 00000001040f7578
0x00007fff5d508678:   00007fac26badce0 00007fff5d5086d8
0x00007fff5d508688:   00007fac21c9b480 00000001040f8d82
0x00007fff5d508698:   00007fff5d508698 00000001ed2499e2
0x00007fff5d5086a8:   00007fff5d508700 00000001ed24c450
0x00007fff5d5086b8:   0000000000000000 00000001ed2499f0
0x00007fff5d5086c8:   00007fff5d508678 00007fff5d5086e8
0x00007fff5d5086d8:   00007fff5d508748 00000001040efc4d
0x00007fff5d5086e8:   00007fac26badce0 000000014044cf60
0x00007fff5d5086f8:   00007fac21c9b480 000000014044cf60
0x00007fff5d508708:   00007fff5d508708 00000001f353305e
0x00007fff5d508718:   00007fff5d508758 00000001f3533118 

Instructions: (pc=0x00007fff8a7370dd)
0x00007fff8a7370bd:   00 00 00 48 85 ff 2e 74 7a 40 f6 c7 01 2e 75 7e
0x00007fff8a7370cd:   49 bb f8 ff ff ff ff 7f 00 00 4c 23 1f 49 89 f2
0x00007fff8a7370dd:   45 23 53 18 49 c1 e2 04 4d 03 53 10 49 3b 32 75
0x00007fff8a7370ed:   04 41 ff 62 08 49 83 3a 00 74 6a 4d 3b 53 10 74 

Register to memory mapping:

RAX=0x00007fac26badce0 is an unknown value
RBX=0x00000001eb25a450: Java_jogamp_nativewindow_macosx_OSXUtil_GetScreenRefreshRate0+0x1cf0 in /private/var/folders/zx/j9nzkyzx4dn04w6cj8zrt2j80000gn/T/jogamp_0000/file_cache/jln1184350520639627616/jln5057472155640067078/libnativewindow_macosx.jnilib at 0x00000001eb253000
RCX=0x000000019e961140 is an unknown value
RDX=0x000000019f869160 is an unknown value
RSP=0x00007fff5d508528 is pointing into the stack for thread: 0x00007fac230e5800
RBP=0x00007fff5d5085e0 is pointing into the stack for thread: 0x00007fac230e5800
RSI=0x00007fff87d0141f is an unknown value
RDI=0x00007fac21c9b480 is an unknown value
R8 =0x0000000000000000 is an unknown value
R9 =0x0000000000000f50 is an unknown value
R10=0x00007fff87d0141f is an unknown value
R11=0x0000000000000000 is an unknown value
R12=0x0000000000000000 is an unknown value
R13={method} {0x00000001ed249818} 'UnsetJAWTRootSurfaceLayer0' '(JJ)V' in 'jogamp/nativewindow/jawt/macosx/MacOSXJAWTWindow'
R14=0x00000001eb25a440: Java_jogamp_nativewindow_macosx_OSXUtil_GetScreenRefreshRate0+0x1ce0 in /private/var/folders/zx/j9nzkyzx4dn04w6cj8zrt2j80000gn/T/jogamp_0000/file_cache/jln1184350520639627616/jln5057472155640067078/libnativewindow_macosx.jnilib at 0x00000001eb253000
R15=0x00007fac230e5800 is a thread


Stack: [0x00007fff5cd0d000,0x00007fff5d50d000],  sp=0x00007fff5d508528,  free space=8173k
Native frames: (J=compiled Java code, j=interpreted, Vv=VM code, C=native code)
C  [libobjc.A.dylib+0x10dd]  objc_msgSend+0x1d
j  jogamp.nativewindow.jawt.macosx.MacOSXJAWTWindow.UnsetJAWTRootSurfaceLayer0(JJ)V+0
j  jogamp.nativewindow.jawt.macosx.MacOSXJAWTWindow.access$200(JJ)V+2
j  jogamp.nativewindow.jawt.macosx.MacOSXJAWTWindow$1.run()V+38
J 2327 C1 com.jogamp.common.util.RunnableTask.run()V (345 bytes) @ 0x0000000104857954 [0x00000001048577c0+0x194]
v  ~StubRoutines::call_stub
V  [libjvm.dylib+0x2ea35e]  JavaCalls::call_helper(JavaValue*, methodHandle*, JavaCallArguments*, Thread*)+0x6ae
V  [libjvm.dylib+0x321467]  jni_invoke_nonstatic(JNIEnv_*, JavaValue*, _jobject*, JNICallType, _jmethodID*, JNI_ArgumentPusher*, Thread*)+0x2ec
V  [libjvm.dylib+0x313c3b]  jni_CallVoidMethod+0x16b
C  [libnativewindow_macosx.jnilib+0x5326]  Java_jogamp_nativewindow_jawt_macosx_MacOSXJAWTWindow_UnsetJAWTRootSurfaceLayer0+0x2b6
C  [Foundation+0x92d00]  __NSThreadPerformPerform+0x125
C  [CoreFoundation+0x80a01]  __CFRUNLOOP_IS_CALLING_OUT_TO_A_SOURCE0_PERFORM_FUNCTION__+0x11
C  [CoreFoundation+0x72c5c]  __CFRunLoopDoSources0+0x1dc
C  [CoreFoundation+0x721bf]  __CFRunLoopRun+0x39f
C  [CoreFoundation+0x71bd8]  CFRunLoopRunSpecific+0x128
C  [HIToolbox+0x3256f]  RunCurrentEventLoopInMode+0xeb
C  [HIToolbox+0x321ee]  ReceiveNextEventCommon+0xb3
C  [HIToolbox+0x3212b]  _BlockUntilNextEventMatchingListInModeWithFilter+0x47
C  [AppKit+0x918ab]  _DPSNextEvent+0x3d2
C  [AppKit+0x90e58]  -[NSApplication nextEventMatchingMask:untilDate:inMode:dequeue:]+0x15a
C  [libosxapp.dylib+0x23aa]  -[NSApplicationAWT nextEventMatchingMask:untilDate:inMode:dequeue:]+0x7c
C  [AppKit+0x86af3]  -[NSApplication run]+0x252
C  [libosxapp.dylib+0x214d]  +[NSApplicationAWT runAWTLoopWithApp:]+0x9c
C  [libawt_lwawt.dylib+0x4455b]  -[AWTStarter starter:]+0x389
C  [Foundation+0x92d00]  __NSThreadPerformPerform+0x125
C  [CoreFoundation+0x80a01]  __CFRUNLOOP_IS_CALLING_OUT_TO_A_SOURCE0_PERFORM_FUNCTION__+0x11
C  [CoreFoundation+0x72b8d]  __CFRunLoopDoSources0+0x10d
C  [CoreFoundation+0x721bf]  __CFRunLoopRun+0x39f
C  [CoreFoundation+0x71bd8]  CFRunLoopRunSpecific+0x128
C  [java+0x6463]  CreateExecutionEnvironment+0x367
C  [java+0x21ac]  JLI_Launch+0x7a0
C  [java+0x84c0]  main+0x65
C  [java+0x1a04]  start+0x34
C  0x0000000000000007

Java frames: (J=compiled Java code, j=interpreted, Vv=VM code)
j  jogamp.nativewindow.jawt.macosx.MacOSXJAWTWindow.UnsetJAWTRootSurfaceLayer0(JJ)V+0
j  jogamp.nativewindow.jawt.macosx.MacOSXJAWTWindow.access$200(JJ)V+2
j  jogamp.nativewindow.jawt.macosx.MacOSXJAWTWindow$1.run()V+38
J 2327 C1 com.jogamp.common.util.RunnableTask.run()V (345 bytes) @ 0x0000000104857954 [0x00000001048577c0+0x194]
v  ~StubRoutines::call_stub

---------------  P R O C E S S  ---------------

Java Threads: ( => current thread )
  0x00007fac231b3800 JavaThread "Thread-19" [_thread_blocked, id=64279, stack(0x00000001f0b3e000,0x00000001f0c3e000)]
  0x00007fac23715000 JavaThread "Keep-Alive-Timer" daemon [_thread_blocked, id=62727, stack(0x00000001eef14000,0x00000001ef014000)]
  0x00007fac2324e000 JavaThread "AWT-EventQueue-1" [_thread_in_native, id=56851, stack(0x00000001eb863000,0x00000001eb963000)]
  0x00007fac22008000 JavaThread "DestroyJavaVM" [_thread_blocked, id=4867, stack(0x0000000103f9a000,0x000000010409a000)]
  0x00007fac23181000 JavaThread "AWT-EventQueue-0" [_thread_blocked, id=55047, stack(0x000000019f8d5000,0x000000019f9d5000)]
  0x00007fac222c2800 JavaThread "Java2D Disposer" daemon [_thread_blocked, id=51223, stack(0x000000019e6f2000,0x000000019e7f2000)]
  0x00007fac22290000 JavaThread "Java2D Queue Flusher" daemon [_thread_blocked, id=49671, stack(0x000000019de36000,0x000000019df36000)]
  0x00007fac23146000 JavaThread "AWT-Shutdown" [_thread_blocked, id=27923, stack(0x000000019b44b000,0x000000019b54b000)]
=>0x00007fac230e5800 JavaThread "AWT-AppKit" daemon [_thread_in_native, id=1811, stack(0x00007fff5cd0d000,0x00007fff5d50d000)]
  0x00007fac23810800 JavaThread "Service Thread" daemon [_thread_blocked, id=18179, stack(0x0000000199b22000,0x0000000199c22000)]
  0x00007fac2380f800 JavaThread "C1 CompilerThread2" daemon [_thread_blocked, id=17667, stack(0x0000000199a1f000,0x0000000199b1f000)]
  0x00007fac2208b800 JavaThread "C2 CompilerThread1" daemon [_thread_blocked, id=17155, stack(0x000000019991c000,0x0000000199a1c000)]
  0x00007fac2380e800 JavaThread "C2 CompilerThread0" daemon [_thread_blocked, id=16643, stack(0x0000000199819000,0x0000000199919000)]
  0x00007fac2203f800 JavaThread "Signal Dispatcher" daemon [_thread_blocked, id=12563, stack(0x0000000199716000,0x0000000199816000)]
  0x00007fac2303b000 JavaThread "Finalizer" daemon [_thread_blocked, id=11523, stack(0x0000000197cf6000,0x0000000197df6000)]
  0x00007fac2303a000 JavaThread "Reference Handler" daemon [_thread_blocked, id=11011, stack(0x0000000197bf3000,0x0000000197cf3000)]

Other Threads:
  0x00007fac23037800 VMThread [stack: 0x0000000197af0000,0x0000000197bf0000] [id=10499]
  0x00007fac23811000 WatcherThread [stack: 0x0000000199c25000,0x0000000199d25000] [id=18691]

VM state:not at safepoint (normal execution)

VM Mutex/Monitor currently owned by a thread: None

Heap:
 PSYoungGen      total 35328K, used 11944K [0x000000013e300000, 0x0000000143800000, 0x0000000153800000)
  eden space 32768K, 28% used [0x000000013e300000,0x000000013ec2e1a8,0x0000000140300000)
  from space 2560K, 99% used [0x0000000140300000,0x000000014057c0a0,0x0000000140580000)
  to   space 10752K, 0% used [0x0000000142d80000,0x0000000142d80000,0x0000000143800000)
 ParOldGen       total 44032K, used 18696K [0x0000000113800000, 0x0000000116300000, 0x000000013e300000)
  object space 44032K, 42% used [0x0000000113800000,0x0000000114a42050,0x0000000116300000)
 Metaspace       used 20733K, capacity 20887K, committed 21120K, reserved 1069056K
  class space    used 2043K, capacity 2112K, committed 2176K, reserved 1048576K

Card table byte_map: [0x0000000153800000,0x0000000153a01000] byte_map_base: 0x0000000152f64000

Marking Bits: (ParMarkBitMap*) 0x00000001038f0e20
 Begin Bits: [0x0000000153e0d000, 0x0000000154e0d000)
 End Bits:   [0x0000000154e0d000, 0x0000000155e0d000)

Polling page: 0x00000001027f6000

CodeCache: size=245760Kb used=7627Kb max_used=7640Kb free=238132Kb
 bounds [0x00000001040e8000, 0x0000000104868000, 0x00000001130e8000]
 total_blobs=3045 nmethods=2156 adapters=802
 compilation: enabled

Compilation events (10 events):
Event: 10.224 Thread 0x00007fac2380f800 2332       1       sun.java2d.SurfaceData::isValid (5 bytes)
Event: 10.225 Thread 0x00007fac2380f800 nmethod 2332 0x0000000104850050 code [0x00000001048501a0, 0x00000001048502b0]
Event: 10.225 Thread 0x00007fac2380f800 2333       1       java.awt.Component::isEnabledImpl (5 bytes)
Event: 10.225 Thread 0x00007fac2380f800 nmethod 2333 0x000000010484fd90 code [0x000000010484fee0, 0x000000010484fff0]
Event: 10.246 Thread 0x00007fac2380e800 2334       4       java.util.HashMap::containsKey (18 bytes)
Event: 10.257 Thread 0x00007fac2380e800 nmethod 2334 0x000000010484e550 code [0x000000010484e6c0, 0x000000010484e9d8]
Event: 10.263 Thread 0x00007fac2208b800 2335  s!   4       sun.misc.URLClassPath::getLoader (197 bytes)
Event: 10.264 Thread 0x00007fac2380f800 2336       3       sun.net.www.ParseUtil::canonizeString (195 bytes)
Event: 10.268 Thread 0x00007fac2380f800 nmethod 2336 0x0000000104861c90 code [0x0000000104862060, 0x00000001048644a8]
Event: 10.273 Thread 0x00007fac2208b800 nmethod 2335 0x0000000104865450 code [0x00000001048655c0, 0x0000000104865d98]

GC Heap History (10 events):
Event: 2.559 GC heap before
{Heap before GC invocations=1 (full 0):
 PSYoungGen      total 18944K, used 16384K [0x000000013e300000, 0x000000013f800000, 0x0000000153800000)
  eden space 16384K, 100% used [0x000000013e300000,0x000000013f300000,0x000000013f300000)
  from space 2560K, 0% used [0x000000013f580000,0x000000013f580000,0x000000013f800000)
  to   space 2560K, 0% used [0x000000013f300000,0x000000013f300000,0x000000013f580000)
 ParOldGen       total 44032K, used 0K [0x0000000113800000, 0x0000000116300000, 0x000000013e300000)
  object space 44032K, 0% used [0x0000000113800000,0x0000000113800000,0x0000000116300000)
 Metaspace       used 11547K, capacity 11688K, committed 11904K, reserved 1060864K
  class space    used 1291K, capacity 1378K, committed 1408K, reserved 1048576K
Event: 2.567 GC heap after
Heap after GC invocations=1 (full 0):
 PSYoungGen      total 18944K, used 2555K [0x000000013e300000, 0x000000013f800000, 0x0000000153800000)
  eden space 16384K, 0% used [0x000000013e300000,0x000000013e300000,0x000000013f300000)
  from space 2560K, 99% used [0x000000013f300000,0x000000013f57ed78,0x000000013f580000)
  to   space 2560K, 0% used [0x000000013f580000,0x000000013f580000,0x000000013f800000)
 ParOldGen       total 44032K, used 732K [0x0000000113800000, 0x0000000116300000, 0x000000013e300000)
  object space 44032K, 1% used [0x0000000113800000,0x00000001138b73e0,0x0000000116300000)
 Metaspace       used 11547K, capacity 11688K, committed 11904K, reserved 1060864K
  class space    used 1291K, capacity 1378K, committed 1408K, reserved 1048576K
}
Event: 3.108 GC heap before
{Heap before GC invocations=2 (full 0):
 PSYoungGen      total 18944K, used 18939K [0x000000013e300000, 0x000000013f800000, 0x0000000153800000)
  eden space 16384K, 100% used [0x000000013e300000,0x000000013f300000,0x000000013f300000)
  from space 2560K, 99% used [0x000000013f300000,0x000000013f57ed78,0x000000013f580000)
  to   space 2560K, 0% used [0x000000013f580000,0x000000013f580000,0x000000013f800000)
 ParOldGen       total 44032K, used 732K [0x0000000113800000, 0x0000000116300000, 0x000000013e300000)
  object space 44032K, 1% used [0x0000000113800000,0x00000001138b73e0,0x0000000116300000)
 Metaspace       used 16101K, capacity 16315K, committed 16640K, reserved 1064960K
  class space    used 1630K, capacity 1724K, committed 1792K, reserved 1048576K
Event: 3.117 GC heap after
Heap after GC invocations=2 (full 0):
 PSYoungGen      total 18944K, used 2544K [0x000000013e300000, 0x000000013f800000, 0x0000000153800000)
  eden space 16384K, 0% used [0x000000013e300000,0x000000013e300000,0x000000013f300000)
  from space 2560K, 99% used [0x000000013f580000,0x000000013f7fc010,0x000000013f800000)
  to   space 2560K, 0% used [0x000000013f300000,0x000000013f300000,0x000000013f580000)
 ParOldGen       total 44032K, used 2735K [0x0000000113800000, 0x0000000116300000, 0x000000013e300000)
  object space 44032K, 6% used [0x0000000113800000,0x0000000113aabf10,0x0000000116300000)
 Metaspace       used 16101K, capacity 16315K, committed 16640K, reserved 1064960K
  class space    used 1630K, capacity 1724K, committed 1792K, reserved 1048576K
}
Event: 3.714 GC heap before
{Heap before GC invocations=3 (full 0):
 PSYoungGen      total 18944K, used 18928K [0x000000013e300000, 0x000000013f800000, 0x0000000153800000)
  eden space 16384K, 100% used [0x000000013e300000,0x000000013f300000,0x000000013f300000)
  from space 2560K, 99% used [0x000000013f580000,0x000000013f7fc010,0x000000013f800000)
  to   space 2560K, 0% used [0x000000013f300000,0x000000013f300000,0x000000013f580000)
 ParOldGen       total 44032K, used 2735K [0x0000000113800000, 0x0000000116300000, 0x000000013e300000)
  object space 44032K, 6% used [0x0000000113800000,0x0000000113aabf10,0x0000000116300000)
 Metaspace       used 17323K, capacity 17531K, committed 17792K, reserved 1064960K
  class space    used 1762K, capacity 1852K, committed 1920K, reserved 1048576K
Event: 3.724 GC heap after
Heap after GC invocations=3 (full 0):
 PSYoungGen      total 18944K, used 2544K [0x000000013e300000, 0x0000000140800000, 0x0000000153800000)
  eden space 16384K, 0% used [0x000000013e300000,0x000000013e300000,0x000000013f300000)
  from space 2560K, 99% used [0x000000013f300000,0x000000013f57c070,0x000000013f580000)
  to   space 2560K, 0% used [0x0000000140580000,0x0000000140580000,0x0000000140800000)
 ParOldGen       total 44032K, used 6983K [0x0000000113800000, 0x0000000116300000, 0x000000013e300000)
  object space 44032K, 15% used [0x0000000113800000,0x0000000113ed1e30,0x0000000116300000)
 Metaspace       used 17323K, capacity 17531K, committed 17792K, reserved 1064960K
  class space    used 1762K, capacity 1852K, committed 1920K, reserved 1048576K
}
Event: 4.454 GC heap before
{Heap before GC invocations=4 (full 0):
 PSYoungGen      total 18944K, used 18928K [0x000000013e300000, 0x0000000140800000, 0x0000000153800000)
  eden space 16384K, 100% used [0x000000013e300000,0x000000013f300000,0x000000013f300000)
  from space 2560K, 99% used [0x000000013f300000,0x000000013f57c070,0x000000013f580000)
  to   space 2560K, 0% used [0x0000000140580000,0x0000000140580000,0x0000000140800000)
 ParOldGen       total 44032K, used 6983K [0x0000000113800000, 0x0000000116300000, 0x000000013e300000)
  object space 44032K, 15% used [0x0000000113800000,0x0000000113ed1e30,0x0000000116300000)
 Metaspace       used 19813K, capacity 19985K, committed 20224K, reserved 1067008K
  class space    used 1994K, capacity 2047K, committed 2048K, reserved 1048576K
Event: 4.469 GC heap after
Heap after GC invocations=4 (full 0):
 PSYoungGen      total 35328K, used 2528K [0x000000013e300000, 0x0000000140800000, 0x0000000153800000)
  eden space 32768K, 0% used [0x000000013e300000,0x000000013e300000,0x0000000140300000)
  from space 2560K, 98% used [0x0000000140580000,0x00000001407f8060,0x0000000140800000)
  to   space 2560K, 0% used [0x0000000140300000,0x0000000140300000,0x0000000140580000)
 ParOldGen       total 44032K, used 14387K [0x0000000113800000, 0x0000000116300000, 0x000000013e300000)
  object space 44032K, 32% used [0x0000000113800000,0x000000011460ce30,0x0000000116300000)
 Metaspace       used 19813K, capacity 19985K, committed 20224K, reserved 1067008K
  class space    used 1994K, capacity 2047K, committed 2048K, reserved 1048576K
}
Event: 8.084 GC heap before
{Heap before GC invocations=5 (full 0):
 PSYoungGen      total 35328K, used 35296K [0x000000013e300000, 0x0000000140800000, 0x0000000153800000)
  eden space 32768K, 100% used [0x000000013e300000,0x0000000140300000,0x0000000140300000)
  from space 2560K, 98% used [0x0000000140580000,0x00000001407f8060,0x0000000140800000)
  to   space 2560K, 0% used [0x0000000140300000,0x0000000140300000,0x0000000140580000)
 ParOldGen       total 44032K, used 14387K [0x0000000113800000, 0x0000000116300000, 0x000000013e300000)
  object space 44032K, 32% used [0x0000000113800000,0x000000011460ce30,0x0000000116300000)
 Metaspace       used 20573K, capacity 20759K, committed 20864K, reserved 1069056K
  class space    used 2035K, capacity 2112K, committed 2176K, reserved 1048576K
Event: 8.099 GC heap after
Heap after GC invocations=5 (full 0):
 PSYoungGen      total 35328K, used 2544K [0x000000013e300000, 0x0000000143800000, 0x0000000153800000)
  eden space 32768K, 0% used [0x000000013e300000,0x000000013e300000,0x0000000140300000)
  from space 2560K, 99% used [0x0000000140300000,0x000000014057c0a0,0x0000000140580000)
  to   space 10752K, 0% used [0x0000000142d80000,0x0000000142d80000,0x0000000143800000)
 ParOldGen       total 44032K, used 18696K [0x0000000113800000, 0x0000000116300000, 0x000000013e300000)
  object space 44032K, 42% used [0x0000000113800000,0x0000000114a42050,0x0000000116300000)
 Metaspace       used 20573K, capacity 20759K, committed 20864K, reserved 1069056K
  class space    used 2035K, capacity 2112K, committed 2176K, reserved 1048576K
}

Deoptimization events (10 events):
Event: 3.601 Thread 0x00007fac2324e000 Uncommon trap: reason=unstable_if action=reinterpret pc=0x000000010428b5ac method=java.lang.AbstractStringBuilder.append(Ljava/lang/String;)Ljava/lang/AbstractStringBuilder; @ 1
Event: 3.821 Thread 0x00007fac2324e000 Uncommon trap: reason=unstable_if action=reinterpret pc=0x00000001044af5bc method=sun.misc.FloatingDecimal.readJavaFormatString(Ljava/lang/String;)Lsun/misc/FloatingDecimal$ASCIIToBinaryConverter; @ 445
Event: 4.014 Thread 0x00007fac2324e000 Uncommon trap: reason=unstable_if action=reinterpret pc=0x0000000104510d7c method=com.jogamp.common.util.IntIntHashMap.get(I)I @ 28
Event: 4.035 Thread 0x00007fac2324e000 Uncommon trap: reason=unstable_if action=reinterpret pc=0x00000001044ab5d0 method=java.lang.String.trim()Ljava/lang/String; @ 23
Event: 4.574 Thread 0x00007fac235f9800 Uncommon trap: reason=unstable_if action=reinterpret pc=0x00000001044b27d4 method=java.lang.String.regionMatches(ZILjava/lang/String;II)Z @ 123
Event: 4.636 Thread 0x00007fac2324e000 Uncommon trap: reason=unstable_if action=reinterpret pc=0x0000000104673638 method=processing.opengl.PGraphicsOpenGL$InGeometry.addVertex(FFFIFFFFFIFIIIFIZ)I @ 218
Event: 4.866 Thread 0x00007fac2324e000 Uncommon trap: reason=unstable_if action=reinterpret pc=0x00000001046abf00 method=processing.opengl.PGraphicsOpenGL$TessGeometry.polyVertexCheck(I)V @ 15
Event: 10.221 Thread 0x00007fac23181000 Uncommon trap: reason=unstable_if action=reinterpret pc=0x000000010475bad4 method=java.awt.Font.equals(Ljava/lang/Object;)Z @ 2
Event: 10.246 Thread 0x00007fac23178000 Uncommon trap: reason=unstable_if action=reinterpret pc=0x0000000104599f20 method=java.util.HashMap.putVal(ILjava/lang/Object;Ljava/lang/Object;ZZ)Ljava/lang/Object; @ 81
Event: 10.246 Thread 0x00007fac23178000 Uncommon trap: reason=unstable_if action=reinterpret pc=0x000000010452317c method=java.util.HashMap.putVal(ILjava/lang/Object;Ljava/lang/Object;ZZ)Ljava/lang/Object; @ 81

Internal exceptions (10 events):
Event: 0.188 Thread 0x00007fac22008000 Exception <a 'java/lang/NoSuchFieldError': method resolution failed> (0x000000013e500da0) thrown at [/HUDSON3/workspace/8-2-build-macosx-x86_64/jdk8u66/4988/hotspot/src/share/vm/prims/methodHandles.cpp, line 1146]
Event: 0.190 Thread 0x00007fac22008000 Exception <a 'java/lang/NoSuchFieldError': method resolution failed> (0x000000013e50e570) thrown at [/HUDSON3/workspace/8-2-build-macosx-x86_64/jdk8u66/4988/hotspot/src/share/vm/prims/methodHandles.cpp, line 1146]
Event: 0.409 Thread 0x00007fac22008000 Exception <a 'java/io/FileNotFoundException'> (0x000000013e58a4e8) thrown at [/HUDSON3/workspace/8-2-build-macosx-x86_64/jdk8u66/4988/hotspot/src/share/vm/prims/jni.cpp, line 709]
Event: 0.409 Thread 0x00007fac22008000 Exception <a 'java/io/FileNotFoundException'> (0x000000013e58b028) thrown at [/HUDSON3/workspace/8-2-build-macosx-x86_64/jdk8u66/4988/hotspot/src/share/vm/prims/jni.cpp, line 709]
Event: 0.555 Thread 0x00007fac22008000 Exception <a 'java/io/FileNotFoundException'> (0x000000013e6709b8) thrown at [/HUDSON3/workspace/8-2-build-macosx-x86_64/jdk8u66/4988/hotspot/src/share/vm/prims/jni.cpp, line 709]
Event: 2.570 Thread 0x00007fac2303b000 Exception <a 'java/lang/NullPointerException'> (0x000000013e384e40) thrown at [/HUDSON3/workspace/8-2-build-macosx-x86_64/jdk8u66/4988/hotspot/src/share/vm/interpreter/linkResolver.cpp, line 1178]
Event: 2.638 Thread 0x00007fac2324d000 Exception <a 'java/lang/UnsatisfiedLinkError': com.jogamp.common.util.JarUtil.fixNativeLibAttribs(Ljava/lang/String;)Z> (0x000000013e6a58f8) thrown at [/HUDSON3/workspace/8-2-build-macosx-x86_64/jdk8u66/4988/hotspot/src/share/vm/prims/nativeLookup.cpp, li
Event: 3.600 Thread 0x00007fac2324e000 Exception <a 'java/io/FileNotFoundException'> (0x000000013e887c28) thrown at [/HUDSON3/workspace/8-2-build-macosx-x86_64/jdk8u66/4988/hotspot/src/share/vm/prims/jni.cpp, line 709]
Event: 3.601 Thread 0x00007fac2324e000 Exception <a 'java/io/FileNotFoundException'> (0x000000013e88d788) thrown at [/HUDSON3/workspace/8-2-build-macosx-x86_64/jdk8u66/4988/hotspot/src/share/vm/prims/jni.cpp, line 709]
Event: 3.601 Thread 0x00007fac2324e000 Implicit null exception at 0x000000010428b235 to 0x000000010428b599

Events (10 events):
Event: 10.263 loading class jogamp/nativewindow/jawt/macosx/MacOSXJAWTWindow$1 done
Event: 10.266 loading class java/awt/LightweightDispatcher$2
Event: 10.267 loading class java/awt/LightweightDispatcher$2 done
Event: 10.267 loading class java/awt/event/AWTEventListenerProxy
Event: 10.267 loading class java/awt/event/AWTEventListenerProxy done
Event: 10.267 loading class java/awt/Toolkit$ToolkitEventMulticaster
Event: 10.267 loading class java/awt/Toolkit$ToolkitEventMulticaster done
Event: 10.268 Thread 0x00007fac23178000 Thread exited: 0x00007fac23178000
Event: 10.268 loading class java/awt/Window$1DisposeAction
Event: 10.269 loading class java/awt/Window$1DisposeAction done


Dynamic libraries:
0x0000000003960000 	/System/Library/Frameworks/Cocoa.framework/Versions/A/Cocoa
0x0000000003960000 	/System/Library/Frameworks/Security.framework/Versions/A/Security
0x0000000003960000 	/System/Library/Frameworks/ApplicationServices.framework/Versions/A/ApplicationServices
0x0000000003960000 	/usr/lib/libz.1.dylib
0x0000000003960000 	/usr/lib/libSystem.B.dylib
0x0000000003960000 	/usr/lib/libobjc.A.dylib
0x0000000003960000 	/System/Library/Frameworks/CoreFoundation.framework/Versions/A/CoreFoundation
0x0000000003960000 	/System/Library/Frameworks/Foundation.framework/Versions/C/Foundation
0x0000000003960000 	/System/Library/Frameworks/AppKit.framework/Versions/C/AppKit
0x0000000003960000 	/System/Library/Frameworks/CoreData.framework/Versions/A/CoreData
0x0000000003960000 	/System/Library/PrivateFrameworks/RemoteViewServices.framework/Versions/A/RemoteViewServices
0x0000000003960000 	/System/Library/PrivateFrameworks/UIFoundation.framework/Versions/A/UIFoundation
0x0000000003960000 	/System/Library/Frameworks/IOSurface.framework/Versions/A/IOSurface
0x0000000003960000 	/System/Library/Frameworks/AudioToolbox.framework/Versions/A/AudioToolbox
0x0000000003960000 	/System/Library/Frameworks/AudioUnit.framework/Versions/A/AudioUnit
0x0000000003960000 	/System/Library/PrivateFrameworks/DataDetectorsCore.framework/Versions/A/DataDetectorsCore
0x0000000003960000 	/System/Library/PrivateFrameworks/DesktopServicesPriv.framework/Versions/A/DesktopServicesPriv
0x0000000003960000 	/System/Library/Frameworks/Carbon.framework/Versions/A/Frameworks/HIToolbox.framework/Versions/A/HIToolbox
0x0000000003960000 	/System/Library/Frameworks/QuartzCore.framework/Versions/A/QuartzCore
0x0000000003960000 	/System/Library/Frameworks/Carbon.framework/Versions/A/Frameworks/SpeechRecognition.framework/Versions/A/SpeechRecognition
0x0000000003960000 	/usr/lib/libauto.dylib
0x0000000003960000 	/usr/lib/libicucore.A.dylib
0x0000000003960000 	/usr/lib/libxml2.2.dylib
0x0000000003960000 	/System/Library/PrivateFrameworks/CoreUI.framework/Versions/A/CoreUI
0x0000000003960000 	/System/Library/Frameworks/CoreAudio.framework/Versions/A/CoreAudio
0x0000000003960000 	/System/Library/Frameworks/DiskArbitration.framework/Versions/A/DiskArbitration
0x0000000003960000 	/usr/lib/liblangid.dylib
0x0000000003960000 	/System/Library/PrivateFrameworks/MultitouchSupport.framework/Versions/A/MultitouchSupport
0x0000000003960000 	/System/Library/Frameworks/IOKit.framework/Versions/A/IOKit
0x0000000003960000 	/usr/lib/libDiagnosticMessagesClient.dylib
0x0000000003960000 	/System/Library/Frameworks/CoreServices.framework/Versions/A/CoreServices
0x0000000003960000 	/System/Library/PrivateFrameworks/PerformanceAnalysis.framework/Versions/A/PerformanceAnalysis
0x0000000003960000 	/System/Library/PrivateFrameworks/GenerationalStorage.framework/Versions/A/GenerationalStorage
0x0000000003960000 	/System/Library/Frameworks/OpenGL.framework/Versions/A/OpenGL
0x0000000003960000 	/System/Library/PrivateFrameworks/Sharing.framework/Versions/A/Sharing
0x0000000003960000 	/System/Library/Frameworks/CoreGraphics.framework/Versions/A/CoreGraphics
0x0000000003960000 	/System/Library/Frameworks/CoreText.framework/Versions/A/CoreText
0x0000000003960000 	/System/Library/Frameworks/ImageIO.framework/Versions/A/ImageIO
0x0000000003960000 	/usr/lib/libextension.dylib
0x0000000003960000 	/System/Library/PrivateFrameworks/Backup.framework/Versions/A/Backup
0x0000000003960000 	/usr/lib/libarchive.2.dylib
0x0000000003960000 	/System/Library/Frameworks/CFNetwork.framework/Versions/A/CFNetwork
0x0000000003960000 	/System/Library/Frameworks/SystemConfiguration.framework/Versions/A/SystemConfiguration
0x0000000003960000 	/usr/lib/libCRFSuite.dylib
0x0000000003960000 	/usr/lib/libc++.1.dylib
0x0000000003960000 	/usr/lib/libc++abi.dylib
0x0000000003960000 	/usr/lib/system/libcache.dylib
0x0000000003960000 	/usr/lib/system/libcommonCrypto.dylib
0x0000000003960000 	/usr/lib/system/libcompiler_rt.dylib
0x0000000003960000 	/usr/lib/system/libcopyfile.dylib
0x0000000003960000 	/usr/lib/system/libcorecrypto.dylib
0x0000000003960000 	/usr/lib/system/libdispatch.dylib
0x0000000003960000 	/usr/lib/system/libdyld.dylib
0x0000000003960000 	/usr/lib/system/libkeymgr.dylib
0x0000000003960000 	/usr/lib/system/liblaunch.dylib
0x0000000003960000 	/usr/lib/system/libmacho.dylib
0x0000000003960000 	/usr/lib/system/libquarantine.dylib
0x0000000003960000 	/usr/lib/system/libremovefile.dylib
0x0000000003960000 	/usr/lib/system/libsystem_asl.dylib
0x0000000003960000 	/usr/lib/system/libsystem_blocks.dylib
0x0000000003960000 	/usr/lib/system/libsystem_c.dylib
0x0000000003960000 	/usr/lib/system/libsystem_configuration.dylib
0x0000000003960000 	/usr/lib/system/libsystem_coreservices.dylib
0x0000000003960000 	/usr/lib/system/libsystem_coretls.dylib
0x0000000003960000 	/usr/lib/system/libsystem_dnssd.dylib
0x0000000003960000 	/usr/lib/system/libsystem_info.dylib
0x0000000003960000 	/usr/lib/system/libsystem_kernel.dylib
0x0000000003960000 	/usr/lib/system/libsystem_m.dylib
0x0000000003960000 	/usr/lib/system/libsystem_malloc.dylib
0x0000000003960000 	/usr/lib/system/libsystem_network.dylib
0x0000000003960000 	/usr/lib/system/libsystem_networkextension.dylib
0x0000000003960000 	/usr/lib/system/libsystem_notify.dylib
0x0000000003960000 	/usr/lib/system/libsystem_platform.dylib
0x0000000003960000 	/usr/lib/system/libsystem_pthread.dylib
0x0000000003960000 	/usr/lib/system/libsystem_sandbox.dylib
0x0000000003960000 	/usr/lib/system/libsystem_secinit.dylib
0x0000000003960000 	/usr/lib/system/libsystem_stats.dylib
0x0000000003960000 	/usr/lib/system/libsystem_trace.dylib
0x0000000003960000 	/usr/lib/system/libunc.dylib
0x0000000003960000 	/usr/lib/system/libunwind.dylib
0x0000000003960000 	/usr/lib/system/libxpc.dylib
0x0000000003960000 	/usr/lib/libbz2.1.0.dylib
0x0000000003960000 	/usr/lib/liblzma.5.dylib
0x0000000003960000 	/usr/lib/libbsm.0.dylib
0x0000000003960000 	/usr/lib/libsqlite3.dylib
0x0000000003960000 	/usr/lib/system/libkxld.dylib
0x0000000003960000 	/usr/lib/libxar.1.dylib
0x0000000003960000 	/usr/lib/libpam.2.dylib
0x0000000003960000 	/usr/lib/libOpenScriptingUtil.dylib
0x0000000003960000 	/System/Library/Frameworks/CoreServices.framework/Versions/A/Frameworks/FSEvents.framework/Versions/A/FSEvents
0x0000000003960000 	/System/Library/Frameworks/CoreServices.framework/Versions/A/Frameworks/CarbonCore.framework/Versions/A/CarbonCore
0x0000000003960000 	/System/Library/Frameworks/CoreServices.framework/Versions/A/Frameworks/Metadata.framework/Versions/A/Metadata
0x0000000003960000 	/System/Library/Frameworks/CoreServices.framework/Versions/A/Frameworks/OSServices.framework/Versions/A/OSServices
0x0000000003960000 	/System/Library/Frameworks/CoreServices.framework/Versions/A/Frameworks/SearchKit.framework/Versions/A/SearchKit
0x0000000003960000 	/System/Library/Frameworks/CoreServices.framework/Versions/A/Frameworks/AE.framework/Versions/A/AE
0x0000000003960000 	/System/Library/Frameworks/CoreServices.framework/Versions/A/Frameworks/LaunchServices.framework/Versions/A/LaunchServices
0x0000000003960000 	/System/Library/Frameworks/CoreServices.framework/Versions/A/Frameworks/DictionaryServices.framework/Versions/A/DictionaryServices
0x0000000003960000 	/System/Library/Frameworks/NetFS.framework/Versions/A/NetFS
0x0000000003960000 	/System/Library/PrivateFrameworks/NetAuth.framework/Versions/A/NetAuth
0x0000000003960000 	/System/Library/PrivateFrameworks/login.framework/Versions/A/Frameworks/loginsupport.framework/Versions/A/loginsupport
0x0000000003960000 	/System/Library/PrivateFrameworks/TCC.framework/Versions/A/TCC
0x0000000003960000 	/usr/lib/libmecabra.dylib
0x0000000003960000 	/System/Library/Frameworks/ApplicationServices.framework/Versions/A/Frameworks/ATS.framework/Versions/A/ATS
0x0000000003960000 	/System/Library/Frameworks/ApplicationServices.framework/Versions/A/Frameworks/ColorSync.framework/Versions/A/ColorSync
0x0000000003960000 	/System/Library/Frameworks/ApplicationServices.framework/Versions/A/Frameworks/HIServices.framework/Versions/A/HIServices
0x0000000003960000 	/System/Library/Frameworks/ApplicationServices.framework/Versions/A/Frameworks/LangAnalysis.framework/Versions/A/LangAnalysis
0x0000000003960000 	/System/Library/Frameworks/ApplicationServices.framework/Versions/A/Frameworks/PrintCore.framework/Versions/A/PrintCore
0x0000000003960000 	/System/Library/Frameworks/ApplicationServices.framework/Versions/A/Frameworks/QD.framework/Versions/A/QD
0x0000000003960000 	/System/Library/Frameworks/ApplicationServices.framework/Versions/A/Frameworks/SpeechSynthesis.framework/Versions/A/SpeechSynthesis
0x0000000003960000 	/System/Library/Frameworks/Accelerate.framework/Versions/A/Accelerate
0x0000000003960000 	/System/Library/Frameworks/Accelerate.framework/Versions/A/Frameworks/vImage.framework/Versions/A/vImage
0x0000000003960000 	/System/Library/Frameworks/Accelerate.framework/Versions/A/Frameworks/vecLib.framework/Versions/A/vecLib
0x0000000003960000 	/System/Library/Frameworks/Accelerate.framework/Versions/A/Frameworks/vecLib.framework/Versions/A/libvDSP.dylib
0x0000000003960000 	/System/Library/Frameworks/Accelerate.framework/Versions/A/Frameworks/vecLib.framework/Versions/A/libvMisc.dylib
0x0000000003960000 	/System/Library/Frameworks/Accelerate.framework/Versions/A/Frameworks/vecLib.framework/Versions/A/libLAPACK.dylib
0x0000000003960000 	/System/Library/Frameworks/Accelerate.framework/Versions/A/Frameworks/vecLib.framework/Versions/A/libBLAS.dylib
0x0000000003960000 	/System/Library/Frameworks/Accelerate.framework/Versions/A/Frameworks/vecLib.framework/Versions/A/libLinearAlgebra.dylib
0x0000000003960000 	/System/Library/Frameworks/ApplicationServices.framework/Versions/A/Frameworks/ATS.framework/Versions/A/Resources/libFontParser.dylib
0x0000000003960000 	/System/Library/Frameworks/ApplicationServices.framework/Versions/A/Frameworks/ATS.framework/Versions/A/Resources/libFontRegistry.dylib
0x0000000003960000 	/System/Library/PrivateFrameworks/AppleVPA.framework/Versions/A/AppleVPA
0x0000000003960000 	/System/Library/PrivateFrameworks/AppleJPEG.framework/Versions/A/AppleJPEG
0x0000000003960000 	/System/Library/Frameworks/ImageIO.framework/Versions/A/Resources/libJPEG.dylib
0x0000000003960000 	/System/Library/Frameworks/ImageIO.framework/Versions/A/Resources/libTIFF.dylib
0x0000000003960000 	/System/Library/Frameworks/ImageIO.framework/Versions/A/Resources/libPng.dylib
0x0000000003960000 	/System/Library/Frameworks/ImageIO.framework/Versions/A/Resources/libGIF.dylib
0x0000000003960000 	/System/Library/Frameworks/ImageIO.framework/Versions/A/Resources/libJP2.dylib
0x0000000003960000 	/System/Library/Frameworks/ImageIO.framework/Versions/A/Resources/libRadiance.dylib
0x0000000003960000 	/System/Library/Frameworks/CoreVideo.framework/Versions/A/CoreVideo
0x0000000003960000 	/System/Library/Frameworks/OpenGL.framework/Versions/A/Libraries/libGLU.dylib
0x0000000003960000 	/System/Library/Frameworks/OpenGL.framework/Versions/A/Libraries/libGFXShared.dylib
0x0000000003960000 	/System/Library/Frameworks/OpenGL.framework/Versions/A/Libraries/libGL.dylib
0x0000000003960000 	/System/Library/Frameworks/OpenGL.framework/Versions/A/Libraries/libGLImage.dylib
0x0000000003960000 	/System/Library/Frameworks/OpenGL.framework/Versions/A/Libraries/libCVMSPluginSupport.dylib
0x0000000003960000 	/System/Library/Frameworks/OpenGL.framework/Versions/A/Libraries/libCoreVMClient.dylib
0x0000000003960000 	/usr/lib/libcups.2.dylib
0x0000000003960000 	/System/Library/Frameworks/Kerberos.framework/Versions/A/Kerberos
0x0000000003960000 	/System/Library/Frameworks/GSS.framework/Versions/A/GSS
0x0000000003960000 	/usr/lib/libresolv.9.dylib
0x0000000003960000 	/usr/lib/libiconv.2.dylib
0x0000000003960000 	/System/Library/PrivateFrameworks/Heimdal.framework/Versions/A/Heimdal
0x0000000003960000 	/usr/lib/libheimdal-asn1.dylib
0x0000000003960000 	/System/Library/Frameworks/OpenDirectory.framework/Versions/A/OpenDirectory
0x0000000003960000 	/System/Library/PrivateFrameworks/CommonAuth.framework/Versions/A/CommonAuth
0x0000000003960000 	/System/Library/Frameworks/OpenDirectory.framework/Versions/A/Frameworks/CFOpenDirectory.framework/Versions/A/CFOpenDirectory
0x0000000003960000 	/System/Library/Frameworks/SecurityFoundation.framework/Versions/A/SecurityFoundation
0x0000000003960000 	/System/Library/PrivateFrameworks/LanguageModeling.framework/Versions/A/LanguageModeling
0x0000000003960000 	/usr/lib/libcmph.dylib
0x0000000003960000 	/System/Library/Frameworks/ServiceManagement.framework/Versions/A/ServiceManagement
0x0000000003960000 	/usr/lib/libxslt.1.dylib
0x0000000003960000 	/System/Library/Frameworks/Carbon.framework/Versions/A/Frameworks/Ink.framework/Versions/A/Ink
0x0000000003960000 	/System/Library/Frameworks/QuartzCore.framework/Versions/A/Frameworks/CoreImage.framework/Versions/A/CoreImage
0x0000000003960000 	/System/Library/PrivateFrameworks/CrashReporterSupport.framework/Versions/A/CrashReporterSupport
0x0000000003960000 	/System/Library/Frameworks/OpenCL.framework/Versions/A/OpenCL
0x0000000003960000 	/System/Library/PrivateFrameworks/FaceCore.framework/Versions/A/FaceCore
0x0000000003960000 	/System/Library/PrivateFrameworks/Ubiquity.framework/Versions/A/Ubiquity
0x0000000003960000 	/System/Library/PrivateFrameworks/IconServices.framework/Versions/A/IconServices
0x0000000003960000 	/System/Library/PrivateFrameworks/ChunkingLibrary.framework/Versions/A/ChunkingLibrary
0x0000000003960000 	/System/Library/PrivateFrameworks/Apple80211.framework/Versions/A/Apple80211
0x0000000003960000 	/System/Library/Frameworks/CoreWLAN.framework/Versions/A/CoreWLAN
0x0000000003960000 	/System/Library/Frameworks/IOBluetooth.framework/Versions/A/IOBluetooth
0x0000000003960000 	/System/Library/PrivateFrameworks/CoreWiFi.framework/Versions/A/CoreWiFi
0x0000000003960000 	/System/Library/Frameworks/CoreBluetooth.framework/Versions/A/CoreBluetooth
0x0000000003960000 	/System/Library/PrivateFrameworks/DebugSymbols.framework/Versions/A/DebugSymbols
0x0000000003960000 	/System/Library/PrivateFrameworks/CoreSymbolication.framework/Versions/A/CoreSymbolication
0x0000000003960000 	/System/Library/PrivateFrameworks/Symbolication.framework/Versions/A/Symbolication
0x0000000003960000 	/System/Library/PrivateFrameworks/SpeechRecognitionCore.framework/Versions/A/SpeechRecognitionCore
0x0000000103013000 	/Library/Java/JavaVirtualMachines/jdk1.8.0_66.jdk/Contents/Home/jre/lib/server/libjvm.dylib
0x0000000003960000 	/usr/lib/libstdc++.6.dylib
0x000000010409c000 	/Library/Java/JavaVirtualMachines/jdk1.8.0_66.jdk/Contents/Home/jre/lib/libverify.dylib
0x00000001040aa000 	/Library/Java/JavaVirtualMachines/jdk1.8.0_66.jdk/Contents/Home/jre/lib/libjava.dylib
0x00000001040df000 	/Library/Java/JavaVirtualMachines/jdk1.8.0_66.jdk/Contents/Home/jre/lib/libzip.dylib
0x0000000197df8000 	/System/Library/Frameworks/JavaVM.framework/Frameworks/JavaRuntimeSupport.framework/JavaRuntimeSupport
0x0000000197e0e000 	/System/Library/Frameworks/JavaVM.framework/Versions/A/Frameworks/JavaNativeFoundation.framework/Versions/A/JavaNativeFoundation
0x0000000197e22000 	/System/Library/Frameworks/JavaVM.framework/Versions/A/JavaVM
0x0000000003960000 	/System/Library/Frameworks/Carbon.framework/Versions/A/Carbon
0x0000000197e2e000 	/System/Library/PrivateFrameworks/JavaLaunching.framework/Versions/A/JavaLaunching
0x0000000003960000 	/System/Library/Frameworks/Carbon.framework/Versions/A/Frameworks/CommonPanels.framework/Versions/A/CommonPanels
0x0000000003960000 	/System/Library/Frameworks/Carbon.framework/Versions/A/Frameworks/Help.framework/Versions/A/Help
0x0000000003960000 	/System/Library/Frameworks/Carbon.framework/Versions/A/Frameworks/ImageCapture.framework/Versions/A/ImageCapture
0x0000000003960000 	/System/Library/Frameworks/Carbon.framework/Versions/A/Frameworks/OpenScripting.framework/Versions/A/OpenScripting
0x0000000003960000 	/System/Library/Frameworks/Carbon.framework/Versions/A/Frameworks/Print.framework/Versions/A/Print
0x0000000003960000 	/System/Library/Frameworks/Carbon.framework/Versions/A/Frameworks/SecurityHI.framework/Versions/A/SecurityHI
0x0000000199d29000 	/Library/Java/JavaVirtualMachines/jdk1.8.0_66.jdk/Contents/Home/jre/lib/libawt.dylib
0x0000000199dd1000 	/Library/Java/JavaVirtualMachines/jdk1.8.0_66.jdk/Contents/Home/jre/lib/./libmlib_image.dylib
0x0000000199e9d000 	/Library/Java/JavaVirtualMachines/jdk1.8.0_66.jdk/Contents/Home/jre/lib/libawt_lwawt.dylib
0x0000000199f52000 	/Library/Java/JavaVirtualMachines/jdk1.8.0_66.jdk/Contents/Home/jre/lib/./libosxapp.dylib
0x0000000003960000 	/System/Library/Frameworks/ExceptionHandling.framework/Versions/A/ExceptionHandling
0x0000000003960000 	/System/Library/PrivateFrameworks/CoreServicesInternal.framework/Versions/A/CoreServicesInternal
0x0000000003960000 	/System/Library/PrivateFrameworks/CloudDocs.framework/Versions/A/CloudDocs
0x0000000003960000 	/System/Library/PrivateFrameworks/CoreDuet.framework/Versions/A/CoreDuet
0x0000000003960000 	/System/Library/Frameworks/CloudKit.framework/Versions/A/CloudKit
0x0000000003960000 	/System/Library/PrivateFrameworks/ProtocolBuffer.framework/Versions/A/ProtocolBuffer
0x0000000003960000 	/System/Library/PrivateFrameworks/CoreDuetDaemonProtocol.framework/Versions/A/CoreDuetDaemonProtocol
0x0000000003960000 	/System/Library/PrivateFrameworks/CoreDuetDebugLogging.framework/Versions/A/CoreDuetDebugLogging
0x0000000003960000 	/System/Library/PrivateFrameworks/MMCS.framework/Versions/A/MMCS
0x0000000003960000 	/System/Library/Frameworks/CoreLocation.framework/Versions/A/CoreLocation
0x0000000003960000 	/System/Library/PrivateFrameworks/ProtectedCloudStorage.framework/Versions/A/ProtectedCloudStorage
0x0000000003960000 	/System/Library/PrivateFrameworks/GeoServices.framework/Versions/A/GeoServices
0x0000000003960000 	/System/Library/Frameworks/CoreGraphics.framework/Versions/A/Resources/libCGCMS.A.dylib
0x0000000003960000 	/System/Library/Frameworks/CoreGraphics.framework/Versions/A/Resources/libRIP.A.dylib
0x0000000003960000 	/System/Library/Frameworks/CoreGraphics.framework/Versions/A/Resources/libCGXType.A.dylib
0x0000000003960000 	/System/Library/Frameworks/OpenCL.framework/Versions/A/Libraries/libcldcpuengine.dylib
0x0000000003960000 	/System/Library/PrivateFrameworks/DiskImages.framework/Versions/A/DiskImages
0x0000000003960000 	/System/Library/Frameworks/DiscRecording.framework/Versions/A/DiscRecording
0x0000000003960000 	/usr/lib/libcsfde.dylib
0x0000000003960000 	/usr/lib/libcurl.4.dylib
0x0000000003960000 	/System/Library/PrivateFrameworks/MediaKit.framework/Versions/A/MediaKit
0x0000000003960000 	/usr/lib/libCoreStorage.dylib
0x0000000003960000 	/System/Library/PrivateFrameworks/EFILogin.framework/Versions/A/EFILogin
0x0000000003960000 	/usr/lib/libutil.dylib
0x0000000003960000 	/System/Library/PrivateFrameworks/FindMyDevice.framework/Versions/A/FindMyDevice
0x0000000003960000 	/System/Library/Frameworks/LDAP.framework/Versions/A/LDAP
0x0000000003960000 	/usr/lib/libsasl2.2.dylib
0x0000000003960000 	/System/Library/PrivateFrameworks/CoreDaemon.framework/Versions/B/CoreDaemon
0x0000000003960000 	/usr/lib/libcrypto.0.9.8.dylib
0x0000000003960000 	/System/Library/PrivateFrameworks/AppleSRP.framework/Versions/A/AppleSRP
0x0000000003960000 	/System/Library/PrivateFrameworks/TrustEvaluationAgent.framework/Versions/A/TrustEvaluationAgent
0x000000019cbc7000 	cl_kernels
0x000000019cbc9000 	/System/Library/Frameworks/OpenCL.framework/Versions/A/Libraries/ImageFormats/unorm8_bgra.dylib
0x000000019cbb8000 	cl_kernels
0x0000000003960000 	/System/Library/PrivateFrameworks/FamilyControls.framework/Versions/A/FamilyControls
0x0000000003960000 	/System/Library/PrivateFrameworks/CommerceKit.framework/Versions/A/Frameworks/CommerceCore.framework/Versions/A/CommerceCore
0x0000000003960000 	/System/Library/PrivateFrameworks/SystemAdministration.framework/Versions/A/SystemAdministration
0x0000000003960000 	/System/Library/PrivateFrameworks/AppContainer.framework/Versions/A/AppContainer
0x0000000003960000 	/System/Library/PrivateFrameworks/SecCodeWrapper.framework/Versions/A/SecCodeWrapper
0x0000000003960000 	/System/Library/Frameworks/DirectoryService.framework/Versions/A/DirectoryService
0x0000000003960000 	/System/Library/PrivateFrameworks/LoginUIKit.framework/Versions/A/Frameworks/LoginUICore.framework/Versions/A/LoginUICore
0x0000000003960000 	/usr/lib/libodfde.dylib
0x0000000003960000 	/System/Library/Frameworks/OpenGL.framework/Versions/A/Resources/GLEngine.bundle/GLEngine
0x0000000003960000 	/System/Library/Frameworks/OpenGL.framework/Versions/A/Libraries/libGLProgrammability.dylib
0x0000000000000000 	/System/Library/Extensions/AppleIntelBDWGraphicsGLDriver.bundle/Contents/MacOS/AppleIntelBDWGraphicsGLDriver
0x0000000003960000 	/System/Library/PrivateFrameworks/IOAccelerator.framework/Versions/A/IOAccelerator
0x0000000003960000 	/System/Library/PrivateFrameworks/GPUSupport.framework/Versions/A/Libraries/libGPUSupportMercury.dylib
0x0000000003960000 	/System/Library/Frameworks/OpenGL.framework/Versions/A/Resources/GLRendererFloat.bundle/GLRendererFloat
0x000000019e7f4000 	/Library/Java/JavaVirtualMachines/jdk1.8.0_66.jdk/Contents/Home/jre/lib/libfontmanager.dylib
0x000000019fa27000 	/Library/Java/JavaVirtualMachines/jdk1.8.0_66.jdk/Contents/Home/jre/lib/libosxui.dylib
0x000000019fcb3000 	/Library/Java/JavaVirtualMachines/jdk1.8.0_66.jdk/Contents/Home/jre/lib/libnet.dylib
0x000000019fa66000 	/Library/Java/JavaVirtualMachines/jdk1.8.0_66.jdk/Contents/Home/jre/lib/libnio.dylib
0x0000000003960000 	/System/Library/Frameworks/ApplicationServices.framework/Versions/A/Frameworks/ATS.framework/Versions/A/Resources/libTrueTypeScaler.dylib
0x00000001eb249000 	/private/var/folders/zx/j9nzkyzx4dn04w6cj8zrt2j80000gn/T/jogamp_0000/file_cache/jln1184350520639627616/jln5057472155640067078/libgluegen-rt.jnilib
0x00000001eb24d000 	/private/var/folders/zx/j9nzkyzx4dn04w6cj8zrt2j80000gn/T/jogamp_0000/file_cache/jln1184350520639627616/jln5057472155640067078/libnativewindow_awt.jnilib
0x00000001eb250000 	/Library/Java/JavaVirtualMachines/jdk1.8.0_66.jdk/Contents/Home/jre/lib/libjawt.dylib
0x00000001eb253000 	/private/var/folders/zx/j9nzkyzx4dn04w6cj8zrt2j80000gn/T/jogamp_0000/file_cache/jln1184350520639627616/jln5057472155640067078/libnativewindow_macosx.jnilib
0x00000001ed107000 	/private/var/folders/zx/j9nzkyzx4dn04w6cj8zrt2j80000gn/T/jogamp_0000/file_cache/jln1184350520639627616/jln5057472155640067078/libjogl_desktop.jnilib
0x00000001ef1fd000 	/Library/Java/JavaVirtualMachines/jdk1.8.0_66.jdk/Contents/Home/jre/lib/libt2k.dylib

VM Arguments:
jvm_args: -Djava.security.policy=java.policy.applet -Dfile.encoding=UTF-8 
java_command: sun.applet.AppletViewer module4.EarthquakeCityMap1447735127207.html
java_class_path (initial): /Users/aray/prep/jp/UCSDUnfoldingMaps/build:/Users/aray/prep/jp/UCSDUnfoldingMaps/lib/core.jar:/Users/aray/prep/jp/UCSDUnfoldingMaps/lib/gluegen-rt.jar:/Users/aray/prep/jp/UCSDUnfoldingMaps/lib/jogl-all.jar:/Users/aray/prep/jp/UCSDUnfoldingMaps/lib/log4j-1.2.15.jar:/Users/aray/prep/jp/UCSDUnfoldingMaps/lib/sqlite-jdbc-3.7.2.jar:/Users/aray/prep/jp/UCSDUnfoldingMaps/lib/json4processing.jar:/Users/aray/prep/jp/UCSDUnfoldingMaps/lib/libTUIO.jar:/Users/aray/prep/jp/UCSDUnfoldingMaps/lib/unfolding.0.9.7-uscd.jar
Launcher Type: SUN_STANDARD

Environment Variables:
PATH=/usr/bin:/bin:/usr/sbin:/sbin
SHELL=/bin/bash

Signal Handlers:
SIGSEGV: [libjvm.dylib+0x5a65d5], sa_mask[0]=11111111011111110111111111111111, sa_flags=SA_ONSTACK|SA_RESTART|SA_SIGINFO
SIGBUS: [libjvm.dylib+0x5a65d5], sa_mask[0]=11111111011111110111111111111111, sa_flags=SA_RESTART|SA_SIGINFO
SIGFPE: [libjvm.dylib+0x4802e8], sa_mask[0]=11111111011111110111111111111111, sa_flags=SA_RESTART|SA_SIGINFO
SIGPIPE: [libjvm.dylib+0x4802e8], sa_mask[0]=11111111011111110111111111111111, sa_flags=SA_RESTART|SA_SIGINFO
SIGXFSZ: [libjvm.dylib+0x4802e8], sa_mask[0]=11111111011111110111111111111111, sa_flags=SA_RESTART|SA_SIGINFO
SIGILL: [libjvm.dylib+0x4802e8], sa_mask[0]=11111111011111110111111111111111, sa_flags=SA_RESTART|SA_SIGINFO
SIGUSR1: SIG_DFL, sa_mask[0]=00000000000000000000000000000000, sa_flags=none
SIGUSR2: [libjvm.dylib+0x47fe06], sa_mask[0]=00100000000000000000000000000000, sa_flags=SA_RESTART|SA_SIGINFO
SIGHUP: [libjvm.dylib+0x47e3dd], sa_mask[0]=11111111011111110111111111111111, sa_flags=SA_RESTART|SA_SIGINFO
SIGINT: [libjvm.dylib+0x47e3dd], sa_mask[0]=11111111011111110111111111111111, sa_flags=SA_RESTART|SA_SIGINFO
SIGTERM: [libjvm.dylib+0x47e3dd], sa_mask[0]=11111111011111110111111111111111, sa_flags=SA_RESTART|SA_SIGINFO
SIGQUIT: [libjvm.dylib+0x47e3dd], sa_mask[0]=11111111011111110111111111111111, sa_flags=SA_RESTART|SA_SIGINFO


---------------  S Y S T E M  ---------------

OS:Bsduname:Darwin 14.4.0 Darwin Kernel Version 14.4.0: Thu May 28 11:35:04 PDT 2015; root:xnu-2782.30.5~1/RELEASE_X86_64 x86_64
rlimit: STACK 8192k, CORE 0k, NPROC 709, NOFILE 10240, AS infinity
load average:1.72 1.72 1.68

CPU:total 4 (2 cores per cpu, 2 threads per core) family 6 model 61 stepping 4, cmov, cx8, fxsr, mmx, sse, sse2, sse3, ssse3, sse4.1, sse4.2, popcnt, avx, avx2, aes, clmul, erms, 3dnowpref, lzcnt, ht, tsc, tscinvbit, bmi1, bmi2, adx

Memory: 4k page, physical 4194304k(116808k free)

/proc/meminfo:


vm_info: Java HotSpot(TM) 64-Bit Server VM (25.66-b17) for bsd-amd64 JRE (1.8.0_66-b17), built on Oct  6 2015 16:09:13 by "java_re" with gcc 4.2.1 (Based on Apple Inc. build 5658) (LLVM build 2336.11.00)

time: Mon Nov 16 20:38:57 2015
elapsed time: 10 seconds (0d 0h 0m 10s)

