#
# A fatal error has been detected by the Java Runtime Environment:
#
#  SIGSEGV (0xb) at pc=0x00007fff8a73f44c, pid=17999, tid=1811
#
# JRE version: Java(TM) SE Runtime Environment (8.0_66-b17) (build 1.8.0_66-b17)
# Java VM: Java HotSpot(TM) 64-Bit Server VM (25.66-b17 mixed mode bsd-amd64 compressed oops)
# Problematic frame:
# C  [libobjc.A.dylib+0x944c]  objc_release+0xc
#
# Failed to write core dump. Core dumps have been disabled. To enable core dumping, try "ulimit -c unlimited" before starting Java again
#
# If you would like to submit a bug report, please visit:
#   http://bugreport.java.com/bugreport/crash.jsp
# The crash happened outside the Java Virtual Machine in native code.
# See problematic frame for where to report the bug.
#

---------------  T H R E A D  ---------------

Current thread (0x00007f95e9094000):  JavaThread "AWT-AppKit" daemon [_thread_in_native, id=1811, stack(0x00007fff5ee7e000,0x00007fff5f67e000)]

siginfo: si_signo: 11 (SIGSEGV), si_code: 0 (unknown), si_addr: 0x0000000000000000

Registers:
RAX=0x0000000000000008, RBX=0x0000000000000000, RCX=0x0000000000000003, RDX=0x00007f95ecc02378
RSP=0x00007fff5f6794f8, RBP=0x00007fff5f679520, RSI=0x0000000117ba5f10, RDI=0x500007f95ecc37d0
R8 =0x0000000000000001, R9 =0x00007f95ecc00000, R10=0x00007f95eaaa9cb0, R11=0x0000000168f7c840
R12=0x0000000000000000, R13=0x000000016accd598, R14=0x00007f95ecc00c20, R15=0x00007f95e9094000
RIP=0x00007fff8a73f44c, EFLAGS=0x0000000000010246, ERR=0x0000000000000000
  TRAPNO=0x000000000000000d

Top of Stack: (sp=0x00007fff5f6794f8)
0x00007fff5f6794f8:   0000000117b2f47b 00007fff5f679520
0x00007fff5f679508:   0000000168f7c450 0000000168f7c440
0x00007fff5f679518:   00007f95e9094000 00007fff5f6795e0
0x00007fff5f679528:   0000000168f7a215 0000000168f7c700
0x00007fff5f679538:   0000000168f7c6e0 0000000168f7c4b0
0x00007fff5f679548:   0000000000000000 000000016accd598
0x00007fff5f679558:   000000016accd598 00007f95ecc02370
0x00007fff5f679568:   0000000168f7c6a0 0000000168f7c710
0x00007fff5f679578:   00007fff75ae0550 00007fff758a7c80
0x00007fff5f679588:   0000000168f7c450 0000000168f7c690
0x00007fff5f679598:   00007f95ecc02370 00007f95ecc00c20
0x00007fff5f6795a8:   00007f95e8e6f420 00007f95ecc02370
0x00007fff5f6795b8:   00007f95ecc00c20 00007fff5f679668
0x00007fff5f6795c8:   00007f95e90941f8 000000016accd598
0x00007fff5f6795d8:   00007fff5f679690 00007fff5f679658
0x00007fff5f6795e8:   0000000102015954 000000016accd598
0x00007fff5f6795f8:   00007fff5f679690 00007fff5f679658
0x00007fff5f679608:   00000001020156e7 00000001020156a2
0x00007fff5f679618:   00007fff5f679618 000000016accd598
0x00007fff5f679628:   00007fff5f679690 000000016acd01d0
0x00007fff5f679638:   0000000000000000 000000016accd598
0x00007fff5f679648:   0000000000000000 00007fff5f679678
0x00007fff5f679658:   00007fff5f6796d8 0000000102007c4d
0x00007fff5f679668:   000000078173bfb8 000000010200f578
0x00007fff5f679678:   00007f95ecc02370 00007fff5f6796d8
0x00007fff5f679688:   00007f95ecc00c20 0000000102010d82
0x00007fff5f679698:   00007fff5f679698 000000016accd762
0x00007fff5f6796a8:   00007fff5f679700 000000016acd01d0
0x00007fff5f6796b8:   0000000000000000 000000016accd770
0x00007fff5f6796c8:   00007fff5f679678 00007fff5f6796e8
0x00007fff5f6796d8:   00007fff5f679748 0000000102007c4d
0x00007fff5f6796e8:   00007f95ecc02370 000000078173c508 

Instructions: (pc=0x00007fff8a73f44c)
0x00007fff8a73f42c:   5d c3 31 c0 48 85 ff 74 04 48 8b 47 08 c3 90 90
0x00007fff8a73f43c:   90 90 90 90 48 85 ff 74 06 40 f6 c7 01 74 01 c3
0x00007fff8a73f44c:   48 8b 07 f6 40 20 02 74 0a be 01 00 00 00 e9 51
0x00007fff8a73f45c:   83 01 00 48 8d 05 7a 46 32 ea 48 8b 30 e9 52 7c 

Register to memory mapping:

RAX=0x0000000000000008 is an unknown value
RBX=0x0000000000000000 is an unknown value
RCX=0x0000000000000003 is an unknown value
RDX=0x00007f95ecc02378 is an unknown value
RSP=0x00007fff5f6794f8 is pointing into the stack for thread: 0x00007f95e9094000
RBP=0x00007fff5f679520 is pointing into the stack for thread: 0x00007f95e9094000
RSI=0x0000000117ba5f10: OBJC_IVAR_$_PrinterView.fCurPeekGraphics+0x1aa8 in /Library/Java/JavaVirtualMachines/jdk1.8.0_66.jdk/Contents/Home/jre/lib/libawt_lwawt.dylib at 0x0000000117b2b000
RDI=0x500007f95ecc37d0 is an unknown value
R8 =0x0000000000000001 is an unknown value
R9 =0x00007f95ecc00000 is an unknown value
R10=0x00007f95eaaa9cb0 is an unknown value
R11=0x0000000168f7c840: OBJC_CLASS_$_MyCALayer+0 in /private/var/folders/zx/j9nzkyzx4dn04w6cj8zrt2j80000gn/T/jogamp_0000/file_cache/jln1815761058690606927/jln8517953170692427380/libnativewindow_macosx.jnilib at 0x0000000168f75000
R12=0x0000000000000000 is an unknown value
R13={method} {0x000000016accd598} 'UnsetJAWTRootSurfaceLayer0' '(JJ)V' in 'jogamp/nativewindow/jawt/macosx/MacOSXJAWTWindow'
R14=0x00007f95ecc00c20 is an unknown value
R15=0x00007f95e9094000 is a thread


Stack: [0x00007fff5ee7e000,0x00007fff5f67e000],  sp=0x00007fff5f6794f8,  free space=8173k
Native frames: (J=compiled Java code, j=interpreted, Vv=VM code, C=native code)
C  [libobjc.A.dylib+0x944c]  objc_release+0xc
C  [libnativewindow_macosx.jnilib+0x5215]  Java_jogamp_nativewindow_jawt_macosx_MacOSXJAWTWindow_UnsetJAWTRootSurfaceLayer0+0x1a5
j  jogamp.nativewindow.jawt.macosx.MacOSXJAWTWindow.UnsetJAWTRootSurfaceLayer0(JJ)V+0
j  jogamp.nativewindow.jawt.macosx.MacOSXJAWTWindow.access$200(JJ)V+2
j  jogamp.nativewindow.jawt.macosx.MacOSXJAWTWindow$1.run()V+38
J 2154 C1 com.jogamp.common.util.RunnableTask.run()V (345 bytes) @ 0x000000010275bd54 [0x000000010275bbc0+0x194]
v  ~StubRoutines::call_stub
V  [libjvm.dylib+0x2ea35e]
V  [libjvm.dylib+0x321467]
V  [libjvm.dylib+0x313c3b]
C  [libnativewindow_macosx.jnilib+0x5326]  Java_jogamp_nativewindow_jawt_macosx_MacOSXJAWTWindow_UnsetJAWTRootSurfaceLayer0+0x2b6
C  [Foundation+0x92d00]  __NSThreadPerformPerform+0x125
C  [CoreFoundation+0x80a01]  __CFRUNLOOP_IS_CALLING_OUT_TO_A_SOURCE0_PERFORM_FUNCTION__+0x11
C  [CoreFoundation+0x72c5c]  __CFRunLoopDoSources0+0x1dc
C  [CoreFoundation+0x721bf]  __CFRunLoopRun+0x39f
C  [CoreFoundation+0x71bd8]  CFRunLoopRunSpecific+0x128
C  [HIToolbox+0x3256f]  RunCurrentEventLoopInMode+0xeb
C  [HIToolbox+0x321ee]  ReceiveNextEventCommon+0xb3
C  [HIToolbox+0x3212b]  _BlockUntilNextEventMatchingListInModeWithFilter+0x47
C  [AppKit+0x918ab]  _DPSNextEvent+0x3d2
C  [AppKit+0x90e58]  -[NSApplication nextEventMatchingMask:untilDate:inMode:dequeue:]+0x15a
C  [libosxapp.dylib+0x23aa]  -[NSApplicationAWT nextEventMatchingMask:untilDate:inMode:dequeue:]+0x7c
C  [AppKit+0x86af3]  -[NSApplication run]+0x252
C  [libosxapp.dylib+0x214d]  +[NSApplicationAWT runAWTLoopWithApp:]+0x9c
C  [libawt_lwawt.dylib+0x4455b]  -[AWTStarter starter:]+0x389
C  [Foundation+0x92d00]  __NSThreadPerformPerform+0x125
C  [CoreFoundation+0x80a01]  __CFRUNLOOP_IS_CALLING_OUT_TO_A_SOURCE0_PERFORM_FUNCTION__+0x11
C  [CoreFoundation+0x72b8d]  __CFRunLoopDoSources0+0x10d
C  [CoreFoundation+0x721bf]  __CFRunLoopRun+0x39f
C  [CoreFoundation+0x71bd8]  CFRunLoopRunSpecific+0x128
C  [java+0x6463]  CreateExecutionEnvironment+0x367
C  [java+0x21ac]  JLI_Launch+0x7a0
C  [java+0x84c0]  main+0x65
C  [java+0x1a04]  start+0x34
C  0x0000000000000007

Java frames: (J=compiled Java code, j=interpreted, Vv=VM code)
j  jogamp.nativewindow.jawt.macosx.MacOSXJAWTWindow.UnsetJAWTRootSurfaceLayer0(JJ)V+0
j  jogamp.nativewindow.jawt.macosx.MacOSXJAWTWindow.access$200(JJ)V+2
j  jogamp.nativewindow.jawt.macosx.MacOSXJAWTWindow$1.run()V+38
J 2154 C1 com.jogamp.common.util.RunnableTask.run()V (345 bytes) @ 0x000000010275bd54 [0x000000010275bbc0+0x194]
v  ~StubRoutines::call_stub

---------------  P R O C E S S  ---------------

Java Threads: ( => current thread )
  0x00007f95ee8f8000 JavaThread "Thread-612" [_thread_blocked, id=12231, stack(0x00000001818d9000,0x00000001819d9000)]
  0x00007f95eae7d800 JavaThread "Image Fetcher 3" daemon [_thread_blocked, id=24875, stack(0x000000017f1e5000,0x000000017f2e5000)]
  0x00007f95ee9b1800 JavaThread "Image Fetcher 2" daemon [_thread_blocked, id=35927, stack(0x000000017f0e2000,0x000000017f1e2000)]
  0x00007f95e953e800 JavaThread "Image Fetcher 1" daemon [_thread_blocked, id=36391, stack(0x000000017c23a000,0x000000017c33a000)]
  0x00007f95ee8ce800 JavaThread "Image Fetcher 0" daemon [_thread_blocked, id=62971, stack(0x000000017c137000,0x000000017c237000)]
  0x00007f95e9655800 JavaThread "Keep-Alive-Timer" daemon [_thread_blocked, id=35703, stack(0x000000017a4d8000,0x000000017a5d8000)]
  0x00007f95e933e800 JavaThread "AWT-EventQueue-1" [_thread_in_native, id=56851, stack(0x0000000169575000,0x0000000169675000)]
  0x00007f95eab19000 JavaThread "DestroyJavaVM" [_thread_blocked, id=4867, stack(0x000000010161f000,0x000000010171f000)]
  0x00007f95ea9d5800 JavaThread "AWT-EventQueue-0" [_thread_blocked, id=55047, stack(0x000000011d637000,0x000000011d737000)]
  0x00007f95ea986000 JavaThread "Java2D Disposer" daemon [_thread_blocked, id=51223, stack(0x000000011c454000,0x000000011c554000)]
  0x00007f95ea960000 JavaThread "Java2D Queue Flusher" daemon [_thread_blocked, id=49927, stack(0x000000011bb48000,0x000000011bc48000)]
  0x00007f95e9863000 JavaThread "AWT-Shutdown" [_thread_blocked, id=27923, stack(0x00000001190da000,0x00000001191da000)]
=>0x00007f95e9094000 JavaThread "AWT-AppKit" daemon [_thread_in_native, id=1811, stack(0x00007fff5ee7e000,0x00007fff5f67e000)]
  0x00007f95ea811000 JavaThread "Service Thread" daemon [_thread_blocked, id=18179, stack(0x00000001177b0000,0x00000001178b0000)]
  0x00007f95e906f000 JavaThread "C1 CompilerThread2" daemon [_thread_blocked, id=17667, stack(0x00000001176ad000,0x00000001177ad000)]
  0x00007f95e906e800 JavaThread "C2 CompilerThread1" daemon [_thread_in_native, id=17155, stack(0x00000001175aa000,0x00000001176aa000)]
  0x00007f95e905a800 JavaThread "C2 CompilerThread0" daemon [_thread_blocked, id=16643, stack(0x00000001174a7000,0x00000001175a7000)]
  0x00007f95e9036800 JavaThread "Signal Dispatcher" daemon [_thread_blocked, id=12567, stack(0x00000001173a4000,0x00000001174a4000)]
  0x00007f95ea80b000 JavaThread "Finalizer" daemon [_thread_blocked, id=11523, stack(0x0000000115990000,0x0000000115a90000)]
  0x00007f95ea80a000 JavaThread "Reference Handler" daemon [_thread_blocked, id=11011, stack(0x000000011588d000,0x000000011598d000)]

Other Threads:
  0x00007f95ea809800 VMThread [stack: 0x000000011578a000,0x000000011588a000] [id=10499]
  0x00007f95ea04e000 WatcherThread [stack: 0x00000001178b3000,0x00000001179b3000] [id=18691]

VM state:not at safepoint (normal execution)

VM Mutex/Monitor currently owned by a thread: None

Heap:
 PSYoungGen      total 283648K, used 243138K [0x00000007aab00000, 0x00000007bea00000, 0x00000007c0000000)
  eden space 243712K, 89% used [0x00000007aab00000,0x00000007b80820f0,0x00000007b9900000)
  from space 39936K, 61% used [0x00000007bc180000,0x00000007bd96e728,0x00000007be880000)
  to   space 41472K, 0% used [0x00000007b9900000,0x00000007b9900000,0x00000007bc180000)
 ParOldGen       total 170496K, used 112727K [0x0000000780000000, 0x000000078a680000, 0x00000007aab00000)
  object space 170496K, 66% used [0x0000000780000000,0x0000000786e15fa8,0x000000078a680000)
 Metaspace       used 21548K, capacity 21707K, committed 22064K, reserved 1069056K
  class space    used 2045K, capacity 2112K, committed 2176K, reserved 1048576K

Card table byte_map: [0x00000001113c0000,0x00000001115c1000] byte_map_base: 0x000000010d7c0000

Marking Bits: (ParMarkBitMap*) 0x0000000100f5ee20
 Begin Bits: [0x0000000111b23000, 0x0000000112b23000)
 End Bits:   [0x0000000112b23000, 0x0000000113b23000)

Polling page: 0x0000000101764000

CodeCache: size=245760Kb used=10655Kb max_used=10655Kb free=235104Kb
 bounds [0x0000000102000000, 0x0000000102a80000, 0x0000000111000000]
 total_blobs=3831 nmethods=2939 adapters=805
 compilation: enabled

Compilation events (10 events):
Event: 68.017 Thread 0x00007f95e905a800 nmethod 3508 0x0000000102a690d0 code [0x0000000102a692c0, 0x0000000102a69a30]
Event: 68.017 Thread 0x00007f95e905a800 3510       4       java.awt.EventDispatchThread$HierarchyEventFilter::acceptEvent (225 bytes)
Event: 68.018 Thread 0x00007f95e906f000 nmethod 3514 0x0000000102a70a90 code [0x0000000102a70d80, 0x0000000102a72488]
Event: 68.018 Thread 0x00007f95e906f000 3515       3       sun.net.www.protocol.jar.Handler::parseContextSpec (154 bytes)
Event: 68.018 Thread 0x00007f95e905a800 nmethod 3510 0x0000000102a6f090 code [0x0000000102a6f1e0, 0x0000000102a6f278]
Event: 68.021 Thread 0x00007f95e906f000 nmethod 3515 0x0000000102a73950 code [0x0000000102a73d40, 0x0000000102a76428]
Event: 68.021 Thread 0x00007f95e906f000 3517       3       java.lang.Object::wait (6 bytes)
Event: 68.021 Thread 0x00007f95e906f000 nmethod 3517 0x0000000102a6ec10 code [0x0000000102a6ed80, 0x0000000102a6ef88]
Event: 68.021 Thread 0x00007f95e906f000 3516       3       sun.net.www.ParseUtil::canonizeString (195 bytes)
Event: 68.023 Thread 0x00007f95e906f000 nmethod 3516 0x0000000102a77610 code [0x0000000102a779e0, 0x0000000102a79e28]

GC Heap History (10 events):
Event: 27.740 GC heap before
{Heap before GC invocations=11 (full 1):
 PSYoungGen      total 142336K, used 142304K [0x00000007aab00000, 0x00000007b8600000, 0x00000007c0000000)
  eden space 126976K, 100% used [0x00000007aab00000,0x00000007b2700000,0x00000007b2700000)
  from space 15360K, 99% used [0x00000007b2700000,0x00000007b35f83b0,0x00000007b3600000)
  to   space 19968K, 0% used [0x00000007b7280000,0x00000007b7280000,0x00000007b8600000)
 ParOldGen       total 69120K, used 44055K [0x0000000780000000, 0x0000000784380000, 0x00000007aab00000)
  object space 69120K, 63% used [0x0000000780000000,0x0000000782b05c88,0x0000000784380000)
 Metaspace       used 21319K, capacity 21515K, committed 21808K, reserved 1069056K
  class space    used 2037K, capacity 2112K, committed 2176K, reserved 1048576K
Event: 27.768 GC heap after
Heap after GC invocations=11 (full 1):
 PSYoungGen      total 194560K, used 19937K [0x00000007aab00000, 0x00000007b9600000, 0x00000007c0000000)
  eden space 174592K, 0% used [0x00000007aab00000,0x00000007aab00000,0x00000007b5580000)
  from space 19968K, 99% used [0x00000007b7280000,0x00000007b85f84e0,0x00000007b8600000)
  to   space 29696K, 0% used [0x00000007b5580000,0x00000007b5580000,0x00000007b7280000)
 ParOldGen       total 69120K, used 62840K [0x0000000780000000, 0x0000000784380000, 0x00000007aab00000)
  object space 69120K, 90% used [0x0000000780000000,0x0000000783d5e118,0x0000000784380000)
 Metaspace       used 21319K, capacity 21515K, committed 21808K, reserved 1069056K
  class space    used 2037K, capacity 2112K, committed 2176K, reserved 1048576K
}
Event: 27.768 GC heap before
{Heap before GC invocations=12 (full 2):
 PSYoungGen      total 194560K, used 19937K [0x00000007aab00000, 0x00000007b9600000, 0x00000007c0000000)
  eden space 174592K, 0% used [0x00000007aab00000,0x00000007aab00000,0x00000007b5580000)
  from space 19968K, 99% used [0x00000007b7280000,0x00000007b85f84e0,0x00000007b8600000)
  to   space 29696K, 0% used [0x00000007b5580000,0x00000007b5580000,0x00000007b7280000)
 ParOldGen       total 69120K, used 62840K [0x0000000780000000, 0x0000000784380000, 0x00000007aab00000)
  object space 69120K, 90% used [0x0000000780000000,0x0000000783d5e118,0x0000000784380000)
 Metaspace       used 21319K, capacity 21515K, committed 21808K, reserved 1069056K
  class space    used 2037K, capacity 2112K, committed 2176K, reserved 1048576K
Event: 27.848 GC heap after
Heap after GC invocations=12 (full 2):
 PSYoungGen      total 194560K, used 13094K [0x00000007aab00000, 0x00000007b9600000, 0x00000007c0000000)
  eden space 174592K, 0% used [0x00000007aab00000,0x00000007aab00000,0x00000007b5580000)
  from space 19968K, 65% used [0x00000007b7280000,0x00000007b7f49888,0x00000007b8600000)
  to   space 29696K, 0% used [0x00000007b5580000,0x00000007b5580000,0x00000007b7280000)
 ParOldGen       total 111616K, used 68932K [0x0000000780000000, 0x0000000786d00000, 0x00000007aab00000)
  object space 111616K, 61% used [0x0000000780000000,0x0000000784351150,0x0000000786d00000)
 Metaspace       used 21319K, capacity 21515K, committed 21808K, reserved 1069056K
  class space    used 2037K, capacity 2112K, committed 2176K, reserved 1048576K
}
Event: 38.414 GC heap before
{Heap before GC invocations=13 (full 2):
 PSYoungGen      total 194560K, used 187686K [0x00000007aab00000, 0x00000007b9600000, 0x00000007c0000000)
  eden space 174592K, 100% used [0x00000007aab00000,0x00000007b5580000,0x00000007b5580000)
  from space 19968K, 65% used [0x00000007b7280000,0x00000007b7f49888,0x00000007b8600000)
  to   space 29696K, 0% used [0x00000007b5580000,0x00000007b5580000,0x00000007b7280000)
 ParOldGen       total 111616K, used 68932K [0x0000000780000000, 0x0000000786d00000, 0x00000007aab00000)
  object space 111616K, 61% used [0x0000000780000000,0x0000000784351150,0x0000000786d00000)
 Metaspace       used 21457K, capacity 21643K, committed 21808K, reserved 1069056K
  class space    used 2037K, capacity 2112K, committed 2176K, reserved 1048576K
Event: 38.463 GC heap after
Heap after GC invocations=13 (full 2):
 PSYoungGen      total 204288K, used 29675K [0x00000007aab00000, 0x00000007be880000, 0x00000007c0000000)
  eden space 174592K, 0% used [0x00000007aab00000,0x00000007aab00000,0x00000007b5580000)
  from space 29696K, 99% used [0x00000007b5580000,0x00000007b727ad18,0x00000007b7280000)
  to   space 39936K, 0% used [0x00000007bc180000,0x00000007bc180000,0x00000007be880000)
 ParOldGen       total 111616K, used 84349K [0x0000000780000000, 0x0000000786d00000, 0x00000007aab00000)
  object space 111616K, 75% used [0x0000000780000000,0x000000078525f510,0x0000000786d00000)
 Metaspace       used 21457K, capacity 21643K, committed 21808K, reserved 1069056K
  class space    used 2037K, capacity 2112K, committed 2176K, reserved 1048576K
}
Event: 49.380 GC heap before
{Heap before GC invocations=14 (full 2):
 PSYoungGen      total 204288K, used 204267K [0x00000007aab00000, 0x00000007be880000, 0x00000007c0000000)
  eden space 174592K, 100% used [0x00000007aab00000,0x00000007b5580000,0x00000007b5580000)
  from space 29696K, 99% used [0x00000007b5580000,0x00000007b727ad18,0x00000007b7280000)
  to   space 39936K, 0% used [0x00000007bc180000,0x00000007bc180000,0x00000007be880000)
 ParOldGen       total 111616K, used 84349K [0x0000000780000000, 0x0000000786d00000, 0x00000007aab00000)
  object space 111616K, 75% used [0x0000000780000000,0x000000078525f510,0x0000000786d00000)
 Metaspace       used 21470K, capacity 21707K, committed 22064K, reserved 1069056K
  class space    used 2037K, capacity 2112K, committed 2176K, reserved 1048576K
Event: 49.473 GC heap after
Heap after GC invocations=14 (full 2):
 PSYoungGen      total 283648K, used 26081K [0x00000007aab00000, 0x00000007bea00000, 0x00000007c0000000)
  eden space 243712K, 0% used [0x00000007aab00000,0x00000007aab00000,0x00000007b9900000)
  from space 39936K, 65% used [0x00000007bc180000,0x00000007bdaf8660,0x00000007be880000)
  to   space 41472K, 0% used [0x00000007b9900000,0x00000007b9900000,0x00000007bc180000)
 ParOldGen       total 113152K, used 112695K [0x0000000780000000, 0x0000000786e80000, 0x00000007aab00000)
  object space 113152K, 99% used [0x0000000780000000,0x0000000786e0dc00,0x0000000786e80000)
 Metaspace       used 21470K, capacity 21707K, committed 22064K, reserved 1069056K
  class space    used 2037K, capacity 2112K, committed 2176K, reserved 1048576K
}
Event: 49.473 GC heap before
{Heap before GC invocations=15 (full 3):
 PSYoungGen      total 283648K, used 26081K [0x00000007aab00000, 0x00000007bea00000, 0x00000007c0000000)
  eden space 243712K, 0% used [0x00000007aab00000,0x00000007aab00000,0x00000007b9900000)
  from space 39936K, 65% used [0x00000007bc180000,0x00000007bdaf8660,0x00000007be880000)
  to   space 41472K, 0% used [0x00000007b9900000,0x00000007b9900000,0x00000007bc180000)
 ParOldGen       total 113152K, used 112695K [0x0000000780000000, 0x0000000786e80000, 0x00000007aab00000)
  object space 113152K, 99% used [0x0000000780000000,0x0000000786e0dc00,0x0000000786e80000)
 Metaspace       used 21470K, capacity 21707K, committed 22064K, reserved 1069056K
  class space    used 2037K, capacity 2112K, committed 2176K, reserved 1048576K
Event: 49.570 GC heap after
Heap after GC invocations=15 (full 3):
 PSYoungGen      total 283648K, used 24505K [0x00000007aab00000, 0x00000007bea00000, 0x00000007c0000000)
  eden space 243712K, 0% used [0x00000007aab00000,0x00000007aab00000,0x00000007b9900000)
  from space 39936K, 61% used [0x00000007bc180000,0x00000007bd96e728,0x00000007be880000)
  to   space 41472K, 0% used [0x00000007b9900000,0x00000007b9900000,0x00000007bc180000)
 ParOldGen       total 170496K, used 112727K [0x0000000780000000, 0x000000078a680000, 0x00000007aab00000)
  object space 170496K, 66% used [0x0000000780000000,0x0000000786e15fa8,0x000000078a680000)
 Metaspace       used 21470K, capacity 21707K, committed 22064K, reserved 1069056K
  class space    used 2037K, capacity 2112K, committed 2176K, reserved 1048576K
}

Deoptimization events (10 events):
Event: 67.949 Thread 0x00007f95e933e800 Uncommon trap: reason=unstable_if action=reinterpret pc=0x000000010213c768 method=com.jogamp.common.util.VersionNumber.compareTo(Lcom/jogamp/common/util/VersionNumber;)I @ 21
Event: 67.950 Thread 0x00007f95ea9d5800 Uncommon trap: reason=unstable_if action=reinterpret pc=0x0000000102a39f14 method=sun.lwawt.LWContainerPeer.cutChildren(Lsun/java2d/pipe/Region;Lsun/lwawt/LWComponentPeer;)Lsun/java2d/pipe/Region; @ 67
Event: 67.950 Thread 0x00007f95ea9d5800 Uncommon trap: reason=unstable_if action=reinterpret pc=0x0000000102199dec method=sun.java2d.SunGraphics2D.validateCompClip()V @ 9
Event: 67.951 Thread 0x00007f95e933e800 Uncommon trap: reason=unstable_if action=reinterpret pc=0x000000010211ebfc method=java.awt.EventQueue.uncacheEQItem(Lsun/awt/EventQueueItem;)V @ 23
Event: 67.967 Thread 0x00007f95ea9d5800 Uncommon trap: reason=unstable_if action=reinterpret pc=0x0000000102998a78 method=sun.java2d.pipe.Region.intersectsQuickCheck(Lsun/java2d/pipe/Region;)Z @ 41
Event: 67.968 Thread 0x00007f95ea9d5800 Uncommon trap: reason=unstable_if action=reinterpret pc=0x000000010277e2cc method=java.awt.font.FontRenderContext.equals(Ljava/awt/font/FontRenderContext;)Z @ 2
Event: 67.995 Thread 0x00007f95e91b4800 Uncommon trap: reason=unstable_if action=reinterpret pc=0x00000001026a55ac method=java.util.HashMap.putVal(ILjava/lang/Object;Ljava/lang/Object;ZZ)Ljava/lang/Object; @ 81
Event: 67.995 Thread 0x00007f95e91b4800 Uncommon trap: reason=unstable_if action=reinterpret pc=0x000000010243e4f4 method=java.util.HashMap.putVal(ILjava/lang/Object;Ljava/lang/Object;ZZ)Ljava/lang/Object; @ 81
Event: 68.019 Thread 0x00007f95e933e800 Uncommon trap: reason=unstable_if action=reinterpret pc=0x000000010234a918 method=java.util.LinkedList$ListItr.<init>(Ljava/util/LinkedList;I)V @ 26
Event: 68.019 Thread 0x00007f95e933e800 Uncommon trap: reason=unstable_if action=reinterpret pc=0x000000010287d394 method=java.security.AccessControlContext.optimize()Ljava/security/AccessControlContext; @ 233

Internal exceptions (10 events):
Event: 0.165 Thread 0x00007f95ea008000 Exception <a 'java/lang/NoSuchFieldError': method resolution failed> (0x00000007aad00b38) thrown at [/HUDSON3/workspace/8-2-build-macosx-x86_64/jdk8u66/4988/hotspot/src/share/vm/prims/methodHandles.cpp, line 1146]
Event: 0.167 Thread 0x00007f95ea008000 Exception <a 'java/lang/NoSuchFieldError': method resolution failed> (0x00000007aad0e308) thrown at [/HUDSON3/workspace/8-2-build-macosx-x86_64/jdk8u66/4988/hotspot/src/share/vm/prims/methodHandles.cpp, line 1146]
Event: 0.549 Thread 0x00007f95ea008000 Exception <a 'java/io/FileNotFoundException'> (0x00000007aad8a278) thrown at [/HUDSON3/workspace/8-2-build-macosx-x86_64/jdk8u66/4988/hotspot/src/share/vm/prims/jni.cpp, line 709]
Event: 0.549 Thread 0x00007f95ea008000 Exception <a 'java/io/FileNotFoundException'> (0x00000007aad8adb8) thrown at [/HUDSON3/workspace/8-2-build-macosx-x86_64/jdk8u66/4988/hotspot/src/share/vm/prims/jni.cpp, line 709]
Event: 0.680 Thread 0x00007f95ea008000 Exception <a 'java/io/FileNotFoundException'> (0x00000007aae70710) thrown at [/HUDSON3/workspace/8-2-build-macosx-x86_64/jdk8u66/4988/hotspot/src/share/vm/prims/jni.cpp, line 709]
Event: 2.230 Thread 0x00007f95ea80b000 Exception <a 'java/lang/NullPointerException'> (0x00000007aab84188) thrown at [/HUDSON3/workspace/8-2-build-macosx-x86_64/jdk8u66/4988/hotspot/src/share/vm/interpreter/linkResolver.cpp, line 1178]
Event: 2.312 Thread 0x00007f95e9342000 Exception <a 'java/lang/UnsatisfiedLinkError': com.jogamp.common.util.JarUtil.fixNativeLibAttribs(Ljava/lang/String;)Z> (0x00000007aaea3538) thrown at [/HUDSON3/workspace/8-2-build-macosx-x86_64/jdk8u66/4988/hotspot/src/share/vm/prims/nativeLookup.cpp, li
Event: 3.213 Thread 0x00007f95e933e800 Exception <a 'java/io/FileNotFoundException'> (0x00000007ab0addd8) thrown at [/HUDSON3/workspace/8-2-build-macosx-x86_64/jdk8u66/4988/hotspot/src/share/vm/prims/jni.cpp, line 709]
Event: 3.214 Thread 0x00007f95e933e800 Exception <a 'java/io/FileNotFoundException'> (0x00000007ab0b3938) thrown at [/HUDSON3/workspace/8-2-build-macosx-x86_64/jdk8u66/4988/hotspot/src/share/vm/prims/jni.cpp, line 709]
Event: 3.214 Thread 0x00007f95e933e800 Implicit null exception at 0x000000010219ebb5 to 0x000000010219ef19

Events (10 events):
Event: 68.020 loading class java/awt/LightweightDispatcher$2 done
Event: 68.020 loading class java/awt/event/AWTEventListenerProxy
Event: 68.020 loading class java/awt/event/AWTEventListenerProxy done
Event: 68.020 Executing VM operation: Deoptimize
Event: 68.020 Executing VM operation: Deoptimize done
Event: 68.020 loading class java/awt/Toolkit$ToolkitEventMulticaster
Event: 68.020 loading class java/awt/Toolkit$ToolkitEventMulticaster done
Event: 68.021 Thread 0x00007f95e91b4800 Thread exited: 0x00007f95e91b4800
Event: 68.022 loading class java/awt/Window$1DisposeAction
Event: 68.022 loading class java/awt/Window$1DisposeAction done


Dynamic libraries:
0x0000000003960000 	/System/Library/Frameworks/Cocoa.framework/Versions/A/Cocoa
0x0000000003960000 	/System/Library/Frameworks/Security.framework/Versions/A/Security
0x0000000003960000 	/System/Library/Frameworks/ApplicationServices.framework/Versions/A/ApplicationServices
0x0000000003960000 	/usr/lib/libz.1.dylib
0x0000000003960000 	/usr/lib/libSystem.B.dylib
0x0000000003960000 	/usr/lib/libobjc.A.dylib
0x0000000003960000 	/System/Library/Frameworks/CoreFoundation.framework/Versions/A/CoreFoundation
0x0000000003960000 	/System/Library/Frameworks/Foundation.framework/Versions/C/Foundation
0x0000000003960000 	/System/Library/Frameworks/AppKit.framework/Versions/C/AppKit
0x0000000003960000 	/System/Library/Frameworks/CoreData.framework/Versions/A/CoreData
0x0000000003960000 	/System/Library/PrivateFrameworks/RemoteViewServices.framework/Versions/A/RemoteViewServices
0x0000000003960000 	/System/Library/PrivateFrameworks/UIFoundation.framework/Versions/A/UIFoundation
0x0000000003960000 	/System/Library/Frameworks/IOSurface.framework/Versions/A/IOSurface
0x0000000003960000 	/System/Library/Frameworks/AudioToolbox.framework/Versions/A/AudioToolbox
0x0000000003960000 	/System/Library/Frameworks/AudioUnit.framework/Versions/A/AudioUnit
0x0000000003960000 	/System/Library/PrivateFrameworks/DataDetectorsCore.framework/Versions/A/DataDetectorsCore
0x0000000003960000 	/System/Library/PrivateFrameworks/DesktopServicesPriv.framework/Versions/A/DesktopServicesPriv
0x0000000003960000 	/System/Library/Frameworks/Carbon.framework/Versions/A/Frameworks/HIToolbox.framework/Versions/A/HIToolbox
0x0000000003960000 	/System/Library/Frameworks/QuartzCore.framework/Versions/A/QuartzCore
0x0000000003960000 	/System/Library/Frameworks/Carbon.framework/Versions/A/Frameworks/SpeechRecognition.framework/Versions/A/SpeechRecognition
0x0000000003960000 	/usr/lib/libauto.dylib
0x0000000003960000 	/usr/lib/libicucore.A.dylib
0x0000000003960000 	/usr/lib/libxml2.2.dylib
0x0000000003960000 	/System/Library/PrivateFrameworks/CoreUI.framework/Versions/A/CoreUI
0x0000000003960000 	/System/Library/Frameworks/CoreAudio.framework/Versions/A/CoreAudio
0x0000000003960000 	/System/Library/Frameworks/DiskArbitration.framework/Versions/A/DiskArbitration
0x0000000003960000 	/usr/lib/liblangid.dylib
0x0000000003960000 	/System/Library/PrivateFrameworks/MultitouchSupport.framework/Versions/A/MultitouchSupport
0x0000000003960000 	/System/Library/Frameworks/IOKit.framework/Versions/A/IOKit
0x0000000003960000 	/usr/lib/libDiagnosticMessagesClient.dylib
0x0000000003960000 	/System/Library/Frameworks/CoreServices.framework/Versions/A/CoreServices
0x0000000003960000 	/System/Library/PrivateFrameworks/PerformanceAnalysis.framework/Versions/A/PerformanceAnalysis
0x0000000003960000 	/System/Library/PrivateFrameworks/GenerationalStorage.framework/Versions/A/GenerationalStorage
0x0000000003960000 	/System/Library/Frameworks/OpenGL.framework/Versions/A/OpenGL
0x0000000003960000 	/System/Library/PrivateFrameworks/Sharing.framework/Versions/A/Sharing
0x0000000003960000 	/System/Library/Frameworks/CoreGraphics.framework/Versions/A/CoreGraphics
0x0000000003960000 	/System/Library/Frameworks/CoreText.framework/Versions/A/CoreText
0x0000000003960000 	/System/Library/Frameworks/ImageIO.framework/Versions/A/ImageIO
0x0000000003960000 	/usr/lib/libextension.dylib
0x0000000003960000 	/System/Library/PrivateFrameworks/Backup.framework/Versions/A/Backup
0x0000000003960000 	/usr/lib/libarchive.2.dylib
0x0000000003960000 	/System/Library/Frameworks/CFNetwork.framework/Versions/A/CFNetwork
0x0000000003960000 	/System/Library/Frameworks/SystemConfiguration.framework/Versions/A/SystemConfiguration
0x0000000003960000 	/usr/lib/libCRFSuite.dylib
0x0000000003960000 	/usr/lib/libc++.1.dylib
0x0000000003960000 	/usr/lib/libc++abi.dylib
0x0000000003960000 	/usr/lib/system/libcache.dylib
0x0000000003960000 	/usr/lib/system/libcommonCrypto.dylib
0x0000000003960000 	/usr/lib/system/libcompiler_rt.dylib
0x0000000003960000 	/usr/lib/system/libcopyfile.dylib
0x0000000003960000 	/usr/lib/system/libcorecrypto.dylib
0x0000000003960000 	/usr/lib/system/libdispatch.dylib
0x0000000003960000 	/usr/lib/system/libdyld.dylib
0x0000000003960000 	/usr/lib/system/libkeymgr.dylib
0x0000000003960000 	/usr/lib/system/liblaunch.dylib
0x0000000003960000 	/usr/lib/system/libmacho.dylib
0x0000000003960000 	/usr/lib/system/libquarantine.dylib
0x0000000003960000 	/usr/lib/system/libremovefile.dylib
0x0000000003960000 	/usr/lib/system/libsystem_asl.dylib
0x0000000003960000 	/usr/lib/system/libsystem_blocks.dylib
0x0000000003960000 	/usr/lib/system/libsystem_c.dylib
0x0000000003960000 	/usr/lib/system/libsystem_configuration.dylib
0x0000000003960000 	/usr/lib/system/libsystem_coreservices.dylib
0x0000000003960000 	/usr/lib/system/libsystem_coretls.dylib
0x0000000003960000 	/usr/lib/system/libsystem_dnssd.dylib
0x0000000003960000 	/usr/lib/system/libsystem_info.dylib
0x0000000003960000 	/usr/lib/system/libsystem_kernel.dylib
0x0000000003960000 	/usr/lib/system/libsystem_m.dylib
0x0000000003960000 	/usr/lib/system/libsystem_malloc.dylib
0x0000000003960000 	/usr/lib/system/libsystem_network.dylib
0x0000000003960000 	/usr/lib/system/libsystem_networkextension.dylib
0x0000000003960000 	/usr/lib/system/libsystem_notify.dylib
0x0000000003960000 	/usr/lib/system/libsystem_platform.dylib
0x0000000003960000 	/usr/lib/system/libsystem_pthread.dylib
0x0000000003960000 	/usr/lib/system/libsystem_sandbox.dylib
0x0000000003960000 	/usr/lib/system/libsystem_secinit.dylib
0x0000000003960000 	/usr/lib/system/libsystem_stats.dylib
0x0000000003960000 	/usr/lib/system/libsystem_trace.dylib
0x0000000003960000 	/usr/lib/system/libunc.dylib
0x0000000003960000 	/usr/lib/system/libunwind.dylib
0x0000000003960000 	/usr/lib/system/libxpc.dylib
0x0000000003960000 	/usr/lib/libbz2.1.0.dylib
0x0000000003960000 	/usr/lib/liblzma.5.dylib
0x0000000003960000 	/usr/lib/libbsm.0.dylib
0x0000000003960000 	/usr/lib/libsqlite3.dylib
0x0000000003960000 	/usr/lib/system/libkxld.dylib
0x0000000003960000 	/usr/lib/libxar.1.dylib
0x0000000003960000 	/usr/lib/libpam.2.dylib
0x0000000003960000 	/usr/lib/libOpenScriptingUtil.dylib
0x0000000003960000 	/System/Library/Frameworks/CoreServices.framework/Versions/A/Frameworks/FSEvents.framework/Versions/A/FSEvents
0x0000000003960000 	/System/Library/Frameworks/CoreServices.framework/Versions/A/Frameworks/CarbonCore.framework/Versions/A/CarbonCore
0x0000000003960000 	/System/Library/Frameworks/CoreServices.framework/Versions/A/Frameworks/Metadata.framework/Versions/A/Metadata
0x0000000003960000 	/System/Library/Frameworks/CoreServices.framework/Versions/A/Frameworks/OSServices.framework/Versions/A/OSServices
0x0000000003960000 	/System/Library/Frameworks/CoreServices.framework/Versions/A/Frameworks/SearchKit.framework/Versions/A/SearchKit
0x0000000003960000 	/System/Library/Frameworks/CoreServices.framework/Versions/A/Frameworks/AE.framework/Versions/A/AE
0x0000000003960000 	/System/Library/Frameworks/CoreServices.framework/Versions/A/Frameworks/LaunchServices.framework/Versions/A/LaunchServices
0x0000000003960000 	/System/Library/Frameworks/CoreServices.framework/Versions/A/Frameworks/DictionaryServices.framework/Versions/A/DictionaryServices
0x0000000003960000 	/System/Library/Frameworks/NetFS.framework/Versions/A/NetFS
0x0000000003960000 	/System/Library/PrivateFrameworks/NetAuth.framework/Versions/A/NetAuth
0x0000000003960000 	/System/Library/PrivateFrameworks/login.framework/Versions/A/Frameworks/loginsupport.framework/Versions/A/loginsupport
0x0000000003960000 	/System/Library/PrivateFrameworks/TCC.framework/Versions/A/TCC
0x0000000003960000 	/usr/lib/libmecabra.dylib
0x0000000003960000 	/System/Library/Frameworks/ApplicationServices.framework/Versions/A/Frameworks/ATS.framework/Versions/A/ATS
0x0000000003960000 	/System/Library/Frameworks/ApplicationServices.framework/Versions/A/Frameworks/ColorSync.framework/Versions/A/ColorSync
0x0000000003960000 	/System/Library/Frameworks/ApplicationServices.framework/Versions/A/Frameworks/HIServices.framework/Versions/A/HIServices
0x0000000003960000 	/System/Library/Frameworks/ApplicationServices.framework/Versions/A/Frameworks/LangAnalysis.framework/Versions/A/LangAnalysis
0x0000000003960000 	/System/Library/Frameworks/ApplicationServices.framework/Versions/A/Frameworks/PrintCore.framework/Versions/A/PrintCore
0x0000000003960000 	/System/Library/Frameworks/ApplicationServices.framework/Versions/A/Frameworks/QD.framework/Versions/A/QD
0x0000000003960000 	/System/Library/Frameworks/ApplicationServices.framework/Versions/A/Frameworks/SpeechSynthesis.framework/Versions/A/SpeechSynthesis
0x0000000003960000 	/System/Library/Frameworks/Accelerate.framework/Versions/A/Accelerate
0x0000000003960000 	/System/Library/Frameworks/Accelerate.framework/Versions/A/Frameworks/vImage.framework/Versions/A/vImage
0x0000000003960000 	/System/Library/Frameworks/Accelerate.framework/Versions/A/Frameworks/vecLib.framework/Versions/A/vecLib
0x0000000003960000 	/System/Library/Frameworks/Accelerate.framework/Versions/A/Frameworks/vecLib.framework/Versions/A/libvDSP.dylib
0x0000000003960000 	/System/Library/Frameworks/Accelerate.framework/Versions/A/Frameworks/vecLib.framework/Versions/A/libvMisc.dylib
0x0000000003960000 	/System/Library/Frameworks/Accelerate.framework/Versions/A/Frameworks/vecLib.framework/Versions/A/libLAPACK.dylib
0x0000000003960000 	/System/Library/Frameworks/Accelerate.framework/Versions/A/Frameworks/vecLib.framework/Versions/A/libBLAS.dylib
0x0000000003960000 	/System/Library/Frameworks/Accelerate.framework/Versions/A/Frameworks/vecLib.framework/Versions/A/libLinearAlgebra.dylib
0x0000000003960000 	/System/Library/Frameworks/ApplicationServices.framework/Versions/A/Frameworks/ATS.framework/Versions/A/Resources/libFontParser.dylib
0x0000000003960000 	/System/Library/Frameworks/ApplicationServices.framework/Versions/A/Frameworks/ATS.framework/Versions/A/Resources/libFontRegistry.dylib
0x0000000003960000 	/System/Library/PrivateFrameworks/AppleVPA.framework/Versions/A/AppleVPA
0x0000000003960000 	/System/Library/PrivateFrameworks/AppleJPEG.framework/Versions/A/AppleJPEG
0x0000000003960000 	/System/Library/Frameworks/ImageIO.framework/Versions/A/Resources/libJPEG.dylib
0x0000000003960000 	/System/Library/Frameworks/ImageIO.framework/Versions/A/Resources/libTIFF.dylib
0x0000000003960000 	/System/Library/Frameworks/ImageIO.framework/Versions/A/Resources/libPng.dylib
0x0000000003960000 	/System/Library/Frameworks/ImageIO.framework/Versions/A/Resources/libGIF.dylib
0x0000000003960000 	/System/Library/Frameworks/ImageIO.framework/Versions/A/Resources/libJP2.dylib
0x0000000003960000 	/System/Library/Frameworks/ImageIO.framework/Versions/A/Resources/libRadiance.dylib
0x0000000003960000 	/System/Library/Frameworks/CoreVideo.framework/Versions/A/CoreVideo
0x0000000003960000 	/System/Library/Frameworks/OpenGL.framework/Versions/A/Libraries/libGLU.dylib
0x0000000003960000 	/System/Library/Frameworks/OpenGL.framework/Versions/A/Libraries/libGFXShared.dylib
0x0000000003960000 	/System/Library/Frameworks/OpenGL.framework/Versions/A/Libraries/libGL.dylib
0x0000000003960000 	/System/Library/Frameworks/OpenGL.framework/Versions/A/Libraries/libGLImage.dylib
0x0000000003960000 	/System/Library/Frameworks/OpenGL.framework/Versions/A/Libraries/libCVMSPluginSupport.dylib
0x0000000003960000 	/System/Library/Frameworks/OpenGL.framework/Versions/A/Libraries/libCoreVMClient.dylib
0x0000000003960000 	/usr/lib/libcups.2.dylib
0x0000000003960000 	/System/Library/Frameworks/Kerberos.framework/Versions/A/Kerberos
0x0000000003960000 	/System/Library/Frameworks/GSS.framework/Versions/A/GSS
0x0000000003960000 	/usr/lib/libresolv.9.dylib
0x0000000003960000 	/usr/lib/libiconv.2.dylib
0x0000000003960000 	/System/Library/PrivateFrameworks/Heimdal.framework/Versions/A/Heimdal
0x0000000003960000 	/usr/lib/libheimdal-asn1.dylib
0x0000000003960000 	/System/Library/Frameworks/OpenDirectory.framework/Versions/A/OpenDirectory
0x0000000003960000 	/System/Library/PrivateFrameworks/CommonAuth.framework/Versions/A/CommonAuth
0x0000000003960000 	/System/Library/Frameworks/OpenDirectory.framework/Versions/A/Frameworks/CFOpenDirectory.framework/Versions/A/CFOpenDirectory
0x0000000003960000 	/System/Library/Frameworks/SecurityFoundation.framework/Versions/A/SecurityFoundation
0x0000000003960000 	/System/Library/PrivateFrameworks/LanguageModeling.framework/Versions/A/LanguageModeling
0x0000000003960000 	/usr/lib/libcmph.dylib
0x0000000003960000 	/System/Library/Frameworks/ServiceManagement.framework/Versions/A/ServiceManagement
0x0000000003960000 	/usr/lib/libxslt.1.dylib
0x0000000003960000 	/System/Library/Frameworks/Carbon.framework/Versions/A/Frameworks/Ink.framework/Versions/A/Ink
0x0000000003960000 	/System/Library/Frameworks/QuartzCore.framework/Versions/A/Frameworks/CoreImage.framework/Versions/A/CoreImage
0x0000000003960000 	/System/Library/PrivateFrameworks/CrashReporterSupport.framework/Versions/A/CrashReporterSupport
0x0000000003960000 	/System/Library/Frameworks/OpenCL.framework/Versions/A/OpenCL
0x0000000003960000 	/System/Library/PrivateFrameworks/FaceCore.framework/Versions/A/FaceCore
0x0000000003960000 	/System/Library/PrivateFrameworks/Ubiquity.framework/Versions/A/Ubiquity
0x0000000003960000 	/System/Library/PrivateFrameworks/IconServices.framework/Versions/A/IconServices
0x0000000003960000 	/System/Library/PrivateFrameworks/ChunkingLibrary.framework/Versions/A/ChunkingLibrary
0x0000000003960000 	/System/Library/PrivateFrameworks/Apple80211.framework/Versions/A/Apple80211
0x0000000003960000 	/System/Library/Frameworks/CoreWLAN.framework/Versions/A/CoreWLAN
0x0000000003960000 	/System/Library/Frameworks/IOBluetooth.framework/Versions/A/IOBluetooth
0x0000000003960000 	/System/Library/PrivateFrameworks/CoreWiFi.framework/Versions/A/CoreWiFi
0x0000000003960000 	/System/Library/Frameworks/CoreBluetooth.framework/Versions/A/CoreBluetooth
0x0000000003960000 	/System/Library/PrivateFrameworks/DebugSymbols.framework/Versions/A/DebugSymbols
0x0000000003960000 	/System/Library/PrivateFrameworks/CoreSymbolication.framework/Versions/A/CoreSymbolication
0x0000000003960000 	/System/Library/PrivateFrameworks/Symbolication.framework/Versions/A/Symbolication
0x0000000003960000 	/System/Library/PrivateFrameworks/SpeechRecognitionCore.framework/Versions/A/SpeechRecognitionCore
0x0000000100681000 	/Library/Java/JavaVirtualMachines/jdk1.8.0_66.jdk/Contents/Home/jre/lib/server/libjvm.dylib
0x0000000003960000 	/usr/lib/libstdc++.6.dylib
0x0000000101721000 	/Library/Java/JavaVirtualMachines/jdk1.8.0_66.jdk/Contents/Home/jre/lib/libverify.dylib
0x000000010172f000 	/Library/Java/JavaVirtualMachines/jdk1.8.0_66.jdk/Contents/Home/jre/lib/libjava.dylib
0x000000010176e000 	/Library/Java/JavaVirtualMachines/jdk1.8.0_66.jdk/Contents/Home/jre/lib/libzip.dylib
0x0000000115a92000 	/System/Library/Frameworks/JavaVM.framework/Frameworks/JavaRuntimeSupport.framework/JavaRuntimeSupport
0x0000000115aa8000 	/System/Library/Frameworks/JavaVM.framework/Versions/A/Frameworks/JavaNativeFoundation.framework/Versions/A/JavaNativeFoundation
0x00000001017f4000 	/System/Library/Frameworks/JavaVM.framework/Versions/A/JavaVM
0x0000000003960000 	/System/Library/Frameworks/Carbon.framework/Versions/A/Carbon
0x0000000115abc000 	/System/Library/PrivateFrameworks/JavaLaunching.framework/Versions/A/JavaLaunching
0x0000000003960000 	/System/Library/Frameworks/Carbon.framework/Versions/A/Frameworks/CommonPanels.framework/Versions/A/CommonPanels
0x0000000003960000 	/System/Library/Frameworks/Carbon.framework/Versions/A/Frameworks/Help.framework/Versions/A/Help
0x0000000003960000 	/System/Library/Frameworks/Carbon.framework/Versions/A/Frameworks/ImageCapture.framework/Versions/A/ImageCapture
0x0000000003960000 	/System/Library/Frameworks/Carbon.framework/Versions/A/Frameworks/OpenScripting.framework/Versions/A/OpenScripting
0x0000000003960000 	/System/Library/Frameworks/Carbon.framework/Versions/A/Frameworks/Print.framework/Versions/A/Print
0x0000000003960000 	/System/Library/Frameworks/Carbon.framework/Versions/A/Frameworks/SecurityHI.framework/Versions/A/SecurityHI
0x00000001179b7000 	/Library/Java/JavaVirtualMachines/jdk1.8.0_66.jdk/Contents/Home/jre/lib/libawt.dylib
0x0000000117a5f000 	/Library/Java/JavaVirtualMachines/jdk1.8.0_66.jdk/Contents/Home/jre/lib/./libmlib_image.dylib
0x0000000117b2b000 	/Library/Java/JavaVirtualMachines/jdk1.8.0_66.jdk/Contents/Home/jre/lib/libawt_lwawt.dylib
0x0000000117be0000 	/Library/Java/JavaVirtualMachines/jdk1.8.0_66.jdk/Contents/Home/jre/lib/./libosxapp.dylib
0x0000000003960000 	/System/Library/Frameworks/ExceptionHandling.framework/Versions/A/ExceptionHandling
0x0000000003960000 	/System/Library/PrivateFrameworks/CoreServicesInternal.framework/Versions/A/CoreServicesInternal
0x0000000003960000 	/System/Library/PrivateFrameworks/CloudDocs.framework/Versions/A/CloudDocs
0x0000000003960000 	/System/Library/PrivateFrameworks/CoreDuet.framework/Versions/A/CoreDuet
0x0000000003960000 	/System/Library/Frameworks/CloudKit.framework/Versions/A/CloudKit
0x0000000003960000 	/System/Library/PrivateFrameworks/ProtocolBuffer.framework/Versions/A/ProtocolBuffer
0x0000000003960000 	/System/Library/PrivateFrameworks/CoreDuetDaemonProtocol.framework/Versions/A/CoreDuetDaemonProtocol
0x0000000003960000 	/System/Library/PrivateFrameworks/CoreDuetDebugLogging.framework/Versions/A/CoreDuetDebugLogging
0x0000000003960000 	/System/Library/PrivateFrameworks/MMCS.framework/Versions/A/MMCS
0x0000000003960000 	/System/Library/Frameworks/CoreLocation.framework/Versions/A/CoreLocation
0x0000000003960000 	/System/Library/PrivateFrameworks/ProtectedCloudStorage.framework/Versions/A/ProtectedCloudStorage
0x0000000003960000 	/System/Library/PrivateFrameworks/GeoServices.framework/Versions/A/GeoServices
0x0000000003960000 	/System/Library/Frameworks/CoreGraphics.framework/Versions/A/Resources/libCGCMS.A.dylib
0x0000000003960000 	/System/Library/Frameworks/CoreGraphics.framework/Versions/A/Resources/libRIP.A.dylib
0x0000000003960000 	/System/Library/Frameworks/CoreGraphics.framework/Versions/A/Resources/libCGXType.A.dylib
0x0000000003960000 	/System/Library/Frameworks/OpenCL.framework/Versions/A/Libraries/libcldcpuengine.dylib
0x0000000003960000 	/System/Library/PrivateFrameworks/DiskImages.framework/Versions/A/DiskImages
0x0000000003960000 	/System/Library/Frameworks/DiscRecording.framework/Versions/A/DiscRecording
0x0000000003960000 	/usr/lib/libcsfde.dylib
0x0000000003960000 	/usr/lib/libcurl.4.dylib
0x0000000003960000 	/System/Library/PrivateFrameworks/MediaKit.framework/Versions/A/MediaKit
0x0000000003960000 	/usr/lib/libCoreStorage.dylib
0x0000000003960000 	/System/Library/PrivateFrameworks/EFILogin.framework/Versions/A/EFILogin
0x0000000003960000 	/usr/lib/libutil.dylib
0x0000000003960000 	/System/Library/PrivateFrameworks/FindMyDevice.framework/Versions/A/FindMyDevice
0x0000000003960000 	/System/Library/Frameworks/LDAP.framework/Versions/A/LDAP
0x0000000003960000 	/usr/lib/libsasl2.2.dylib
0x0000000003960000 	/System/Library/PrivateFrameworks/CoreDaemon.framework/Versions/B/CoreDaemon
0x0000000003960000 	/usr/lib/libcrypto.0.9.8.dylib
0x0000000003960000 	/System/Library/PrivateFrameworks/AppleSRP.framework/Versions/A/AppleSRP
0x0000000003960000 	/System/Library/PrivateFrameworks/TrustEvaluationAgent.framework/Versions/A/TrustEvaluationAgent
0x000000011a856000 	cl_kernels
0x000000011a858000 	/System/Library/Frameworks/OpenCL.framework/Versions/A/Libraries/ImageFormats/unorm8_bgra.dylib
0x000000011a847000 	cl_kernels
0x0000000003960000 	/System/Library/PrivateFrameworks/FamilyControls.framework/Versions/A/FamilyControls
0x0000000003960000 	/System/Library/PrivateFrameworks/CommerceKit.framework/Versions/A/Frameworks/CommerceCore.framework/Versions/A/CommerceCore
0x0000000003960000 	/System/Library/PrivateFrameworks/SystemAdministration.framework/Versions/A/SystemAdministration
0x0000000003960000 	/System/Library/PrivateFrameworks/AppContainer.framework/Versions/A/AppContainer
0x0000000003960000 	/System/Library/PrivateFrameworks/SecCodeWrapper.framework/Versions/A/SecCodeWrapper
0x0000000003960000 	/System/Library/Frameworks/DirectoryService.framework/Versions/A/DirectoryService
0x0000000003960000 	/System/Library/PrivateFrameworks/LoginUIKit.framework/Versions/A/Frameworks/LoginUICore.framework/Versions/A/LoginUICore
0x0000000003960000 	/usr/lib/libodfde.dylib
0x0000000003960000 	/System/Library/Frameworks/OpenGL.framework/Versions/A/Resources/GLEngine.bundle/GLEngine
0x0000000003960000 	/System/Library/Frameworks/OpenGL.framework/Versions/A/Libraries/libGLProgrammability.dylib
0x0000000000000000 	/System/Library/Extensions/AppleIntelBDWGraphicsGLDriver.bundle/Contents/MacOS/AppleIntelBDWGraphicsGLDriver
0x0000000003960000 	/System/Library/PrivateFrameworks/IOAccelerator.framework/Versions/A/IOAccelerator
0x0000000003960000 	/System/Library/PrivateFrameworks/GPUSupport.framework/Versions/A/Libraries/libGPUSupportMercury.dylib
0x0000000003960000 	/System/Library/Frameworks/OpenGL.framework/Versions/A/Resources/GLRendererFloat.bundle/GLRendererFloat
0x000000011c556000 	/Library/Java/JavaVirtualMachines/jdk1.8.0_66.jdk/Contents/Home/jre/lib/libfontmanager.dylib
0x000000011d739000 	/Library/Java/JavaVirtualMachines/jdk1.8.0_66.jdk/Contents/Home/jre/lib/libosxui.dylib
0x000000011d9c5000 	/Library/Java/JavaVirtualMachines/jdk1.8.0_66.jdk/Contents/Home/jre/lib/libnet.dylib
0x000000011d778000 	/Library/Java/JavaVirtualMachines/jdk1.8.0_66.jdk/Contents/Home/jre/lib/libnio.dylib
0x0000000003960000 	/System/Library/Frameworks/ApplicationServices.framework/Versions/A/Frameworks/ATS.framework/Versions/A/Resources/libTrueTypeScaler.dylib
0x0000000168f6b000 	/private/var/folders/zx/j9nzkyzx4dn04w6cj8zrt2j80000gn/T/jogamp_0000/file_cache/jln1815761058690606927/jln8517953170692427380/libgluegen-rt.jnilib
0x0000000168f6f000 	/private/var/folders/zx/j9nzkyzx4dn04w6cj8zrt2j80000gn/T/jogamp_0000/file_cache/jln1815761058690606927/jln8517953170692427380/libnativewindow_awt.jnilib
0x0000000168f72000 	/Library/Java/JavaVirtualMachines/jdk1.8.0_66.jdk/Contents/Home/jre/lib/libjawt.dylib
0x0000000168f75000 	/private/var/folders/zx/j9nzkyzx4dn04w6cj8zrt2j80000gn/T/jogamp_0000/file_cache/jln1815761058690606927/jln8517953170692427380/libnativewindow_macosx.jnilib
0x000000016ab8b000 	/private/var/folders/zx/j9nzkyzx4dn04w6cj8zrt2j80000gn/T/jogamp_0000/file_cache/jln1815761058690606927/jln8517953170692427380/libjogl_desktop.jnilib
0x000000016c9ba000 	/Library/Java/JavaVirtualMachines/jdk1.8.0_66.jdk/Contents/Home/jre/lib/libt2k.dylib

VM Arguments:
jvm_args: -Djava.security.policy=java.policy.applet -Dfile.encoding=UTF-8 
java_command: sun.applet.AppletViewer module4.EarthquakeCityMap1447734736697.html
java_class_path (initial): /Users/aray/prep/jp/UCSDUnfoldingMaps/build:/Users/aray/prep/jp/UCSDUnfoldingMaps/lib/core.jar:/Users/aray/prep/jp/UCSDUnfoldingMaps/lib/gluegen-rt.jar:/Users/aray/prep/jp/UCSDUnfoldingMaps/lib/jogl-all.jar:/Users/aray/prep/jp/UCSDUnfoldingMaps/lib/log4j-1.2.15.jar:/Users/aray/prep/jp/UCSDUnfoldingMaps/lib/sqlite-jdbc-3.7.2.jar:/Users/aray/prep/jp/UCSDUnfoldingMaps/lib/json4processing.jar:/Users/aray/prep/jp/UCSDUnfoldingMaps/lib/libTUIO.jar:/Users/aray/prep/jp/UCSDUnfoldingMaps/lib/unfolding.0.9.7-uscd.jar
Launcher Type: SUN_STANDARD

Environment Variables:
PATH=/usr/bin:/bin:/usr/sbin:/sbin
SHELL=/bin/bash

Signal Handlers:
SIGSEGV: [libjvm.dylib+0x5a65d5], sa_mask[0]=11111111011111110111111111111111, sa_flags=SA_ONSTACK|SA_RESTART|SA_SIGINFO
SIGBUS: [libjvm.dylib+0x5a65d5], sa_mask[0]=11111111011111110111111111111111, sa_flags=SA_RESTART|SA_SIGINFO
SIGFPE: [libjvm.dylib+0x4802e8], sa_mask[0]=11111111011111110111111111111111, sa_flags=SA_RESTART|SA_SIGINFO
SIGPIPE: [libjvm.dylib+0x4802e8], sa_mask[0]=11111111011111110111111111111111, sa_flags=SA_RESTART|SA_SIGINFO
SIGXFSZ: [libjvm.dylib+0x4802e8], sa_mask[0]=11111111011111110111111111111111, sa_flags=SA_RESTART|SA_SIGINFO
SIGILL: [libjvm.dylib+0x4802e8], sa_mask[0]=11111111011111110111111111111111, sa_flags=SA_RESTART|SA_SIGINFO
SIGUSR1: SIG_DFL, sa_mask[0]=00000000000000000000000000000000, sa_flags=none
SIGUSR2: [libjvm.dylib+0x47fe06], sa_mask[0]=00100000000000000000000000000000, sa_flags=SA_RESTART|SA_SIGINFO
SIGHUP: [libjvm.dylib+0x47e3dd], sa_mask[0]=11111111011111110111111111111111, sa_flags=SA_RESTART|SA_SIGINFO
SIGINT: [libjvm.dylib+0x47e3dd], sa_mask[0]=11111111011111110111111111111111, sa_flags=SA_RESTART|SA_SIGINFO
SIGTERM: [libjvm.dylib+0x47e3dd], sa_mask[0]=11111111011111110111111111111111, sa_flags=SA_RESTART|SA_SIGINFO
SIGQUIT: [libjvm.dylib+0x47e3dd], sa_mask[0]=11111111011111110111111111111111, sa_flags=SA_RESTART|SA_SIGINFO


---------------  S Y S T E M  ---------------

OS:Bsduname:Darwin 14.4.0 Darwin Kernel Version 14.4.0: Thu May 28 11:35:04 PDT 2015; root:xnu-2782.30.5~1/RELEASE_X86_64 x86_64
rlimit: STACK 8192k, CORE 0k, NPROC 709, NOFILE 10240, AS infinity
load average:2.33 1.92 1.74

CPU:total 4 (2 cores per cpu, 2 threads per core) family 6 model 61 stepping 4, cmov, cx8, fxsr, mmx, sse, sse2, sse3, ssse3, sse4.1, sse4.2, popcnt, avx, avx2, aes, clmul, erms, 3dnowpref, lzcnt, ht, tsc, tscinvbit, bmi1, bmi2, adx

Memory: 4k page, physical 4194304k(257808k free)

/proc/meminfo:


vm_info: Java HotSpot(TM) 64-Bit Server VM (25.66-b17) for bsd-amd64 JRE (1.8.0_66-b17), built on Oct  6 2015 16:09:13 by "java_re" with gcc 4.2.1 (Based on Apple Inc. build 5658) (LLVM build 2336.11.00)

time: Mon Nov 16 20:33:24 2015
elapsed time: 68 seconds (0d 0h 1m 8s)

