#
# A fatal error has been detected by the Java Runtime Environment:
#
#  SIGSEGV (0xb) at pc=0x00007fff8a73f44c, pid=17734, tid=1811
#
# JRE version: Java(TM) SE Runtime Environment (8.0_66-b17) (build 1.8.0_66-b17)
# Java VM: Java HotSpot(TM) 64-Bit Server VM (25.66-b17 mixed mode bsd-amd64 compressed oops)
# Problematic frame:
# C  [libobjc.A.dylib+0x944c]  objc_release+0xc
#
# Failed to write core dump. Core dumps have been disabled. To enable core dumping, try "ulimit -c unlimited" before starting Java again
#
# If you would like to submit a bug report, please visit:
#   http://bugreport.java.com/bugreport/crash.jsp
# The crash happened outside the Java Virtual Machine in native code.
# See problematic frame for where to report the bug.
#

---------------  T H R E A D  ---------------

Current thread (0x00007fa2640ac000):  JavaThread "AWT-AppKit" daemon [_thread_in_native, id=1811, stack(0x00007fff50b7d000,0x00007fff5137d000)]

siginfo: si_signo: 11 (SIGSEGV), si_code: 0 (unknown), si_addr: 0x0000000000000000

Registers:
RAX=0x0000000000000008, RBX=0x0000000000000000, RCX=0x0000000000000003, RDX=0x00007fa26856daa8
RSP=0x00007fff513784f8, RBP=0x00007fff51378520, RSI=0x0000000125ea6f10, RDI=0x400007fa26858e98
R8 =0x0000000000000001, R9 =0x00007fa268500000, R10=0x00007fa264752ab0, R11=0x000000017727c840
R12=0x0000000000000000, R13=0x0000000178fcd818, R14=0x00007fa26856a670, R15=0x00007fa2640ac000
RIP=0x00007fff8a73f44c, EFLAGS=0x0000000000010246, ERR=0x0000000000000000
  TRAPNO=0x000000000000000d

Top of Stack: (sp=0x00007fff513784f8)
0x00007fff513784f8:   0000000125e3047b 00007fff51378520
0x00007fff51378508:   000000017727c450 000000017727c440
0x00007fff51378518:   00007fa2640ac000 00007fff513785e0
0x00007fff51378528:   000000017727a215 000000017727c700
0x00007fff51378538:   000000017727c6e0 000000017727c4b0
0x00007fff51378548:   0000000000000000 0000000178fcd818
0x00007fff51378558:   0000000178fcd818 00007fa26856daa0
0x00007fff51378568:   000000017727c6a0 000000017727c710
0x00007fff51378578:   00007fff75ae0550 00007fff758a7c80
0x00007fff51378588:   000000017727c450 000000017727c690
0x00007fff51378598:   00007fa26856daa0 00007fa26856a670
0x00007fff513785a8:   00007fa263e1b9a0 00007fa26856daa0
0x00007fff513785b8:   00007fa26856a670 00007fff51378668
0x00007fff513785c8:   00007fa2640ac1f8 0000000178fcd818
0x00007fff513785d8:   00007fff51378690 00007fff51378658
0x00007fff513785e8:   000000011029e954 0000000178fcd818
0x00007fff513785f8:   00007fff51378690 00007fff51378658
0x00007fff51378608:   000000011029e6e7 000000011029e6a2
0x00007fff51378618:   00007fff51378618 0000000178fcd818
0x00007fff51378628:   00007fff51378690 0000000178fd0450
0x00007fff51378638:   0000000000000000 0000000178fcd818
0x00007fff51378648:   0000000000000000 00007fff51378678
0x00007fff51378658:   00007fff513786d8 0000000110290c4d
0x00007fff51378668:   0000000780e08c98 0000000110298578
0x00007fff51378678:   00007fa26856daa0 00007fff513786d8
0x00007fff51378688:   00007fa26856a670 0000000110299d82
0x00007fff51378698:   00007fff51378698 0000000178fcd9e2
0x00007fff513786a8:   00007fff51378700 0000000178fd0450
0x00007fff513786b8:   0000000000000000 0000000178fcd9f0
0x00007fff513786c8:   00007fff51378678 00007fff513786e8
0x00007fff513786d8:   00007fff51378748 0000000110290c4d
0x00007fff513786e8:   00007fa26856daa0 000000078049e980 

Instructions: (pc=0x00007fff8a73f44c)
0x00007fff8a73f42c:   5d c3 31 c0 48 85 ff 74 04 48 8b 47 08 c3 90 90
0x00007fff8a73f43c:   90 90 90 90 48 85 ff 74 06 40 f6 c7 01 74 01 c3
0x00007fff8a73f44c:   48 8b 07 f6 40 20 02 74 0a be 01 00 00 00 e9 51
0x00007fff8a73f45c:   83 01 00 48 8d 05 7a 46 32 ea 48 8b 30 e9 52 7c 

Register to memory mapping:

RAX=0x0000000000000008 is an unknown value
RBX=0x0000000000000000 is an unknown value
RCX=0x0000000000000003 is an unknown value
RDX=0x00007fa26856daa8 is an unknown value
RSP=0x00007fff513784f8 is pointing into the stack for thread: 0x00007fa2640ac000
RBP=0x00007fff51378520 is pointing into the stack for thread: 0x00007fa2640ac000
RSI=0x0000000125ea6f10: OBJC_IVAR_$_PrinterView.fCurPeekGraphics+0x1aa8 in /Library/Java/JavaVirtualMachines/jdk1.8.0_66.jdk/Contents/Home/jre/lib/libawt_lwawt.dylib at 0x0000000125e2c000
RDI=0x400007fa26858e98 is an unknown value
R8 =0x0000000000000001 is an unknown value
R9 =0x00007fa268500000 is an unknown value
R10=0x00007fa264752ab0 is an unknown value
R11=0x000000017727c840: OBJC_CLASS_$_MyCALayer+0 in /private/var/folders/zx/j9nzkyzx4dn04w6cj8zrt2j80000gn/T/jogamp_0000/file_cache/jln8127232478788097550/jln1062662916384333104/libnativewindow_macosx.jnilib at 0x0000000177275000
R12=0x0000000000000000 is an unknown value
R13={method} {0x0000000178fcd818} 'UnsetJAWTRootSurfaceLayer0' '(JJ)V' in 'jogamp/nativewindow/jawt/macosx/MacOSXJAWTWindow'
R14=0x00007fa26856a670 is an unknown value
R15=0x00007fa2640ac000 is a thread


Stack: [0x00007fff50b7d000,0x00007fff5137d000],  sp=0x00007fff513784f8,  free space=8173k
Native frames: (J=compiled Java code, j=interpreted, Vv=VM code, C=native code)
C  [libobjc.A.dylib+0x944c]  objc_release+0xc
C  [libnativewindow_macosx.jnilib+0x5215]  Java_jogamp_nativewindow_jawt_macosx_MacOSXJAWTWindow_UnsetJAWTRootSurfaceLayer0+0x1a5
j  jogamp.nativewindow.jawt.macosx.MacOSXJAWTWindow.UnsetJAWTRootSurfaceLayer0(JJ)V+0
j  jogamp.nativewindow.jawt.macosx.MacOSXJAWTWindow.access$200(JJ)V+2
j  jogamp.nativewindow.jawt.macosx.MacOSXJAWTWindow$1.run()V+38
J 2194 C1 com.jogamp.common.util.RunnableTask.run()V (345 bytes) @ 0x00000001109baf14 [0x00000001109bad80+0x194]
v  ~StubRoutines::call_stub
V  [libjvm.dylib+0x2ea35e]
V  [libjvm.dylib+0x321467]
V  [libjvm.dylib+0x313c3b]
C  [libnativewindow_macosx.jnilib+0x5326]  Java_jogamp_nativewindow_jawt_macosx_MacOSXJAWTWindow_UnsetJAWTRootSurfaceLayer0+0x2b6
C  [Foundation+0x92d00]  __NSThreadPerformPerform+0x125
C  [CoreFoundation+0x80a01]  __CFRUNLOOP_IS_CALLING_OUT_TO_A_SOURCE0_PERFORM_FUNCTION__+0x11
C  [CoreFoundation+0x72c5c]  __CFRunLoopDoSources0+0x1dc
C  [CoreFoundation+0x721bf]  __CFRunLoopRun+0x39f
C  [CoreFoundation+0x71bd8]  CFRunLoopRunSpecific+0x128
C  [HIToolbox+0x3256f]  RunCurrentEventLoopInMode+0xeb
C  [HIToolbox+0x321ee]  ReceiveNextEventCommon+0xb3
C  [HIToolbox+0x3212b]  _BlockUntilNextEventMatchingListInModeWithFilter+0x47
C  [AppKit+0x918ab]  _DPSNextEvent+0x3d2
C  [AppKit+0x90e58]  -[NSApplication nextEventMatchingMask:untilDate:inMode:dequeue:]+0x15a
C  [libosxapp.dylib+0x23aa]  -[NSApplicationAWT nextEventMatchingMask:untilDate:inMode:dequeue:]+0x7c
C  [AppKit+0x86af3]  -[NSApplication run]+0x252
C  [libosxapp.dylib+0x214d]  +[NSApplicationAWT runAWTLoopWithApp:]+0x9c
C  [libawt_lwawt.dylib+0x4455b]  -[AWTStarter starter:]+0x389
C  [Foundation+0x92d00]  __NSThreadPerformPerform+0x125
C  [CoreFoundation+0x80a01]  __CFRUNLOOP_IS_CALLING_OUT_TO_A_SOURCE0_PERFORM_FUNCTION__+0x11
C  [CoreFoundation+0x72b8d]  __CFRunLoopDoSources0+0x10d
C  [CoreFoundation+0x721bf]  __CFRunLoopRun+0x39f
C  [CoreFoundation+0x71bd8]  CFRunLoopRunSpecific+0x128
C  [java+0x6463]  CreateExecutionEnvironment+0x367
C  [java+0x21ac]  JLI_Launch+0x7a0
C  [java+0x84c0]  main+0x65
C  [java+0x1a04]  start+0x34
C  0x0000000000000007

Java frames: (J=compiled Java code, j=interpreted, Vv=VM code)
j  jogamp.nativewindow.jawt.macosx.MacOSXJAWTWindow.UnsetJAWTRootSurfaceLayer0(JJ)V+0
j  jogamp.nativewindow.jawt.macosx.MacOSXJAWTWindow.access$200(JJ)V+2
j  jogamp.nativewindow.jawt.macosx.MacOSXJAWTWindow$1.run()V+38
J 2194 C1 com.jogamp.common.util.RunnableTask.run()V (345 bytes) @ 0x00000001109baf14 [0x00000001109bad80+0x194]
v  ~StubRoutines::call_stub

---------------  P R O C E S S  ---------------

Java Threads: ( => current thread )
  0x00007fa26498d000 JavaThread "Thread-19" [_thread_blocked, id=24123, stack(0x000000017ea20000,0x000000017eb20000)]
  0x00007fa265b4d000 JavaThread "AWT-EventQueue-1" [_thread_in_native, id=57107, stack(0x0000000177875000,0x0000000177975000)]
  0x00007fa26438b800 JavaThread "DestroyJavaVM" [_thread_blocked, id=4867, stack(0x0000000110187000,0x0000000110287000)]
  0x00007fa26597d800 JavaThread "AWT-EventQueue-0" [_thread_blocked, id=54279, stack(0x000000012b938000,0x000000012ba38000)]
  0x00007fa2659b3800 JavaThread "Java2D Disposer" daemon [_thread_blocked, id=51475, stack(0x000000012a755000,0x000000012a855000)]
  0x00007fa265972000 JavaThread "Java2D Queue Flusher" daemon [_thread_blocked, id=49927, stack(0x0000000129e49000,0x0000000129f49000)]
  0x00007fa265866800 JavaThread "AWT-Shutdown" [_thread_blocked, id=28435, stack(0x00000001274e2000,0x00000001275e2000)]
=>0x00007fa2640ac000 JavaThread "AWT-AppKit" daemon [_thread_in_native, id=1811, stack(0x00007fff50b7d000,0x00007fff5137d000)]
  0x00007fa264800800 JavaThread "Service Thread" daemon [_thread_blocked, id=18179, stack(0x0000000125ab1000,0x0000000125bb1000)]
  0x00007fa265814800 JavaThread "C1 CompilerThread2" daemon [_thread_blocked, id=17667, stack(0x00000001259ae000,0x0000000125aae000)]
  0x00007fa265814000 JavaThread "C2 CompilerThread1" daemon [_thread_blocked, id=17155, stack(0x00000001258ab000,0x00000001259ab000)]
  0x00007fa265811000 JavaThread "C2 CompilerThread0" daemon [_thread_blocked, id=16643, stack(0x00000001257a8000,0x00000001258a8000)]
  0x00007fa26580f800 JavaThread "Signal Dispatcher" daemon [_thread_blocked, id=13335, stack(0x00000001256a5000,0x00000001257a5000)]
  0x00007fa264064000 JavaThread "Finalizer" daemon [_thread_blocked, id=11523, stack(0x0000000123c95000,0x0000000123d95000)]
  0x00007fa26580e800 JavaThread "Reference Handler" daemon [_thread_blocked, id=11011, stack(0x0000000123b92000,0x0000000123c92000)]

Other Threads:
  0x00007fa26580c000 VMThread [stack: 0x0000000123a8f000,0x0000000123b8f000] [id=10499]
  0x00007fa26502e000 WatcherThread [stack: 0x0000000125bb4000,0x0000000125cb4000] [id=18691]

VM state:not at safepoint (normal execution)

VM Mutex/Monitor currently owned by a thread: None

Heap:
 PSYoungGen      total 34304K, used 3933K [0x00000007aab00000, 0x00000007ad700000, 0x00000007c0000000)
  eden space 25600K, 14% used [0x00000007aab00000,0x00000007aaeb75b0,0x00000007ac400000)
  from space 8704K, 1% used [0x00000007ace80000,0x00000007acea0000,0x00000007ad700000)
  to   space 9728K, 0% used [0x00000007ac400000,0x00000007ac400000,0x00000007acd80000)
 ParOldGen       total 46080K, used 15163K [0x0000000780000000, 0x0000000782d00000, 0x00000007aab00000)
  object space 46080K, 32% used [0x0000000780000000,0x0000000780eced10,0x0000000782d00000)
 Metaspace       used 21047K, capacity 21199K, committed 21552K, reserved 1069056K
  class space    used 2060K, capacity 2112K, committed 2176K, reserved 1048576K

Card table byte_map: [0x000000011f649000,0x000000011f84a000] byte_map_base: 0x000000011ba49000

Marking Bits: (ParMarkBitMap*) 0x000000010fadde20
 Begin Bits: [0x000000011fdac000, 0x0000000120dac000)
 End Bits:   [0x0000000120dac000, 0x0000000121dac000)

Polling page: 0x000000010e9dc000

CodeCache: size=245760Kb used=9150Kb max_used=9222Kb free=236609Kb
 bounds [0x0000000110289000, 0x0000000110b99000, 0x000000011f289000]
 total_blobs=3423 nmethods=2530 adapters=806
 compilation: enabled

Compilation events (10 events):
Event: 75.596 Thread 0x00007fa265814000 nmethod 2744 0x0000000110b8f1d0 code [0x0000000110b8f360, 0x0000000110b8f758]
Event: 75.597 Thread 0x00007fa265811000 nmethod 2746 0x00000001107d2490 code [0x00000001107d2600, 0x00000001107d2dd8]
Event: 75.598 Thread 0x00007fa265814000 2747  s    4       sun.misc.URLClassPath::getNextLoader (88 bytes)
Event: 75.599 Thread 0x00007fa265814800 2748       3       sun.net.www.ParseUtil::canonizeString (195 bytes)
Event: 75.601 Thread 0x00007fa265814800 nmethod 2748 0x000000011081ba90 code [0x000000011081be60, 0x000000011081e2a8]
Event: 75.601 Thread 0x00007fa265814800 2749       3       java.awt.GraphicsEnvironment::isHeadless (4 bytes)
Event: 75.602 Thread 0x00007fa265814800 nmethod 2749 0x000000011079b010 code [0x000000011079b1c0, 0x000000011079b6e8]
Event: 75.602 Thread 0x00007fa265814800 2750       3       java.awt.GraphicsEnvironment::getHeadlessProperty (22 bytes)
Event: 75.602 Thread 0x00007fa265814800 nmethod 2750 0x000000011079d090 code [0x000000011079d220, 0x000000011079d6e8]
Event: 75.605 Thread 0x00007fa265814000 nmethod 2747 0x000000011081ac90 code [0x000000011081ae00, 0x000000011081b578]

GC Heap History (10 events):
Event: 51.468 GC heap before
{Heap before GC invocations=13 (full 1):
 PSYoungGen      total 28672K, used 28256K [0x00000007aab00000, 0x00000007adc80000, 0x00000007c0000000)
  eden space 28160K, 100% used [0x00000007aab00000,0x00000007ac680000,0x00000007ac680000)
  from space 512K, 18% used [0x00000007ac700000,0x00000007ac718000,0x00000007ac780000)
  to   space 11264K, 0% used [0x00000007ad180000,0x00000007ad180000,0x00000007adc80000)
 ParOldGen       total 46080K, used 15163K [0x0000000780000000, 0x0000000782d00000, 0x00000007aab00000)
  object space 46080K, 32% used [0x0000000780000000,0x0000000780eced10,0x0000000782d00000)
 Metaspace       used 21004K, capacity 21193K, committed 21552K, reserved 1069056K
  class space    used 2051K, capacity 2111K, committed 2176K, reserved 1048576K
Event: 51.470 GC heap after
Heap after GC invocations=13 (full 1):
 PSYoungGen      total 38400K, used 96K [0x00000007aab00000, 0x00000007adc00000, 0x00000007c0000000)
  eden space 27648K, 0% used [0x00000007aab00000,0x00000007aab00000,0x00000007ac600000)
  from space 10752K, 0% used [0x00000007ad180000,0x00000007ad198000,0x00000007adc00000)
  to   space 11264K, 0% used [0x00000007ac600000,0x00000007ac600000,0x00000007ad100000)
 ParOldGen       total 46080K, used 15163K [0x0000000780000000, 0x0000000782d00000, 0x00000007aab00000)
  object space 46080K, 32% used [0x0000000780000000,0x0000000780eced10,0x0000000782d00000)
 Metaspace       used 21004K, capacity 21193K, committed 21552K, reserved 1069056K
  class space    used 2051K, capacity 2111K, committed 2176K, reserved 1048576K
}
Event: 57.519 GC heap before
{Heap before GC invocations=14 (full 1):
 PSYoungGen      total 38400K, used 27744K [0x00000007aab00000, 0x00000007adc00000, 0x00000007c0000000)
  eden space 27648K, 100% used [0x00000007aab00000,0x00000007ac600000,0x00000007ac600000)
  from space 10752K, 0% used [0x00000007ad180000,0x00000007ad198000,0x00000007adc00000)
  to   space 11264K, 0% used [0x00000007ac600000,0x00000007ac600000,0x00000007ad100000)
 ParOldGen       total 46080K, used 15163K [0x0000000780000000, 0x0000000782d00000, 0x00000007aab00000)
  object space 46080K, 32% used [0x0000000780000000,0x0000000780eced10,0x0000000782d00000)
 Metaspace       used 21004K, capacity 21193K, committed 21552K, reserved 1069056K
  class space    used 2051K, capacity 2111K, committed 2176K, reserved 1048576K
Event: 57.520 GC heap after
Heap after GC invocations=14 (full 1):
 PSYoungGen      total 27648K, used 128K [0x00000007aab00000, 0x00000007ada80000, 0x00000007c0000000)
  eden space 27136K, 0% used [0x00000007aab00000,0x00000007aab00000,0x00000007ac580000)
  from space 512K, 25% used [0x00000007ac600000,0x00000007ac620000,0x00000007ac680000)
  to   space 10752K, 0% used [0x00000007ad000000,0x00000007ad000000,0x00000007ada80000)
 ParOldGen       total 46080K, used 15163K [0x0000000780000000, 0x0000000782d00000, 0x00000007aab00000)
  object space 46080K, 32% used [0x0000000780000000,0x0000000780eced10,0x0000000782d00000)
 Metaspace       used 21004K, capacity 21193K, committed 21552K, reserved 1069056K
  class space    used 2051K, capacity 2111K, committed 2176K, reserved 1048576K
}
Event: 63.452 GC heap before
{Heap before GC invocations=15 (full 1):
 PSYoungGen      total 27648K, used 27264K [0x00000007aab00000, 0x00000007ada80000, 0x00000007c0000000)
  eden space 27136K, 100% used [0x00000007aab00000,0x00000007ac580000,0x00000007ac580000)
  from space 512K, 25% used [0x00000007ac600000,0x00000007ac620000,0x00000007ac680000)
  to   space 10752K, 0% used [0x00000007ad000000,0x00000007ad000000,0x00000007ada80000)
 ParOldGen       total 46080K, used 15163K [0x0000000780000000, 0x0000000782d00000, 0x00000007aab00000)
  object space 46080K, 32% used [0x0000000780000000,0x0000000780eced10,0x0000000782d00000)
 Metaspace       used 21004K, capacity 21193K, committed 21552K, reserved 1069056K
  class space    used 2051K, capacity 2111K, committed 2176K, reserved 1048576K
Event: 63.454 GC heap after
Heap after GC invocations=15 (full 1):
 PSYoungGen      total 35840K, used 128K [0x00000007aab00000, 0x00000007ad900000, 0x00000007c0000000)
  eden space 26624K, 0% used [0x00000007aab00000,0x00000007aab00000,0x00000007ac500000)
  from space 9216K, 1% used [0x00000007ad000000,0x00000007ad020000,0x00000007ad900000)
  to   space 10240K, 0% used [0x00000007ac500000,0x00000007ac500000,0x00000007acf00000)
 ParOldGen       total 46080K, used 15163K [0x0000000780000000, 0x0000000782d00000, 0x00000007aab00000)
  object space 46080K, 32% used [0x0000000780000000,0x0000000780eced10,0x0000000782d00000)
 Metaspace       used 21004K, capacity 21193K, committed 21552K, reserved 1069056K
  class space    used 2051K, capacity 2111K, committed 2176K, reserved 1048576K
}
Event: 69.269 GC heap before
{Heap before GC invocations=16 (full 1):
 PSYoungGen      total 35840K, used 26752K [0x00000007aab00000, 0x00000007ad900000, 0x00000007c0000000)
  eden space 26624K, 100% used [0x00000007aab00000,0x00000007ac500000,0x00000007ac500000)
  from space 9216K, 1% used [0x00000007ad000000,0x00000007ad020000,0x00000007ad900000)
  to   space 10240K, 0% used [0x00000007ac500000,0x00000007ac500000,0x00000007acf00000)
 ParOldGen       total 46080K, used 15163K [0x0000000780000000, 0x0000000782d00000, 0x00000007aab00000)
  object space 46080K, 32% used [0x0000000780000000,0x0000000780eced10,0x0000000782d00000)
 Metaspace       used 21004K, capacity 21193K, committed 21552K, reserved 1069056K
  class space    used 2051K, capacity 2111K, committed 2176K, reserved 1048576K
Event: 69.270 GC heap after
Heap after GC invocations=16 (full 1):
 PSYoungGen      total 26624K, used 96K [0x00000007aab00000, 0x00000007ad880000, 0x00000007c0000000)
  eden space 26112K, 0% used [0x00000007aab00000,0x00000007aab00000,0x00000007ac480000)
  from space 512K, 18% used [0x00000007ac500000,0x00000007ac518000,0x00000007ac580000)
  to   space 10240K, 0% used [0x00000007ace80000,0x00000007ace80000,0x00000007ad880000)
 ParOldGen       total 46080K, used 15163K [0x0000000780000000, 0x0000000782d00000, 0x00000007aab00000)
  object space 46080K, 32% used [0x0000000780000000,0x0000000780eced10,0x0000000782d00000)
 Metaspace       used 21004K, capacity 21193K, committed 21552K, reserved 1069056K
  class space    used 2051K, capacity 2111K, committed 2176K, reserved 1048576K
}
Event: 74.970 GC heap before
{Heap before GC invocations=17 (full 1):
 PSYoungGen      total 26624K, used 26208K [0x00000007aab00000, 0x00000007ad880000, 0x00000007c0000000)
  eden space 26112K, 100% used [0x00000007aab00000,0x00000007ac480000,0x00000007ac480000)
  from space 512K, 18% used [0x00000007ac500000,0x00000007ac518000,0x00000007ac580000)
  to   space 10240K, 0% used [0x00000007ace80000,0x00000007ace80000,0x00000007ad880000)
 ParOldGen       total 46080K, used 15163K [0x0000000780000000, 0x0000000782d00000, 0x00000007aab00000)
  object space 46080K, 32% used [0x0000000780000000,0x0000000780eced10,0x0000000782d00000)
 Metaspace       used 21009K, capacity 21199K, committed 21552K, reserved 1069056K
  class space    used 2052K, capacity 2112K, committed 2176K, reserved 1048576K
Event: 74.972 GC heap after
Heap after GC invocations=17 (full 1):
 PSYoungGen      total 34304K, used 128K [0x00000007aab00000, 0x00000007ad700000, 0x00000007c0000000)
  eden space 25600K, 0% used [0x00000007aab00000,0x00000007aab00000,0x00000007ac400000)
  from space 8704K, 1% used [0x00000007ace80000,0x00000007acea0000,0x00000007ad700000)
  to   space 9728K, 0% used [0x00000007ac400000,0x00000007ac400000,0x00000007acd80000)
 ParOldGen       total 46080K, used 15163K [0x0000000780000000, 0x0000000782d00000, 0x00000007aab00000)
  object space 46080K, 32% used [0x0000000780000000,0x0000000780eced10,0x0000000782d00000)
 Metaspace       used 21009K, capacity 21199K, committed 21552K, reserved 1069056K
  class space    used 2052K, capacity 2112K, committed 2176K, reserved 1048576K
}

Deoptimization events (10 events):
Event: 41.098 Thread 0x00007fa265b4d000 Uncommon trap: reason=class_check action=maybe_recompile pc=0x0000000110b58560 method=java.awt.EventQueue.uncacheEQItem(Lsun/awt/EventQueueItem;)V @ 20
Event: 75.553 Thread 0x00007fa26597d800 Uncommon trap: reason=unstable_if action=reinterpret pc=0x0000000110b7c600 method=java.awt.EventQueue.getPriority(Ljava/awt/AWTEvent;)I @ 71
Event: 75.553 Thread 0x00007fa26597d800 Uncommon trap: reason=unstable_if action=reinterpret pc=0x0000000110b91c30 method=sun.lwawt.LWContainerPeer.cutChildren(Lsun/java2d/pipe/Region;Lsun/lwawt/LWComponentPeer;)Lsun/java2d/pipe/Region; @ 67
Event: 75.553 Thread 0x00007fa26597d800 Uncommon trap: reason=unstable_if action=reinterpret pc=0x00000001107e8e6c method=sun.java2d.SunGraphics2D.validateCompClip()V @ 9
Event: 75.556 Thread 0x00007fa26597d800 Uncommon trap: reason=unstable_if action=reinterpret pc=0x0000000110b5ba38 method=sun.java2d.pipe.Region.intersectsQuickCheck(Lsun/java2d/pipe/Region;)Z @ 41
Event: 75.557 Thread 0x00007fa26597d800 Uncommon trap: reason=unstable_if action=reinterpret pc=0x00000001109639dc method=java.awt.font.FontRenderContext.equals(Ljava/awt/font/FontRenderContext;)Z @ 2
Event: 75.583 Thread 0x00007fa26421b800 Uncommon trap: reason=unstable_if action=reinterpret pc=0x00000001107314a8 method=java.util.HashMap.putVal(ILjava/lang/Object;Ljava/lang/Object;ZZ)Ljava/lang/Object; @ 81
Event: 75.583 Thread 0x00007fa26421b800 Uncommon trap: reason=unstable_if action=reinterpret pc=0x0000000110727500 method=java.util.HashMap.putVal(ILjava/lang/Object;Ljava/lang/Object;ZZ)Ljava/lang/Object; @ 81
Event: 75.600 Thread 0x00007fa265b4d000 Uncommon trap: reason=unstable_if action=reinterpret pc=0x0000000110b0037c method=java.security.AccessControlContext.optimize()Ljava/security/AccessControlContext; @ 233
Event: 75.601 Thread 0x00007fa26597d800 Uncommon trap: reason=unstable_if action=reinterpret pc=0x00000001109286f8 method=java.awt.font.FontRenderContext.equals(Ljava/awt/font/FontRenderContext;)Z @ 2

Internal exceptions (10 events):
Event: 0.149 Thread 0x00007fa265803000 Exception <a 'java/lang/NoSuchFieldError': method resolution failed> (0x00000007aad00b38) thrown at [/HUDSON3/workspace/8-2-build-macosx-x86_64/jdk8u66/4988/hotspot/src/share/vm/prims/methodHandles.cpp, line 1146]
Event: 0.151 Thread 0x00007fa265803000 Exception <a 'java/lang/NoSuchFieldError': method resolution failed> (0x00000007aad0e308) thrown at [/HUDSON3/workspace/8-2-build-macosx-x86_64/jdk8u66/4988/hotspot/src/share/vm/prims/methodHandles.cpp, line 1146]
Event: 0.390 Thread 0x00007fa265803000 Exception <a 'java/io/FileNotFoundException'> (0x00000007aad8a278) thrown at [/HUDSON3/workspace/8-2-build-macosx-x86_64/jdk8u66/4988/hotspot/src/share/vm/prims/jni.cpp, line 709]
Event: 0.390 Thread 0x00007fa265803000 Exception <a 'java/io/FileNotFoundException'> (0x00000007aad8adb8) thrown at [/HUDSON3/workspace/8-2-build-macosx-x86_64/jdk8u66/4988/hotspot/src/share/vm/prims/jni.cpp, line 709]
Event: 0.547 Thread 0x00007fa265803000 Exception <a 'java/io/FileNotFoundException'> (0x00000007aae70710) thrown at [/HUDSON3/workspace/8-2-build-macosx-x86_64/jdk8u66/4988/hotspot/src/share/vm/prims/jni.cpp, line 709]
Event: 2.198 Thread 0x00007fa264064000 Exception <a 'java/lang/NullPointerException'> (0x00000007aab84e88) thrown at [/HUDSON3/workspace/8-2-build-macosx-x86_64/jdk8u66/4988/hotspot/src/share/vm/interpreter/linkResolver.cpp, line 1178]
Event: 2.267 Thread 0x00007fa264002800 Exception <a 'java/lang/UnsatisfiedLinkError': com.jogamp.common.util.JarUtil.fixNativeLibAttribs(Ljava/lang/String;)Z> (0x00000007aaea0c08) thrown at [/HUDSON3/workspace/8-2-build-macosx-x86_64/jdk8u66/4988/hotspot/src/share/vm/prims/nativeLookup.cpp, li
Event: 3.124 Thread 0x00007fa265b4d000 Exception <a 'java/io/FileNotFoundException'> (0x00000007ab09ed00) thrown at [/HUDSON3/workspace/8-2-build-macosx-x86_64/jdk8u66/4988/hotspot/src/share/vm/prims/jni.cpp, line 709]
Event: 3.125 Thread 0x00007fa265b4d000 Exception <a 'java/io/FileNotFoundException'> (0x00000007ab0a4860) thrown at [/HUDSON3/workspace/8-2-build-macosx-x86_64/jdk8u66/4988/hotspot/src/share/vm/prims/jni.cpp, line 709]
Event: 3.125 Thread 0x00007fa265b4d000 Implicit null exception at 0x0000000110423a75 to 0x0000000110423dd9

Events (10 events):
Event: 75.601 loading class java/awt/event/AWTEventListenerProxy
Event: 75.601 loading class java/awt/event/AWTEventListenerProxy done
Event: 75.601 loading class java/awt/Toolkit$ToolkitEventMulticaster
Event: 75.601 loading class java/awt/Toolkit$ToolkitEventMulticaster done
Event: 75.601 Thread 0x00007fa26597d800 Uncommon trap: trap_request=0xffffff65 fr.pc=0x00000001109286f8
Event: 75.601 Thread 0x00007fa26597d800 DEOPT PACKING pc=0x00000001109286f8 sp=0x000000012ba35420
Event: 75.601 Thread 0x00007fa26597d800 DEOPT UNPACKING pc=0x000000011028e229 sp=0x000000012ba353f0 mode 2
Event: 75.602 Thread 0x00007fa26421b800 Thread exited: 0x00007fa26421b800
Event: 75.602 loading class java/awt/Window$1DisposeAction
Event: 75.603 loading class java/awt/Window$1DisposeAction done


Dynamic libraries:
0x0000000003960000 	/System/Library/Frameworks/Cocoa.framework/Versions/A/Cocoa
0x0000000003960000 	/System/Library/Frameworks/Security.framework/Versions/A/Security
0x0000000003960000 	/System/Library/Frameworks/ApplicationServices.framework/Versions/A/ApplicationServices
0x0000000003960000 	/usr/lib/libz.1.dylib
0x0000000003960000 	/usr/lib/libSystem.B.dylib
0x0000000003960000 	/usr/lib/libobjc.A.dylib
0x0000000003960000 	/System/Library/Frameworks/CoreFoundation.framework/Versions/A/CoreFoundation
0x0000000003960000 	/System/Library/Frameworks/Foundation.framework/Versions/C/Foundation
0x0000000003960000 	/System/Library/Frameworks/AppKit.framework/Versions/C/AppKit
0x0000000003960000 	/System/Library/Frameworks/CoreData.framework/Versions/A/CoreData
0x0000000003960000 	/System/Library/PrivateFrameworks/RemoteViewServices.framework/Versions/A/RemoteViewServices
0x0000000003960000 	/System/Library/PrivateFrameworks/UIFoundation.framework/Versions/A/UIFoundation
0x0000000003960000 	/System/Library/Frameworks/IOSurface.framework/Versions/A/IOSurface
0x0000000003960000 	/System/Library/Frameworks/AudioToolbox.framework/Versions/A/AudioToolbox
0x0000000003960000 	/System/Library/Frameworks/AudioUnit.framework/Versions/A/AudioUnit
0x0000000003960000 	/System/Library/PrivateFrameworks/DataDetectorsCore.framework/Versions/A/DataDetectorsCore
0x0000000003960000 	/System/Library/PrivateFrameworks/DesktopServicesPriv.framework/Versions/A/DesktopServicesPriv
0x0000000003960000 	/System/Library/Frameworks/Carbon.framework/Versions/A/Frameworks/HIToolbox.framework/Versions/A/HIToolbox
0x0000000003960000 	/System/Library/Frameworks/QuartzCore.framework/Versions/A/QuartzCore
0x0000000003960000 	/System/Library/Frameworks/Carbon.framework/Versions/A/Frameworks/SpeechRecognition.framework/Versions/A/SpeechRecognition
0x0000000003960000 	/usr/lib/libauto.dylib
0x0000000003960000 	/usr/lib/libicucore.A.dylib
0x0000000003960000 	/usr/lib/libxml2.2.dylib
0x0000000003960000 	/System/Library/PrivateFrameworks/CoreUI.framework/Versions/A/CoreUI
0x0000000003960000 	/System/Library/Frameworks/CoreAudio.framework/Versions/A/CoreAudio
0x0000000003960000 	/System/Library/Frameworks/DiskArbitration.framework/Versions/A/DiskArbitration
0x0000000003960000 	/usr/lib/liblangid.dylib
0x0000000003960000 	/System/Library/PrivateFrameworks/MultitouchSupport.framework/Versions/A/MultitouchSupport
0x0000000003960000 	/System/Library/Frameworks/IOKit.framework/Versions/A/IOKit
0x0000000003960000 	/usr/lib/libDiagnosticMessagesClient.dylib
0x0000000003960000 	/System/Library/Frameworks/CoreServices.framework/Versions/A/CoreServices
0x0000000003960000 	/System/Library/PrivateFrameworks/PerformanceAnalysis.framework/Versions/A/PerformanceAnalysis
0x0000000003960000 	/System/Library/PrivateFrameworks/GenerationalStorage.framework/Versions/A/GenerationalStorage
0x0000000003960000 	/System/Library/Frameworks/OpenGL.framework/Versions/A/OpenGL
0x0000000003960000 	/System/Library/PrivateFrameworks/Sharing.framework/Versions/A/Sharing
0x0000000003960000 	/System/Library/Frameworks/CoreGraphics.framework/Versions/A/CoreGraphics
0x0000000003960000 	/System/Library/Frameworks/CoreText.framework/Versions/A/CoreText
0x0000000003960000 	/System/Library/Frameworks/ImageIO.framework/Versions/A/ImageIO
0x0000000003960000 	/usr/lib/libextension.dylib
0x0000000003960000 	/System/Library/PrivateFrameworks/Backup.framework/Versions/A/Backup
0x0000000003960000 	/usr/lib/libarchive.2.dylib
0x0000000003960000 	/System/Library/Frameworks/CFNetwork.framework/Versions/A/CFNetwork
0x0000000003960000 	/System/Library/Frameworks/SystemConfiguration.framework/Versions/A/SystemConfiguration
0x0000000003960000 	/usr/lib/libCRFSuite.dylib
0x0000000003960000 	/usr/lib/libc++.1.dylib
0x0000000003960000 	/usr/lib/libc++abi.dylib
0x0000000003960000 	/usr/lib/system/libcache.dylib
0x0000000003960000 	/usr/lib/system/libcommonCrypto.dylib
0x0000000003960000 	/usr/lib/system/libcompiler_rt.dylib
0x0000000003960000 	/usr/lib/system/libcopyfile.dylib
0x0000000003960000 	/usr/lib/system/libcorecrypto.dylib
0x0000000003960000 	/usr/lib/system/libdispatch.dylib
0x0000000003960000 	/usr/lib/system/libdyld.dylib
0x0000000003960000 	/usr/lib/system/libkeymgr.dylib
0x0000000003960000 	/usr/lib/system/liblaunch.dylib
0x0000000003960000 	/usr/lib/system/libmacho.dylib
0x0000000003960000 	/usr/lib/system/libquarantine.dylib
0x0000000003960000 	/usr/lib/system/libremovefile.dylib
0x0000000003960000 	/usr/lib/system/libsystem_asl.dylib
0x0000000003960000 	/usr/lib/system/libsystem_blocks.dylib
0x0000000003960000 	/usr/lib/system/libsystem_c.dylib
0x0000000003960000 	/usr/lib/system/libsystem_configuration.dylib
0x0000000003960000 	/usr/lib/system/libsystem_coreservices.dylib
0x0000000003960000 	/usr/lib/system/libsystem_coretls.dylib
0x0000000003960000 	/usr/lib/system/libsystem_dnssd.dylib
0x0000000003960000 	/usr/lib/system/libsystem_info.dylib
0x0000000003960000 	/usr/lib/system/libsystem_kernel.dylib
0x0000000003960000 	/usr/lib/system/libsystem_m.dylib
0x0000000003960000 	/usr/lib/system/libsystem_malloc.dylib
0x0000000003960000 	/usr/lib/system/libsystem_network.dylib
0x0000000003960000 	/usr/lib/system/libsystem_networkextension.dylib
0x0000000003960000 	/usr/lib/system/libsystem_notify.dylib
0x0000000003960000 	/usr/lib/system/libsystem_platform.dylib
0x0000000003960000 	/usr/lib/system/libsystem_pthread.dylib
0x0000000003960000 	/usr/lib/system/libsystem_sandbox.dylib
0x0000000003960000 	/usr/lib/system/libsystem_secinit.dylib
0x0000000003960000 	/usr/lib/system/libsystem_stats.dylib
0x0000000003960000 	/usr/lib/system/libsystem_trace.dylib
0x0000000003960000 	/usr/lib/system/libunc.dylib
0x0000000003960000 	/usr/lib/system/libunwind.dylib
0x0000000003960000 	/usr/lib/system/libxpc.dylib
0x0000000003960000 	/usr/lib/libbz2.1.0.dylib
0x0000000003960000 	/usr/lib/liblzma.5.dylib
0x0000000003960000 	/usr/lib/libbsm.0.dylib
0x0000000003960000 	/usr/lib/libsqlite3.dylib
0x0000000003960000 	/usr/lib/system/libkxld.dylib
0x0000000003960000 	/usr/lib/libxar.1.dylib
0x0000000003960000 	/usr/lib/libpam.2.dylib
0x0000000003960000 	/usr/lib/libOpenScriptingUtil.dylib
0x0000000003960000 	/System/Library/Frameworks/CoreServices.framework/Versions/A/Frameworks/FSEvents.framework/Versions/A/FSEvents
0x0000000003960000 	/System/Library/Frameworks/CoreServices.framework/Versions/A/Frameworks/CarbonCore.framework/Versions/A/CarbonCore
0x0000000003960000 	/System/Library/Frameworks/CoreServices.framework/Versions/A/Frameworks/Metadata.framework/Versions/A/Metadata
0x0000000003960000 	/System/Library/Frameworks/CoreServices.framework/Versions/A/Frameworks/OSServices.framework/Versions/A/OSServices
0x0000000003960000 	/System/Library/Frameworks/CoreServices.framework/Versions/A/Frameworks/SearchKit.framework/Versions/A/SearchKit
0x0000000003960000 	/System/Library/Frameworks/CoreServices.framework/Versions/A/Frameworks/AE.framework/Versions/A/AE
0x0000000003960000 	/System/Library/Frameworks/CoreServices.framework/Versions/A/Frameworks/LaunchServices.framework/Versions/A/LaunchServices
0x0000000003960000 	/System/Library/Frameworks/CoreServices.framework/Versions/A/Frameworks/DictionaryServices.framework/Versions/A/DictionaryServices
0x0000000003960000 	/System/Library/Frameworks/NetFS.framework/Versions/A/NetFS
0x0000000003960000 	/System/Library/PrivateFrameworks/NetAuth.framework/Versions/A/NetAuth
0x0000000003960000 	/System/Library/PrivateFrameworks/login.framework/Versions/A/Frameworks/loginsupport.framework/Versions/A/loginsupport
0x0000000003960000 	/System/Library/PrivateFrameworks/TCC.framework/Versions/A/TCC
0x0000000003960000 	/usr/lib/libmecabra.dylib
0x0000000003960000 	/System/Library/Frameworks/ApplicationServices.framework/Versions/A/Frameworks/ATS.framework/Versions/A/ATS
0x0000000003960000 	/System/Library/Frameworks/ApplicationServices.framework/Versions/A/Frameworks/ColorSync.framework/Versions/A/ColorSync
0x0000000003960000 	/System/Library/Frameworks/ApplicationServices.framework/Versions/A/Frameworks/HIServices.framework/Versions/A/HIServices
0x0000000003960000 	/System/Library/Frameworks/ApplicationServices.framework/Versions/A/Frameworks/LangAnalysis.framework/Versions/A/LangAnalysis
0x0000000003960000 	/System/Library/Frameworks/ApplicationServices.framework/Versions/A/Frameworks/PrintCore.framework/Versions/A/PrintCore
0x0000000003960000 	/System/Library/Frameworks/ApplicationServices.framework/Versions/A/Frameworks/QD.framework/Versions/A/QD
0x0000000003960000 	/System/Library/Frameworks/ApplicationServices.framework/Versions/A/Frameworks/SpeechSynthesis.framework/Versions/A/SpeechSynthesis
0x0000000003960000 	/System/Library/Frameworks/Accelerate.framework/Versions/A/Accelerate
0x0000000003960000 	/System/Library/Frameworks/Accelerate.framework/Versions/A/Frameworks/vImage.framework/Versions/A/vImage
0x0000000003960000 	/System/Library/Frameworks/Accelerate.framework/Versions/A/Frameworks/vecLib.framework/Versions/A/vecLib
0x0000000003960000 	/System/Library/Frameworks/Accelerate.framework/Versions/A/Frameworks/vecLib.framework/Versions/A/libvDSP.dylib
0x0000000003960000 	/System/Library/Frameworks/Accelerate.framework/Versions/A/Frameworks/vecLib.framework/Versions/A/libvMisc.dylib
0x0000000003960000 	/System/Library/Frameworks/Accelerate.framework/Versions/A/Frameworks/vecLib.framework/Versions/A/libLAPACK.dylib
0x0000000003960000 	/System/Library/Frameworks/Accelerate.framework/Versions/A/Frameworks/vecLib.framework/Versions/A/libBLAS.dylib
0x0000000003960000 	/System/Library/Frameworks/Accelerate.framework/Versions/A/Frameworks/vecLib.framework/Versions/A/libLinearAlgebra.dylib
0x0000000003960000 	/System/Library/Frameworks/ApplicationServices.framework/Versions/A/Frameworks/ATS.framework/Versions/A/Resources/libFontParser.dylib
0x0000000003960000 	/System/Library/Frameworks/ApplicationServices.framework/Versions/A/Frameworks/ATS.framework/Versions/A/Resources/libFontRegistry.dylib
0x0000000003960000 	/System/Library/PrivateFrameworks/AppleVPA.framework/Versions/A/AppleVPA
0x0000000003960000 	/System/Library/PrivateFrameworks/AppleJPEG.framework/Versions/A/AppleJPEG
0x0000000003960000 	/System/Library/Frameworks/ImageIO.framework/Versions/A/Resources/libJPEG.dylib
0x0000000003960000 	/System/Library/Frameworks/ImageIO.framework/Versions/A/Resources/libTIFF.dylib
0x0000000003960000 	/System/Library/Frameworks/ImageIO.framework/Versions/A/Resources/libPng.dylib
0x0000000003960000 	/System/Library/Frameworks/ImageIO.framework/Versions/A/Resources/libGIF.dylib
0x0000000003960000 	/System/Library/Frameworks/ImageIO.framework/Versions/A/Resources/libJP2.dylib
0x0000000003960000 	/System/Library/Frameworks/ImageIO.framework/Versions/A/Resources/libRadiance.dylib
0x0000000003960000 	/System/Library/Frameworks/CoreVideo.framework/Versions/A/CoreVideo
0x0000000003960000 	/System/Library/Frameworks/OpenGL.framework/Versions/A/Libraries/libGLU.dylib
0x0000000003960000 	/System/Library/Frameworks/OpenGL.framework/Versions/A/Libraries/libGFXShared.dylib
0x0000000003960000 	/System/Library/Frameworks/OpenGL.framework/Versions/A/Libraries/libGL.dylib
0x0000000003960000 	/System/Library/Frameworks/OpenGL.framework/Versions/A/Libraries/libGLImage.dylib
0x0000000003960000 	/System/Library/Frameworks/OpenGL.framework/Versions/A/Libraries/libCVMSPluginSupport.dylib
0x0000000003960000 	/System/Library/Frameworks/OpenGL.framework/Versions/A/Libraries/libCoreVMClient.dylib
0x0000000003960000 	/usr/lib/libcups.2.dylib
0x0000000003960000 	/System/Library/Frameworks/Kerberos.framework/Versions/A/Kerberos
0x0000000003960000 	/System/Library/Frameworks/GSS.framework/Versions/A/GSS
0x0000000003960000 	/usr/lib/libresolv.9.dylib
0x0000000003960000 	/usr/lib/libiconv.2.dylib
0x0000000003960000 	/System/Library/PrivateFrameworks/Heimdal.framework/Versions/A/Heimdal
0x0000000003960000 	/usr/lib/libheimdal-asn1.dylib
0x0000000003960000 	/System/Library/Frameworks/OpenDirectory.framework/Versions/A/OpenDirectory
0x0000000003960000 	/System/Library/PrivateFrameworks/CommonAuth.framework/Versions/A/CommonAuth
0x0000000003960000 	/System/Library/Frameworks/OpenDirectory.framework/Versions/A/Frameworks/CFOpenDirectory.framework/Versions/A/CFOpenDirectory
0x0000000003960000 	/System/Library/Frameworks/SecurityFoundation.framework/Versions/A/SecurityFoundation
0x0000000003960000 	/System/Library/PrivateFrameworks/LanguageModeling.framework/Versions/A/LanguageModeling
0x0000000003960000 	/usr/lib/libcmph.dylib
0x0000000003960000 	/System/Library/Frameworks/ServiceManagement.framework/Versions/A/ServiceManagement
0x0000000003960000 	/usr/lib/libxslt.1.dylib
0x0000000003960000 	/System/Library/Frameworks/Carbon.framework/Versions/A/Frameworks/Ink.framework/Versions/A/Ink
0x0000000003960000 	/System/Library/Frameworks/QuartzCore.framework/Versions/A/Frameworks/CoreImage.framework/Versions/A/CoreImage
0x0000000003960000 	/System/Library/PrivateFrameworks/CrashReporterSupport.framework/Versions/A/CrashReporterSupport
0x0000000003960000 	/System/Library/Frameworks/OpenCL.framework/Versions/A/OpenCL
0x0000000003960000 	/System/Library/PrivateFrameworks/FaceCore.framework/Versions/A/FaceCore
0x0000000003960000 	/System/Library/PrivateFrameworks/Ubiquity.framework/Versions/A/Ubiquity
0x0000000003960000 	/System/Library/PrivateFrameworks/IconServices.framework/Versions/A/IconServices
0x0000000003960000 	/System/Library/PrivateFrameworks/ChunkingLibrary.framework/Versions/A/ChunkingLibrary
0x0000000003960000 	/System/Library/PrivateFrameworks/Apple80211.framework/Versions/A/Apple80211
0x0000000003960000 	/System/Library/Frameworks/CoreWLAN.framework/Versions/A/CoreWLAN
0x0000000003960000 	/System/Library/Frameworks/IOBluetooth.framework/Versions/A/IOBluetooth
0x0000000003960000 	/System/Library/PrivateFrameworks/CoreWiFi.framework/Versions/A/CoreWiFi
0x0000000003960000 	/System/Library/Frameworks/CoreBluetooth.framework/Versions/A/CoreBluetooth
0x0000000003960000 	/System/Library/PrivateFrameworks/DebugSymbols.framework/Versions/A/DebugSymbols
0x0000000003960000 	/System/Library/PrivateFrameworks/CoreSymbolication.framework/Versions/A/CoreSymbolication
0x0000000003960000 	/System/Library/PrivateFrameworks/Symbolication.framework/Versions/A/Symbolication
0x0000000003960000 	/System/Library/PrivateFrameworks/SpeechRecognitionCore.framework/Versions/A/SpeechRecognitionCore
0x000000010f200000 	/Library/Java/JavaVirtualMachines/jdk1.8.0_66.jdk/Contents/Home/jre/lib/server/libjvm.dylib
0x0000000003960000 	/usr/lib/libstdc++.6.dylib
0x000000010e999000 	/Library/Java/JavaVirtualMachines/jdk1.8.0_66.jdk/Contents/Home/jre/lib/libverify.dylib
0x000000010e9a7000 	/Library/Java/JavaVirtualMachines/jdk1.8.0_66.jdk/Contents/Home/jre/lib/libjava.dylib
0x000000010e9e6000 	/Library/Java/JavaVirtualMachines/jdk1.8.0_66.jdk/Contents/Home/jre/lib/libzip.dylib
0x0000000123d97000 	/System/Library/Frameworks/JavaVM.framework/Frameworks/JavaRuntimeSupport.framework/JavaRuntimeSupport
0x0000000123dad000 	/System/Library/Frameworks/JavaVM.framework/Versions/A/Frameworks/JavaNativeFoundation.framework/Versions/A/JavaNativeFoundation
0x000000010e9f0000 	/System/Library/Frameworks/JavaVM.framework/Versions/A/JavaVM
0x0000000003960000 	/System/Library/Frameworks/Carbon.framework/Versions/A/Carbon
0x0000000123dc1000 	/System/Library/PrivateFrameworks/JavaLaunching.framework/Versions/A/JavaLaunching
0x0000000003960000 	/System/Library/Frameworks/Carbon.framework/Versions/A/Frameworks/CommonPanels.framework/Versions/A/CommonPanels
0x0000000003960000 	/System/Library/Frameworks/Carbon.framework/Versions/A/Frameworks/Help.framework/Versions/A/Help
0x0000000003960000 	/System/Library/Frameworks/Carbon.framework/Versions/A/Frameworks/ImageCapture.framework/Versions/A/ImageCapture
0x0000000003960000 	/System/Library/Frameworks/Carbon.framework/Versions/A/Frameworks/OpenScripting.framework/Versions/A/OpenScripting
0x0000000003960000 	/System/Library/Frameworks/Carbon.framework/Versions/A/Frameworks/Print.framework/Versions/A/Print
0x0000000003960000 	/System/Library/Frameworks/Carbon.framework/Versions/A/Frameworks/SecurityHI.framework/Versions/A/SecurityHI
0x0000000125cb8000 	/Library/Java/JavaVirtualMachines/jdk1.8.0_66.jdk/Contents/Home/jre/lib/libawt.dylib
0x0000000125d60000 	/Library/Java/JavaVirtualMachines/jdk1.8.0_66.jdk/Contents/Home/jre/lib/./libmlib_image.dylib
0x0000000125e2c000 	/Library/Java/JavaVirtualMachines/jdk1.8.0_66.jdk/Contents/Home/jre/lib/libawt_lwawt.dylib
0x0000000125ee1000 	/Library/Java/JavaVirtualMachines/jdk1.8.0_66.jdk/Contents/Home/jre/lib/./libosxapp.dylib
0x0000000003960000 	/System/Library/Frameworks/ExceptionHandling.framework/Versions/A/ExceptionHandling
0x0000000003960000 	/System/Library/PrivateFrameworks/CoreServicesInternal.framework/Versions/A/CoreServicesInternal
0x0000000003960000 	/System/Library/PrivateFrameworks/CloudDocs.framework/Versions/A/CloudDocs
0x0000000003960000 	/System/Library/PrivateFrameworks/CoreDuet.framework/Versions/A/CoreDuet
0x0000000003960000 	/System/Library/Frameworks/CloudKit.framework/Versions/A/CloudKit
0x0000000003960000 	/System/Library/PrivateFrameworks/ProtocolBuffer.framework/Versions/A/ProtocolBuffer
0x0000000003960000 	/System/Library/PrivateFrameworks/CoreDuetDaemonProtocol.framework/Versions/A/CoreDuetDaemonProtocol
0x0000000003960000 	/System/Library/PrivateFrameworks/CoreDuetDebugLogging.framework/Versions/A/CoreDuetDebugLogging
0x0000000003960000 	/System/Library/PrivateFrameworks/MMCS.framework/Versions/A/MMCS
0x0000000003960000 	/System/Library/Frameworks/CoreLocation.framework/Versions/A/CoreLocation
0x0000000003960000 	/System/Library/PrivateFrameworks/ProtectedCloudStorage.framework/Versions/A/ProtectedCloudStorage
0x0000000003960000 	/System/Library/PrivateFrameworks/GeoServices.framework/Versions/A/GeoServices
0x0000000003960000 	/System/Library/Frameworks/CoreGraphics.framework/Versions/A/Resources/libCGCMS.A.dylib
0x0000000003960000 	/System/Library/Frameworks/CoreGraphics.framework/Versions/A/Resources/libRIP.A.dylib
0x0000000003960000 	/System/Library/Frameworks/CoreGraphics.framework/Versions/A/Resources/libCGXType.A.dylib
0x0000000003960000 	/System/Library/Frameworks/OpenCL.framework/Versions/A/Libraries/libcldcpuengine.dylib
0x0000000003960000 	/System/Library/PrivateFrameworks/DiskImages.framework/Versions/A/DiskImages
0x0000000003960000 	/System/Library/Frameworks/DiscRecording.framework/Versions/A/DiscRecording
0x0000000003960000 	/usr/lib/libcsfde.dylib
0x0000000003960000 	/usr/lib/libcurl.4.dylib
0x0000000003960000 	/System/Library/PrivateFrameworks/MediaKit.framework/Versions/A/MediaKit
0x0000000003960000 	/usr/lib/libCoreStorage.dylib
0x0000000003960000 	/System/Library/PrivateFrameworks/EFILogin.framework/Versions/A/EFILogin
0x0000000003960000 	/usr/lib/libutil.dylib
0x0000000003960000 	/System/Library/PrivateFrameworks/FindMyDevice.framework/Versions/A/FindMyDevice
0x0000000003960000 	/System/Library/Frameworks/LDAP.framework/Versions/A/LDAP
0x0000000003960000 	/usr/lib/libsasl2.2.dylib
0x0000000003960000 	/System/Library/PrivateFrameworks/CoreDaemon.framework/Versions/B/CoreDaemon
0x0000000003960000 	/usr/lib/libcrypto.0.9.8.dylib
0x0000000003960000 	/System/Library/PrivateFrameworks/AppleSRP.framework/Versions/A/AppleSRP
0x0000000003960000 	/System/Library/PrivateFrameworks/TrustEvaluationAgent.framework/Versions/A/TrustEvaluationAgent
0x0000000128c5d000 	cl_kernels
0x0000000128c5f000 	/System/Library/Frameworks/OpenCL.framework/Versions/A/Libraries/ImageFormats/unorm8_bgra.dylib
0x0000000128c4e000 	cl_kernels
0x0000000003960000 	/System/Library/PrivateFrameworks/FamilyControls.framework/Versions/A/FamilyControls
0x0000000003960000 	/System/Library/PrivateFrameworks/CommerceKit.framework/Versions/A/Frameworks/CommerceCore.framework/Versions/A/CommerceCore
0x0000000003960000 	/System/Library/PrivateFrameworks/SystemAdministration.framework/Versions/A/SystemAdministration
0x0000000003960000 	/System/Library/PrivateFrameworks/AppContainer.framework/Versions/A/AppContainer
0x0000000003960000 	/System/Library/PrivateFrameworks/SecCodeWrapper.framework/Versions/A/SecCodeWrapper
0x0000000003960000 	/System/Library/Frameworks/DirectoryService.framework/Versions/A/DirectoryService
0x0000000003960000 	/System/Library/PrivateFrameworks/LoginUIKit.framework/Versions/A/Frameworks/LoginUICore.framework/Versions/A/LoginUICore
0x0000000003960000 	/usr/lib/libodfde.dylib
0x0000000003960000 	/System/Library/Frameworks/OpenGL.framework/Versions/A/Resources/GLEngine.bundle/GLEngine
0x0000000003960000 	/System/Library/Frameworks/OpenGL.framework/Versions/A/Libraries/libGLProgrammability.dylib
0x0000000000000000 	/System/Library/Extensions/AppleIntelBDWGraphicsGLDriver.bundle/Contents/MacOS/AppleIntelBDWGraphicsGLDriver
0x0000000003960000 	/System/Library/PrivateFrameworks/IOAccelerator.framework/Versions/A/IOAccelerator
0x0000000003960000 	/System/Library/PrivateFrameworks/GPUSupport.framework/Versions/A/Libraries/libGPUSupportMercury.dylib
0x0000000003960000 	/System/Library/Frameworks/OpenGL.framework/Versions/A/Resources/GLRendererFloat.bundle/GLRendererFloat
0x000000012a857000 	/Library/Java/JavaVirtualMachines/jdk1.8.0_66.jdk/Contents/Home/jre/lib/libfontmanager.dylib
0x000000012b8ce000 	/Library/Java/JavaVirtualMachines/jdk1.8.0_66.jdk/Contents/Home/jre/lib/libosxui.dylib
0x000000012bcb1000 	/Library/Java/JavaVirtualMachines/jdk1.8.0_66.jdk/Contents/Home/jre/lib/libnet.dylib
0x000000012bd10000 	/Library/Java/JavaVirtualMachines/jdk1.8.0_66.jdk/Contents/Home/jre/lib/libnio.dylib
0x0000000003960000 	/System/Library/Frameworks/ApplicationServices.framework/Versions/A/Frameworks/ATS.framework/Versions/A/Resources/libTrueTypeScaler.dylib
0x000000017726b000 	/private/var/folders/zx/j9nzkyzx4dn04w6cj8zrt2j80000gn/T/jogamp_0000/file_cache/jln8127232478788097550/jln1062662916384333104/libgluegen-rt.jnilib
0x000000017726f000 	/private/var/folders/zx/j9nzkyzx4dn04w6cj8zrt2j80000gn/T/jogamp_0000/file_cache/jln8127232478788097550/jln1062662916384333104/libnativewindow_awt.jnilib
0x0000000177272000 	/Library/Java/JavaVirtualMachines/jdk1.8.0_66.jdk/Contents/Home/jre/lib/libjawt.dylib
0x0000000177275000 	/private/var/folders/zx/j9nzkyzx4dn04w6cj8zrt2j80000gn/T/jogamp_0000/file_cache/jln8127232478788097550/jln1062662916384333104/libnativewindow_macosx.jnilib
0x0000000178e8b000 	/private/var/folders/zx/j9nzkyzx4dn04w6cj8zrt2j80000gn/T/jogamp_0000/file_cache/jln8127232478788097550/jln1062662916384333104/libjogl_desktop.jnilib
0x000000017da51000 	/Library/Java/JavaVirtualMachines/jdk1.8.0_66.jdk/Contents/Home/jre/lib/libt2k.dylib

VM Arguments:
jvm_args: -Djava.security.policy=java.policy.applet -Dfile.encoding=UTF-8 
java_command: sun.applet.AppletViewer module4.EarthquakeCityMap1447694198614.html
java_class_path (initial): /Users/aray/prep/jp/UCSDUnfoldingMaps/build:/Users/aray/prep/jp/UCSDUnfoldingMaps/lib/core.jar:/Users/aray/prep/jp/UCSDUnfoldingMaps/lib/gluegen-rt.jar:/Users/aray/prep/jp/UCSDUnfoldingMaps/lib/jogl-all.jar:/Users/aray/prep/jp/UCSDUnfoldingMaps/lib/log4j-1.2.15.jar:/Users/aray/prep/jp/UCSDUnfoldingMaps/lib/sqlite-jdbc-3.7.2.jar:/Users/aray/prep/jp/UCSDUnfoldingMaps/lib/json4processing.jar:/Users/aray/prep/jp/UCSDUnfoldingMaps/lib/libTUIO.jar:/Users/aray/prep/jp/UCSDUnfoldingMaps/lib/unfolding.0.9.7-uscd.jar
Launcher Type: SUN_STANDARD

Environment Variables:
PATH=/usr/bin:/bin:/usr/sbin:/sbin
SHELL=/bin/bash

Signal Handlers:
SIGSEGV: [libjvm.dylib+0x5a65d5], sa_mask[0]=11111111011111110111111111111111, sa_flags=SA_ONSTACK|SA_RESTART|SA_SIGINFO
SIGBUS: [libjvm.dylib+0x5a65d5], sa_mask[0]=11111111011111110111111111111111, sa_flags=SA_RESTART|SA_SIGINFO
SIGFPE: [libjvm.dylib+0x4802e8], sa_mask[0]=11111111011111110111111111111111, sa_flags=SA_RESTART|SA_SIGINFO
SIGPIPE: [libjvm.dylib+0x4802e8], sa_mask[0]=11111111011111110111111111111111, sa_flags=SA_RESTART|SA_SIGINFO
SIGXFSZ: [libjvm.dylib+0x4802e8], sa_mask[0]=11111111011111110111111111111111, sa_flags=SA_RESTART|SA_SIGINFO
SIGILL: [libjvm.dylib+0x4802e8], sa_mask[0]=11111111011111110111111111111111, sa_flags=SA_RESTART|SA_SIGINFO
SIGUSR1: SIG_DFL, sa_mask[0]=00000000000000000000000000000000, sa_flags=none
SIGUSR2: [libjvm.dylib+0x47fe06], sa_mask[0]=00100000000000000000000000000000, sa_flags=SA_RESTART|SA_SIGINFO
SIGHUP: [libjvm.dylib+0x47e3dd], sa_mask[0]=11111111011111110111111111111111, sa_flags=SA_RESTART|SA_SIGINFO
SIGINT: [libjvm.dylib+0x47e3dd], sa_mask[0]=11111111011111110111111111111111, sa_flags=SA_RESTART|SA_SIGINFO
SIGTERM: [libjvm.dylib+0x47e3dd], sa_mask[0]=11111111011111110111111111111111, sa_flags=SA_RESTART|SA_SIGINFO
SIGQUIT: [libjvm.dylib+0x47e3dd], sa_mask[0]=11111111011111110111111111111111, sa_flags=SA_RESTART|SA_SIGINFO


---------------  S Y S T E M  ---------------

OS:Bsduname:Darwin 14.4.0 Darwin Kernel Version 14.4.0: Thu May 28 11:35:04 PDT 2015; root:xnu-2782.30.5~1/RELEASE_X86_64 x86_64
rlimit: STACK 8192k, CORE 0k, NPROC 709, NOFILE 10240, AS infinity
load average:2.33 1.77 1.55

CPU:total 4 (2 cores per cpu, 2 threads per core) family 6 model 61 stepping 4, cmov, cx8, fxsr, mmx, sse, sse2, sse3, ssse3, sse4.1, sse4.2, popcnt, avx, avx2, aes, clmul, erms, 3dnowpref, lzcnt, ht, tsc, tscinvbit, bmi1, bmi2, adx

Memory: 4k page, physical 4194304k(98084k free)

/proc/meminfo:


vm_info: Java HotSpot(TM) 64-Bit Server VM (25.66-b17) for bsd-amd64 JRE (1.8.0_66-b17), built on Oct  6 2015 16:09:13 by "java_re" with gcc 4.2.1 (Based on Apple Inc. build 5658) (LLVM build 2336.11.00)

time: Mon Nov 16 09:17:54 2015
elapsed time: 75 seconds (0d 0h 1m 15s)

