#
# A fatal error has been detected by the Java Runtime Environment:
#
#  SIGSEGV (0xb) at pc=0x00007fff8a7370dd, pid=17153, tid=1811
#
# JRE version: Java(TM) SE Runtime Environment (8.0_66-b17) (build 1.8.0_66-b17)
# Java VM: Java HotSpot(TM) 64-Bit Server VM (25.66-b17 mixed mode bsd-amd64 compressed oops)
# Problematic frame:
# C  [libobjc.A.dylib+0x10dd]  objc_msgSend+0x1d
#
# Failed to write core dump. Core dumps have been disabled. To enable core dumping, try "ulimit -c unlimited" before starting Java again
#
# If you would like to submit a bug report, please visit:
#   http://bugreport.java.com/bugreport/crash.jsp
# The crash happened outside the Java Virtual Machine in native code.
# See problematic frame for where to report the bug.
#

---------------  T H R E A D  ---------------

Current thread (0x00007f95110cb800):  JavaThread "AWT-AppKit" daemon [_thread_in_native, id=1811, stack(0x00007fff52570000,0x00007fff52d70000)]

siginfo: si_signo: 11 (SIGSEGV), si_code: 1 (SEGV_MAPERR), si_addr: 0x0000000000000018

Registers:
RAX=0x00007f9514832dc0, RBX=0x00000001757c7450, RCX=0x0000000128f4e540, RDX=0x0000000129e57a80
RSP=0x00007fff52d6b528, RBP=0x00007fff52d6b5e0, RSI=0x00007fff87d0141f, RDI=0x00007f9514b6bf50
R8 =0x0000000000000000, R9 =0x0000000000000f50, R10=0x00007fff87d0141f, R11=0x0000000000000000
R12=0x0000000000000000, R13=0x0000000177131098, R14=0x00000001757c7440, R15=0x00007f95110cb800
RIP=0x00007fff8a7370dd, EFLAGS=0x0000000000010246, ERR=0x0000000000000004
  TRAPNO=0x000000000000000e

Top of Stack: (sp=0x00007fff52d6b528)
0x00007fff52d6b528:   00000001757c5157 00007fff52d6b580
0x00007fff52d6b538:   0000000000000003 00007fff52d6b560
0x00007fff52d6b548:   000000010d9f11f6 0000000177131098
0x00007fff52d6b558:   0000000177131098 00007f9514832dc0
0x00007fff52d6b568:   00000001757c76a0 00000001757c7710
0x00007fff52d6b578:   00007fff75ae0550 00007fff758a7c80
0x00007fff52d6b588:   00000001757c7450 00000001757c7690
0x00007fff52d6b598:   00007f9514832dc0 00007f9514b6bf50
0x00007fff52d6b5a8:   00007f9510553930 00007f9514832dc0
0x00007fff52d6b5b8:   00007f9514b6bf50 00007fff52d6b668
0x00007fff52d6b5c8:   00007f95110cb9f8 0000000177131098
0x00007fff52d6b5d8:   00007fff52d6b690 00007fff52d6b658
0x00007fff52d6b5e8:   000000010e89e954 0000000177131098
0x00007fff52d6b5f8:   00007fff52d6b690 00007fff52d6b658
0x00007fff52d6b608:   000000010e89e6e7 000000010e89e6a2
0x00007fff52d6b618:   00007fff52d6b618 0000000177131098
0x00007fff52d6b628:   00007fff52d6b690 0000000177133cd0
0x00007fff52d6b638:   0000000000000000 0000000177131098
0x00007fff52d6b648:   0000000000000000 00007fff52d6b678
0x00007fff52d6b658:   00007fff52d6b6d8 000000010e890c4d
0x00007fff52d6b668:   0000000780d55440 000000010e898578
0x00007fff52d6b678:   00007f9514832dc0 00007fff52d6b6d8
0x00007fff52d6b688:   00007f9514b6bf50 000000010e899d82
0x00007fff52d6b698:   00007fff52d6b698 0000000177131262
0x00007fff52d6b6a8:   00007fff52d6b700 0000000177133cd0
0x00007fff52d6b6b8:   0000000000000000 0000000177131270
0x00007fff52d6b6c8:   00007fff52d6b678 00007fff52d6b6e8
0x00007fff52d6b6d8:   00007fff52d6b748 000000010e890c4d
0x00007fff52d6b6e8:   00007f9514832dc0 0000000780ce65f0
0x00007fff52d6b6f8:   00007f9514b6bf50 0000000780ce65f0
0x00007fff52d6b708:   00007fff52d6b708 000000017c40adfe
0x00007fff52d6b718:   00007fff52d6b758 000000017c40aeb8 

Instructions: (pc=0x00007fff8a7370dd)
0x00007fff8a7370bd:   00 00 00 48 85 ff 2e 74 7a 40 f6 c7 01 2e 75 7e
0x00007fff8a7370cd:   49 bb f8 ff ff ff ff 7f 00 00 4c 23 1f 49 89 f2
0x00007fff8a7370dd:   45 23 53 18 49 c1 e2 04 4d 03 53 10 49 3b 32 75
0x00007fff8a7370ed:   04 41 ff 62 08 49 83 3a 00 74 6a 4d 3b 53 10 74 

Register to memory mapping:

RAX=0x00007f9514832dc0 is an unknown value
RBX=0x00000001757c7450: Java_jogamp_nativewindow_macosx_OSXUtil_GetScreenRefreshRate0+0x1cf0 in /private/var/folders/zx/j9nzkyzx4dn04w6cj8zrt2j80000gn/T/jogamp_0000/file_cache/jln6566377290304914789/jln8745519922770059768/libnativewindow_macosx.jnilib at 0x00000001757c0000
RCX=0x0000000128f4e540 is an unknown value
RDX=0x0000000129e57a80 is an unknown value
RSP=0x00007fff52d6b528 is pointing into the stack for thread: 0x00007f95110cb800
RBP=0x00007fff52d6b5e0 is pointing into the stack for thread: 0x00007f95110cb800
RSI=0x00007fff87d0141f is an unknown value
RDI=0x00007f9514b6bf50 is an unknown value
R8 =0x0000000000000000 is an unknown value
R9 =0x0000000000000f50 is an unknown value
R10=0x00007fff87d0141f is an unknown value
R11=0x0000000000000000 is an unknown value
R12=0x0000000000000000 is an unknown value
R13={method} {0x0000000177131098} 'UnsetJAWTRootSurfaceLayer0' '(JJ)V' in 'jogamp/nativewindow/jawt/macosx/MacOSXJAWTWindow'
R14=0x00000001757c7440: Java_jogamp_nativewindow_macosx_OSXUtil_GetScreenRefreshRate0+0x1ce0 in /private/var/folders/zx/j9nzkyzx4dn04w6cj8zrt2j80000gn/T/jogamp_0000/file_cache/jln6566377290304914789/jln8745519922770059768/libnativewindow_macosx.jnilib at 0x00000001757c0000
R15=0x00007f95110cb800 is a thread


Stack: [0x00007fff52570000,0x00007fff52d70000],  sp=0x00007fff52d6b528,  free space=8173k
Native frames: (J=compiled Java code, j=interpreted, Vv=VM code, C=native code)
C  [libobjc.A.dylib+0x10dd]  objc_msgSend+0x1d
j  jogamp.nativewindow.jawt.macosx.MacOSXJAWTWindow.UnsetJAWTRootSurfaceLayer0(JJ)V+0
j  jogamp.nativewindow.jawt.macosx.MacOSXJAWTWindow.access$200(JJ)V+2
j  jogamp.nativewindow.jawt.macosx.MacOSXJAWTWindow$1.run()V+38
J 2831 C1 com.jogamp.common.util.RunnableTask.run()V (345 bytes) @ 0x000000010f09be14 [0x000000010f09bc80+0x194]
v  ~StubRoutines::call_stub
V  [libjvm.dylib+0x2ea35e]
V  [libjvm.dylib+0x321467]
V  [libjvm.dylib+0x313c3b]
C  [libnativewindow_macosx.jnilib+0x5326]  Java_jogamp_nativewindow_jawt_macosx_MacOSXJAWTWindow_UnsetJAWTRootSurfaceLayer0+0x2b6
C  [Foundation+0x92d00]  __NSThreadPerformPerform+0x125
C  [CoreFoundation+0x80a01]  __CFRUNLOOP_IS_CALLING_OUT_TO_A_SOURCE0_PERFORM_FUNCTION__+0x11
C  [CoreFoundation+0x72c5c]  __CFRunLoopDoSources0+0x1dc
C  [CoreFoundation+0x721bf]  __CFRunLoopRun+0x39f
C  [CoreFoundation+0x71bd8]  CFRunLoopRunSpecific+0x128
C  [HIToolbox+0x3256f]  RunCurrentEventLoopInMode+0xeb
C  [HIToolbox+0x321ee]  ReceiveNextEventCommon+0xb3
C  [HIToolbox+0x3212b]  _BlockUntilNextEventMatchingListInModeWithFilter+0x47
C  [AppKit+0x918ab]  _DPSNextEvent+0x3d2
C  [AppKit+0x90e58]  -[NSApplication nextEventMatchingMask:untilDate:inMode:dequeue:]+0x15a
C  [libosxapp.dylib+0x23aa]  -[NSApplicationAWT nextEventMatchingMask:untilDate:inMode:dequeue:]+0x7c
C  [AppKit+0x86af3]  -[NSApplication run]+0x252
C  [libosxapp.dylib+0x214d]  +[NSApplicationAWT runAWTLoopWithApp:]+0x9c
C  [libawt_lwawt.dylib+0x4455b]  -[AWTStarter starter:]+0x389
C  [Foundation+0x92d00]  __NSThreadPerformPerform+0x125
C  [CoreFoundation+0x80a01]  __CFRUNLOOP_IS_CALLING_OUT_TO_A_SOURCE0_PERFORM_FUNCTION__+0x11
C  [CoreFoundation+0x72b8d]  __CFRunLoopDoSources0+0x10d
C  [CoreFoundation+0x721bf]  __CFRunLoopRun+0x39f
C  [CoreFoundation+0x71bd8]  CFRunLoopRunSpecific+0x128
C  [java+0x6463]  CreateExecutionEnvironment+0x367
C  [java+0x21ac]  JLI_Launch+0x7a0
C  [java+0x84c0]  main+0x65
C  [java+0x1a04]  start+0x34
C  0x0000000000000007

Java frames: (J=compiled Java code, j=interpreted, Vv=VM code)
j  jogamp.nativewindow.jawt.macosx.MacOSXJAWTWindow.UnsetJAWTRootSurfaceLayer0(JJ)V+0
j  jogamp.nativewindow.jawt.macosx.MacOSXJAWTWindow.access$200(JJ)V+2
j  jogamp.nativewindow.jawt.macosx.MacOSXJAWTWindow$1.run()V+38
J 2831 C1 com.jogamp.common.util.RunnableTask.run()V (345 bytes) @ 0x000000010f09be14 [0x000000010f09bc80+0x194]
v  ~StubRoutines::call_stub

---------------  P R O C E S S  ---------------

Java Threads: ( => current thread )
  0x00007f9517224000 JavaThread "Thread-223" [_thread_blocked, id=65103, stack(0x0000000181a75000,0x0000000181b75000)]
  0x00007f9516048800 JavaThread "Image Fetcher 3" daemon [_thread_blocked, id=68867, stack(0x000000017b54a000,0x000000017b64a000)]
  0x00007f9515a66000 JavaThread "Image Fetcher 1" daemon [_thread_blocked, id=67843, stack(0x000000017aa4c000,0x000000017ab4c000)]
  0x00007f951593e800 JavaThread "Keep-Alive-Timer" daemon [_thread_blocked, id=66851, stack(0x000000017a4de000,0x000000017a5de000)]
  0x00007f951210b800 JavaThread "AWT-EventQueue-1" [_thread_in_native, id=61203, stack(0x0000000175dd4000,0x0000000175ed4000)]
  0x00007f9511b61800 JavaThread "DestroyJavaVM" [_thread_blocked, id=4867, stack(0x000000010e787000,0x000000010e887000)]
  0x00007f95108d5000 JavaThread "AWT-EventQueue-0" [_thread_blocked, id=54791, stack(0x0000000129ec3000,0x0000000129fc3000)]
  0x00007f9511998800 JavaThread "Java2D Disposer" daemon [_thread_blocked, id=48663, stack(0x0000000128cdf000,0x0000000128ddf000)]
  0x00007f951193e800 JavaThread "Java2D Queue Flusher" daemon [_thread_blocked, id=49415, stack(0x00000001283d3000,0x00000001284d3000)]
  0x00007f95108c1000 JavaThread "AWT-Shutdown" [_thread_blocked, id=28179, stack(0x0000000125a6b000,0x0000000125b6b000)]
=>0x00007f95110cb800 JavaThread "AWT-AppKit" daemon [_thread_in_native, id=1811, stack(0x00007fff52570000,0x00007fff52d70000)]
  0x00007f9510826800 JavaThread "Service Thread" daemon [_thread_blocked, id=18179, stack(0x00000001240bf000,0x00000001241bf000)]
  0x00007f951183b800 JavaThread "C1 CompilerThread2" daemon [_thread_blocked, id=17667, stack(0x0000000123fbc000,0x00000001240bc000)]
  0x00007f951183a800 JavaThread "C2 CompilerThread1" daemon [_thread_blocked, id=17155, stack(0x0000000123eb9000,0x0000000123fb9000)]
  0x00007f951181c000 JavaThread "C2 CompilerThread0" daemon [_thread_blocked, id=16643, stack(0x0000000123db6000,0x0000000123eb6000)]
  0x00007f951181b800 JavaThread "Signal Dispatcher" daemon [_thread_blocked, id=13331, stack(0x0000000123cb3000,0x0000000123db3000)]
  0x00007f9511048800 JavaThread "Finalizer" daemon [_thread_blocked, id=11523, stack(0x0000000122295000,0x0000000122395000)]
  0x00007f9511008000 JavaThread "Reference Handler" daemon [_thread_blocked, id=11011, stack(0x0000000122192000,0x0000000122292000)]

Other Threads:
  0x00007f9511814800 VMThread [stack: 0x000000012208f000,0x000000012218f000] [id=10499]
  0x00007f9511819800 WatcherThread [stack: 0x00000001241c2000,0x00000001242c2000] [id=18691]

VM state:not at safepoint (normal execution)

VM Mutex/Monitor currently owned by a thread: None

Heap:
 PSYoungGen      total 325632K, used 74334K [0x00000007aab00000, 0x00000007c0000000, 0x00000007c0000000)
  eden space 304128K, 19% used [0x00000007aab00000,0x00000007ae5ff538,0x00000007bd400000)
  from space 21504K, 64% used [0x00000007beb00000,0x00000007bf898370,0x00000007c0000000)
  to   space 22528K, 0% used [0x00000007bd400000,0x00000007bd400000,0x00000007bea00000)
 ParOldGen       total 101376K, used 56010K [0x0000000780000000, 0x0000000786300000, 0x00000007aab00000)
  object space 101376K, 55% used [0x0000000780000000,0x00000007836b2be0,0x0000000786300000)
 Metaspace       used 20000K, capacity 20199K, committed 20480K, reserved 1067008K
  class space    used 1923K, capacity 2016K, committed 2048K, reserved 1048576K

Card table byte_map: [0x000000011dc49000,0x000000011de4a000] byte_map_base: 0x000000011a049000

Marking Bits: (ParMarkBitMap*) 0x000000010e0dde20
 Begin Bits: [0x000000011e3ac000, 0x000000011f3ac000)
 End Bits:   [0x000000011f3ac000, 0x00000001203ac000)

Polling page: 0x000000010cfe9000

CodeCache: size=245760Kb used=9752Kb max_used=9764Kb free=236008Kb
 bounds [0x000000010e889000, 0x000000010f229000, 0x000000011d889000]
 total_blobs=3622 nmethods=2743 adapters=792
 compilation: enabled

Compilation events (10 events):
Event: 29.510 Thread 0x00007f951181c000 3249       4       processing.opengl.PGraphicsOpenGL$TessGeometry::clear (112 bytes)
Event: 29.512 Thread 0x00007f951181c000 nmethod 3249 0x000000010f21c5d0 code [0x000000010f21c720, 0x000000010f21c818]
Event: 30.643 Thread 0x00007f951183b800 3250       3       java.util.HashMap::remove (26 bytes)
Event: 30.644 Thread 0x00007f951183b800 nmethod 3250 0x000000010f215650 code [0x000000010f2157e0, 0x000000010f215bf8]
Event: 30.653 Thread 0x00007f951183a800 3251  s    4       sun.misc.URLClassPath::getNextLoader (88 bytes)
Event: 30.657 Thread 0x00007f951183b800 3252       3       java.util.IdentityHashMap::nextKeyIndex (15 bytes)
Event: 30.657 Thread 0x00007f951183b800 nmethod 3252 0x000000010f213150 code [0x000000010f2132c0, 0x000000010f213450]
Event: 30.658 Thread 0x00007f951183b800 3253       1       sun.java2d.SurfaceData::isValid (5 bytes)
Event: 30.659 Thread 0x00007f951183b800 nmethod 3253 0x000000010e9a8350 code [0x000000010e9a84a0, 0x000000010e9a85b0]
Event: 30.660 Thread 0x00007f951183a800 nmethod 3251 0x000000010f214850 code [0x000000010f2149c0, 0x000000010f215138]

GC Heap History (10 events):
Event: 26.721 GC heap before
{Heap before GC invocations=36 (full 2):
 PSYoungGen      total 331264K, used 330784K [0x00000007aab00000, 0x00000007c0000000, 0x00000007c0000000)
  eden space 319488K, 100% used [0x00000007aab00000,0x00000007be300000,0x00000007be300000)
  from space 11776K, 95% used [0x00000007be300000,0x00000007bee082d0,0x00000007bee80000)
  to   space 16384K, 0% used [0x00000007bf000000,0x00000007bf000000,0x00000007c0000000)
 ParOldGen       total 101376K, used 55994K [0x0000000780000000, 0x0000000786300000, 0x00000007aab00000)
  object space 101376K, 55% used [0x0000000780000000,0x00000007836aebe0,0x0000000786300000)
 Metaspace       used 19957K, capacity 20167K, committed 20480K, reserved 1067008K
  class space    used 1915K, capacity 1984K, committed 2048K, reserved 1048576K
Event: 26.724 GC heap after
Heap after GC invocations=36 (full 2):
 PSYoungGen      total 330752K, used 11264K [0x00000007aab00000, 0x00000007c0000000, 0x00000007c0000000)
  eden space 314368K, 0% used [0x00000007aab00000,0x00000007aab00000,0x00000007bde00000)
  from space 16384K, 68% used [0x00000007bf000000,0x00000007bfb002d0,0x00000007c0000000)
  to   space 17408K, 0% used [0x00000007bde00000,0x00000007bde00000,0x00000007bef00000)
 ParOldGen       total 101376K, used 56002K [0x0000000780000000, 0x0000000786300000, 0x00000007aab00000)
  object space 101376K, 55% used [0x0000000780000000,0x00000007836b0be0,0x0000000786300000)
 Metaspace       used 19957K, capacity 20167K, committed 20480K, reserved 1067008K
  class space    used 1915K, capacity 1984K, committed 2048K, reserved 1048576K
}
Event: 27.694 GC heap before
{Heap before GC invocations=37 (full 2):
 PSYoungGen      total 330752K, used 325632K [0x00000007aab00000, 0x00000007c0000000, 0x00000007c0000000)
  eden space 314368K, 100% used [0x00000007aab00000,0x00000007bde00000,0x00000007bde00000)
  from space 16384K, 68% used [0x00000007bf000000,0x00000007bfb002d0,0x00000007c0000000)
  to   space 17408K, 0% used [0x00000007bde00000,0x00000007bde00000,0x00000007bef00000)
 ParOldGen       total 101376K, used 56002K [0x0000000780000000, 0x0000000786300000, 0x00000007aab00000)
  object space 101376K, 55% used [0x0000000780000000,0x00000007836b0be0,0x0000000786300000)
 Metaspace       used 19958K, capacity 20167K, committed 20480K, reserved 1067008K
  class space    used 1915K, capacity 1984K, committed 2048K, reserved 1048576K
Event: 27.698 GC heap after
Heap after GC invocations=37 (full 2):
 PSYoungGen      total 327680K, used 12864K [0x00000007aab00000, 0x00000007c0000000, 0x00000007c0000000)
  eden space 314368K, 0% used [0x00000007aab00000,0x00000007aab00000,0x00000007bde00000)
  from space 13312K, 96% used [0x00000007bde00000,0x00000007bea90330,0x00000007beb00000)
  to   space 18944K, 0% used [0x00000007bed80000,0x00000007bed80000,0x00000007c0000000)
 ParOldGen       total 101376K, used 56010K [0x0000000780000000, 0x0000000786300000, 0x00000007aab00000)
  object space 101376K, 55% used [0x0000000780000000,0x00000007836b2be0,0x0000000786300000)
 Metaspace       used 19958K, capacity 20167K, committed 20480K, reserved 1067008K
  class space    used 1915K, capacity 1984K, committed 2048K, reserved 1048576K
}
Event: 28.612 GC heap before
{Heap before GC invocations=38 (full 2):
 PSYoungGen      total 327680K, used 327232K [0x00000007aab00000, 0x00000007c0000000, 0x00000007c0000000)
  eden space 314368K, 100% used [0x00000007aab00000,0x00000007bde00000,0x00000007bde00000)
  from space 13312K, 96% used [0x00000007bde00000,0x00000007bea90330,0x00000007beb00000)
  to   space 18944K, 0% used [0x00000007bed80000,0x00000007bed80000,0x00000007c0000000)
 ParOldGen       total 101376K, used 56010K [0x0000000780000000, 0x0000000786300000, 0x00000007aab00000)
  object space 101376K, 55% used [0x0000000780000000,0x00000007836b2be0,0x0000000786300000)
 Metaspace       used 19966K, capacity 20167K, committed 20480K, reserved 1067008K
  class space    used 1915K, capacity 1984K, committed 2048K, reserved 1048576K
Event: 28.617 GC heap after
Heap after GC invocations=38 (full 2):
 PSYoungGen      total 327168K, used 13888K [0x00000007aab00000, 0x00000007c0000000, 0x00000007c0000000)
  eden space 308224K, 0% used [0x00000007aab00000,0x00000007aab00000,0x00000007bd800000)
  from space 18944K, 73% used [0x00000007bed80000,0x00000007bfb10370,0x00000007c0000000)
  to   space 20480K, 0% used [0x00000007bd800000,0x00000007bd800000,0x00000007bec00000)
 ParOldGen       total 101376K, used 56010K [0x0000000780000000, 0x0000000786300000, 0x00000007aab00000)
  object space 101376K, 55% used [0x0000000780000000,0x00000007836b2be0,0x0000000786300000)
 Metaspace       used 19966K, capacity 20167K, committed 20480K, reserved 1067008K
  class space    used 1915K, capacity 1984K, committed 2048K, reserved 1048576K
}
Event: 29.524 GC heap before
{Heap before GC invocations=39 (full 2):
 PSYoungGen      total 327168K, used 322112K [0x00000007aab00000, 0x00000007c0000000, 0x00000007c0000000)
  eden space 308224K, 100% used [0x00000007aab00000,0x00000007bd800000,0x00000007bd800000)
  from space 18944K, 73% used [0x00000007bed80000,0x00000007bfb10370,0x00000007c0000000)
  to   space 20480K, 0% used [0x00000007bd800000,0x00000007bd800000,0x00000007bec00000)
 ParOldGen       total 101376K, used 56010K [0x0000000780000000, 0x0000000786300000, 0x00000007aab00000)
  object space 101376K, 55% used [0x0000000780000000,0x00000007836b2be0,0x0000000786300000)
 Metaspace       used 19966K, capacity 20167K, committed 20480K, reserved 1067008K
  class space    used 1915K, capacity 1984K, committed 2048K, reserved 1048576K
Event: 29.528 GC heap after
Heap after GC invocations=39 (full 2):
 PSYoungGen      total 322560K, used 13856K [0x00000007aab00000, 0x00000007c0000000, 0x00000007c0000000)
  eden space 308224K, 0% used [0x00000007aab00000,0x00000007aab00000,0x00000007bd800000)
  from space 14336K, 96% used [0x00000007bd800000,0x00000007be588370,0x00000007be600000)
  to   space 21504K, 0% used [0x00000007beb00000,0x00000007beb00000,0x00000007c0000000)
 ParOldGen       total 101376K, used 56010K [0x0000000780000000, 0x0000000786300000, 0x00000007aab00000)
  object space 101376K, 55% used [0x0000000780000000,0x00000007836b2be0,0x0000000786300000)
 Metaspace       used 19966K, capacity 20167K, committed 20480K, reserved 1067008K
  class space    used 1915K, capacity 1984K, committed 2048K, reserved 1048576K
}
Event: 30.465 GC heap before
{Heap before GC invocations=40 (full 2):
 PSYoungGen      total 322560K, used 322080K [0x00000007aab00000, 0x00000007c0000000, 0x00000007c0000000)
  eden space 308224K, 100% used [0x00000007aab00000,0x00000007bd800000,0x00000007bd800000)
  from space 14336K, 96% used [0x00000007bd800000,0x00000007be588370,0x00000007be600000)
  to   space 21504K, 0% used [0x00000007beb00000,0x00000007beb00000,0x00000007c0000000)
 ParOldGen       total 101376K, used 56010K [0x0000000780000000, 0x0000000786300000, 0x00000007aab00000)
  object space 101376K, 55% used [0x0000000780000000,0x00000007836b2be0,0x0000000786300000)
 Metaspace       used 19966K, capacity 20167K, committed 20480K, reserved 1067008K
  class space    used 1915K, capacity 1984K, committed 2048K, reserved 1048576K
Event: 30.471 GC heap after
Heap after GC invocations=40 (full 2):
 PSYoungGen      total 325632K, used 13920K [0x00000007aab00000, 0x00000007c0000000, 0x00000007c0000000)
  eden space 304128K, 0% used [0x00000007aab00000,0x00000007aab00000,0x00000007bd400000)
  from space 21504K, 64% used [0x00000007beb00000,0x00000007bf898370,0x00000007c0000000)
  to   space 22528K, 0% used [0x00000007bd400000,0x00000007bd400000,0x00000007bea00000)
 ParOldGen       total 101376K, used 56010K [0x0000000780000000, 0x0000000786300000, 0x00000007aab00000)
  object space 101376K, 55% used [0x0000000780000000,0x00000007836b2be0,0x0000000786300000)
 Metaspace       used 19966K, capacity 20167K, committed 20480K, reserved 1067008K
  class space    used 1915K, capacity 1984K, committed 2048K, reserved 1048576K
}

Deoptimization events (10 events):
Event: 3.686 Thread 0x00007f9511b62800 Uncommon trap: reason=unstable_if action=reinterpret pc=0x000000010ea494d8 method=java.lang.String.indexOf([CII[CIII)I @ 3
Event: 4.766 Thread 0x00007f951210b800 Uncommon trap: reason=unstable_if action=reinterpret pc=0x000000010ea352ac method=java.lang.AbstractStringBuilder.append(Ljava/lang/String;)Ljava/lang/AbstractStringBuilder; @ 1
Event: 5.301 Thread 0x00007f95123de800 Uncommon trap: reason=unstable_if action=reinterpret pc=0x000000010ec5b6c4 method=java.lang.String.regionMatches(ZILjava/lang/String;II)Z @ 123
Event: 9.495 Thread 0x00007f951618c000 Uncommon trap: reason=unstable_if action=reinterpret pc=0x000000010eeb9270 method=java.io.BufferedInputStream.read()I @ 8
Event: 13.793 Thread 0x00007f951210b800 Uncommon trap: reason=unstable_if action=reinterpret pc=0x000000010ef29cbc method=java.lang.Math.round(F)I @ 23
Event: 13.793 Thread 0x00007f951210b800 Uncommon trap: reason=unstable_if action=reinterpret pc=0x000000010f025654 method=java.lang.Math.round(F)I @ 23
Event: 13.875 Thread 0x00007f951210b800 Uncommon trap: reason=unstable_if action=reinterpret pc=0x000000010ec5b204 method=de.fhpotsdam.unfolding.core.Coordinate.equals(Ljava/lang/Object;)Z @ 38
Event: 30.577 Thread 0x00007f951210b800 Uncommon trap: reason=unstable_if action=reinterpret pc=0x000000010ecb19e8 method=com.jogamp.common.util.VersionNumber.compareTo(Lcom/jogamp/common/util/VersionNumber;)I @ 21
Event: 30.643 Thread 0x00007f9511288800 Uncommon trap: reason=unstable_if action=reinterpret pc=0x000000010f218cbc method=java.util.HashMap.putVal(ILjava/lang/Object;Ljava/lang/Object;ZZ)Ljava/lang/Object; @ 81
Event: 30.657 Thread 0x00007f951210b800 Uncommon trap: reason=unstable_if action=reinterpret pc=0x000000010ecf5774 method=java.security.AccessControlContext.optimize()Ljava/security/AccessControlContext; @ 233

Internal exceptions (10 events):
Event: 0.176 Thread 0x00007f9511009000 Exception <a 'java/lang/NoSuchFieldError': method resolution failed> (0x00000007aad00da0) thrown at [/HUDSON3/workspace/8-2-build-macosx-x86_64/jdk8u66/4988/hotspot/src/share/vm/prims/methodHandles.cpp, line 1146]
Event: 0.178 Thread 0x00007f9511009000 Exception <a 'java/lang/NoSuchFieldError': method resolution failed> (0x00000007aad0e570) thrown at [/HUDSON3/workspace/8-2-build-macosx-x86_64/jdk8u66/4988/hotspot/src/share/vm/prims/methodHandles.cpp, line 1146]
Event: 0.539 Thread 0x00007f9511009000 Exception <a 'java/io/FileNotFoundException'> (0x00000007aad8a4e8) thrown at [/HUDSON3/workspace/8-2-build-macosx-x86_64/jdk8u66/4988/hotspot/src/share/vm/prims/jni.cpp, line 709]
Event: 0.539 Thread 0x00007f9511009000 Exception <a 'java/io/FileNotFoundException'> (0x00000007aad8b028) thrown at [/HUDSON3/workspace/8-2-build-macosx-x86_64/jdk8u66/4988/hotspot/src/share/vm/prims/jni.cpp, line 709]
Event: 0.726 Thread 0x00007f9511009000 Exception <a 'java/io/FileNotFoundException'> (0x00000007aae70950) thrown at [/HUDSON3/workspace/8-2-build-macosx-x86_64/jdk8u66/4988/hotspot/src/share/vm/prims/jni.cpp, line 709]
Event: 3.623 Thread 0x00007f9511048800 Exception <a 'java/lang/NullPointerException'> (0x00000007aab85338) thrown at [/HUDSON3/workspace/8-2-build-macosx-x86_64/jdk8u66/4988/hotspot/src/share/vm/interpreter/linkResolver.cpp, line 1178]
Event: 3.713 Thread 0x00007f9511b62800 Exception <a 'java/lang/UnsatisfiedLinkError': com.jogamp.common.util.JarUtil.fixNativeLibAttribs(Ljava/lang/String;)Z> (0x00000007aae866e8) thrown at [/HUDSON3/workspace/8-2-build-macosx-x86_64/jdk8u66/4988/hotspot/src/share/vm/prims/nativeLookup.cpp, li
Event: 4.766 Thread 0x00007f951210b800 Exception <a 'java/io/FileNotFoundException'> (0x00000007ab084288) thrown at [/HUDSON3/workspace/8-2-build-macosx-x86_64/jdk8u66/4988/hotspot/src/share/vm/prims/jni.cpp, line 709]
Event: 4.766 Thread 0x00007f951210b800 Exception <a 'java/io/FileNotFoundException'> (0x00000007ab089de8) thrown at [/HUDSON3/workspace/8-2-build-macosx-x86_64/jdk8u66/4988/hotspot/src/share/vm/prims/jni.cpp, line 709]
Event: 4.766 Thread 0x00007f951210b800 Implicit null exception at 0x000000010ea34f35 to 0x000000010ea35299

Events (10 events):
Event: 30.657 loading class java/awt/LightweightDispatcher$2 done
Event: 30.657 loading class java/awt/event/AWTEventListenerProxy
Event: 30.657 Thread 0x00007f951183b800 flushing nmethod 0x000000010e9a8090
Event: 30.657 loading class java/awt/event/AWTEventListenerProxy done
Event: 30.657 loading class java/awt/Toolkit$ToolkitEventMulticaster
Event: 30.657 loading class java/awt/Toolkit$ToolkitEventMulticaster done
Event: 30.658 Thread 0x00007f9511288800 Thread exited: 0x00007f9511288800
Event: 30.658 loading class java/awt/Window$1DisposeAction
Event: 30.658 loading class java/awt/Window$1DisposeAction done
Event: 30.659 Thread 0x00007f951183b800 flushing nmethod 0x000000010e9f2e10


Dynamic libraries:
0x0000000003960000 	/System/Library/Frameworks/Cocoa.framework/Versions/A/Cocoa
0x0000000003960000 	/System/Library/Frameworks/Security.framework/Versions/A/Security
0x0000000003960000 	/System/Library/Frameworks/ApplicationServices.framework/Versions/A/ApplicationServices
0x0000000003960000 	/usr/lib/libz.1.dylib
0x0000000003960000 	/usr/lib/libSystem.B.dylib
0x0000000003960000 	/usr/lib/libobjc.A.dylib
0x0000000003960000 	/System/Library/Frameworks/CoreFoundation.framework/Versions/A/CoreFoundation
0x0000000003960000 	/System/Library/Frameworks/Foundation.framework/Versions/C/Foundation
0x0000000003960000 	/System/Library/Frameworks/AppKit.framework/Versions/C/AppKit
0x0000000003960000 	/System/Library/Frameworks/CoreData.framework/Versions/A/CoreData
0x0000000003960000 	/System/Library/PrivateFrameworks/RemoteViewServices.framework/Versions/A/RemoteViewServices
0x0000000003960000 	/System/Library/PrivateFrameworks/UIFoundation.framework/Versions/A/UIFoundation
0x0000000003960000 	/System/Library/Frameworks/IOSurface.framework/Versions/A/IOSurface
0x0000000003960000 	/System/Library/Frameworks/AudioToolbox.framework/Versions/A/AudioToolbox
0x0000000003960000 	/System/Library/Frameworks/AudioUnit.framework/Versions/A/AudioUnit
0x0000000003960000 	/System/Library/PrivateFrameworks/DataDetectorsCore.framework/Versions/A/DataDetectorsCore
0x0000000003960000 	/System/Library/PrivateFrameworks/DesktopServicesPriv.framework/Versions/A/DesktopServicesPriv
0x0000000003960000 	/System/Library/Frameworks/Carbon.framework/Versions/A/Frameworks/HIToolbox.framework/Versions/A/HIToolbox
0x0000000003960000 	/System/Library/Frameworks/QuartzCore.framework/Versions/A/QuartzCore
0x0000000003960000 	/System/Library/Frameworks/Carbon.framework/Versions/A/Frameworks/SpeechRecognition.framework/Versions/A/SpeechRecognition
0x0000000003960000 	/usr/lib/libauto.dylib
0x0000000003960000 	/usr/lib/libicucore.A.dylib
0x0000000003960000 	/usr/lib/libxml2.2.dylib
0x0000000003960000 	/System/Library/PrivateFrameworks/CoreUI.framework/Versions/A/CoreUI
0x0000000003960000 	/System/Library/Frameworks/CoreAudio.framework/Versions/A/CoreAudio
0x0000000003960000 	/System/Library/Frameworks/DiskArbitration.framework/Versions/A/DiskArbitration
0x0000000003960000 	/usr/lib/liblangid.dylib
0x0000000003960000 	/System/Library/PrivateFrameworks/MultitouchSupport.framework/Versions/A/MultitouchSupport
0x0000000003960000 	/System/Library/Frameworks/IOKit.framework/Versions/A/IOKit
0x0000000003960000 	/usr/lib/libDiagnosticMessagesClient.dylib
0x0000000003960000 	/System/Library/Frameworks/CoreServices.framework/Versions/A/CoreServices
0x0000000003960000 	/System/Library/PrivateFrameworks/PerformanceAnalysis.framework/Versions/A/PerformanceAnalysis
0x0000000003960000 	/System/Library/PrivateFrameworks/GenerationalStorage.framework/Versions/A/GenerationalStorage
0x0000000003960000 	/System/Library/Frameworks/OpenGL.framework/Versions/A/OpenGL
0x0000000003960000 	/System/Library/PrivateFrameworks/Sharing.framework/Versions/A/Sharing
0x0000000003960000 	/System/Library/Frameworks/CoreGraphics.framework/Versions/A/CoreGraphics
0x0000000003960000 	/System/Library/Frameworks/CoreText.framework/Versions/A/CoreText
0x0000000003960000 	/System/Library/Frameworks/ImageIO.framework/Versions/A/ImageIO
0x0000000003960000 	/usr/lib/libextension.dylib
0x0000000003960000 	/System/Library/PrivateFrameworks/Backup.framework/Versions/A/Backup
0x0000000003960000 	/usr/lib/libarchive.2.dylib
0x0000000003960000 	/System/Library/Frameworks/CFNetwork.framework/Versions/A/CFNetwork
0x0000000003960000 	/System/Library/Frameworks/SystemConfiguration.framework/Versions/A/SystemConfiguration
0x0000000003960000 	/usr/lib/libCRFSuite.dylib
0x0000000003960000 	/usr/lib/libc++.1.dylib
0x0000000003960000 	/usr/lib/libc++abi.dylib
0x0000000003960000 	/usr/lib/system/libcache.dylib
0x0000000003960000 	/usr/lib/system/libcommonCrypto.dylib
0x0000000003960000 	/usr/lib/system/libcompiler_rt.dylib
0x0000000003960000 	/usr/lib/system/libcopyfile.dylib
0x0000000003960000 	/usr/lib/system/libcorecrypto.dylib
0x0000000003960000 	/usr/lib/system/libdispatch.dylib
0x0000000003960000 	/usr/lib/system/libdyld.dylib
0x0000000003960000 	/usr/lib/system/libkeymgr.dylib
0x0000000003960000 	/usr/lib/system/liblaunch.dylib
0x0000000003960000 	/usr/lib/system/libmacho.dylib
0x0000000003960000 	/usr/lib/system/libquarantine.dylib
0x0000000003960000 	/usr/lib/system/libremovefile.dylib
0x0000000003960000 	/usr/lib/system/libsystem_asl.dylib
0x0000000003960000 	/usr/lib/system/libsystem_blocks.dylib
0x0000000003960000 	/usr/lib/system/libsystem_c.dylib
0x0000000003960000 	/usr/lib/system/libsystem_configuration.dylib
0x0000000003960000 	/usr/lib/system/libsystem_coreservices.dylib
0x0000000003960000 	/usr/lib/system/libsystem_coretls.dylib
0x0000000003960000 	/usr/lib/system/libsystem_dnssd.dylib
0x0000000003960000 	/usr/lib/system/libsystem_info.dylib
0x0000000003960000 	/usr/lib/system/libsystem_kernel.dylib
0x0000000003960000 	/usr/lib/system/libsystem_m.dylib
0x0000000003960000 	/usr/lib/system/libsystem_malloc.dylib
0x0000000003960000 	/usr/lib/system/libsystem_network.dylib
0x0000000003960000 	/usr/lib/system/libsystem_networkextension.dylib
0x0000000003960000 	/usr/lib/system/libsystem_notify.dylib
0x0000000003960000 	/usr/lib/system/libsystem_platform.dylib
0x0000000003960000 	/usr/lib/system/libsystem_pthread.dylib
0x0000000003960000 	/usr/lib/system/libsystem_sandbox.dylib
0x0000000003960000 	/usr/lib/system/libsystem_secinit.dylib
0x0000000003960000 	/usr/lib/system/libsystem_stats.dylib
0x0000000003960000 	/usr/lib/system/libsystem_trace.dylib
0x0000000003960000 	/usr/lib/system/libunc.dylib
0x0000000003960000 	/usr/lib/system/libunwind.dylib
0x0000000003960000 	/usr/lib/system/libxpc.dylib
0x0000000003960000 	/usr/lib/libbz2.1.0.dylib
0x0000000003960000 	/usr/lib/liblzma.5.dylib
0x0000000003960000 	/usr/lib/libbsm.0.dylib
0x0000000003960000 	/usr/lib/libsqlite3.dylib
0x0000000003960000 	/usr/lib/system/libkxld.dylib
0x0000000003960000 	/usr/lib/libxar.1.dylib
0x0000000003960000 	/usr/lib/libpam.2.dylib
0x0000000003960000 	/usr/lib/libOpenScriptingUtil.dylib
0x0000000003960000 	/System/Library/Frameworks/CoreServices.framework/Versions/A/Frameworks/FSEvents.framework/Versions/A/FSEvents
0x0000000003960000 	/System/Library/Frameworks/CoreServices.framework/Versions/A/Frameworks/CarbonCore.framework/Versions/A/CarbonCore
0x0000000003960000 	/System/Library/Frameworks/CoreServices.framework/Versions/A/Frameworks/Metadata.framework/Versions/A/Metadata
0x0000000003960000 	/System/Library/Frameworks/CoreServices.framework/Versions/A/Frameworks/OSServices.framework/Versions/A/OSServices
0x0000000003960000 	/System/Library/Frameworks/CoreServices.framework/Versions/A/Frameworks/SearchKit.framework/Versions/A/SearchKit
0x0000000003960000 	/System/Library/Frameworks/CoreServices.framework/Versions/A/Frameworks/AE.framework/Versions/A/AE
0x0000000003960000 	/System/Library/Frameworks/CoreServices.framework/Versions/A/Frameworks/LaunchServices.framework/Versions/A/LaunchServices
0x0000000003960000 	/System/Library/Frameworks/CoreServices.framework/Versions/A/Frameworks/DictionaryServices.framework/Versions/A/DictionaryServices
0x0000000003960000 	/System/Library/Frameworks/NetFS.framework/Versions/A/NetFS
0x0000000003960000 	/System/Library/PrivateFrameworks/NetAuth.framework/Versions/A/NetAuth
0x0000000003960000 	/System/Library/PrivateFrameworks/login.framework/Versions/A/Frameworks/loginsupport.framework/Versions/A/loginsupport
0x0000000003960000 	/System/Library/PrivateFrameworks/TCC.framework/Versions/A/TCC
0x0000000003960000 	/usr/lib/libmecabra.dylib
0x0000000003960000 	/System/Library/Frameworks/ApplicationServices.framework/Versions/A/Frameworks/ATS.framework/Versions/A/ATS
0x0000000003960000 	/System/Library/Frameworks/ApplicationServices.framework/Versions/A/Frameworks/ColorSync.framework/Versions/A/ColorSync
0x0000000003960000 	/System/Library/Frameworks/ApplicationServices.framework/Versions/A/Frameworks/HIServices.framework/Versions/A/HIServices
0x0000000003960000 	/System/Library/Frameworks/ApplicationServices.framework/Versions/A/Frameworks/LangAnalysis.framework/Versions/A/LangAnalysis
0x0000000003960000 	/System/Library/Frameworks/ApplicationServices.framework/Versions/A/Frameworks/PrintCore.framework/Versions/A/PrintCore
0x0000000003960000 	/System/Library/Frameworks/ApplicationServices.framework/Versions/A/Frameworks/QD.framework/Versions/A/QD
0x0000000003960000 	/System/Library/Frameworks/ApplicationServices.framework/Versions/A/Frameworks/SpeechSynthesis.framework/Versions/A/SpeechSynthesis
0x0000000003960000 	/System/Library/Frameworks/Accelerate.framework/Versions/A/Accelerate
0x0000000003960000 	/System/Library/Frameworks/Accelerate.framework/Versions/A/Frameworks/vImage.framework/Versions/A/vImage
0x0000000003960000 	/System/Library/Frameworks/Accelerate.framework/Versions/A/Frameworks/vecLib.framework/Versions/A/vecLib
0x0000000003960000 	/System/Library/Frameworks/Accelerate.framework/Versions/A/Frameworks/vecLib.framework/Versions/A/libvDSP.dylib
0x0000000003960000 	/System/Library/Frameworks/Accelerate.framework/Versions/A/Frameworks/vecLib.framework/Versions/A/libvMisc.dylib
0x0000000003960000 	/System/Library/Frameworks/Accelerate.framework/Versions/A/Frameworks/vecLib.framework/Versions/A/libLAPACK.dylib
0x0000000003960000 	/System/Library/Frameworks/Accelerate.framework/Versions/A/Frameworks/vecLib.framework/Versions/A/libBLAS.dylib
0x0000000003960000 	/System/Library/Frameworks/Accelerate.framework/Versions/A/Frameworks/vecLib.framework/Versions/A/libLinearAlgebra.dylib
0x0000000003960000 	/System/Library/Frameworks/ApplicationServices.framework/Versions/A/Frameworks/ATS.framework/Versions/A/Resources/libFontParser.dylib
0x0000000003960000 	/System/Library/Frameworks/ApplicationServices.framework/Versions/A/Frameworks/ATS.framework/Versions/A/Resources/libFontRegistry.dylib
0x0000000003960000 	/System/Library/PrivateFrameworks/AppleVPA.framework/Versions/A/AppleVPA
0x0000000003960000 	/System/Library/PrivateFrameworks/AppleJPEG.framework/Versions/A/AppleJPEG
0x0000000003960000 	/System/Library/Frameworks/ImageIO.framework/Versions/A/Resources/libJPEG.dylib
0x0000000003960000 	/System/Library/Frameworks/ImageIO.framework/Versions/A/Resources/libTIFF.dylib
0x0000000003960000 	/System/Library/Frameworks/ImageIO.framework/Versions/A/Resources/libPng.dylib
0x0000000003960000 	/System/Library/Frameworks/ImageIO.framework/Versions/A/Resources/libGIF.dylib
0x0000000003960000 	/System/Library/Frameworks/ImageIO.framework/Versions/A/Resources/libJP2.dylib
0x0000000003960000 	/System/Library/Frameworks/ImageIO.framework/Versions/A/Resources/libRadiance.dylib
0x0000000003960000 	/System/Library/Frameworks/CoreVideo.framework/Versions/A/CoreVideo
0x0000000003960000 	/System/Library/Frameworks/OpenGL.framework/Versions/A/Libraries/libGLU.dylib
0x0000000003960000 	/System/Library/Frameworks/OpenGL.framework/Versions/A/Libraries/libGFXShared.dylib
0x0000000003960000 	/System/Library/Frameworks/OpenGL.framework/Versions/A/Libraries/libGL.dylib
0x0000000003960000 	/System/Library/Frameworks/OpenGL.framework/Versions/A/Libraries/libGLImage.dylib
0x0000000003960000 	/System/Library/Frameworks/OpenGL.framework/Versions/A/Libraries/libCVMSPluginSupport.dylib
0x0000000003960000 	/System/Library/Frameworks/OpenGL.framework/Versions/A/Libraries/libCoreVMClient.dylib
0x0000000003960000 	/usr/lib/libcups.2.dylib
0x0000000003960000 	/System/Library/Frameworks/Kerberos.framework/Versions/A/Kerberos
0x0000000003960000 	/System/Library/Frameworks/GSS.framework/Versions/A/GSS
0x0000000003960000 	/usr/lib/libresolv.9.dylib
0x0000000003960000 	/usr/lib/libiconv.2.dylib
0x0000000003960000 	/System/Library/PrivateFrameworks/Heimdal.framework/Versions/A/Heimdal
0x0000000003960000 	/usr/lib/libheimdal-asn1.dylib
0x0000000003960000 	/System/Library/Frameworks/OpenDirectory.framework/Versions/A/OpenDirectory
0x0000000003960000 	/System/Library/PrivateFrameworks/CommonAuth.framework/Versions/A/CommonAuth
0x0000000003960000 	/System/Library/Frameworks/OpenDirectory.framework/Versions/A/Frameworks/CFOpenDirectory.framework/Versions/A/CFOpenDirectory
0x0000000003960000 	/System/Library/Frameworks/SecurityFoundation.framework/Versions/A/SecurityFoundation
0x0000000003960000 	/System/Library/PrivateFrameworks/LanguageModeling.framework/Versions/A/LanguageModeling
0x0000000003960000 	/usr/lib/libcmph.dylib
0x0000000003960000 	/System/Library/Frameworks/ServiceManagement.framework/Versions/A/ServiceManagement
0x0000000003960000 	/usr/lib/libxslt.1.dylib
0x0000000003960000 	/System/Library/Frameworks/Carbon.framework/Versions/A/Frameworks/Ink.framework/Versions/A/Ink
0x0000000003960000 	/System/Library/Frameworks/QuartzCore.framework/Versions/A/Frameworks/CoreImage.framework/Versions/A/CoreImage
0x0000000003960000 	/System/Library/PrivateFrameworks/CrashReporterSupport.framework/Versions/A/CrashReporterSupport
0x0000000003960000 	/System/Library/Frameworks/OpenCL.framework/Versions/A/OpenCL
0x0000000003960000 	/System/Library/PrivateFrameworks/FaceCore.framework/Versions/A/FaceCore
0x0000000003960000 	/System/Library/PrivateFrameworks/Ubiquity.framework/Versions/A/Ubiquity
0x0000000003960000 	/System/Library/PrivateFrameworks/IconServices.framework/Versions/A/IconServices
0x0000000003960000 	/System/Library/PrivateFrameworks/ChunkingLibrary.framework/Versions/A/ChunkingLibrary
0x0000000003960000 	/System/Library/PrivateFrameworks/Apple80211.framework/Versions/A/Apple80211
0x0000000003960000 	/System/Library/Frameworks/CoreWLAN.framework/Versions/A/CoreWLAN
0x0000000003960000 	/System/Library/Frameworks/IOBluetooth.framework/Versions/A/IOBluetooth
0x0000000003960000 	/System/Library/PrivateFrameworks/CoreWiFi.framework/Versions/A/CoreWiFi
0x0000000003960000 	/System/Library/Frameworks/CoreBluetooth.framework/Versions/A/CoreBluetooth
0x0000000003960000 	/System/Library/PrivateFrameworks/DebugSymbols.framework/Versions/A/DebugSymbols
0x0000000003960000 	/System/Library/PrivateFrameworks/CoreSymbolication.framework/Versions/A/CoreSymbolication
0x0000000003960000 	/System/Library/PrivateFrameworks/Symbolication.framework/Versions/A/Symbolication
0x0000000003960000 	/System/Library/PrivateFrameworks/SpeechRecognitionCore.framework/Versions/A/SpeechRecognitionCore
0x000000010d800000 	/Library/Java/JavaVirtualMachines/jdk1.8.0_66.jdk/Contents/Home/jre/lib/server/libjvm.dylib
0x0000000003960000 	/usr/lib/libstdc++.6.dylib
0x000000010cfa6000 	/Library/Java/JavaVirtualMachines/jdk1.8.0_66.jdk/Contents/Home/jre/lib/libverify.dylib
0x000000010cfb4000 	/Library/Java/JavaVirtualMachines/jdk1.8.0_66.jdk/Contents/Home/jre/lib/libjava.dylib
0x000000010cff3000 	/Library/Java/JavaVirtualMachines/jdk1.8.0_66.jdk/Contents/Home/jre/lib/libzip.dylib
0x0000000122397000 	/System/Library/Frameworks/JavaVM.framework/Frameworks/JavaRuntimeSupport.framework/JavaRuntimeSupport
0x00000001223ad000 	/System/Library/Frameworks/JavaVM.framework/Versions/A/Frameworks/JavaNativeFoundation.framework/Versions/A/JavaNativeFoundation
0x00000001223c1000 	/System/Library/Frameworks/JavaVM.framework/Versions/A/JavaVM
0x0000000003960000 	/System/Library/Frameworks/Carbon.framework/Versions/A/Carbon
0x00000001223cd000 	/System/Library/PrivateFrameworks/JavaLaunching.framework/Versions/A/JavaLaunching
0x0000000003960000 	/System/Library/Frameworks/Carbon.framework/Versions/A/Frameworks/CommonPanels.framework/Versions/A/CommonPanels
0x0000000003960000 	/System/Library/Frameworks/Carbon.framework/Versions/A/Frameworks/Help.framework/Versions/A/Help
0x0000000003960000 	/System/Library/Frameworks/Carbon.framework/Versions/A/Frameworks/ImageCapture.framework/Versions/A/ImageCapture
0x0000000003960000 	/System/Library/Frameworks/Carbon.framework/Versions/A/Frameworks/OpenScripting.framework/Versions/A/OpenScripting
0x0000000003960000 	/System/Library/Frameworks/Carbon.framework/Versions/A/Frameworks/Print.framework/Versions/A/Print
0x0000000003960000 	/System/Library/Frameworks/Carbon.framework/Versions/A/Frameworks/SecurityHI.framework/Versions/A/SecurityHI
0x00000001242c6000 	/Library/Java/JavaVirtualMachines/jdk1.8.0_66.jdk/Contents/Home/jre/lib/libawt.dylib
0x000000012436e000 	/Library/Java/JavaVirtualMachines/jdk1.8.0_66.jdk/Contents/Home/jre/lib/./libmlib_image.dylib
0x000000012443a000 	/Library/Java/JavaVirtualMachines/jdk1.8.0_66.jdk/Contents/Home/jre/lib/libawt_lwawt.dylib
0x00000001244ef000 	/Library/Java/JavaVirtualMachines/jdk1.8.0_66.jdk/Contents/Home/jre/lib/./libosxapp.dylib
0x0000000003960000 	/System/Library/Frameworks/ExceptionHandling.framework/Versions/A/ExceptionHandling
0x0000000003960000 	/System/Library/PrivateFrameworks/CoreServicesInternal.framework/Versions/A/CoreServicesInternal
0x0000000003960000 	/System/Library/PrivateFrameworks/CloudDocs.framework/Versions/A/CloudDocs
0x0000000003960000 	/System/Library/PrivateFrameworks/CoreDuet.framework/Versions/A/CoreDuet
0x0000000003960000 	/System/Library/Frameworks/CloudKit.framework/Versions/A/CloudKit
0x0000000003960000 	/System/Library/PrivateFrameworks/ProtocolBuffer.framework/Versions/A/ProtocolBuffer
0x0000000003960000 	/System/Library/PrivateFrameworks/CoreDuetDaemonProtocol.framework/Versions/A/CoreDuetDaemonProtocol
0x0000000003960000 	/System/Library/PrivateFrameworks/CoreDuetDebugLogging.framework/Versions/A/CoreDuetDebugLogging
0x0000000003960000 	/System/Library/PrivateFrameworks/MMCS.framework/Versions/A/MMCS
0x0000000003960000 	/System/Library/Frameworks/CoreLocation.framework/Versions/A/CoreLocation
0x0000000003960000 	/System/Library/PrivateFrameworks/ProtectedCloudStorage.framework/Versions/A/ProtectedCloudStorage
0x0000000003960000 	/System/Library/PrivateFrameworks/GeoServices.framework/Versions/A/GeoServices
0x0000000003960000 	/System/Library/Frameworks/CoreGraphics.framework/Versions/A/Resources/libCGCMS.A.dylib
0x0000000003960000 	/System/Library/Frameworks/CoreGraphics.framework/Versions/A/Resources/libRIP.A.dylib
0x0000000003960000 	/System/Library/Frameworks/CoreGraphics.framework/Versions/A/Resources/libCGXType.A.dylib
0x0000000003960000 	/System/Library/Frameworks/OpenCL.framework/Versions/A/Libraries/libcldcpuengine.dylib
0x0000000003960000 	/System/Library/PrivateFrameworks/DiskImages.framework/Versions/A/DiskImages
0x0000000003960000 	/System/Library/Frameworks/DiscRecording.framework/Versions/A/DiscRecording
0x0000000003960000 	/usr/lib/libcsfde.dylib
0x0000000003960000 	/usr/lib/libcurl.4.dylib
0x0000000003960000 	/System/Library/PrivateFrameworks/MediaKit.framework/Versions/A/MediaKit
0x0000000003960000 	/usr/lib/libCoreStorage.dylib
0x0000000003960000 	/System/Library/PrivateFrameworks/EFILogin.framework/Versions/A/EFILogin
0x0000000003960000 	/usr/lib/libutil.dylib
0x0000000003960000 	/System/Library/PrivateFrameworks/FindMyDevice.framework/Versions/A/FindMyDevice
0x0000000003960000 	/System/Library/Frameworks/LDAP.framework/Versions/A/LDAP
0x0000000003960000 	/usr/lib/libsasl2.2.dylib
0x0000000003960000 	/System/Library/PrivateFrameworks/CoreDaemon.framework/Versions/B/CoreDaemon
0x0000000003960000 	/usr/lib/libcrypto.0.9.8.dylib
0x0000000003960000 	/System/Library/PrivateFrameworks/AppleSRP.framework/Versions/A/AppleSRP
0x0000000003960000 	/System/Library/PrivateFrameworks/TrustEvaluationAgent.framework/Versions/A/TrustEvaluationAgent
0x00000001271e7000 	cl_kernels
0x00000001271e9000 	/System/Library/Frameworks/OpenCL.framework/Versions/A/Libraries/ImageFormats/unorm8_bgra.dylib
0x00000001271d8000 	cl_kernels
0x0000000003960000 	/System/Library/PrivateFrameworks/FamilyControls.framework/Versions/A/FamilyControls
0x0000000003960000 	/System/Library/PrivateFrameworks/CommerceKit.framework/Versions/A/Frameworks/CommerceCore.framework/Versions/A/CommerceCore
0x0000000003960000 	/System/Library/PrivateFrameworks/SystemAdministration.framework/Versions/A/SystemAdministration
0x0000000003960000 	/System/Library/PrivateFrameworks/AppContainer.framework/Versions/A/AppContainer
0x0000000003960000 	/System/Library/PrivateFrameworks/SecCodeWrapper.framework/Versions/A/SecCodeWrapper
0x0000000003960000 	/System/Library/Frameworks/DirectoryService.framework/Versions/A/DirectoryService
0x0000000003960000 	/System/Library/PrivateFrameworks/LoginUIKit.framework/Versions/A/Frameworks/LoginUICore.framework/Versions/A/LoginUICore
0x0000000003960000 	/usr/lib/libodfde.dylib
0x0000000003960000 	/System/Library/Frameworks/OpenGL.framework/Versions/A/Resources/GLEngine.bundle/GLEngine
0x0000000003960000 	/System/Library/Frameworks/OpenGL.framework/Versions/A/Libraries/libGLProgrammability.dylib
0x0000000000000000 	/System/Library/Extensions/AppleIntelBDWGraphicsGLDriver.bundle/Contents/MacOS/AppleIntelBDWGraphicsGLDriver
0x0000000003960000 	/System/Library/PrivateFrameworks/IOAccelerator.framework/Versions/A/IOAccelerator
0x0000000003960000 	/System/Library/PrivateFrameworks/GPUSupport.framework/Versions/A/Libraries/libGPUSupportMercury.dylib
0x0000000003960000 	/System/Library/Frameworks/OpenGL.framework/Versions/A/Resources/GLRendererFloat.bundle/GLRendererFloat
0x0000000128de1000 	/Library/Java/JavaVirtualMachines/jdk1.8.0_66.jdk/Contents/Home/jre/lib/libfontmanager.dylib
0x0000000129e59000 	/Library/Java/JavaVirtualMachines/jdk1.8.0_66.jdk/Contents/Home/jre/lib/libosxui.dylib
0x000000012a23c000 	/Library/Java/JavaVirtualMachines/jdk1.8.0_66.jdk/Contents/Home/jre/lib/libnet.dylib
0x000000012a29b000 	/Library/Java/JavaVirtualMachines/jdk1.8.0_66.jdk/Contents/Home/jre/lib/libnio.dylib
0x0000000003960000 	/System/Library/Frameworks/ApplicationServices.framework/Versions/A/Frameworks/ATS.framework/Versions/A/Resources/libTrueTypeScaler.dylib
0x00000001757b6000 	/private/var/folders/zx/j9nzkyzx4dn04w6cj8zrt2j80000gn/T/jogamp_0000/file_cache/jln6566377290304914789/jln8745519922770059768/libgluegen-rt.jnilib
0x00000001757ba000 	/private/var/folders/zx/j9nzkyzx4dn04w6cj8zrt2j80000gn/T/jogamp_0000/file_cache/jln6566377290304914789/jln8745519922770059768/libnativewindow_awt.jnilib
0x00000001757bd000 	/Library/Java/JavaVirtualMachines/jdk1.8.0_66.jdk/Contents/Home/jre/lib/libjawt.dylib
0x00000001757c0000 	/private/var/folders/zx/j9nzkyzx4dn04w6cj8zrt2j80000gn/T/jogamp_0000/file_cache/jln6566377290304914789/jln8745519922770059768/libnativewindow_macosx.jnilib
0x0000000176ff0000 	/private/var/folders/zx/j9nzkyzx4dn04w6cj8zrt2j80000gn/T/jogamp_0000/file_cache/jln6566377290304914789/jln8745519922770059768/libjogl_desktop.jnilib

VM Arguments:
jvm_args: -Djava.security.policy=java.policy.applet -Dfile.encoding=UTF-8 
java_command: sun.applet.AppletViewer module2.LifeExpectancy1447556619046.html
java_class_path (initial): /Users/aray/prep/jp/UCSDUnfoldingMaps/build:/Users/aray/prep/jp/UCSDUnfoldingMaps/lib/core.jar:/Users/aray/prep/jp/UCSDUnfoldingMaps/lib/gluegen-rt.jar:/Users/aray/prep/jp/UCSDUnfoldingMaps/lib/jogl-all.jar:/Users/aray/prep/jp/UCSDUnfoldingMaps/lib/log4j-1.2.15.jar:/Users/aray/prep/jp/UCSDUnfoldingMaps/lib/sqlite-jdbc-3.7.2.jar:/Users/aray/prep/jp/UCSDUnfoldingMaps/lib/json4processing.jar:/Users/aray/prep/jp/UCSDUnfoldingMaps/lib/libTUIO.jar:/Users/aray/prep/jp/UCSDUnfoldingMaps/lib/unfolding.0.9.7-uscd.jar
Launcher Type: SUN_STANDARD

Environment Variables:
PATH=/usr/bin:/bin:/usr/sbin:/sbin
SHELL=/bin/bash

Signal Handlers:
SIGSEGV: [libjvm.dylib+0x5a65d5], sa_mask[0]=11111111011111110111111111111111, sa_flags=SA_ONSTACK|SA_RESTART|SA_SIGINFO
SIGBUS: [libjvm.dylib+0x5a65d5], sa_mask[0]=11111111011111110111111111111111, sa_flags=SA_RESTART|SA_SIGINFO
SIGFPE: [libjvm.dylib+0x4802e8], sa_mask[0]=11111111011111110111111111111111, sa_flags=SA_RESTART|SA_SIGINFO
SIGPIPE: [libjvm.dylib+0x4802e8], sa_mask[0]=11111111011111110111111111111111, sa_flags=SA_RESTART|SA_SIGINFO
SIGXFSZ: [libjvm.dylib+0x4802e8], sa_mask[0]=11111111011111110111111111111111, sa_flags=SA_RESTART|SA_SIGINFO
SIGILL: [libjvm.dylib+0x4802e8], sa_mask[0]=11111111011111110111111111111111, sa_flags=SA_RESTART|SA_SIGINFO
SIGUSR1: SIG_DFL, sa_mask[0]=00000000000000000000000000000000, sa_flags=none
SIGUSR2: [libjvm.dylib+0x47fe06], sa_mask[0]=00100000000000000000000000000000, sa_flags=SA_RESTART|SA_SIGINFO
SIGHUP: [libjvm.dylib+0x47e3dd], sa_mask[0]=11111111011111110111111111111111, sa_flags=SA_RESTART|SA_SIGINFO
SIGINT: [libjvm.dylib+0x47e3dd], sa_mask[0]=11111111011111110111111111111111, sa_flags=SA_RESTART|SA_SIGINFO
SIGTERM: [libjvm.dylib+0x47e3dd], sa_mask[0]=11111111011111110111111111111111, sa_flags=SA_RESTART|SA_SIGINFO
SIGQUIT: [libjvm.dylib+0x47e3dd], sa_mask[0]=11111111011111110111111111111111, sa_flags=SA_RESTART|SA_SIGINFO


---------------  S Y S T E M  ---------------

OS:Bsduname:Darwin 14.4.0 Darwin Kernel Version 14.4.0: Thu May 28 11:35:04 PDT 2015; root:xnu-2782.30.5~1/RELEASE_X86_64 x86_64
rlimit: STACK 8192k, CORE 0k, NPROC 709, NOFILE 10240, AS infinity
load average:1.45 1.46 1.56

CPU:total 4 (2 cores per cpu, 2 threads per core) family 6 model 61 stepping 4, cmov, cx8, fxsr, mmx, sse, sse2, sse3, ssse3, sse4.1, sse4.2, popcnt, avx, avx2, aes, clmul, erms, 3dnowpref, lzcnt, ht, tsc, tscinvbit, bmi1, bmi2, adx

Memory: 4k page, physical 4194304k(184764k free)

/proc/meminfo:


vm_info: Java HotSpot(TM) 64-Bit Server VM (25.66-b17) for bsd-amd64 JRE (1.8.0_66-b17), built on Oct  6 2015 16:09:13 by "java_re" with gcc 4.2.1 (Based on Apple Inc. build 5658) (LLVM build 2336.11.00)

time: Sat Nov 14 19:04:09 2015
elapsed time: 30 seconds (0d 0h 0m 30s)

